[2022-11-22T10:33:04.259Z] Log level: Info
[2022-11-22T10:33:04.261Z] [info] Validating found git in: git
[2022-11-22T10:33:04.282Z] [info] Using git 2.38.1 from git
[2022-11-22T10:33:04.306Z] > git rev-parse --show-toplevel [11ms]
[2022-11-22T10:33:04.312Z] > git rev-parse --show-toplevel [2ms]
[2022-11-22T10:33:04.320Z] > git rev-parse --show-toplevel [4ms]
[2022-11-22T10:33:04.325Z] > git rev-parse --show-toplevel [1ms]
[2022-11-22T10:33:04.332Z] > git rev-parse --show-toplevel [1ms]
[2022-11-22T10:33:04.338Z] > git rev-parse --show-toplevel [1ms]
[2022-11-22T10:33:04.343Z] > git rev-parse --show-toplevel [1ms]
[2022-11-22T10:33:04.349Z] > git rev-parse --show-toplevel [1ms]
[2022-11-22T10:33:04.349Z] fatal: this operation must be run in a work tree
[2022-11-22T10:33:04.356Z] > git rev-parse --show-toplevel [1ms]
[2022-11-22T10:33:04.364Z] > git rev-parse --show-toplevel [0ms]
[2022-11-22T10:33:04.369Z] > git rev-parse --show-toplevel [1ms]
[2022-11-22T10:33:04.375Z] > git rev-parse --show-toplevel [2ms]
[2022-11-22T10:33:04.381Z] > git rev-parse --show-toplevel [1ms]
[2022-11-22T10:33:04.392Z] > git rev-parse --show-toplevel [2ms]
[2022-11-22T10:33:04.399Z] > git rev-parse --show-toplevel [2ms]
[2022-11-22T10:33:04.404Z] > git rev-parse --show-toplevel [1ms]
[2022-11-22T10:33:04.409Z] > git rev-parse --show-toplevel [1ms]
[2022-11-22T10:33:04.415Z] > git rev-parse --show-toplevel [1ms]
[2022-11-22T10:33:04.420Z] > git rev-parse --show-toplevel [1ms]
[2022-11-22T10:33:04.427Z] > git rev-parse --show-toplevel [1ms]
[2022-11-22T10:33:04.433Z] > git rev-parse --show-toplevel [0ms]
[2022-11-22T10:33:04.438Z] > git rev-parse --show-toplevel [1ms]
[2022-11-22T10:33:04.443Z] > git rev-parse --show-toplevel [1ms]
[2022-11-22T10:33:04.447Z] > git rev-parse --show-toplevel [1ms]
[2022-11-22T10:33:04.453Z] > git rev-parse --show-toplevel [1ms]
[2022-11-22T10:33:04.458Z] > git rev-parse --show-toplevel [1ms]
[2022-11-22T10:33:04.464Z] > git rev-parse --show-toplevel [1ms]
[2022-11-22T10:33:04.470Z] > git rev-parse --show-toplevel [2ms]
[2022-11-22T10:33:04.474Z] > git rev-parse --show-toplevel [0ms]
[2022-11-22T10:33:04.480Z] > git rev-parse --show-toplevel [1ms]
[2022-11-22T10:33:04.485Z] > git rev-parse --show-toplevel [1ms]
[2022-11-22T10:33:04.491Z] > git rev-parse --show-toplevel [0ms]
[2022-11-22T10:33:04.497Z] > git rev-parse --show-toplevel [1ms]
[2022-11-22T10:33:04.502Z] > git rev-parse --show-toplevel [1ms]
[2022-11-22T10:33:04.506Z] > git rev-parse --show-toplevel [0ms]
[2022-11-22T10:33:04.511Z] > git rev-parse --show-toplevel [0ms]
[2022-11-22T10:33:04.515Z] > git rev-parse --show-toplevel [0ms]
[2022-11-22T10:33:04.519Z] > git rev-parse --show-toplevel [0ms]
[2022-11-22T10:33:04.525Z] > git rev-parse --show-toplevel [1ms]
[2022-11-22T10:33:04.530Z] > git rev-parse --show-toplevel [1ms]
[2022-11-22T10:33:04.534Z] > git rev-parse --show-toplevel [1ms]
[2022-11-22T10:33:04.539Z] > git rev-parse --show-toplevel [0ms]
[2022-11-22T10:33:04.544Z] > git rev-parse --show-toplevel [1ms]
[2022-11-22T10:33:04.549Z] > git rev-parse --show-toplevel [1ms]
[2022-11-22T10:33:04.554Z] > git rev-parse --show-toplevel [1ms]
[2022-11-22T10:33:04.559Z] > git rev-parse --show-toplevel [1ms]
[2022-11-22T10:33:04.564Z] > git rev-parse --show-toplevel [1ms]
[2022-11-22T10:33:04.567Z] > git rev-parse --show-toplevel [1ms]
[2022-11-22T10:33:04.571Z] > git rev-parse --git-dir --git-common-dir [1ms]
[2022-11-22T10:33:04.578Z] [info] Open repository: /home/barbarik/arch
[2022-11-22T10:33:04.588Z] > git rev-parse --show-toplevel [1ms]
[2022-11-22T10:33:04.592Z] > git rev-parse --show-toplevel [1ms]
[2022-11-22T10:33:04.597Z] > git rev-parse --show-toplevel [1ms]
[2022-11-22T10:33:04.602Z] > git rev-parse --show-toplevel [1ms]
[2022-11-22T10:33:04.607Z] > git rev-parse --show-toplevel [1ms]
[2022-11-22T10:33:04.612Z] > git rev-parse --show-toplevel [1ms]
[2022-11-22T10:33:04.626Z] > git rev-parse --show-toplevel [2ms]
[2022-11-22T10:33:04.632Z] > git rev-parse --show-toplevel [1ms]
[2022-11-22T10:33:04.636Z] > git rev-parse --show-toplevel [1ms]
[2022-11-22T10:33:04.720Z] > git status -z -uall [137ms]
[2022-11-22T10:33:04.727Z] > git symbolic-ref --short HEAD [2ms]
[2022-11-22T10:33:04.732Z] > git for-each-ref --format=%(refname)%00%(upstream:short)%00%(objectname)%00%(upstream:track)%00%(upstream:remotename)%00%(upstream:remoteref) refs/heads/master refs/remotes/master [1ms]
[2022-11-22T10:33:04.743Z] > git remote --verbose [1ms]
[2022-11-22T10:33:04.744Z] > git for-each-ref --sort -committerdate --format %(refname) %(objectname) %(*objectname) [8ms]
[2022-11-22T10:33:04.748Z] > git rev-parse --show-toplevel [88ms]
[2022-11-22T10:33:04.748Z] fatal: not a git repository (or any parent up to mount point /home/barbarik)
Stopping at filesystem boundary (GIT_DISCOVERY_ACROSS_FILESYSTEM not set).
[2022-11-22T10:33:04.757Z] > git rev-parse --show-toplevel [6ms]
[2022-11-22T10:33:04.761Z] > git config --get commit.template [5ms]
[2022-11-22T10:33:04.767Z] > git rev-parse --show-toplevel [7ms]
[2022-11-22T10:33:04.771Z] > git rev-parse --git-dir --git-common-dir [1ms]
[2022-11-22T10:33:04.774Z] [info] Open repository: /home/barbarik/mininet
[2022-11-22T10:33:04.783Z] > git rev-parse --show-toplevel [1ms]
[2022-11-22T10:33:04.788Z] > git status -z -uall [10ms]
[2022-11-22T10:33:04.795Z] > git rev-parse --git-dir --git-common-dir [7ms]
[2022-11-22T10:33:04.798Z] [info] Open repository: /home/barbarik/ml-interviews-book
[2022-11-22T10:33:04.810Z] > git symbolic-ref --short HEAD [17ms]
[2022-11-22T10:33:04.816Z] > git rev-parse --show-toplevel [8ms]
[2022-11-22T10:33:04.823Z] > git status -z -uall [56ms]
[2022-11-22T10:33:04.827Z] > git for-each-ref --format=%(refname)%00%(upstream:short)%00%(objectname)%00%(upstream:track)%00%(upstream:remotename)%00%(upstream:remoteref) refs/heads/mininet-2.3.0 refs/remotes/mininet-2.3.0 [12ms]
[2022-11-22T10:33:04.836Z] > git for-each-ref --sort -committerdate --format %(refname) %(objectname) %(*objectname) [4ms]
[2022-11-22T10:33:04.837Z] > git symbolic-ref --short HEAD [10ms]
[2022-11-22T10:33:04.843Z] > git rev-parse --show-toplevel [23ms]
[2022-11-22T10:33:04.847Z] > git for-each-ref --format=%(refname)%00%(upstream:short)%00%(objectname)%00%(upstream:track)%00%(upstream:remotename)%00%(upstream:remoteref) refs/heads/master refs/remotes/master [4ms]
[2022-11-22T10:33:04.854Z] > git remote --verbose [20ms]
[2022-11-22T10:33:04.865Z] > git remote --verbose [12ms]
[2022-11-22T10:33:04.866Z] > git for-each-ref --sort -committerdate --format %(refname) %(objectname) %(*objectname) [16ms]
[2022-11-22T10:33:04.867Z] > git rev-parse --show-toplevel [21ms]
[2022-11-22T10:33:04.878Z] > git config --get commit.template [13ms]
[2022-11-22T10:33:04.881Z] > git config --get commit.template [4ms]
[2022-11-22T10:33:04.882Z] > git rev-parse --show-toplevel [12ms]
[2022-11-22T10:33:04.887Z] > git rev-parse --show-toplevel [1ms]
[2022-11-22T10:33:04.895Z] > git rev-parse --show-toplevel [1ms]
[2022-11-22T10:33:04.900Z] > git rev-parse --show-toplevel [1ms]
[2022-11-22T10:33:04.905Z] > git rev-parse --show-toplevel [1ms]
[2022-11-22T10:33:04.912Z] > git rev-parse --show-toplevel [0ms]
[2022-11-22T10:33:04.919Z] > git rev-parse --show-toplevel [2ms]
[2022-11-22T10:33:04.927Z] > git rev-parse --show-toplevel [2ms]
[2022-11-22T10:33:04.933Z] > git rev-parse --show-toplevel [1ms]
[2022-11-22T10:33:04.940Z] > git rev-parse --show-toplevel [1ms]
[2022-11-22T10:33:04.945Z] > git rev-parse --show-toplevel [1ms]
[2022-11-22T10:33:04.949Z] > git rev-parse --show-toplevel [1ms]
[2022-11-22T10:33:04.953Z] > git rev-parse --show-toplevel [1ms]
[2022-11-22T10:33:04.959Z] > git rev-parse --show-toplevel [1ms]
[2022-11-22T10:33:04.959Z] fatal: not a git repository (or any parent up to mount point /home/barbarik)
Stopping at filesystem boundary (GIT_DISCOVERY_ACROSS_FILESYSTEM not set).
[2022-11-22T10:33:04.966Z] > git rev-parse --show-toplevel [2ms]
[2022-11-22T10:33:04.969Z] > git rev-parse --git-dir --git-common-dir [0ms]
[2022-11-22T10:33:04.972Z] [info] Open repository: /home/barbarik/yay
[2022-11-22T10:33:04.981Z] > git status -z -uall [179ms]
[2022-11-22T10:33:04.984Z] > git status -z -uall [7ms]
[2022-11-22T10:33:04.990Z] > git rev-parse --show-toplevel [10ms]
[2022-11-22T10:33:04.992Z] > git symbolic-ref --short HEAD [8ms]
[2022-11-22T10:33:04.998Z] > git symbolic-ref --short HEAD [8ms]
[2022-11-22T10:33:05.002Z] > git for-each-ref --format=%(refname)%00%(upstream:short)%00%(objectname)%00%(upstream:track)%00%(upstream:remotename)%00%(upstream:remoteref) refs/heads/master refs/remotes/master [5ms]
[2022-11-22T10:33:05.011Z] > git for-each-ref --sort -committerdate --format %(refname) %(objectname) %(*objectname) [5ms]
[2022-11-22T10:33:05.011Z] > git for-each-ref --format=%(refname)%00%(upstream:short)%00%(objectname)%00%(upstream:track)%00%(upstream:remotename)%00%(upstream:remoteref) refs/heads/master refs/remotes/master [10ms]
[2022-11-22T10:33:05.017Z] > git for-each-ref --sort -committerdate --format %(refname) %(objectname) %(*objectname) [3ms]
[2022-11-22T10:33:05.018Z] > git remote --verbose [8ms]
[2022-11-22T10:33:05.026Z] > git remote --verbose [9ms]
[2022-11-22T10:33:05.033Z] > git config --get commit.template [8ms]
[2022-11-22T10:33:05.034Z] > git config --get commit.template [2ms]
[2022-11-22T10:33:05.132Z] > git check-ignore -v -z --stdin [1ms]
