2024-08-25 18:13:00.253 [info] Started local extension host with pid 16046.
2024-08-25 18:13:03.139 [info] [perf] Render performance baseline is 104ms
2024-08-25 18:22:53.361 [error] [ExtensionListenerError] Extension 'CoenraadS.bracket-pair-colorizer-2' FAILED to handle event: TypeError: Cannot read properties of undefined (reading 'getRuleStack'): Error: [ExtensionListenerError] Extension 'CoenraadS.bracket-pair-colorizer-2' FAILED to handle event: TypeError: Cannot read properties of undefined (reading 'getRuleStack')
    at i.value (/usr/lib/code/out/vs/workbench/api/node/extensionHostProcess.js:164:21030)
    at n.B (/usr/lib/code/out/vs/workbench/api/node/extensionHostProcess.js:83:737)
    at n.C (/usr/lib/code/out/vs/workbench/api/node/extensionHostProcess.js:83:807)
    at n.fire (/usr/lib/code/out/vs/workbench/api/node/extensionHostProcess.js:83:1023)
    at S.$acceptModelChanged (/usr/lib/code/out/vs/workbench/api/node/extensionHostProcess.js:154:84072)
    at E.S (/usr/lib/code/out/vs/workbench/api/node/extensionHostProcess.js:151:5980)
    at E.Q (/usr/lib/code/out/vs/workbench/api/node/extensionHostProcess.js:151:5746)
    at E.M (/usr/lib/code/out/vs/workbench/api/node/extensionHostProcess.js:151:4778)
    at E.L (/usr/lib/code/out/vs/workbench/api/node/extensionHostProcess.js:151:3605)
    at i.value (/usr/lib/code/out/vs/workbench/api/node/extensionHostProcess.js:151:2297)
    at n.B (/usr/lib/code/out/vs/workbench/api/node/extensionHostProcess.js:83:737)
    at n.fire (/usr/lib/code/out/vs/workbench/api/node/extensionHostProcess.js:83:954)
    at s.fire (/usr/lib/code/out/vs/workbench/api/node/extensionHostProcess.js:97:14453)
    at i.value (/usr/lib/code/out/vs/workbench/api/node/extensionHostProcess.js:177:8655)
    at n.B (/usr/lib/code/out/vs/workbench/api/node/extensionHostProcess.js:83:737)
    at n.fire (/usr/lib/code/out/vs/workbench/api/node/extensionHostProcess.js:83:954)
    at s.fire (/usr/lib/code/out/vs/workbench/api/node/extensionHostProcess.js:97:14453)
    at MessagePortMain.<anonymous> (/usr/lib/code/out/vs/workbench/api/node/extensionHostProcess.js:177:6781)
    at MessagePortMain.emit (node:events:519:28)
    at Object.MessagePortMain._internalPort.emit (node:electron/js2c/utility_init:2:2619)
2024-08-25 18:22:56.788 [error] [ExtensionListenerError] Extension 'CoenraadS.bracket-pair-colorizer-2' FAILED to handle event: TypeError: Cannot read properties of undefined (reading 'getRuleStack'): Error: [ExtensionListenerError] Extension 'CoenraadS.bracket-pair-colorizer-2' FAILED to handle event: TypeError: Cannot read properties of undefined (reading 'getRuleStack')
    at i.value (/usr/lib/code/out/vs/workbench/api/node/extensionHostProcess.js:164:21030)
    at n.B (/usr/lib/code/out/vs/workbench/api/node/extensionHostProcess.js:83:737)
    at n.C (/usr/lib/code/out/vs/workbench/api/node/extensionHostProcess.js:83:807)
    at n.fire (/usr/lib/code/out/vs/workbench/api/node/extensionHostProcess.js:83:1023)
    at S.$acceptModelChanged (/usr/lib/code/out/vs/workbench/api/node/extensionHostProcess.js:154:84072)
    at E.S (/usr/lib/code/out/vs/workbench/api/node/extensionHostProcess.js:151:5980)
    at E.Q (/usr/lib/code/out/vs/workbench/api/node/extensionHostProcess.js:151:5746)
    at E.M (/usr/lib/code/out/vs/workbench/api/node/extensionHostProcess.js:151:4778)
    at E.L (/usr/lib/code/out/vs/workbench/api/node/extensionHostProcess.js:151:3605)
    at i.value (/usr/lib/code/out/vs/workbench/api/node/extensionHostProcess.js:151:2297)
    at n.B (/usr/lib/code/out/vs/workbench/api/node/extensionHostProcess.js:83:737)
    at n.fire (/usr/lib/code/out/vs/workbench/api/node/extensionHostProcess.js:83:954)
    at s.fire (/usr/lib/code/out/vs/workbench/api/node/extensionHostProcess.js:97:14453)
    at i.value (/usr/lib/code/out/vs/workbench/api/node/extensionHostProcess.js:177:8655)
    at n.B (/usr/lib/code/out/vs/workbench/api/node/extensionHostProcess.js:83:737)
    at n.fire (/usr/lib/code/out/vs/workbench/api/node/extensionHostProcess.js:83:954)
    at s.fire (/usr/lib/code/out/vs/workbench/api/node/extensionHostProcess.js:97:14453)
    at MessagePortMain.<anonymous> (/usr/lib/code/out/vs/workbench/api/node/extensionHostProcess.js:177:6781)
    at MessagePortMain.emit (node:events:519:28)
    at Object.MessagePortMain._internalPort.emit (node:electron/js2c/utility_init:2:2619)
2024-08-25 18:59:15.976 [error] [ExtensionListenerError] Extension 'CoenraadS.bracket-pair-colorizer-2' FAILED to handle event: TypeError: Cannot read properties of undefined (reading 'getRuleStack'): Error: [ExtensionListenerError] Extension 'CoenraadS.bracket-pair-colorizer-2' FAILED to handle event: TypeError: Cannot read properties of undefined (reading 'getRuleStack')
    at i.value (/usr/lib/code/out/vs/workbench/api/node/extensionHostProcess.js:164:21030)
    at n.B (/usr/lib/code/out/vs/workbench/api/node/extensionHostProcess.js:83:737)
    at n.C (/usr/lib/code/out/vs/workbench/api/node/extensionHostProcess.js:83:807)
    at n.fire (/usr/lib/code/out/vs/workbench/api/node/extensionHostProcess.js:83:1023)
    at S.$acceptModelChanged (/usr/lib/code/out/vs/workbench/api/node/extensionHostProcess.js:154:84072)
    at E.S (/usr/lib/code/out/vs/workbench/api/node/extensionHostProcess.js:151:5980)
    at E.Q (/usr/lib/code/out/vs/workbench/api/node/extensionHostProcess.js:151:5746)
    at E.M (/usr/lib/code/out/vs/workbench/api/node/extensionHostProcess.js:151:4778)
    at E.L (/usr/lib/code/out/vs/workbench/api/node/extensionHostProcess.js:151:3605)
    at i.value (/usr/lib/code/out/vs/workbench/api/node/extensionHostProcess.js:151:2297)
    at n.B (/usr/lib/code/out/vs/workbench/api/node/extensionHostProcess.js:83:737)
    at n.fire (/usr/lib/code/out/vs/workbench/api/node/extensionHostProcess.js:83:954)
    at s.fire (/usr/lib/code/out/vs/workbench/api/node/extensionHostProcess.js:97:14453)
    at i.value (/usr/lib/code/out/vs/workbench/api/node/extensionHostProcess.js:177:8655)
    at n.B (/usr/lib/code/out/vs/workbench/api/node/extensionHostProcess.js:83:737)
    at n.fire (/usr/lib/code/out/vs/workbench/api/node/extensionHostProcess.js:83:954)
    at s.fire (/usr/lib/code/out/vs/workbench/api/node/extensionHostProcess.js:97:14453)
    at MessagePortMain.<anonymous> (/usr/lib/code/out/vs/workbench/api/node/extensionHostProcess.js:177:6781)
    at MessagePortMain.emit (node:events:519:28)
    at Object.MessagePortMain._internalPort.emit (node:electron/js2c/utility_init:2:2619)
2024-08-25 18:59:17.019 [error] [ExtensionListenerError] Extension 'CoenraadS.bracket-pair-colorizer-2' FAILED to handle event: TypeError: Cannot read properties of undefined (reading 'getRuleStack'): Error: [ExtensionListenerError] Extension 'CoenraadS.bracket-pair-colorizer-2' FAILED to handle event: TypeError: Cannot read properties of undefined (reading 'getRuleStack')
    at i.value (/usr/lib/code/out/vs/workbench/api/node/extensionHostProcess.js:164:21030)
    at n.B (/usr/lib/code/out/vs/workbench/api/node/extensionHostProcess.js:83:737)
    at n.C (/usr/lib/code/out/vs/workbench/api/node/extensionHostProcess.js:83:807)
    at n.fire (/usr/lib/code/out/vs/workbench/api/node/extensionHostProcess.js:83:1023)
    at S.$acceptModelChanged (/usr/lib/code/out/vs/workbench/api/node/extensionHostProcess.js:154:84072)
    at E.S (/usr/lib/code/out/vs/workbench/api/node/extensionHostProcess.js:151:5980)
    at E.Q (/usr/lib/code/out/vs/workbench/api/node/extensionHostProcess.js:151:5746)
    at E.M (/usr/lib/code/out/vs/workbench/api/node/extensionHostProcess.js:151:4778)
    at E.L (/usr/lib/code/out/vs/workbench/api/node/extensionHostProcess.js:151:3605)
    at i.value (/usr/lib/code/out/vs/workbench/api/node/extensionHostProcess.js:151:2297)
    at n.B (/usr/lib/code/out/vs/workbench/api/node/extensionHostProcess.js:83:737)
    at n.fire (/usr/lib/code/out/vs/workbench/api/node/extensionHostProcess.js:83:954)
    at s.fire (/usr/lib/code/out/vs/workbench/api/node/extensionHostProcess.js:97:14453)
    at i.value (/usr/lib/code/out/vs/workbench/api/node/extensionHostProcess.js:177:8655)
    at n.B (/usr/lib/code/out/vs/workbench/api/node/extensionHostProcess.js:83:737)
    at n.fire (/usr/lib/code/out/vs/workbench/api/node/extensionHostProcess.js:83:954)
    at s.fire (/usr/lib/code/out/vs/workbench/api/node/extensionHostProcess.js:97:14453)
    at MessagePortMain.<anonymous> (/usr/lib/code/out/vs/workbench/api/node/extensionHostProcess.js:177:6781)
    at MessagePortMain.emit (node:events:519:28)
    at Object.MessagePortMain._internalPort.emit (node:electron/js2c/utility_init:2:2619)
2024-08-25 18:59:18.533 [error] [ExtensionListenerError] Extension 'CoenraadS.bracket-pair-colorizer-2' FAILED to handle event: TypeError: Cannot read properties of undefined (reading 'getRuleStack'): Error: [ExtensionListenerError] Extension 'CoenraadS.bracket-pair-colorizer-2' FAILED to handle event: TypeError: Cannot read properties of undefined (reading 'getRuleStack')
    at i.value (/usr/lib/code/out/vs/workbench/api/node/extensionHostProcess.js:164:21030)
    at n.B (/usr/lib/code/out/vs/workbench/api/node/extensionHostProcess.js:83:737)
    at n.C (/usr/lib/code/out/vs/workbench/api/node/extensionHostProcess.js:83:807)
    at n.fire (/usr/lib/code/out/vs/workbench/api/node/extensionHostProcess.js:83:1023)
    at S.$acceptModelChanged (/usr/lib/code/out/vs/workbench/api/node/extensionHostProcess.js:154:84072)
    at E.S (/usr/lib/code/out/vs/workbench/api/node/extensionHostProcess.js:151:5980)
    at E.Q (/usr/lib/code/out/vs/workbench/api/node/extensionHostProcess.js:151:5746)
    at E.M (/usr/lib/code/out/vs/workbench/api/node/extensionHostProcess.js:151:4778)
    at E.L (/usr/lib/code/out/vs/workbench/api/node/extensionHostProcess.js:151:3605)
    at i.value (/usr/lib/code/out/vs/workbench/api/node/extensionHostProcess.js:151:2297)
    at n.B (/usr/lib/code/out/vs/workbench/api/node/extensionHostProcess.js:83:737)
    at n.fire (/usr/lib/code/out/vs/workbench/api/node/extensionHostProcess.js:83:954)
    at s.fire (/usr/lib/code/out/vs/workbench/api/node/extensionHostProcess.js:97:14453)
    at i.value (/usr/lib/code/out/vs/workbench/api/node/extensionHostProcess.js:177:8655)
    at n.B (/usr/lib/code/out/vs/workbench/api/node/extensionHostProcess.js:83:737)
    at n.fire (/usr/lib/code/out/vs/workbench/api/node/extensionHostProcess.js:83:954)
    at s.fire (/usr/lib/code/out/vs/workbench/api/node/extensionHostProcess.js:97:14453)
    at MessagePortMain.<anonymous> (/usr/lib/code/out/vs/workbench/api/node/extensionHostProcess.js:177:6781)
    at MessagePortMain.emit (node:events:519:28)
    at Object.MessagePortMain._internalPort.emit (node:electron/js2c/utility_init:2:2619)
2024-08-25 19:00:01.356 [error] [ExtensionListenerError] Extension 'CoenraadS.bracket-pair-colorizer-2' FAILED to handle event: TypeError: Cannot read properties of undefined (reading 'getRuleStack'): Error: [ExtensionListenerError] Extension 'CoenraadS.bracket-pair-colorizer-2' FAILED to handle event: TypeError: Cannot read properties of undefined (reading 'getRuleStack')
    at i.value (/usr/lib/code/out/vs/workbench/api/node/extensionHostProcess.js:164:21030)
    at n.B (/usr/lib/code/out/vs/workbench/api/node/extensionHostProcess.js:83:737)
    at n.C (/usr/lib/code/out/vs/workbench/api/node/extensionHostProcess.js:83:807)
    at n.fire (/usr/lib/code/out/vs/workbench/api/node/extensionHostProcess.js:83:1023)
    at S.$acceptModelChanged (/usr/lib/code/out/vs/workbench/api/node/extensionHostProcess.js:154:84072)
    at E.S (/usr/lib/code/out/vs/workbench/api/node/extensionHostProcess.js:151:5980)
    at E.Q (/usr/lib/code/out/vs/workbench/api/node/extensionHostProcess.js:151:5746)
    at E.M (/usr/lib/code/out/vs/workbench/api/node/extensionHostProcess.js:151:4778)
    at E.L (/usr/lib/code/out/vs/workbench/api/node/extensionHostProcess.js:151:3605)
    at i.value (/usr/lib/code/out/vs/workbench/api/node/extensionHostProcess.js:151:2297)
    at n.B (/usr/lib/code/out/vs/workbench/api/node/extensionHostProcess.js:83:737)
    at n.fire (/usr/lib/code/out/vs/workbench/api/node/extensionHostProcess.js:83:954)
    at s.fire (/usr/lib/code/out/vs/workbench/api/node/extensionHostProcess.js:97:14453)
    at i.value (/usr/lib/code/out/vs/workbench/api/node/extensionHostProcess.js:177:8655)
    at n.B (/usr/lib/code/out/vs/workbench/api/node/extensionHostProcess.js:83:737)
    at n.fire (/usr/lib/code/out/vs/workbench/api/node/extensionHostProcess.js:83:954)
    at s.fire (/usr/lib/code/out/vs/workbench/api/node/extensionHostProcess.js:97:14453)
    at MessagePortMain.<anonymous> (/usr/lib/code/out/vs/workbench/api/node/extensionHostProcess.js:177:6781)
    at MessagePortMain.emit (node:events:519:28)
    at Object.MessagePortMain._internalPort.emit (node:electron/js2c/utility_init:2:2619)
2024-08-25 19:00:03.011 [error] [ExtensionListenerError] Extension 'CoenraadS.bracket-pair-colorizer-2' FAILED to handle event: TypeError: Cannot read properties of undefined (reading 'getRuleStack'): Error: [ExtensionListenerError] Extension 'CoenraadS.bracket-pair-colorizer-2' FAILED to handle event: TypeError: Cannot read properties of undefined (reading 'getRuleStack')
    at i.value (/usr/lib/code/out/vs/workbench/api/node/extensionHostProcess.js:164:21030)
    at n.B (/usr/lib/code/out/vs/workbench/api/node/extensionHostProcess.js:83:737)
    at n.C (/usr/lib/code/out/vs/workbench/api/node/extensionHostProcess.js:83:807)
    at n.fire (/usr/lib/code/out/vs/workbench/api/node/extensionHostProcess.js:83:1023)
    at S.$acceptModelChanged (/usr/lib/code/out/vs/workbench/api/node/extensionHostProcess.js:154:84072)
    at E.S (/usr/lib/code/out/vs/workbench/api/node/extensionHostProcess.js:151:5980)
    at E.Q (/usr/lib/code/out/vs/workbench/api/node/extensionHostProcess.js:151:5746)
    at E.M (/usr/lib/code/out/vs/workbench/api/node/extensionHostProcess.js:151:4778)
    at E.L (/usr/lib/code/out/vs/workbench/api/node/extensionHostProcess.js:151:3605)
    at i.value (/usr/lib/code/out/vs/workbench/api/node/extensionHostProcess.js:151:2297)
    at n.B (/usr/lib/code/out/vs/workbench/api/node/extensionHostProcess.js:83:737)
    at n.fire (/usr/lib/code/out/vs/workbench/api/node/extensionHostProcess.js:83:954)
    at s.fire (/usr/lib/code/out/vs/workbench/api/node/extensionHostProcess.js:97:14453)
    at i.value (/usr/lib/code/out/vs/workbench/api/node/extensionHostProcess.js:177:8655)
    at n.B (/usr/lib/code/out/vs/workbench/api/node/extensionHostProcess.js:83:737)
    at n.fire (/usr/lib/code/out/vs/workbench/api/node/extensionHostProcess.js:83:954)
    at s.fire (/usr/lib/code/out/vs/workbench/api/node/extensionHostProcess.js:97:14453)
    at MessagePortMain.<anonymous> (/usr/lib/code/out/vs/workbench/api/node/extensionHostProcess.js:177:6781)
    at MessagePortMain.emit (node:events:519:28)
    at Object.MessagePortMain._internalPort.emit (node:electron/js2c/utility_init:2:2619)
2024-08-25 19:01:57.719 [error] no package data for import "collections": Error: no package data for import "collections"
    at handleResponse (/home/barbarik/.vscode-oss/extensions/golang.go-0.42.0-universal/dist/goMain.js:8606:40)
    at handleMessage (/home/barbarik/.vscode-oss/extensions/golang.go-0.42.0-universal/dist/goMain.js:8416:11)
    at processMessageQueue (/home/barbarik/.vscode-oss/extensions/golang.go-0.42.0-universal/dist/goMain.js:8431:13)
    at Immediate.<anonymous> (/home/barbarik/.vscode-oss/extensions/golang.go-0.42.0-universal/dist/goMain.js:8407:11)
    at processImmediate (node:internal/timers:478:21)
2024-08-25 19:01:58.884 [error] no package data for import "collections": Error: no package data for import "collections"
    at handleResponse (/home/barbarik/.vscode-oss/extensions/golang.go-0.42.0-universal/dist/goMain.js:8606:40)
    at handleMessage (/home/barbarik/.vscode-oss/extensions/golang.go-0.42.0-universal/dist/goMain.js:8416:11)
    at processMessageQueue (/home/barbarik/.vscode-oss/extensions/golang.go-0.42.0-universal/dist/goMain.js:8431:13)
    at Immediate.<anonymous> (/home/barbarik/.vscode-oss/extensions/golang.go-0.42.0-universal/dist/goMain.js:8407:11)
    at processImmediate (node:internal/timers:478:21)
2024-08-25 19:02:17.734 [error] no package data for import "collections": Error: no package data for import "collections"
    at handleResponse (/home/barbarik/.vscode-oss/extensions/golang.go-0.42.0-universal/dist/goMain.js:8606:40)
    at handleMessage (/home/barbarik/.vscode-oss/extensions/golang.go-0.42.0-universal/dist/goMain.js:8416:11)
    at processMessageQueue (/home/barbarik/.vscode-oss/extensions/golang.go-0.42.0-universal/dist/goMain.js:8431:13)
    at Immediate.<anonymous> (/home/barbarik/.vscode-oss/extensions/golang.go-0.42.0-universal/dist/goMain.js:8407:11)
    at processImmediate (node:internal/timers:478:21)
