2024-08-27 23:40:32.127 [info] [main] Log level: Info
2024-08-27 23:40:32.127 [info] [main] Validating found git in: "git"
2024-08-27 23:40:32.127 [info] [main] Using git "2.46.0" from "git"
2024-08-27 23:40:32.127 [info] [Model][doInitialScan] Initial repository scan started
2024-08-27 23:40:32.127 [info] > git rev-parse --show-toplevel [297ms]
2024-08-27 23:40:32.135 [info] > git rev-parse --show-toplevel [739ms]
2024-08-27 23:40:32.196 [info] > git rev-parse --show-toplevel [10ms]
2024-08-27 23:40:32.199 [info] [Model][doInitialScan] Initial repository scan completed - repositories (0), closed repositories (0), parent repositories (0), unsafe repositories (0)
2024-08-27 23:40:33.202 [info] > git rev-parse --show-toplevel [1ms]
2024-08-27 23:52:38.497 [info] > git rev-parse --show-toplevel [3ms]
2024-08-27 23:54:20.394 [info] > git rev-parse --show-toplevel [1ms]
2024-08-27 23:54:23.210 [info] > git rev-parse --show-toplevel [4ms]
2024-08-27 23:55:59.378 [info] > git rev-parse --show-toplevel [3ms]
2024-08-27 23:56:01.681 [info] > git rev-parse --show-toplevel [2ms]
2024-08-27 23:56:06.742 [info] > git rev-parse --show-toplevel [3ms]
2024-08-27 23:58:07.091 [info] > git rev-parse --show-toplevel [1ms]
2024-08-27 23:58:30.114 [info] > git rev-parse --show-toplevel [2ms]
2024-08-27 23:59:05.795 [info] > git rev-parse --show-toplevel [2ms]
2024-08-28 00:00:05.551 [info] > git rev-parse --show-toplevel [2ms]
2024-08-28 00:00:07.645 [info] > git rev-parse --show-toplevel [2ms]
2024-08-28 00:01:51.705 [info] > git rev-parse --show-toplevel [1ms]
2024-08-28 00:06:26.481 [info] > git rev-parse --show-toplevel [2ms]
2024-08-28 00:06:31.391 [info] > git rev-parse --show-toplevel [2ms]
2024-08-28 00:06:33.184 [info] > git rev-parse --show-toplevel [2ms]
2024-08-28 00:10:05.690 [info] > git rev-parse --show-toplevel [1ms]
2024-08-28 00:10:05.698 [info] > git rev-parse --git-dir --git-common-dir [1ms]
2024-08-28 00:10:05.710 [info] [Model][openRepository] Opened repository: /home/barbarik/go/todolist
2024-08-28 00:10:05.725 [info] [Git][getRemotes] No remotes found in the git config file
2024-08-28 00:10:05.728 [info] > git for-each-ref --format=%(refname)%00%(upstream:short)%00%(objectname)%00%(upstream:track)%00%(upstream:remotename)%00%(upstream:remoteref) refs/heads/master refs/remotes/master [4ms]
2024-08-28 00:10:05.728 [warning] [Git][getBranch] No such branch: master
2024-08-28 00:10:05.729 [info] > git config --get commit.template [11ms]
2024-08-28 00:10:05.735 [info] > git status -z -uall [1ms]
2024-08-28 00:10:05.751 [info] > git for-each-ref --format=%(refname)%00%(upstream:short)%00%(objectname)%00%(upstream:track)%00%(upstream:remotename)%00%(upstream:remoteref) refs/heads/master refs/remotes/master [9ms]
2024-08-28 00:10:05.752 [warning] [Git][getBranch] No such branch: master
2024-08-28 00:10:05.754 [info] > git config --get commit.template [3ms]
2024-08-28 00:10:05.759 [info] [Git][getRemotes] No remotes found in the git config file
2024-08-28 00:10:05.760 [info] > git for-each-ref --format=%(refname)%00%(upstream:short)%00%(objectname)%00%(upstream:track)%00%(upstream:remotename)%00%(upstream:remoteref) refs/heads/master refs/remotes/master [1ms]
2024-08-28 00:10:05.760 [warning] [Git][getBranch] No such branch: master
2024-08-28 00:10:05.766 [info] > git status -z -uall [1ms]
2024-08-28 00:10:05.772 [info] > git for-each-ref --format=%(refname)%00%(upstream:short)%00%(objectname)%00%(upstream:track)%00%(upstream:remotename)%00%(upstream:remoteref) refs/heads/master refs/remotes/master [1ms]
2024-08-28 00:10:05.773 [warning] [Git][getBranch] No such branch: master
2024-08-28 00:10:06.165 [info] > git show --textconv :go.mod [11ms]
2024-08-28 00:10:06.165 [info] > git ls-files --stage -- /home/barbarik/go/todolist/go.mod [3ms]
2024-08-28 00:10:06.247 [info] > git check-ignore -v -z --stdin [3ms]
2024-08-28 00:10:43.696 [info] > git check-ignore -v -z --stdin [1ms]
2024-08-28 00:22:22.753 [warning] [Git][getHEAD] Failed to parse HEAD file: ENOENT: no such file or directory, open '/home/barbarik/go/todolist/.git/HEAD'
2024-08-28 00:22:22.759 [warning] [Git][getRemotes] Error: ENOENT: no such file or directory, open '/home/barbarik/go/todolist/.git/config'
2024-08-28 00:22:22.766 [info] > git remote --verbose [7ms]
2024-08-28 00:22:22.767 [info] > git symbolic-ref --short HEAD [14ms]
2024-08-28 00:22:22.775 [info] > git config --get commit.template [9ms]
2024-08-28 00:22:22.785 [info] > git ls-files --stage -- /home/barbarik/go/todolist/go.mod [1ms]
2024-08-28 00:22:22.801 [info] > git show --textconv :go.mod [2ms]
2024-08-28 00:22:22.813 [info] > git for-each-ref --format=%(refname)%00%(upstream:short)%00%(objectname)%00%(upstream:track)%00%(upstream:remotename)%00%(upstream:remoteref) refs/heads/master refs/remotes/master [39ms]
2024-08-28 00:22:22.822 [warning] [Git][revParse] Unable to read file: ENOENT: no such file or directory, open '/home/barbarik/go/todolist/.git/refs/remotes/origin/master'
2024-08-28 00:22:22.823 [info] > git rev-parse refs/remotes/origin/master [1ms]
2024-08-28 00:23:24.342 [info] > git status -z -uall [61510ms] (cancelled)
2024-08-28 00:34:33.813 [info] > git ls-files --stage -- /home/barbarik/go/todolist/go.mod [1ms]
2024-08-28 00:34:33.850 [info] > git show --textconv :go.mod [2ms]
2024-08-28 00:34:39.488 [info] > git for-each-ref --format=%(refname)%00%(upstream:short)%00%(objectname)%00%(upstream:track)%00%(upstream:remotename)%00%(upstream:remoteref) refs/heads/master refs/remotes/master [204ms]
2024-08-28 00:34:40.271 [info] > git config --local branch.master.vscode-merge-base [774ms]
2024-08-28 00:34:40.271 [warning] [Git][config] git config failed: Failed to execute git
2024-08-28 00:34:40.284 [info] > git reflog master --grep-reflog=branch: Created from *. [3ms]
