[2022-11-23T11:10:12.527Z] Log level: Info
[2022-11-23T11:10:12.528Z] [info] Validating found git in: git
[2022-11-23T11:10:12.567Z] [info] Using git 2.38.1 from git
[2022-11-23T11:10:12.611Z] > git rev-parse --show-toplevel [10ms]
[2022-11-23T11:10:12.627Z] > git rev-parse --git-dir --git-common-dir [1ms]
[2022-11-23T11:10:12.642Z] [info] Open repository: /home/barbarik/js/feedback-app
[2022-11-23T11:10:12.867Z] > git rev-parse --show-toplevel [181ms]
[2022-11-23T11:10:12.889Z] > git rev-parse --show-toplevel [7ms]
[2022-11-23T11:10:12.948Z] > git rev-parse --show-toplevel [47ms]
[2022-11-23T11:10:12.991Z] > git rev-parse --show-toplevel [1ms]
[2022-11-23T11:10:13.024Z] > git status -z -uall [357ms]
[2022-11-23T11:10:13.078Z] > git symbolic-ref --short HEAD [8ms]
[2022-11-23T11:10:13.114Z] > git for-each-ref --format=%(refname)%00%(upstream:short)%00%(objectname)%00%(upstream:track)%00%(upstream:remotename)%00%(upstream:remoteref) refs/heads/main refs/remotes/main [4ms]
[2022-11-23T11:10:13.179Z] > git remote --verbose [11ms]
[2022-11-23T11:10:13.187Z] > git for-each-ref --sort -committerdate --format %(refname) %(objectname) %(*objectname) [51ms]
[2022-11-23T11:10:13.304Z] > git config --get commit.template [84ms]
[2022-11-23T11:10:13.333Z] > git show --textconv :src/context/FeedbackContext.js [49ms]
[2022-11-23T11:10:13.334Z] > git ls-files --stage -- /home/barbarik/js/feedback-app/src/context/FeedbackContext.js [31ms]
[2022-11-23T11:10:13.401Z] > git cat-file -s fc5b4a836342f20103b65efd6aa5786f858952e7 [41ms]
[2022-11-23T11:10:13.435Z] > git check-ignore -v -z --stdin [180ms]
[2022-11-23T11:10:13.572Z] > git status -z -uall [241ms]
[2022-11-23T11:10:13.603Z] > git symbolic-ref --short HEAD [4ms]
[2022-11-23T11:10:13.618Z] > git for-each-ref --format=%(refname)%00%(upstream:short)%00%(objectname)%00%(upstream:track)%00%(upstream:remotename)%00%(upstream:remoteref) refs/heads/main refs/remotes/main [1ms]
[2022-11-23T11:10:13.653Z] > git for-each-ref --sort -committerdate --format %(refname) %(objectname) %(*objectname) [20ms]
[2022-11-23T11:10:13.658Z] > git remote --verbose [9ms]
[2022-11-23T11:10:13.682Z] > git config --get commit.template [3ms]
[2022-11-23T11:10:16.565Z] > git show --textconv :src/components/FeedbackList.jsx [15ms]
[2022-11-23T11:10:16.572Z] > git ls-files --stage -- /home/barbarik/js/feedback-app/src/components/FeedbackList.jsx [12ms]
[2022-11-23T11:10:16.584Z] > git cat-file -s 987cfa1cdf49eb5eb0cf9caedf03f06f07533457 [1ms]
