[Info  - 23:54:23] 2024/08/27 23:54:23 Created View (#1)
	directory=/home/barbarik/go/todolist
	view_type="GoMod"
	root_dir="file:///home/barbarik/go/todolist"
	go_version="go version go1.23.0 linux/amd64"
	build_flags=[]
	env={GOOS:linux GOARCH:amd64 GOCACHE:/home/barbarik/.cache/go-build GOMODCACHE:/home/barbarik/go/pkg/mod GOPATH:/home/barbarik/go GOPRIVATE: GOFLAGS: GO111MODULE: GOTOOLCHAIN:auto GoVersion:23 GoVersionOutput:go version go1.23.0 linux/amd64
 ExplicitGOWORK: EffectiveGOPACKAGESDRIVER:}
	env_overlay=[]

[Info  - 23:54:23] 2024/08/27 23:54:23 go/packages.Load #1
	view_id="1"
	snapshot=0
	directory=/home/barbarik/go/todolist
	query=[/home/barbarik/go/todolist/... builtin]
	packages=2
	duration=447.731108ms

[Info  - 23:54:53] 2024/08/27 23:54:53 background imports cache refresh starting

[Info  - 23:54:53] 2024/08/27 23:54:53 background refresh finished after 102.215784ms

[Error - 23:55:28] 2024/08/27 23:55:28 imports fixes: allImportsFixes: /home/barbarik/go/todolist/main.go:74:1: expected operand, found '}' (and 17 more errors)
	file="/home/barbarik/go/todolist/main.go"

[Error - 23:55:30] 2024/08/27 23:55:30 imports fixes: allImportsFixes: /home/barbarik/go/todolist/main.go:74:1: expected operand, found '}' (and 17 more errors)
	file="/home/barbarik/go/todolist/main.go"

[Error - 23:55:41] 2024/08/27 23:55:41 imports fixes: allImportsFixes: /home/barbarik/go/todolist/main.go:72:40: expected '{', found newline (and 18 more errors)
	file="/home/barbarik/go/todolist/main.go"

[Error - 23:55:42] 2024/08/27 23:55:42 imports fixes: allImportsFixes: /home/barbarik/go/todolist/main.go:72:40: expected '{', found newline (and 18 more errors)
	file="/home/barbarik/go/todolist/main.go"

[Error - 23:55:42] 2024/08/27 23:55:42 imports fixes: allImportsFixes: /home/barbarik/go/todolist/main.go:72:40: expected '{', found newline (and 18 more errors)
	file="/home/barbarik/go/todolist/main.go"

[Error - 23:55:43] 2024/08/27 23:55:43 imports fixes: allImportsFixes: /home/barbarik/go/todolist/main.go:72:40: expected '{', found newline (and 18 more errors)
	file="/home/barbarik/go/todolist/main.go"

[Error - 23:55:44] 2024/08/27 23:55:44 imports fixes: allImportsFixes: /home/barbarik/go/todolist/main.go:74:1: expected operand, found '}' (and 17 more errors)
	file="/home/barbarik/go/todolist/main.go"

[Error - 23:55:47] 2024/08/27 23:55:47 imports fixes: allImportsFixes: /home/barbarik/go/todolist/main.go:72:40: expected '{', found newline (and 18 more errors)
	file="/home/barbarik/go/todolist/main.go"

[Error - 23:55:48] 2024/08/27 23:55:48 imports fixes: allImportsFixes: /home/barbarik/go/todolist/main.go:72:40: expected '{', found newline (and 18 more errors)
	file="/home/barbarik/go/todolist/main.go"

[Error - 23:55:49] 2024/08/27 23:55:49 imports fixes: allImportsFixes: /home/barbarik/go/todolist/main.go:72:40: expected '{', found newline (and 18 more errors)
	file="/home/barbarik/go/todolist/main.go"

[Error - 23:55:49] 2024/08/27 23:55:49 imports fixes: allImportsFixes: /home/barbarik/go/todolist/main.go:72:40: expected '{', found newline (and 18 more errors)
	file="/home/barbarik/go/todolist/main.go"

[Error - 23:55:51] 2024/08/27 23:55:51 imports fixes: allImportsFixes: /home/barbarik/go/todolist/main.go:72:40: expected '{', found newline (and 18 more errors)
	file="/home/barbarik/go/todolist/main.go"

[Info  - 23:55:57] 2024/08/27 23:55:57 background imports cache refresh starting

[Info  - 23:55:57] 2024/08/27 23:55:57 background refresh finished after 4.669107ms

[Error - 23:56:06] 2024/08/27 23:56:06 imports fixes: allImportsFixes: /home/barbarik/go/todolist/main.go:72:40: expected '{', found newline (and 18 more errors)
	file="/home/barbarik/go/todolist/main.go"

[Error - 23:56:06] 2024/08/27 23:56:06 imports fixes: allImportsFixes: /home/barbarik/go/todolist/main.go:72:40: expected '{', found newline (and 18 more errors)
	file="/home/barbarik/go/todolist/main.go"

[Error - 23:56:18] 2024/08/27 23:56:18 imports fixes: allImportsFixes: /home/barbarik/go/todolist/main.go:72:40: expected '{', found newline (and 18 more errors)
	file="/home/barbarik/go/todolist/main.go"

[Error - 23:56:19] 2024/08/27 23:56:19 imports fixes: allImportsFixes: /home/barbarik/go/todolist/main.go:72:40: expected '{', found newline (and 18 more errors)
	file="/home/barbarik/go/todolist/main.go"

[Error - 23:56:21] 2024/08/27 23:56:21 imports fixes: allImportsFixes: /home/barbarik/go/todolist/main.go:72:40: expected '{', found newline (and 18 more errors)
	file="/home/barbarik/go/todolist/main.go"

[Error - 23:56:23] 2024/08/27 23:56:23 imports fixes: allImportsFixes: /home/barbarik/go/todolist/main.go:72:40: expected '{', found newline (and 18 more errors)
	file="/home/barbarik/go/todolist/main.go"

[Info  - 23:56:54] 2024/08/27 23:56:54 background imports cache refresh starting

[Info  - 23:56:54] 2024/08/27 23:56:54 background refresh finished after 5.959689ms

[Info  - 23:57:25] 2024/08/27 23:57:25 go/packages.Load #3
	view_id="1"
	snapshot=77
	directory=/home/barbarik/go/todolist
	query=[file=/home/barbarik/go/todolist/main.go]
	packages=1
	duration=141.29544ms

[Info  - 23:57:34] 2024/08/27 23:57:34 go/packages.Load #5
	view_id="1"
	snapshot=79
	directory=/home/barbarik/go/todolist
	query=[file=/home/barbarik/go/todolist/main.go]
	packages=1
	duration=144.571266ms

[Info  - 23:57:34] 2024/08/27 23:57:34 go/packages.Load #4
	view_id="1"
	snapshot=79
	directory=/home/barbarik/go/todolist
	query=[file=/home/barbarik/go/todolist/main.go]
	packages=1
	duration=183.669743ms

[Info  - 23:57:39] 2024/08/27 23:57:39 go/packages.Load #7
	view_id="1"
	snapshot=81
	directory=/home/barbarik/go/todolist
	query=[file=/home/barbarik/go/todolist/main.go]
	packages=1
	duration=137.795005ms

[Info  - 23:57:54] 2024/08/27 23:57:54 background imports cache refresh starting

[Info  - 23:57:54] 2024/08/27 23:57:54 background refresh finished after 6.305746ms

[Error - 23:59:15] 2024/08/27 23:59:15 imports fixes: allImportsFixes: /home/barbarik/go/todolist/main.go:32:2: expected '{', found 'if' (and 20 more errors)
	file="/home/barbarik/go/todolist/main.go"

[Error - 23:59:19] 2024/08/27 23:59:19 imports fixes: allImportsFixes: /home/barbarik/go/todolist/main.go:31:2: expected boolean expression, found assignment (missing parentheses around composite literal?) (and 19 more errors)
	file="/home/barbarik/go/todolist/main.go"

[Error - 23:59:26] 2024/08/27 23:59:26 imports fixes: allImportsFixes: /home/barbarik/go/todolist/main.go:31:2: expected boolean expression, found assignment (missing parentheses around composite literal?) (and 19 more errors)
	file="/home/barbarik/go/todolist/main.go"

[Error - 23:59:27] 2024/08/27 23:59:27 imports fixes: allImportsFixes: /home/barbarik/go/todolist/main.go:31:2: expected boolean expression, found assignment (missing parentheses around composite literal?) (and 19 more errors)
	file="/home/barbarik/go/todolist/main.go"

[Error - 23:59:28] 2024/08/27 23:59:28 imports fixes: allImportsFixes: /home/barbarik/go/todolist/main.go:31:2: expected boolean expression, found assignment (missing parentheses around composite literal?) (and 19 more errors)
	file="/home/barbarik/go/todolist/main.go"

[Error - 23:59:29] 2024/08/27 23:59:29 imports fixes: allImportsFixes: /home/barbarik/go/todolist/main.go:31:6: expected ';', found ':=' (and 19 more errors)
	file="/home/barbarik/go/todolist/main.go"

[Error - 23:59:29] 2024/08/27 23:59:29 imports fixes: allImportsFixes: /home/barbarik/go/todolist/main.go:32:2: expected '{', found 'if' (and 20 more errors)
	file="/home/barbarik/go/todolist/main.go"

[Info  - 23:59:35] 2024/08/27 23:59:35 background imports cache refresh starting

[Info  - 23:59:35] 2024/08/27 23:59:35 background refresh finished after 4.244591ms

[Error - 23:59:38] 2024/08/27 23:59:38 imports fixes: allImportsFixes: /home/barbarik/go/todolist/main.go:31:2: expected boolean expression, found assignment (missing parentheses around composite literal?) (and 19 more errors)
	file="/home/barbarik/go/todolist/main.go"

[Error - 23:59:42] 2024/08/27 23:59:42 imports fixes: allImportsFixes: /home/barbarik/go/todolist/main.go:29:35: expected ';', found " (and 22 more errors)
	file="/home/barbarik/go/todolist/main.go"

[Error - 23:59:43] 2024/08/27 23:59:43 imports fixes: allImportsFixes: /home/barbarik/go/todolist/main.go:29:35: expected ';', found " (and 22 more errors)
	file="/home/barbarik/go/todolist/main.go"

[Error - 23:59:44] 2024/08/27 23:59:44 imports fixes: allImportsFixes: /home/barbarik/go/todolist/main.go:31:2: expected boolean expression, found assignment (missing parentheses around composite literal?) (and 19 more errors)
	file="/home/barbarik/go/todolist/main.go"

[Error - 23:59:44] 2024/08/27 23:59:44 imports fixes: allImportsFixes: /home/barbarik/go/todolist/main.go:31:2: expected boolean expression, found assignment (missing parentheses around composite literal?) (and 19 more errors)
	file="/home/barbarik/go/todolist/main.go"

[Error - 23:59:45] 2024/08/27 23:59:45 imports fixes: allImportsFixes: /home/barbarik/go/todolist/main.go:31:2: expected boolean expression, found assignment (missing parentheses around composite literal?) (and 19 more errors)
	file="/home/barbarik/go/todolist/main.go"

[Info  - 00:00:09] 2024/08/28 00:00:09 background imports cache refresh starting

[Info  - 00:00:09] 2024/08/28 00:00:09 background refresh finished after 6.984286ms

[Info  - 00:01:03] 2024/08/28 00:01:03 background imports cache refresh starting

[Info  - 00:01:03] 2024/08/28 00:01:03 background refresh finished after 6.637397ms

[Info  - 00:01:35] 2024/08/28 00:01:35 background imports cache refresh starting

[Info  - 00:01:35] 2024/08/28 00:01:35 background refresh finished after 5.696505ms

[Info  - 00:06:56] 2024/08/28 00:06:56 background imports cache refresh starting

[Info  - 00:06:56] 2024/08/28 00:06:56 background refresh finished after 6.703856ms

[Info  - 00:34:40] 2024/08/28 00:34:40 Shutdown session
	shutdown_session=1

