[Info  - 18:13:01] 2024/08/25 18:13:01 Created View (#1)
	directory=/home/barbarik/go/todolist
	view_type="GoMod"
	root_dir="file:///home/barbarik/go/todolist"
	go_version="go version go1.23.0 linux/amd64"
	build_flags=[]
	env={GOOS:linux GOARCH:amd64 GOCACHE:/home/barbarik/.cache/go-build GOMODCACHE:/home/barbarik/go/pkg/mod GOPATH:/home/barbarik/go GOPRIVATE: GOFLAGS: GO111MODULE: GOTOOLCHAIN:auto GoVersion:23 GoVersionOutput:go version go1.23.0 linux/amd64
 ExplicitGOWORK: EffectiveGOPACKAGESDRIVER:}
	env_overlay=[]

[Info  - 18:13:01] 2024/08/25 18:13:01 go/packages.Load #1
	view_id="1"
	snapshot=0
	directory=/home/barbarik/go/todolist
	query=[/home/barbarik/go/todolist/... builtin]
	packages=2
	duration=366.231456ms

[Info  - 18:13:31] 2024/08/25 18:13:31 background imports cache refresh starting

[Info  - 18:13:31] 2024/08/25 18:13:31 background refresh finished after 108.884148ms

[Info  - 18:15:03] 2024/08/25 18:15:03 go/packages.Load #2
	view_id="1"
	snapshot=2
	directory=/home/barbarik/go/todolist
	query=[/home/barbarik/go/todolist/... builtin]
	packages=2
	duration=126.249203ms

[Info  - 18:15:03] 2024/08/25 18:15:03 go/packages.Load #3
	view_id="1"
	snapshot=2
	directory=/home/barbarik/go/todolist
	query=[golang.org/x/sys/unix]
	packages=1
	duration=8.341085ms

[Info  - 18:15:36] 2024/08/25 18:15:36 background imports cache refresh starting

[Info  - 18:15:36] 2024/08/25 18:15:36 background refresh finished after 23.606536ms

[Info  - 18:15:59] 2024/08/25 18:15:59 go/packages.Load #4
	view_id="1"
	snapshot=3
	directory=/home/barbarik/go/todolist
	query=[/home/barbarik/go/todolist/... builtin]
	packages=2
	duration=101.479205ms

[Info  - 18:16:08] 2024/08/25 18:16:08 background imports cache refresh starting

[Info  - 18:16:08] 2024/08/25 18:16:08 background refresh finished after 5.610072ms

[Info  - 18:22:45] 2024/08/25 18:22:45 go/packages.Load #5
	view_id="1"
	snapshot=5
	directory=/home/barbarik/go/todolist
	query=[file=/home/barbarik/go/todolist/main.go]
	packages=1
	duration=12.21847ms

[Error - 18:22:45] 2024/08/25 18:22:45 imports fixes: allImportsFixes: /home/barbarik/go/todolist/main.go:1:1: expected ';', found 'EOF' (and 2 more errors)
	file="/home/barbarik/go/todolist/main.go"

[Error - 18:22:48] 2024/08/25 18:22:48 imports fixes: allImportsFixes: /home/barbarik/go/todolist/main.go:1:9: expected ';', found 'EOF' (and 1 more errors)
	file="/home/barbarik/go/todolist/main.go"

[Info  - 18:22:49] 2024/08/25 18:22:49 go/packages.Load #6
	view_id="1"
	snapshot=14
	directory=/home/barbarik/go/todolist
	query=[file=/home/barbarik/go/todolist/main.go]
	packages=1
	duration=19.498509ms

[Info  - 18:22:49] 2024/08/25 18:22:49 go/packages.Load #7
	view_id="1"
	snapshot=15
	directory=/home/barbarik/go/todolist
	query=[file=/home/barbarik/go/todolist/main.go]
	packages=1
	duration=11.858758ms

[Info  - 18:22:49] 2024/08/25 18:22:49 go/packages.Load #8
	view_id="1"
	snapshot=16
	directory=/home/barbarik/go/todolist
	query=[file=/home/barbarik/go/todolist/main.go]
	packages=1
	duration=15.275266ms

[Info  - 18:22:49] 2024/08/25 18:22:49 go/packages.Load #9
	view_id="1"
	snapshot=17
	directory=/home/barbarik/go/todolist
	query=[file=/home/barbarik/go/todolist/main.go]
	packages=1
	duration=49.297842ms

[Info  - 18:22:49] 2024/08/25 18:22:49 go/packages.Load #10
	view_id="1"
	snapshot=17
	directory=/home/barbarik/go/todolist
	query=[file=/home/barbarik/go/todolist/main.go]
	packages=1
	duration=45.634893ms

[Error - 18:22:57] 2024/08/25 18:22:57 imports fixes: allImportsFixes: /home/barbarik/go/todolist/main.go:3:10: expected '(', found newline (and 2 more errors)
	file="/home/barbarik/go/todolist/main.go"

[Info  - 18:23:08] 2024/08/25 18:23:08 go/packages.Load #11
	view_id="1"
	snapshot=38
	directory=/home/barbarik/go/todolist
	query=[file=/home/barbarik/go/todolist/main.go]
	packages=1
	duration=59.48324ms

[Info  - 18:23:09] 2024/08/25 18:23:09 background imports cache refresh starting

[Info  - 18:23:09] 2024/08/25 18:23:09 background refresh finished after 3.782428ms

[Info  - 18:23:40] 2024/08/25 18:23:40 background imports cache refresh starting

[Info  - 18:23:40] 2024/08/25 18:23:40 background refresh finished after 7.788952ms

[Info  - 18:24:18] 2024/08/25 18:24:18 background imports cache refresh starting

[Info  - 18:24:18] 2024/08/25 18:24:18 background refresh finished after 6.515011ms

[Info  - 18:29:58] 2024/08/25 18:29:58 background imports cache refresh starting

[Info  - 18:29:58] 2024/08/25 18:29:58 background refresh finished after 6.299714ms

[Error - 18:30:01] 2024/08/25 18:30:01 imports fixes: allImportsFixes: /home/barbarik/go/todolist/main.go:14:1: expected 'IDENT', found 'func' (and 1 more errors)
	file="/home/barbarik/go/todolist/main.go"

[Error - 18:30:02] 2024/08/25 18:30:02 imports fixes: allImportsFixes: /home/barbarik/go/todolist/main.go:12:9: expected type, found newline
	file="/home/barbarik/go/todolist/main.go"

[Error - 18:30:03] 2024/08/25 18:30:03 imports fixes: allImportsFixes: /home/barbarik/go/todolist/main.go:12:10: expected type, found newline
	file="/home/barbarik/go/todolist/main.go"

[Error - 18:30:03] 2024/08/25 18:30:03 imports fixes: allImportsFixes: /home/barbarik/go/todolist/main.go:12:11: expected type, found newline
	file="/home/barbarik/go/todolist/main.go"

[Error - 18:30:04] 2024/08/25 18:30:04 imports fixes: allImportsFixes: /home/barbarik/go/todolist/main.go:12:12: expected type, found newline
	file="/home/barbarik/go/todolist/main.go"

[Error - 18:30:04] 2024/08/25 18:30:04 imports fixes: allImportsFixes: /home/barbarik/go/todolist/main.go:12:11: expected type, found newline
	file="/home/barbarik/go/todolist/main.go"

[Error - 18:30:05] 2024/08/25 18:30:05 imports fixes: allImportsFixes: /home/barbarik/go/todolist/main.go:12:14: expected type, found newline
	file="/home/barbarik/go/todolist/main.go"

[Error - 18:30:05] 2024/08/25 18:30:05 imports fixes: allImportsFixes: /home/barbarik/go/todolist/main.go:12:15: expected type, found newline
	file="/home/barbarik/go/todolist/main.go"

[Error - 18:30:06] 2024/08/25 18:30:06 imports fixes: allImportsFixes: /home/barbarik/go/todolist/main.go:12:13: expected type, found newline
	file="/home/barbarik/go/todolist/main.go"

[Error - 18:30:06] 2024/08/25 18:30:06 imports fixes: allImportsFixes: /home/barbarik/go/todolist/main.go:12:16: expected type, found newline
	file="/home/barbarik/go/todolist/main.go"

[Error - 18:30:08] 2024/08/25 18:30:08 imports fixes: allImportsFixes: /home/barbarik/go/todolist/main.go:14:6: expected '(', found main (and 5 more errors)
	file="/home/barbarik/go/todolist/main.go"

[Error - 18:30:12] 2024/08/25 18:30:12 imports fixes: allImportsFixes: context canceled
	file="/home/barbarik/go/todolist/main.go"

[Info  - 18:30:12] 2024/08/25 18:30:12 go/packages.Load #12
	view_id="1"
	snapshot=116
	directory=/home/barbarik/go/todolist
	query=[file=/home/barbarik/go/todolist/main.go]
	packages=1
	duration=121.564767ms

[Info  - 18:30:29] 2024/08/25 18:30:29 background imports cache refresh starting

[Info  - 18:30:29] 2024/08/25 18:30:29 background refresh finished after 7.0724ms

[Error - 18:30:42] 2024/08/25 18:30:42 imports fixes: allImportsFixes: /home/barbarik/go/todolist/main.go:21:1: expected operand, found '}' (and 3 more errors)
	file="/home/barbarik/go/todolist/main.go"

[Error - 18:30:47] 2024/08/25 18:30:47 imports fixes: allImportsFixes: /home/barbarik/go/todolist/main.go:21:1: expected operand, found '}' (and 3 more errors)
	file="/home/barbarik/go/todolist/main.go"

[Info  - 18:31:09] 2024/08/25 18:31:09 background imports cache refresh starting

[Info  - 18:31:09] 2024/08/25 18:31:09 background refresh finished after 2.01292ms

[Info  - 18:33:12] 2024/08/25 18:33:12 go/packages.Load #13
	view_id="1"
	snapshot=143
	directory=/home/barbarik/go/todolist
	query=[/home/barbarik/go/todolist/... builtin]
	packages=2
	duration=102.355702ms

[Info  - 18:33:12] 2024/08/25 18:33:12 go/packages.Load #14
	view_id="1"
	snapshot=143
	directory=/home/barbarik/go/todolist
	query=[database/sql/driver encoding/xml flag github.com/andybalholm/brotli github.com/gofiber/fiber/v2 github.com/gofiber/fiber/v2/internal/schema github.com/gofiber/fiber/v2/log github.com/gofiber/fiber/v2/utils github.com/google/uuid github.com/klauspost/compress/flate github.com/klauspost/compress/gzip github.com/klauspost/compress/zlib github.com/mattn/go-colorable github.com/mattn/go-isatty github.com/mattn/go-runewidth github.com/rivo/uniseg github.com/valyala/bytebufferpool github.com/valyala/fasthttp github.com/valyala/fasthttp/fasthttputil github.com/valyala/fasthttp/reuseport github.com/valyala/fasthttp/stackless github.com/valyala/tcplisten golang.org/x/sys/unix html internal/sysinfo net/http/httputil runtime/trace testing text/tabwriter text/template text/template/parse]
	packages=106
	duration=167.039993ms

[Error - 18:33:19] 2024/08/25 18:33:19 imports fixes: allImportsFixes: /home/barbarik/go/todolist/main.go:20:9: expected ';', found 'go' (and 5 more errors)
	file="/home/barbarik/go/todolist/main.go"

[Info  - 18:33:21] 2024/08/25 18:33:21 go/packages.Load #15
	view_id="1"
	snapshot=152
	directory=/home/barbarik/go/todolist
	query=[file=/home/barbarik/go/todolist/main.go]
	packages=1
	duration=100.322883ms

[Info  - 18:33:47] 2024/08/25 18:33:47 background imports cache refresh starting

[Info  - 18:33:47] 2024/08/25 18:33:47 background refresh finished after 6.10564ms

[Info  - 18:33:54] 2024/08/25 18:33:54 go/packages.Load #16
	view_id="1"
	snapshot=185
	directory=/home/barbarik/go/todolist
	query=[file=/home/barbarik/go/todolist/main.go]
	packages=1
	duration=230.188887ms

[Info  - 18:33:54] 2024/08/25 18:33:54 go/packages.Load #17
	view_id="1"
	snapshot=185
	directory=/home/barbarik/go/todolist
	query=[file=/home/barbarik/go/todolist/main.go]
	packages=1
	duration=229.716586ms

[Error - 18:34:06] 2024/08/25 18:34:06 imports fixes: allImportsFixes: /home/barbarik/go/todolist/main.go:24:38: missing ',' in argument list
	file="/home/barbarik/go/todolist/main.go"

[Error - 18:34:06] 2024/08/25 18:34:06 imports fixes: allImportsFixes: /home/barbarik/go/todolist/main.go:24:38: missing ',' in argument list
	file="/home/barbarik/go/todolist/main.go"

[Error - 18:34:09] 2024/08/25 18:34:09 imports fixes: allImportsFixes: /home/barbarik/go/todolist/main.go:24:38: missing ',' in argument list
	file="/home/barbarik/go/todolist/main.go"

[Info  - 18:34:20] 2024/08/25 18:34:20 background imports cache refresh starting

[Info  - 18:34:20] 2024/08/25 18:34:20 background refresh finished after 7.228338ms

[Error - 18:34:23] 2024/08/25 18:34:23 imports fixes: allImportsFixes: /home/barbarik/go/todolist/main.go:24:46: missing ',' before newline in argument list (and 8 more errors)
	file="/home/barbarik/go/todolist/main.go"

[Error - 18:34:24] 2024/08/25 18:34:24 imports fixes: allImportsFixes: /home/barbarik/go/todolist/main.go:24:44: missing ',' before newline in argument list (and 8 more errors)
	file="/home/barbarik/go/todolist/main.go"

[Info  - 18:34:45] 2024/08/25 18:34:45 go/packages.Load #18
	view_id="1"
	snapshot=249
	directory=/home/barbarik/go/todolist
	query=[file=/home/barbarik/go/todolist/main.go]
	packages=1
	duration=144.558082ms

[Info  - 18:34:45] 2024/08/25 18:34:45 go/packages.Load #19
	view_id="1"
	snapshot=249
	directory=/home/barbarik/go/todolist
	query=[file=/home/barbarik/go/todolist/main.go]
	packages=1
	duration=137.489728ms

[Info  - 18:34:54] 2024/08/25 18:34:54 background imports cache refresh starting

[Info  - 18:34:54] 2024/08/25 18:34:54 background refresh finished after 8.720003ms

[Info  - 18:35:29] 2024/08/25 18:35:29 background imports cache refresh starting

[Info  - 18:35:29] 2024/08/25 18:35:29 background refresh finished after 6.624546ms

[Error - 18:35:47] 2024/08/25 18:35:47 imports fixes: allImportsFixes: /home/barbarik/go/todolist/main.go:30:1: expected operand, found '}' (and 3 more errors)
	file="/home/barbarik/go/todolist/main.go"

[Info  - 18:35:48] 2024/08/25 18:35:48 go/packages.Load #20
	view_id="1"
	snapshot=282
	directory=/home/barbarik/go/todolist
	query=[file=/home/barbarik/go/todolist/main.go]
	packages=1
	duration=183.0098ms

[Info  - 18:36:11] 2024/08/25 18:36:11 background imports cache refresh starting

[Info  - 18:36:11] 2024/08/25 18:36:11 background refresh finished after 8.049232ms

[Error - 18:36:16] 2024/08/25 18:36:16 imports fixes: allImportsFixes: /home/barbarik/go/todolist/main.go:31:2: expected 1 expression
	file="/home/barbarik/go/todolist/main.go"

[Error - 18:36:18] 2024/08/25 18:36:18 imports fixes: allImportsFixes: /home/barbarik/go/todolist/main.go:31:2: expected 1 expression
	file="/home/barbarik/go/todolist/main.go"

[Info  - 18:36:39] 2024/08/25 18:36:39 go/packages.Load #21
	view_id="1"
	snapshot=347
	directory=/home/barbarik/go/todolist
	query=[file=/home/barbarik/go/todolist/main.go]
	packages=1
	duration=162.197002ms

[Info  - 18:36:39] 2024/08/25 18:36:39 go/packages.Load #22
	view_id="1"
	snapshot=347
	directory=/home/barbarik/go/todolist
	query=[file=/home/barbarik/go/todolist/main.go]
	packages=1
	duration=154.624652ms

[Info  - 18:36:44] 2024/08/25 18:36:44 background imports cache refresh starting

[Info  - 18:36:44] 2024/08/25 18:36:44 background refresh finished after 6.97871ms

[Error - 18:37:15] 2024/08/25 18:37:15 imports fixes: allImportsFixes: /home/barbarik/go/todolist/main.go:33:8: expected ';', found '!' (and 6 more errors)
	file="/home/barbarik/go/todolist/main.go"

[Error - 18:37:15] 2024/08/25 18:37:15 imports fixes: allImportsFixes: /home/barbarik/go/todolist/main.go:35:1: expected operand, found '}' (and 7 more errors)
	file="/home/barbarik/go/todolist/main.go"

[Info  - 18:37:31] 2024/08/25 18:37:31 background imports cache refresh starting

[Info  - 18:37:31] 2024/08/25 18:37:31 background refresh finished after 6.758729ms

[Error - 18:37:51] 2024/08/25 18:37:51 imports fixes: allImportsFixes: /home/barbarik/go/todolist/main.go:39:1: expected operand, found '}' (and 3 more errors)
	file="/home/barbarik/go/todolist/main.go"

[Info  - 18:38:04] 2024/08/25 18:38:04 background imports cache refresh starting

[Info  - 18:38:04] 2024/08/25 18:38:04 background refresh finished after 5.948616ms

[Error - 18:38:07] 2024/08/25 18:38:07 imports fixes: allImportsFixes: /home/barbarik/go/todolist/main.go:37:29: expected operand, found ')' (and 5 more errors)
	file="/home/barbarik/go/todolist/main.go"

[Info  - 18:38:38] 2024/08/25 18:38:38 background imports cache refresh starting

[Info  - 18:38:38] 2024/08/25 18:38:38 background refresh finished after 6.454294ms

[Info  - 18:39:09] 2024/08/25 18:39:09 background imports cache refresh starting

[Info  - 18:39:09] 2024/08/25 18:39:09 background refresh finished after 5.023853ms

[Error - 18:39:26] 2024/08/25 18:39:26 imports fixes: allImportsFixes: /home/barbarik/go/todolist/main.go:43:2: expected 1 expression (and 4 more errors)
	file="/home/barbarik/go/todolist/main.go"

[Info  - 18:39:41] 2024/08/25 18:39:41 background imports cache refresh starting

[Info  - 18:39:41] 2024/08/25 18:39:41 background refresh finished after 6.106708ms

[Info  - 18:40:12] 2024/08/25 18:40:12 background imports cache refresh starting

[Info  - 18:40:12] 2024/08/25 18:40:12 background refresh finished after 6.367569ms

[Info  - 18:52:16] 2024/08/25 18:52:16 background imports cache refresh starting

[Info  - 18:52:16] 2024/08/25 18:52:16 background refresh finished after 6.436074ms

[Error - 18:53:30] 2024/08/25 18:53:30 imports fixes: allImportsFixes: /home/barbarik/go/todolist/main.go:47:1: expected operand, found '}' (and 3 more errors)
	file="/home/barbarik/go/todolist/main.go"

[Error - 18:53:45] 2024/08/25 18:53:45 imports fixes: allImportsFixes: /home/barbarik/go/todolist/main.go:47:1: expected operand, found '}' (and 3 more errors)
	file="/home/barbarik/go/todolist/main.go"

[Info  - 18:53:46] 2024/08/25 18:53:46 background imports cache refresh starting

[Info  - 18:53:46] 2024/08/25 18:53:46 background refresh finished after 7.565258ms

[Error - 18:53:49] 2024/08/25 18:53:49 imports fixes: allImportsFixes: /home/barbarik/go/todolist/main.go:45:16: expected operand, found ')' (and 4 more errors)
	file="/home/barbarik/go/todolist/main.go"

[Error - 18:53:50] 2024/08/25 18:53:50 imports fixes: allImportsFixes: /home/barbarik/go/todolist/main.go:45:17: expected operand, found ')' (and 4 more errors)
	file="/home/barbarik/go/todolist/main.go"

[Error - 18:54:10] 2024/08/25 18:54:10 imports fixes: allImportsFixes: /home/barbarik/go/todolist/main.go:45:52: missing ',' before newline in argument list (and 6 more errors)
	file="/home/barbarik/go/todolist/main.go"

[Error - 18:54:11] 2024/08/25 18:54:11 imports fixes: allImportsFixes: /home/barbarik/go/todolist/main.go:45:52: missing ',' before newline in argument list (and 6 more errors)
	file="/home/barbarik/go/todolist/main.go"

[Error - 18:54:12] 2024/08/25 18:54:12 imports fixes: allImportsFixes: /home/barbarik/go/todolist/main.go:45:52: missing ',' before newline in argument list (and 6 more errors)
	file="/home/barbarik/go/todolist/main.go"

[Error - 18:54:13] 2024/08/25 18:54:13 imports fixes: allImportsFixes: /home/barbarik/go/todolist/main.go:45:40: expected ')', found newline
	file="/home/barbarik/go/todolist/main.go"

[Error - 18:54:13] 2024/08/25 18:54:13 imports fixes: allImportsFixes: /home/barbarik/go/todolist/main.go:45:39: expected ')', found newline
	file="/home/barbarik/go/todolist/main.go"

[Error - 18:54:14] 2024/08/25 18:54:14 imports fixes: allImportsFixes: /home/barbarik/go/todolist/main.go:45:34: expected ')', found newline
	file="/home/barbarik/go/todolist/main.go"

[Info  - 18:54:20] 2024/08/25 18:54:20 background imports cache refresh starting

[Info  - 18:54:20] 2024/08/25 18:54:20 background refresh finished after 2.436214ms

[Info  - 18:54:57] 2024/08/25 18:54:57 background imports cache refresh starting

[Info  - 18:54:57] 2024/08/25 18:54:57 background refresh finished after 2.087947ms

[Error - 18:55:19] 2024/08/25 18:55:19 imports fixes: allImportsFixes: /home/barbarik/go/todolist/main.go:49:1: expected operand, found '}' (and 3 more errors)
	file="/home/barbarik/go/todolist/main.go"

[Info  - 18:55:23] 2024/08/25 18:55:23 go/packages.Load #23
	view_id="1"
	snapshot=601
	directory=/home/barbarik/go/todolist
	query=[file=/home/barbarik/go/todolist/main.go]
	packages=1
	duration=218.937975ms

[Info  - 18:55:23] 2024/08/25 18:55:23 go/packages.Load #24
	view_id="1"
	snapshot=601
	directory=/home/barbarik/go/todolist
	query=[file=/home/barbarik/go/todolist/main.go]
	packages=1
	duration=235.196326ms

[Info  - 18:55:27] 2024/08/25 18:55:27 background imports cache refresh starting

[Info  - 18:55:27] 2024/08/25 18:55:27 background refresh finished after 2.791636ms

[Info  - 18:55:57] 2024/08/25 18:55:57 background imports cache refresh starting

[Info  - 18:55:57] 2024/08/25 18:55:57 background refresh finished after 3.427963ms

[Info  - 18:56:28] 2024/08/25 18:56:28 background imports cache refresh starting

[Info  - 18:56:28] 2024/08/25 18:56:28 background refresh finished after 6.473621ms

[Error - 18:56:30] 2024/08/25 18:56:30 imports fixes: allImportsFixes: /home/barbarik/go/todolist/main.go:53:7: expected type, found "/api/todos" (and 4 more errors)
	file="/home/barbarik/go/todolist/main.go"

[Info  - 18:57:01] 2024/08/25 18:57:01 background imports cache refresh starting

[Info  - 18:57:01] 2024/08/25 18:57:01 background refresh finished after 6.697817ms

[Info  - 18:57:31] 2024/08/25 18:57:31 background imports cache refresh starting

[Info  - 18:57:31] 2024/08/25 18:57:31 background refresh finished after 2.727106ms

[Error - 18:58:00] 2024/08/25 18:58:00 imports fixes: allImportsFixes: /home/barbarik/go/todolist/main.go:58:1: expected operand, found '}' (and 3 more errors)
	file="/home/barbarik/go/todolist/main.go"

[Error - 18:58:20] 2024/08/25 18:58:20 imports fixes: allImportsFixes: /home/barbarik/go/todolist/main.go:59:1: expected operand, found '}' (and 7 more errors)
	file="/home/barbarik/go/todolist/main.go"

[Info  - 18:58:23] 2024/08/25 18:58:23 background imports cache refresh starting

[Info  - 18:58:23] 2024/08/25 18:58:23 background refresh finished after 6.706614ms

[Error - 18:58:23] 2024/08/25 18:58:23 imports fixes: allImportsFixes: /home/barbarik/go/todolist/main.go:59:1: expected operand, found '}' (and 7 more errors)
	file="/home/barbarik/go/todolist/main.go"

[Error - 18:58:24] 2024/08/25 18:58:24 imports fixes: allImportsFixes: /home/barbarik/go/todolist/main.go:59:1: expected operand, found '}' (and 5 more errors)
	file="/home/barbarik/go/todolist/main.go"

[Error - 18:58:25] 2024/08/25 18:58:25 imports fixes: allImportsFixes: /home/barbarik/go/todolist/main.go:59:1: expected operand, found '}' (and 5 more errors)
	file="/home/barbarik/go/todolist/main.go"

[Error - 18:58:29] 2024/08/25 18:58:29 imports fixes: allImportsFixes: /home/barbarik/go/todolist/main.go:58:2: expected operand, found '}' (and 5 more errors)
	file="/home/barbarik/go/todolist/main.go"

[Error - 18:58:29] 2024/08/25 18:58:29 imports fixes: allImportsFixes: /home/barbarik/go/todolist/main.go:58:3: string literal not terminated
	file="/home/barbarik/go/todolist/main.go"

[Error - 18:58:30] 2024/08/25 18:58:30 imports fixes: allImportsFixes: /home/barbarik/go/todolist/main.go:58:3: string literal not terminated
	file="/home/barbarik/go/todolist/main.go"

[Error - 18:58:32] 2024/08/25 18:58:32 imports fixes: allImportsFixes: /home/barbarik/go/todolist/main.go:58:3: string literal not terminated
	file="/home/barbarik/go/todolist/main.go"

[Error - 18:58:33] 2024/08/25 18:58:33 imports fixes: allImportsFixes: /home/barbarik/go/todolist/main.go:58:2: string literal not terminated
	file="/home/barbarik/go/todolist/main.go"

[Error - 18:58:33] 2024/08/25 18:58:33 imports fixes: allImportsFixes: /home/barbarik/go/todolist/main.go:58:1: string literal not terminated
	file="/home/barbarik/go/todolist/main.go"

[Error - 18:58:33] 2024/08/25 18:58:33 imports fixes: allImportsFixes: /home/barbarik/go/todolist/main.go:57:10: string literal not terminated
	file="/home/barbarik/go/todolist/main.go"

[Error - 18:58:35] 2024/08/25 18:58:35 imports fixes: allImportsFixes: /home/barbarik/go/todolist/main.go:57:10: string literal not terminated
	file="/home/barbarik/go/todolist/main.go"

[Info  - 18:58:55] 2024/08/25 18:58:55 background imports cache refresh starting

[Info  - 18:58:55] 2024/08/25 18:58:55 background refresh finished after 6.567054ms

[Error - 18:59:05] 2024/08/25 18:59:05 imports fixes: allImportsFixes: /home/barbarik/go/todolist/main.go:60:34: expected operand, found ')' (and 7 more errors)
	file="/home/barbarik/go/todolist/main.go"

[Error - 18:59:17] 2024/08/25 18:59:17 imports fixes: allImportsFixes: /home/barbarik/go/todolist/main.go:64:1: expected declaration, found fun
	file="/home/barbarik/go/todolist/main.go"

[Error - 18:59:18] 2024/08/25 18:59:18 imports fixes: allImportsFixes: /home/barbarik/go/todolist/main.go:64:6: expected '(', found 'EOF' (and 3 more errors)
	file="/home/barbarik/go/todolist/main.go"

[Error - 18:59:19] 2024/08/25 18:59:19 imports fixes: allImportsFixes: /home/barbarik/go/todolist/main.go:64:14: expected '(', found newline (and 2 more errors)
	file="/home/barbarik/go/todolist/main.go"

[Error - 18:59:23] 2024/08/25 18:59:23 imports fixes: allImportsFixes: /home/barbarik/go/todolist/main.go:64:19: expected type, found ')'
	file="/home/barbarik/go/todolist/main.go"

[Error - 18:59:23] 2024/08/25 18:59:23 imports fixes: allImportsFixes: /home/barbarik/go/todolist/main.go:64:18: expected type, found ')'
	file="/home/barbarik/go/todolist/main.go"

[Info  - 18:59:26] 2024/08/25 18:59:26 background imports cache refresh starting

[Info  - 18:59:26] 2024/08/25 18:59:26 background refresh finished after 6.953326ms

[Info  - 18:59:56] 2024/08/25 18:59:56 background imports cache refresh starting

[Info  - 18:59:56] 2024/08/25 18:59:56 background refresh finished after 6.413154ms

[Info  - 19:00:27] 2024/08/25 19:00:27 background imports cache refresh starting

[Info  - 19:00:27] 2024/08/25 19:00:27 background refresh finished after 6.216452ms

[Error - 19:00:51] 2024/08/25 19:00:51 imports fixes: allImportsFixes: /home/barbarik/go/todolist/main.go:65:6: expected ';', found todos (and 2 more errors)
	file="/home/barbarik/go/todolist/main.go"

[Error - 19:00:53] 2024/08/25 19:00:53 imports fixes: allImportsFixes: /home/barbarik/go/todolist/main.go:65:6: expected ';', found todos (and 2 more errors)
	file="/home/barbarik/go/todolist/main.go"

[Error - 19:00:54] 2024/08/25 19:00:54 imports fixes: allImportsFixes: /home/barbarik/go/todolist/main.go:65:6: expected ';', found todos (and 2 more errors)
	file="/home/barbarik/go/todolist/main.go"

[Error - 19:00:55] 2024/08/25 19:00:55 imports fixes: allImportsFixes: /home/barbarik/go/todolist/main.go:65:6: expected ';', found todos (and 2 more errors)
	file="/home/barbarik/go/todolist/main.go"

[Info  - 19:00:57] 2024/08/25 19:00:57 background imports cache refresh starting

[Info  - 19:00:57] 2024/08/25 19:00:57 background refresh finished after 7.03433ms

[Error - 19:00:58] 2024/08/25 19:00:58 imports fixes: allImportsFixes: /home/barbarik/go/todolist/main.go:65:6: expected ';', found todos (and 2 more errors)
	file="/home/barbarik/go/todolist/main.go"

[Error - 19:00:59] 2024/08/25 19:00:59 imports fixes: allImportsFixes: /home/barbarik/go/todolist/main.go:65:6: expected ';', found todos (and 2 more errors)
	file="/home/barbarik/go/todolist/main.go"

[Error - 19:01:00] 2024/08/25 19:01:00 imports fixes: allImportsFixes: /home/barbarik/go/todolist/main.go:65:6: expected ';', found todos (and 2 more errors)
	file="/home/barbarik/go/todolist/main.go"

[Error - 19:01:08] 2024/08/25 19:01:08 imports fixes: allImportsFixes: /home/barbarik/go/todolist/main.go:65:6: expected ';', found todos (and 2 more errors)
	file="/home/barbarik/go/todolist/main.go"

[Error - 19:01:08] 2024/08/25 19:01:08 imports fixes: allImportsFixes: /home/barbarik/go/todolist/main.go:65:6: expected ';', found todos (and 2 more errors)
	file="/home/barbarik/go/todolist/main.go"

[Error - 19:01:09] 2024/08/25 19:01:09 imports fixes: allImportsFixes: /home/barbarik/go/todolist/main.go:65:6: expected ';', found todos (and 2 more errors)
	file="/home/barbarik/go/todolist/main.go"

[Error - 19:01:12] 2024/08/25 19:01:12 imports fixes: allImportsFixes: /home/barbarik/go/todolist/main.go:65:6: expected ';', found todos (and 2 more errors)
	file="/home/barbarik/go/todolist/main.go"

[Error - 19:01:13] 2024/08/25 19:01:13 imports fixes: allImportsFixes: /home/barbarik/go/todolist/main.go:65:6: expected ';', found todos (and 2 more errors)
	file="/home/barbarik/go/todolist/main.go"

[Error - 19:01:13] 2024/08/25 19:01:13 imports fixes: allImportsFixes: /home/barbarik/go/todolist/main.go:65:6: expected ';', found todos (and 2 more errors)
	file="/home/barbarik/go/todolist/main.go"

[Error - 19:01:14] 2024/08/25 19:01:14 imports fixes: allImportsFixes: /home/barbarik/go/todolist/main.go:65:6: expected ';', found todos (and 2 more errors)
	file="/home/barbarik/go/todolist/main.go"

[Error - 19:01:21] 2024/08/25 19:01:21 imports fixes: allImportsFixes: /home/barbarik/go/todolist/main.go:65:6: expected ';', found todos (and 2 more errors)
	file="/home/barbarik/go/todolist/main.go"

[Error - 19:01:22] 2024/08/25 19:01:22 imports fixes: allImportsFixes: /home/barbarik/go/todolist/main.go:65:6: expected ';', found todos (and 2 more errors)
	file="/home/barbarik/go/todolist/main.go"

[Error - 19:01:22] 2024/08/25 19:01:22 imports fixes: allImportsFixes: /home/barbarik/go/todolist/main.go:65:6: expected ';', found todos (and 2 more errors)
	file="/home/barbarik/go/todolist/main.go"

[Error - 19:01:23] 2024/08/25 19:01:23 imports fixes: allImportsFixes: /home/barbarik/go/todolist/main.go:65:6: expected ';', found todos (and 2 more errors)
	file="/home/barbarik/go/todolist/main.go"

[Error - 19:01:23] 2024/08/25 19:01:23 imports fixes: allImportsFixes: /home/barbarik/go/todolist/main.go:65:6: expected ';', found todos (and 2 more errors)
	file="/home/barbarik/go/todolist/main.go"

[Error - 19:01:25] 2024/08/25 19:01:25 imports fixes: allImportsFixes: /home/barbarik/go/todolist/main.go:65:6: expected ';', found todos (and 2 more errors)
	file="/home/barbarik/go/todolist/main.go"

[Error - 19:01:26] 2024/08/25 19:01:26 imports fixes: allImportsFixes: /home/barbarik/go/todolist/main.go:65:6: expected ';', found todos (and 2 more errors)
	file="/home/barbarik/go/todolist/main.go"

[Error - 19:01:27] 2024/08/25 19:01:27 imports fixes: allImportsFixes: /home/barbarik/go/todolist/main.go:65:6: expected ';', found todos (and 2 more errors)
	file="/home/barbarik/go/todolist/main.go"

[Error - 19:01:38] 2024/08/25 19:01:38 imports fixes: allImportsFixes: /home/barbarik/go/todolist/main.go:65:6: expected ';', found todos (and 3 more errors)
	file="/home/barbarik/go/todolist/main.go"

[Error - 19:01:39] 2024/08/25 19:01:39 imports fixes: allImportsFixes: /home/barbarik/go/todolist/main.go:65:6: expected ';', found todos (and 2 more errors)
	file="/home/barbarik/go/todolist/main.go"

[Error - 19:01:40] 2024/08/25 19:01:40 imports fixes: allImportsFixes: /home/barbarik/go/todolist/main.go:65:6: expected ';', found todos (and 2 more errors)
	file="/home/barbarik/go/todolist/main.go"

[Error - 19:01:44] 2024/08/25 19:01:44 imports fixes: allImportsFixes: /home/barbarik/go/todolist/main.go:65:6: expected ';', found todos (and 2 more errors)
	file="/home/barbarik/go/todolist/main.go"

[Error - 19:01:45] 2024/08/25 19:01:45 imports fixes: allImportsFixes: /home/barbarik/go/todolist/main.go:65:6: expected ';', found todos (and 2 more errors)
	file="/home/barbarik/go/todolist/main.go"

[Error - 19:01:48] 2024/08/25 19:01:48 imports fixes: allImportsFixes: /home/barbarik/go/todolist/main.go:65:6: expected ';', found todos (and 2 more errors)
	file="/home/barbarik/go/todolist/main.go"

[Error - 19:01:52] 2024/08/25 19:01:52 imports fixes: allImportsFixes: /home/barbarik/go/todolist/main.go:65:6: expected ';', found todos (and 2 more errors)
	file="/home/barbarik/go/todolist/main.go"

[Error - 19:01:52] 2024/08/25 19:01:52 imports fixes: allImportsFixes: /home/barbarik/go/todolist/main.go:66:6: expected ';', found todos (and 2 more errors)
	file="/home/barbarik/go/todolist/main.go"

[Info  - 19:01:54] 2024/08/25 19:01:54 go/packages.Load #26
	view_id="1"
	snapshot=955
	directory=/home/barbarik/go/todolist
	query=[file=/home/barbarik/go/todolist/main.go]
	packages=1
	duration=114.921146ms

[Info  - 19:01:54] 2024/08/25 19:01:54 go/packages.Load #28
	view_id="1"
	snapshot=957
	directory=/home/barbarik/go/todolist
	query=[file=/home/barbarik/go/todolist/main.go]
	packages=1
	duration=110.810674ms

[Error - 19:01:54] 2024/08/25 19:01:54 imports fixes: allImportsFixes: /home/barbarik/go/todolist/main.go:66:6: expected ';', found todos (and 2 more errors)
	file="/home/barbarik/go/todolist/main.go"

[Info  - 19:01:54] 2024/08/25 19:01:54 go/packages.Load #29
	view_id="1"
	snapshot=958
	directory=/home/barbarik/go/todolist
	query=[file=/home/barbarik/go/todolist/main.go]
	packages=1
	duration=117.251678ms

[Error - 19:01:55] 2024/08/25 19:01:55 imports fixes: allImportsFixes: /home/barbarik/go/todolist/main.go:66:6: expected ';', found todos (and 2 more errors)
	file="/home/barbarik/go/todolist/main.go"

[Info  - 19:01:55] 2024/08/25 19:01:55 go/packages.Load #30
	view_id="1"
	snapshot=959
	directory=/home/barbarik/go/todolist
	query=[file=/home/barbarik/go/todolist/main.go]
	packages=1
	duration=234.156423ms

[Error - 19:01:55] Request textDocument/codeAction failed.
  Message: context canceled
  Code: 0 
[Info  - 19:01:55] 2024/08/25 19:01:55 go/packages.Load #34
	view_id="1"
	snapshot=962
	directory=/home/barbarik/go/todolist
	query=[file=/home/barbarik/go/todolist/main.go]
	packages=1
	duration=125.356758ms

[Info  - 19:01:55] 2024/08/25 19:01:55 go/packages.Load #35
	view_id="1"
	snapshot=963
	directory=/home/barbarik/go/todolist
	query=[file=/home/barbarik/go/todolist/main.go]
	packages=1
	duration=111.976365ms

[Error - 19:01:56] 2024/08/25 19:01:56 imports fixes: allImportsFixes: /home/barbarik/go/todolist/main.go:66:6: expected ';', found todos (and 2 more errors)
	file="/home/barbarik/go/todolist/main.go"

[Info  - 19:01:56] 2024/08/25 19:01:56 go/packages.Load #36
	view_id="1"
	snapshot=964
	directory=/home/barbarik/go/todolist
	query=[file=/home/barbarik/go/todolist/main.go]
	packages=1
	duration=188.663707ms

[Error - 19:01:57] 2024/08/25 19:01:57 imports fixes: allImportsFixes: /home/barbarik/go/todolist/main.go:66:6: expected ';', found todos (and 2 more errors)
	file="/home/barbarik/go/todolist/main.go"

[Error - 19:01:57] Request textDocument/hover failed.
  Message: no package data for import "collections"
  Code: 0 
[Error - 19:01:58] Request textDocument/hover failed.
  Message: no package data for import "collections"
  Code: 0 
[Error - 19:02:05] 2024/08/25 19:02:05 imports fixes: allImportsFixes: /home/barbarik/go/todolist/main.go:66:6: expected ';', found todos (and 2 more errors)
	file="/home/barbarik/go/todolist/main.go"

[Error - 19:02:05] 2024/08/25 19:02:05 imports fixes: allImportsFixes: /home/barbarik/go/todolist/main.go:66:6: expected ';', found todos (and 2 more errors)
	file="/home/barbarik/go/todolist/main.go"

[Error - 19:02:06] 2024/08/25 19:02:06 imports fixes: allImportsFixes: /home/barbarik/go/todolist/main.go:66:6: expected ';', found todos (and 2 more errors)
	file="/home/barbarik/go/todolist/main.go"

[Error - 19:02:07] 2024/08/25 19:02:07 imports fixes: allImportsFixes: /home/barbarik/go/todolist/main.go:66:6: expected ';', found todos (and 2 more errors)
	file="/home/barbarik/go/todolist/main.go"

[Error - 19:02:08] 2024/08/25 19:02:08 imports fixes: allImportsFixes: /home/barbarik/go/todolist/main.go:68:6: expected ';', found todos (and 2 more errors)
	file="/home/barbarik/go/todolist/main.go"

[Error - 19:02:09] 2024/08/25 19:02:09 imports fixes: allImportsFixes: /home/barbarik/go/todolist/main.go:68:6: expected ';', found todos (and 2 more errors)
	file="/home/barbarik/go/todolist/main.go"

[Error - 19:02:11] 2024/08/25 19:02:11 imports fixes: allImportsFixes: /home/barbarik/go/todolist/main.go:68:6: expected ';', found todos (and 2 more errors)
	file="/home/barbarik/go/todolist/main.go"

[Error - 19:02:17] Request textDocument/hover failed.
  Message: no package data for import "collections"
  Code: 0 
[Error - 19:02:19] 2024/08/25 19:02:19 imports fixes: allImportsFixes: /home/barbarik/go/todolist/main.go:68:6: expected ';', found todos (and 2 more errors)
	file="/home/barbarik/go/todolist/main.go"

[Info  - 19:02:19] 2024/08/25 19:02:19 go/packages.Load #37
	view_id="1"
	snapshot=974
	directory=/home/barbarik/go/todolist
	query=[file=/home/barbarik/go/todolist/main.go]
	packages=1
	duration=113.204404ms

[Error - 19:02:20] 2024/08/25 19:02:20 imports fixes: allImportsFixes: /home/barbarik/go/todolist/main.go:68:6: expected ';', found todos (and 2 more errors)
	file="/home/barbarik/go/todolist/main.go"

[Error - 19:02:20] 2024/08/25 19:02:20 imports fixes: allImportsFixes: /home/barbarik/go/todolist/main.go:67:6: expected ';', found todos (and 2 more errors)
	file="/home/barbarik/go/todolist/main.go"

[Error - 19:02:26] 2024/08/25 19:02:26 imports fixes: allImportsFixes: /home/barbarik/go/todolist/main.go:67:6: expected ';', found todos (and 2 more errors)
	file="/home/barbarik/go/todolist/main.go"

[Error - 19:02:30] 2024/08/25 19:02:30 imports fixes: allImportsFixes: /home/barbarik/go/todolist/main.go:67:6: expected ';', found todos (and 2 more errors)
	file="/home/barbarik/go/todolist/main.go"

[Error - 19:02:32] 2024/08/25 19:02:32 imports fixes: allImportsFixes: /home/barbarik/go/todolist/main.go:66:6: expected ';', found todos (and 2 more errors)
	file="/home/barbarik/go/todolist/main.go"

[Error - 19:02:33] 2024/08/25 19:02:33 imports fixes: allImportsFixes: /home/barbarik/go/todolist/main.go:65:6: expected ';', found todos (and 2 more errors)
	file="/home/barbarik/go/todolist/main.go"

[Error - 19:02:34] 2024/08/25 19:02:34 imports fixes: allImportsFixes: /home/barbarik/go/todolist/main.go:65:6: expected ';', found todos (and 2 more errors)
	file="/home/barbarik/go/todolist/main.go"

[Info  - 19:02:38] 2024/08/25 19:02:38 background imports cache refresh starting

[Info  - 19:02:38] 2024/08/25 19:02:38 background refresh finished after 5.845483ms

[Error - 19:02:49] 2024/08/25 19:02:49 imports fixes: allImportsFixes: /home/barbarik/go/todolist/main.go:65:6: expected ';', found todos (and 2 more errors)
	file="/home/barbarik/go/todolist/main.go"

[Error - 19:02:50] 2024/08/25 19:02:50 imports fixes: allImportsFixes: /home/barbarik/go/todolist/main.go:65:6: expected ';', found todos (and 2 more errors)
	file="/home/barbarik/go/todolist/main.go"

[Error - 19:02:52] 2024/08/25 19:02:52 imports fixes: allImportsFixes: /home/barbarik/go/todolist/main.go:65:6: expected ';', found todos (and 2 more errors)
	file="/home/barbarik/go/todolist/main.go"

[Error - 19:02:53] 2024/08/25 19:02:53 imports fixes: allImportsFixes: /home/barbarik/go/todolist/main.go:65:6: expected ';', found todos (and 2 more errors)
	file="/home/barbarik/go/todolist/main.go"

[Error - 19:02:54] 2024/08/25 19:02:54 imports fixes: allImportsFixes: /home/barbarik/go/todolist/main.go:65:6: expected ';', found todos (and 2 more errors)
	file="/home/barbarik/go/todolist/main.go"

[Error - 19:02:55] 2024/08/25 19:02:55 imports fixes: allImportsFixes: /home/barbarik/go/todolist/main.go:65:6: expected ';', found todos (and 2 more errors)
	file="/home/barbarik/go/todolist/main.go"

[Error - 19:02:56] 2024/08/25 19:02:56 imports fixes: allImportsFixes: /home/barbarik/go/todolist/main.go:65:6: expected ';', found todos (and 2 more errors)
	file="/home/barbarik/go/todolist/main.go"

[Error - 19:03:01] 2024/08/25 19:03:01 imports fixes: allImportsFixes: /home/barbarik/go/todolist/main.go:65:6: expected ';', found todos (and 2 more errors)
	file="/home/barbarik/go/todolist/main.go"

[Info  - 19:03:32] 2024/08/25 19:03:32 background imports cache refresh starting

[Info  - 19:03:32] 2024/08/25 19:03:32 background refresh finished after 6.54306ms

[Info  - 19:03:39] 2024/08/25 19:03:39 go/packages.Load #38
	view_id="1"
	snapshot=1031
	directory=/home/barbarik/go/todolist
	query=[file=/home/barbarik/go/todolist/main.go]
	packages=1
	duration=115.42878ms

[Error - 19:03:57] 2024/08/25 19:03:57 imports fixes: allImportsFixes: /home/barbarik/go/todolist/main.go:68:42: missing ',' before newline in argument list (and 6 more errors)
	file="/home/barbarik/go/todolist/main.go"

[Error - 19:03:59] 2024/08/25 19:03:59 imports fixes: allImportsFixes: /home/barbarik/go/todolist/main.go:68:44: missing ',' before newline in argument list (and 6 more errors)
	file="/home/barbarik/go/todolist/main.go"

[Error - 19:04:01] 2024/08/25 19:04:01 imports fixes: allImportsFixes: /home/barbarik/go/todolist/main.go:68:44: missing ',' before newline in argument list (and 6 more errors)
	file="/home/barbarik/go/todolist/main.go"

[Error - 19:04:02] 2024/08/25 19:04:02 imports fixes: allImportsFixes: /home/barbarik/go/todolist/main.go:68:46: missing ',' before newline in argument list (and 6 more errors)
	file="/home/barbarik/go/todolist/main.go"

[Error - 19:04:02] 2024/08/25 19:04:02 imports fixes: allImportsFixes: /home/barbarik/go/todolist/main.go:68:46: missing ',' before newline in argument list (and 6 more errors)
	file="/home/barbarik/go/todolist/main.go"

[Info  - 19:04:03] 2024/08/25 19:04:03 background imports cache refresh starting

[Info  - 19:04:03] 2024/08/25 19:04:03 background refresh finished after 5.537246ms

[Error - 19:04:04] 2024/08/25 19:04:04 imports fixes: allImportsFixes: /home/barbarik/go/todolist/main.go:68:48: missing ',' before newline in argument list (and 6 more errors)
	file="/home/barbarik/go/todolist/main.go"

[Info  - 19:04:37] 2024/08/25 19:04:37 background imports cache refresh starting

[Info  - 19:04:37] 2024/08/25 19:04:37 background refresh finished after 6.289894ms

[Error - 19:04:46] 2024/08/25 19:04:46 imports fixes: allImportsFixes: /home/barbarik/go/todolist/main.go:68:2: expected 1 expression
	file="/home/barbarik/go/todolist/main.go"

[Error - 19:04:47] 2024/08/25 19:04:47 imports fixes: allImportsFixes: /home/barbarik/go/todolist/main.go:68:2: expected 1 expression
	file="/home/barbarik/go/todolist/main.go"

[Info  - 19:05:12] 2024/08/25 19:05:12 background imports cache refresh starting

[Info  - 19:05:12] 2024/08/25 19:05:12 background refresh finished after 7.31339ms

[Error - 19:05:34] 2024/08/25 19:05:34 imports fixes: allImportsFixes: /home/barbarik/go/todolist/main.go:71:2: expected operand, found '}' (and 7 more errors)
	file="/home/barbarik/go/todolist/main.go"

[Info  - 19:05:48] 2024/08/25 19:05:48 background imports cache refresh starting

[Info  - 19:05:48] 2024/08/25 19:05:48 background refresh finished after 7.366298ms

[Error - 19:05:52] 2024/08/25 19:05:52 imports fixes: allImportsFixes: /home/barbarik/go/todolist/main.go:74:1: expected operand, found '}' (and 5 more errors)
	file="/home/barbarik/go/todolist/main.go"

[Error - 19:05:58] 2024/08/25 19:05:58 imports fixes: allImportsFixes: /home/barbarik/go/todolist/main.go:74:1: expected operand, found '}' (and 7 more errors)
	file="/home/barbarik/go/todolist/main.go"

[Error - 19:06:00] 2024/08/25 19:06:00 imports fixes: allImportsFixes: /home/barbarik/go/todolist/main.go:74:1: expected operand, found '}' (and 7 more errors)
	file="/home/barbarik/go/todolist/main.go"

[Error - 19:06:00] 2024/08/25 19:06:00 imports fixes: allImportsFixes: /home/barbarik/go/todolist/main.go:74:1: expected operand, found '}' (and 7 more errors)
	file="/home/barbarik/go/todolist/main.go"

[Info  - 19:06:21] 2024/08/25 19:06:21 background imports cache refresh starting

[Info  - 19:06:21] 2024/08/25 19:06:21 background refresh finished after 6.941897ms

[Error - 19:06:21] 2024/08/25 19:06:21 imports fixes: allImportsFixes: /home/barbarik/go/todolist/main.go:75:2: expected 'IDENT', found '}' (and 15 more errors)
	file="/home/barbarik/go/todolist/main.go"

[Error - 19:06:21] 2024/08/25 19:06:21 imports fixes: allImportsFixes: /home/barbarik/go/todolist/main.go:74:8: expected type, found newline
	file="/home/barbarik/go/todolist/main.go"

[Error - 19:06:23] 2024/08/25 19:06:23 imports fixes: allImportsFixes: /home/barbarik/go/todolist/main.go:74:12: expected type, found newline
	file="/home/barbarik/go/todolist/main.go"

[Error - 19:06:36] 2024/08/25 19:06:36 imports fixes: allImportsFixes: /home/barbarik/go/todolist/main.go:76:2: expected operand, found '}' (and 9 more errors)
	file="/home/barbarik/go/todolist/main.go"

[Error - 19:06:52] 2024/08/25 19:06:52 imports fixes: allImportsFixes: /home/barbarik/go/todolist/main.go:76:2: expected operand, found '}' (and 9 more errors)
	file="/home/barbarik/go/todolist/main.go"

[Info  - 19:06:53] 2024/08/25 19:06:53 background imports cache refresh starting

[Info  - 19:06:53] 2024/08/25 19:06:53 background refresh finished after 6.32802ms

[Error - 19:06:54] 2024/08/25 19:06:54 imports fixes: allImportsFixes: /home/barbarik/go/todolist/main.go:75:6: expected boolean expression, found assignment (missing parentheses around composite literal?)
	file="/home/barbarik/go/todolist/main.go"

[Error - 19:06:55] 2024/08/25 19:06:55 imports fixes: allImportsFixes: /home/barbarik/go/todolist/main.go:75:6: expected boolean expression, found assignment (missing parentheses around composite literal?)
	file="/home/barbarik/go/todolist/main.go"

[Error - 19:06:57] 2024/08/25 19:06:57 imports fixes: allImportsFixes: /home/barbarik/go/todolist/main.go:75:6: expected boolean expression, found assignment (missing parentheses around composite literal?)
	file="/home/barbarik/go/todolist/main.go"

[Error - 19:06:57] 2024/08/25 19:06:57 imports fixes: allImportsFixes: /home/barbarik/go/todolist/main.go:76:2: expected operand, found '}' (and 7 more errors)
	file="/home/barbarik/go/todolist/main.go"

[Error - 19:06:59] 2024/08/25 19:06:59 imports fixes: allImportsFixes: /home/barbarik/go/todolist/main.go:75:28: expected operand, found ')' (and 11 more errors)
	file="/home/barbarik/go/todolist/main.go"

[Error - 19:07:00] 2024/08/25 19:07:00 imports fixes: allImportsFixes: /home/barbarik/go/todolist/main.go:76:2: expected operand, found '}' (and 7 more errors)
	file="/home/barbarik/go/todolist/main.go"

[Error - 19:07:04] 2024/08/25 19:07:04 imports fixes: allImportsFixes: /home/barbarik/go/todolist/main.go:76:2: expected operand, found '}' (and 7 more errors)
	file="/home/barbarik/go/todolist/main.go"

[Error - 19:07:05] 2024/08/25 19:07:05 imports fixes: allImportsFixes: /home/barbarik/go/todolist/main.go:76:2: expected operand, found '}' (and 7 more errors)
	file="/home/barbarik/go/todolist/main.go"

[Error - 19:07:08] 2024/08/25 19:07:08 imports fixes: allImportsFixes: /home/barbarik/go/todolist/main.go:75:39: expected '{', found '!' (and 14 more errors)
	file="/home/barbarik/go/todolist/main.go"

[Info  - 19:07:24] 2024/08/25 19:07:24 background imports cache refresh starting

[Info  - 19:07:24] 2024/08/25 19:07:24 background refresh finished after 8.683072ms

[Error - 19:07:32] 2024/08/25 19:07:32 imports fixes: allImportsFixes: /home/barbarik/go/todolist/main.go:79:2: expected operand, found '}' (and 5 more errors)
	file="/home/barbarik/go/todolist/main.go"

[Error - 19:07:37] 2024/08/25 19:07:37 signature help failed: call operand is not a func or type: *ast.Ident (append)
	position=77:17

[Error - 19:07:44] 2024/08/25 19:07:44 signature help failed: call operand is not a func or type: *ast.Ident (append)
	position=77:25

[Info  - 19:08:00] 2024/08/25 19:08:00 background imports cache refresh starting

[Info  - 19:08:00] 2024/08/25 19:08:00 background refresh finished after 6.520624ms

[Info  - 19:08:32] 2024/08/25 19:08:32 background imports cache refresh starting

[Info  - 19:08:32] 2024/08/25 19:08:32 background refresh finished after 8.582212ms

[Error - 19:08:36] 2024/08/25 19:08:36 imports fixes: allImportsFixes: /home/barbarik/go/todolist/main.go:75:2: expected ';', found 'for' (and 1 more errors)
	file="/home/barbarik/go/todolist/main.go"

[Error - 19:08:50] 2024/08/25 19:08:50 imports fixes: allImportsFixes: /home/barbarik/go/todolist/main.go:73:12: expression in defer must be function call
	file="/home/barbarik/go/todolist/main.go"

[Error - 19:08:52] 2024/08/25 19:08:52 imports fixes: allImportsFixes: /home/barbarik/go/todolist/main.go:73:14: expression in defer must be function call
	file="/home/barbarik/go/todolist/main.go"

[Info  - 19:09:04] 2024/08/25 19:09:04 background imports cache refresh starting

[Info  - 19:09:04] 2024/08/25 19:09:04 background refresh finished after 8.573557ms

[Error - 19:11:48] 2024/08/25 19:11:48 imports fixes: allImportsFixes: /home/barbarik/go/todolist/main.go:39:48: missing ',' before newline in argument list (and 60 more errors)
	file="/home/barbarik/go/todolist/main.go"

[Info  - 19:11:57] 2024/08/25 19:11:57 background imports cache refresh starting

[Info  - 19:11:57] 2024/08/25 19:11:57 background refresh finished after 6.066721ms

[Info  - 19:12:29] 2024/08/25 19:12:29 background imports cache refresh starting

[Info  - 19:12:29] 2024/08/25 19:12:29 background refresh finished after 7.279793ms

[Info  - 19:13:10] 2024/08/25 19:13:10 background imports cache refresh starting

[Info  - 19:13:10] 2024/08/25 19:13:10 background refresh finished after 5.306861ms

[Info  - 19:14:36] 2024/08/25 19:14:36 background imports cache refresh starting

[Info  - 19:14:36] 2024/08/25 19:14:36 background refresh finished after 3.342117ms

[Error - 19:14:37] 2024/08/25 19:14:37 imports fixes: allImportsFixes: /home/barbarik/go/todolist/main.go:90:1: expected operand, found '}' (and 3 more errors)
	file="/home/barbarik/go/todolist/main.go"

[Error - 19:14:39] 2024/08/25 19:14:39 imports fixes: allImportsFixes: /home/barbarik/go/todolist/main.go:89:14: expected ';', found T (and 2 more errors)
	file="/home/barbarik/go/todolist/main.go"

[Error - 19:14:39] 2024/08/25 19:14:39 imports fixes: allImportsFixes: /home/barbarik/go/todolist/main.go:89:14: expected ';', found Toso (and 2 more errors)
	file="/home/barbarik/go/todolist/main.go"

[Error - 19:14:40] 2024/08/25 19:14:40 imports fixes: allImportsFixes: /home/barbarik/go/todolist/main.go:89:14: expected ';', found To (and 2 more errors)
	file="/home/barbarik/go/todolist/main.go"

[Error - 19:14:41] 2024/08/25 19:14:41 imports fixes: allImportsFixes: /home/barbarik/go/todolist/main.go:89:14: expected ';', found Todo (and 2 more errors)
	file="/home/barbarik/go/todolist/main.go"

[Error - 19:14:44] 2024/08/25 19:14:44 signature help failed: call operand is not a func or type: *ast.Ident (new)
	position=88:13

[Info  - 19:15:06] 2024/08/25 19:15:06 background imports cache refresh starting

[Info  - 19:15:06] 2024/08/25 19:15:06 background refresh finished after 4.16809ms

[Info  - 19:15:49] 2024/08/25 19:15:49 background imports cache refresh starting

[Info  - 19:15:49] 2024/08/25 19:15:49 background refresh finished after 7.08882ms

[Error - 19:15:58] 2024/08/25 19:15:58 imports fixes: allImportsFixes: /home/barbarik/go/todolist/main.go:93:1: expected operand, found '}' (and 5 more errors)
	file="/home/barbarik/go/todolist/main.go"

[Error - 19:15:59] 2024/08/25 19:15:59 imports fixes: allImportsFixes: /home/barbarik/go/todolist/main.go:93:1: expected operand, found '}' (and 5 more errors)
	file="/home/barbarik/go/todolist/main.go"

[Error - 19:16:00] 2024/08/25 19:16:00 imports fixes: allImportsFixes: /home/barbarik/go/todolist/main.go:93:1: expected operand, found '}' (and 5 more errors)
	file="/home/barbarik/go/todolist/main.go"

[Error - 19:16:01] 2024/08/25 19:16:01 imports fixes: allImportsFixes: /home/barbarik/go/todolist/main.go:93:1: expected operand, found '}' (and 5 more errors)
	file="/home/barbarik/go/todolist/main.go"

[Error - 19:16:01] 2024/08/25 19:16:01 imports fixes: allImportsFixes: /home/barbarik/go/todolist/main.go:93:1: expected operand, found '}' (and 5 more errors)
	file="/home/barbarik/go/todolist/main.go"

[Error - 19:16:01] 2024/08/25 19:16:01 imports fixes: allImportsFixes: /home/barbarik/go/todolist/main.go:93:1: expected operand, found '}' (and 5 more errors)
	file="/home/barbarik/go/todolist/main.go"

[Error - 19:16:16] 2024/08/25 19:16:16 imports fixes: allImportsFixes: /home/barbarik/go/todolist/main.go:93:1: expected operand, found '}' (and 5 more errors)
	file="/home/barbarik/go/todolist/main.go"

[Error - 19:16:18] 2024/08/25 19:16:18 imports fixes: allImportsFixes: /home/barbarik/go/todolist/main.go:91:36: expected '{', found '!' (and 2 more errors)
	file="/home/barbarik/go/todolist/main.go"

[Error - 19:16:19] 2024/08/25 19:16:19 imports fixes: allImportsFixes: /home/barbarik/go/todolist/main.go:93:1: expected operand, found '}' (and 5 more errors)
	file="/home/barbarik/go/todolist/main.go"

[Info  - 19:16:26] 2024/08/25 19:16:26 background imports cache refresh starting

[Info  - 19:16:26] 2024/08/25 19:16:26 background refresh finished after 2.307422ms

[Error - 19:16:55] 2024/08/25 19:16:55 imports fixes: allImportsFixes: /home/barbarik/go/todolist/main.go:97:1: expected operand, found '}' (and 7 more errors)
	file="/home/barbarik/go/todolist/main.go"

[Info  - 19:16:56] 2024/08/25 19:16:56 background imports cache refresh starting

[Info  - 19:16:56] 2024/08/25 19:16:56 background refresh finished after 1.994291ms

[Error - 19:17:01] 2024/08/25 19:17:01 imports fixes: allImportsFixes: /home/barbarik/go/todolist/main.go:97:1: expected operand, found '}' (and 7 more errors)
	file="/home/barbarik/go/todolist/main.go"

[Error - 19:17:02] 2024/08/25 19:17:02 imports fixes: allImportsFixes: /home/barbarik/go/todolist/main.go:97:1: expected operand, found '}' (and 5 more errors)
	file="/home/barbarik/go/todolist/main.go"

[Error - 19:17:04] 2024/08/25 19:17:04 imports fixes: allImportsFixes: /home/barbarik/go/todolist/main.go:97:1: expected operand, found '}' (and 5 more errors)
	file="/home/barbarik/go/todolist/main.go"

[Error - 19:17:24] 2024/08/25 19:17:24 imports fixes: allImportsFixes: /home/barbarik/go/todolist/main.go:96:29: expected operand, found '=' (and 7 more errors)
	file="/home/barbarik/go/todolist/main.go"

[Info  - 19:17:26] 2024/08/25 19:17:26 background imports cache refresh starting

[Info  - 19:17:26] 2024/08/25 19:17:26 background refresh finished after 5.911139ms

[Error - 19:17:43] 2024/08/25 19:17:43 imports fixes: allImportsFixes: /home/barbarik/go/todolist/main.go:96:47: expected operand, found '}' (and 9 more errors)
	file="/home/barbarik/go/todolist/main.go"

[Info  - 19:17:57] 2024/08/25 19:17:57 background imports cache refresh starting

[Info  - 19:17:57] 2024/08/25 19:17:57 background refresh finished after 6.252239ms

[Info  - 19:18:31] 2024/08/25 19:18:31 background imports cache refresh starting

[Info  - 19:18:31] 2024/08/25 19:18:31 background refresh finished after 3.843491ms

[Error - 19:18:52] 2024/08/25 19:18:52 imports fixes: allImportsFixes: /home/barbarik/go/todolist/main.go:99:2: expected 1 expression
	file="/home/barbarik/go/todolist/main.go"

[Info  - 19:19:02] 2024/08/25 19:19:02 background imports cache refresh starting

[Info  - 19:19:02] 2024/08/25 19:19:02 background refresh finished after 2.039724ms

[Error - 19:19:11] 2024/08/25 19:19:10 imports fixes: allImportsFixes: /home/barbarik/go/todolist/main.go:100:6: expected ';', found '!' (and 2 more errors)
	file="/home/barbarik/go/todolist/main.go"

[Error - 19:19:11] 2024/08/25 19:19:11 imports fixes: allImportsFixes: /home/barbarik/go/todolist/main.go:102:1: expected operand, found '}' (and 3 more errors)
	file="/home/barbarik/go/todolist/main.go"

[Info  - 19:19:33] 2024/08/25 19:19:33 background imports cache refresh starting

[Info  - 19:19:33] 2024/08/25 19:19:33 background refresh finished after 7.472696ms

[Info  - 19:20:03] 2024/08/25 19:20:03 background imports cache refresh starting

[Info  - 19:20:03] 2024/08/25 19:20:03 background refresh finished after 8.243577ms

[Error - 19:21:05] 2024/08/25 19:21:05 imports fixes: allImportsFixes: /home/barbarik/go/todolist/main.go:106:1: expected operand, found '}' (and 3 more errors)
	file="/home/barbarik/go/todolist/main.go"

[Error - 19:21:21] 2024/08/25 19:21:21 imports fixes: allImportsFixes: /home/barbarik/go/todolist/main.go:104:37: expected type, found ')'
	file="/home/barbarik/go/todolist/main.go"

[Info  - 19:21:31] 2024/08/25 19:21:31 background imports cache refresh starting

[Info  - 19:21:31] 2024/08/25 19:21:31 background refresh finished after 2.734467ms

[Info  - 19:21:31] 2024/08/25 19:21:31 go/packages.Load #39
	view_id="1"
	snapshot=1631
	directory=/home/barbarik/go/todolist
	query=[file=/home/barbarik/go/todolist/main.go]
	packages=1
	duration=115.680868ms

[Info  - 19:22:01] 2024/08/25 19:22:01 background imports cache refresh starting

[Info  - 19:22:01] 2024/08/25 19:22:01 background refresh finished after 3.076189ms

[Info  - 19:22:32] 2024/08/25 19:22:32 background imports cache refresh starting

[Info  - 19:22:32] 2024/08/25 19:22:32 background refresh finished after 6.882956ms

[Info  - 19:23:03] 2024/08/25 19:23:03 background imports cache refresh starting

[Info  - 19:23:03] 2024/08/25 19:23:03 background refresh finished after 7.604406ms

[Info  - 19:23:37] 2024/08/25 19:23:37 background imports cache refresh starting

[Info  - 19:23:37] 2024/08/25 19:23:37 background refresh finished after 6.459863ms

[Info  - 19:24:07] 2024/08/25 19:24:07 background imports cache refresh starting

[Info  - 19:24:07] 2024/08/25 19:24:07 background refresh finished after 7.608429ms

[Info  - 19:25:42] 2024/08/25 19:25:42 background imports cache refresh starting

[Info  - 19:25:42] 2024/08/25 19:25:42 background refresh finished after 8.645774ms

[Error - 19:27:01] 2024/08/25 19:27:01 imports fixes: allImportsFixes: /home/barbarik/go/todolist/main.go:113:1: expected operand, found '}' (and 3 more errors)
	file="/home/barbarik/go/todolist/main.go"

[Info  - 19:27:02] 2024/08/25 19:27:02 background imports cache refresh starting

[Info  - 19:27:02] 2024/08/25 19:27:02 background refresh finished after 2.419763ms

[Error - 19:27:06] 2024/08/25 19:27:06 imports fixes: allImportsFixes: /home/barbarik/go/todolist/main.go:112:19: missing ',' in argument list (and 7 more errors)
	file="/home/barbarik/go/todolist/main.go"

[Error - 19:27:07] 2024/08/25 19:27:07 imports fixes: allImportsFixes: /home/barbarik/go/todolist/main.go:112:19: missing ',' in argument list (and 7 more errors)
	file="/home/barbarik/go/todolist/main.go"

[Error - 19:27:07] 2024/08/25 19:27:07 imports fixes: allImportsFixes: /home/barbarik/go/todolist/main.go:112:19: missing ',' in argument list (and 7 more errors)
	file="/home/barbarik/go/todolist/main.go"

[Info  - 19:27:32] 2024/08/25 19:27:32 background imports cache refresh starting

[Info  - 19:27:32] 2024/08/25 19:27:32 background refresh finished after 2.205446ms

[Error - 19:27:47] 2024/08/25 19:27:47 imports fixes: allImportsFixes: /home/barbarik/go/todolist/main.go:113:2: expected 1 expression
	file="/home/barbarik/go/todolist/main.go"

[Info  - 19:28:02] 2024/08/25 19:28:02 background imports cache refresh starting

[Info  - 19:28:02] 2024/08/25 19:28:02 background refresh finished after 4.240185ms

[Info  - 19:28:39] 2024/08/25 19:28:39 background imports cache refresh starting

[Info  - 19:28:39] 2024/08/25 19:28:39 background refresh finished after 6.775114ms

[Error - 19:28:56] 2024/08/25 19:28:56 imports fixes: allImportsFixes: /home/barbarik/go/todolist/main.go:115:47: expected operand, found '}' (and 9 more errors)
	file="/home/barbarik/go/todolist/main.go"

[Info  - 19:29:12] 2024/08/25 19:29:12 background imports cache refresh starting

[Info  - 19:29:12] 2024/08/25 19:29:12 background refresh finished after 6.484807ms

[Info  - 19:29:53] 2024/08/25 19:29:53 background imports cache refresh starting

[Info  - 19:29:53] 2024/08/25 19:29:53 background refresh finished after 2.173835ms

[Error - 19:30:15] 2024/08/25 19:30:15 imports fixes: allImportsFixes: /home/barbarik/go/todolist/main.go:118:24: expected operand, found '}' (and 5 more errors)
	file="/home/barbarik/go/todolist/main.go"

[Info  - 19:30:23] 2024/08/25 19:30:23 background imports cache refresh starting

[Info  - 19:30:23] 2024/08/25 19:30:23 background refresh finished after 7.715517ms

[Info  - 19:30:57] 2024/08/25 19:30:57 background imports cache refresh starting

[Info  - 19:30:57] 2024/08/25 19:30:57 background refresh finished after 2.36101ms

[Error - 19:30:57] 2024/08/25 19:30:57 imports fixes: allImportsFixes: /home/barbarik/go/todolist/main.go:119:26: expected operand, found '}' (and 5 more errors)
	file="/home/barbarik/go/todolist/main.go"

[Error - 19:31:11] 2024/08/25 19:31:11 imports fixes: allImportsFixes: /home/barbarik/go/todolist/main.go:119:45: expected operand, found '}' (and 7 more errors)
	file="/home/barbarik/go/todolist/main.go"

[Info  - 19:31:28] 2024/08/25 19:31:28 background imports cache refresh starting

[Info  - 19:31:28] 2024/08/25 19:31:28 background refresh finished after 2.059203ms

[Error - 19:32:49] 2024/08/25 19:32:49 imports fixes: allImportsFixes: /home/barbarik/go/todolist/main.go:121:8: expected ';', found '!' (and 6 more errors)
	file="/home/barbarik/go/todolist/main.go"

[Error - 19:32:50] 2024/08/25 19:32:50 imports fixes: allImportsFixes: /home/barbarik/go/todolist/main.go:122:1: expected operand, found '}' (and 7 more errors)
	file="/home/barbarik/go/todolist/main.go"

[Info  - 19:32:59] 2024/08/25 19:32:59 background imports cache refresh starting

[Info  - 19:32:59] 2024/08/25 19:32:59 background refresh finished after 7.847062ms

[Info  - 19:33:38] 2024/08/25 19:33:38 background imports cache refresh starting

[Info  - 19:33:38] 2024/08/25 19:33:38 background refresh finished after 6.476676ms

[Error - 19:33:51] 2024/08/25 19:33:51 imports fixes: allImportsFixes: /home/barbarik/go/todolist/main.go:125:48: expected operand, found '}' (and 7 more errors)
	file="/home/barbarik/go/todolist/main.go"

[Info  - 19:34:10] 2024/08/25 19:34:10 background imports cache refresh starting

[Info  - 19:34:10] 2024/08/25 19:34:10 background refresh finished after 7.674642ms

[Info  - 19:35:25] 2024/08/25 19:35:25 background imports cache refresh starting

[Info  - 19:35:25] 2024/08/25 19:35:25 background refresh finished after 5.379096ms

[Info  - 19:37:47] 2024/08/25 19:37:47 background imports cache refresh starting

[Info  - 19:37:47] 2024/08/25 19:37:47 background refresh finished after 2.72125ms

[Error - 19:37:56] 2024/08/25 19:37:56 imports fixes: allImportsFixes: /home/barbarik/go/todolist/main.go:130:1: expected operand, found '}' (and 3 more errors)
	file="/home/barbarik/go/todolist/main.go"

[Error - 19:38:07] 2024/08/25 19:38:07 imports fixes: allImportsFixes: /home/barbarik/go/todolist/main.go:129:17: expected operand, found ':' (and 5 more errors)
	file="/home/barbarik/go/todolist/main.go"

[Error - 19:38:23] 2024/08/25 19:38:23 signature help failed: cannot get type for Fun *ast.SelectorExpr (&{0xc005b60700 ObjectIDFromHex})
	position=128:40

[Info  - 19:38:24] 2024/08/25 19:38:24 background imports cache refresh starting

[Info  - 19:38:24] 2024/08/25 19:38:24 background refresh finished after 8.102921ms

[Error - 19:38:41] 2024/08/25 19:38:41 imports fixes: allImportsFixes: /home/barbarik/go/todolist/main.go:130:2: expected 1 expression (and 4 more errors)
	file="/home/barbarik/go/todolist/main.go"

[Error - 19:38:43] 2024/08/25 19:38:43 imports fixes: allImportsFixes: /home/barbarik/go/todolist/main.go:131:1: expected operand, found '}' (and 3 more errors)
	file="/home/barbarik/go/todolist/main.go"

[Info  - 19:38:59] 2024/08/25 19:38:59 background imports cache refresh starting

[Info  - 19:38:59] 2024/08/25 19:38:59 background refresh finished after 6.784492ms

[Error - 19:39:04] 2024/08/25 19:39:04 imports fixes: allImportsFixes: /home/barbarik/go/todolist/main.go:132:1: expected operand, found '}' (and 7 more errors)
	file="/home/barbarik/go/todolist/main.go"

[Error - 19:39:05] 2024/08/25 19:39:05 imports fixes: allImportsFixes: /home/barbarik/go/todolist/main.go:131:8: expected ';', found '!' (and 6 more errors)
	file="/home/barbarik/go/todolist/main.go"

[Error - 19:39:06] 2024/08/25 19:39:06 imports fixes: allImportsFixes: /home/barbarik/go/todolist/main.go:132:1: expected operand, found '}' (and 7 more errors)
	file="/home/barbarik/go/todolist/main.go"

[Info  - 19:39:32] 2024/08/25 19:39:32 background imports cache refresh starting

[Info  - 19:39:32] 2024/08/25 19:39:32 background refresh finished after 6.09031ms

[Error - 19:39:52] 2024/08/25 19:39:52 imports fixes: allImportsFixes: /home/barbarik/go/todolist/main.go:132:47: expected operand, found '}' (and 9 more errors)
	file="/home/barbarik/go/todolist/main.go"

[Info  - 19:40:03] 2024/08/25 19:40:03 background imports cache refresh starting

[Info  - 19:40:03] 2024/08/25 19:40:03 background refresh finished after 5.873073ms

[Info  - 19:40:33] 2024/08/25 19:40:33 background imports cache refresh starting

[Info  - 19:40:33] 2024/08/25 19:40:33 background refresh finished after 6.90707ms

[Info  - 19:41:04] 2024/08/25 19:41:04 background imports cache refresh starting

[Info  - 19:41:04] 2024/08/25 19:41:04 background refresh finished after 6.031915ms

[Info  - 19:41:34] 2024/08/25 19:41:34 background imports cache refresh starting

[Info  - 19:41:34] 2024/08/25 19:41:34 background refresh finished after 10.727621ms

[Error - 19:41:42] 2024/08/25 19:41:42 imports fixes: allImportsFixes: /home/barbarik/go/todolist/main.go:135:25: expected operand, found '}' (and 5 more errors)
	file="/home/barbarik/go/todolist/main.go"

[Error - 19:42:03] 2024/08/25 19:42:03 imports fixes: allImportsFixes: /home/barbarik/go/todolist/main.go:137:2: expected 1 expression
	file="/home/barbarik/go/todolist/main.go"

[Error - 19:42:04] 2024/08/25 19:42:04 imports fixes: allImportsFixes: /home/barbarik/go/todolist/main.go:137:2: expected 1 expression
	file="/home/barbarik/go/todolist/main.go"

[Info  - 19:42:06] 2024/08/25 19:42:06 background imports cache refresh starting

[Info  - 19:42:06] 2024/08/25 19:42:06 background refresh finished after 2.704677ms

[Error - 19:42:09] 2024/08/25 19:42:09 imports fixes: allImportsFixes: /home/barbarik/go/todolist/main.go:140:1: expected operand, found '}' (and 7 more errors)
	file="/home/barbarik/go/todolist/main.go"

[Error - 19:42:12] 2024/08/25 19:42:12 imports fixes: allImportsFixes: /home/barbarik/go/todolist/main.go:140:1: expected operand, found '}' (and 7 more errors)
	file="/home/barbarik/go/todolist/main.go"

[Info  - 19:42:37] 2024/08/25 19:42:37 background imports cache refresh starting

[Info  - 19:42:37] 2024/08/25 19:42:37 background refresh finished after 7.670679ms

[Error - 19:43:26] 2024/08/25 19:43:26 imports fixes: allImportsFixes: /home/barbarik/go/todolist/main.go:143:48: expected operand, found '}' (and 7 more errors)
	file="/home/barbarik/go/todolist/main.go"

[Info  - 19:43:31] 2024/08/25 19:43:31 background imports cache refresh starting

[Info  - 19:43:31] 2024/08/25 19:43:31 background refresh finished after 5.966961ms

[Info  - 19:44:03] 2024/08/25 19:44:03 background imports cache refresh starting

[Info  - 19:44:03] 2024/08/25 19:44:03 background refresh finished after 3.174482ms

[Info  - 19:46:06] 2024/08/25 19:46:06 background imports cache refresh starting

[Info  - 19:46:06] 2024/08/25 19:46:06 background refresh finished after 5.915904ms

[Info  - 19:46:41] 2024/08/25 19:46:41 background imports cache refresh starting

[Info  - 19:46:41] 2024/08/25 19:46:41 background refresh finished after 6.764676ms

[Info  - 19:47:21] 2024/08/25 19:47:21 background imports cache refresh starting

[Info  - 19:47:21] 2024/08/25 19:47:21 background refresh finished after 6.284276ms

[Info  - 19:50:49] 2024/08/25 19:50:49 Shutdown session
	shutdown_session=1

