2024-12-19 20:29:03.532 [info] Extension host with pid 59309 started
2024-12-19 20:29:03.532 [info] Skipping acquiring lock for /home/barbarik/.config/Code - OSS/User/workspaceStorage/4a4f5fe62bc1e109bcbdd37ef12c3200.
2024-12-19 20:29:03.729 [info] ExtensionService#_doActivateExtension vscode.emmet, startup: false, activationEvent: 'onLanguage'
2024-12-19 20:29:03.762 [info] ExtensionService#_doActivateExtension vscode.typescript-language-features, startup: false, activationEvent: 'onLanguage:typescriptreact'
2024-12-19 20:29:03.952 [info] ExtensionService#_doActivateExtension vscode.git-base, startup: true, activationEvent: '*', root cause: vscode.git
2024-12-19 20:29:03.955 [info] ExtensionService#_doActivateExtension CoenraadS.bracket-pair-colorizer-2, startup: true, activationEvent: '*'
2024-12-19 20:29:03.968 [info] ExtensionService#_doActivateExtension formulahendry.auto-rename-tag, startup: true, activationEvent: '*'
2024-12-19 20:29:04.346 [error] Activating extension CoenraadS.bracket-pair-colorizer-2 failed due to an error:
2024-12-19 20:29:04.346 [error] Error: Cannot find module '/usr/lib/code/node_modules.asar/vscode-textmate'
Require stack:
- /home/barbarik/.vscode-oss/extensions/coenraads.bracket-pair-colorizer-2-0.1.4-universal/out/src/textMateLoader.js
- /home/barbarik/.vscode-oss/extensions/coenraads.bracket-pair-colorizer-2-0.1.4-universal/out/src/settings.js
- /home/barbarik/.vscode-oss/extensions/coenraads.bracket-pair-colorizer-2-0.1.4-universal/out/src/documentDecorationManager.js
- /home/barbarik/.vscode-oss/extensions/coenraads.bracket-pair-colorizer-2-0.1.4-universal/out/src/extension.js
- /usr/lib/code/out/vs/workbench/api/node/extensionHostProcess.js
    at Module._resolveFilename (node:internal/modules/cjs/loader:1232:15)
    at Function.n._resolveFilename (node:electron/js2c/utility_init:2:16068)
    at Function.t._resolveFilename (file:///usr/lib/code/out/vs/workbench/api/node/extensionHostProcess.js:166:22715)
    at Module._load (node:internal/modules/cjs/loader:1058:27)
    at Function.c._load (node:electron/js2c/node_init:2:16955)
    at Function.e._load (file:///usr/lib/code/out/vs/workbench/api/node/extensionHostProcess.js:174:10879)
    at Function.t._load (file:///usr/lib/code/out/vs/workbench/api/node/extensionHostProcess.js:166:22433)
    at Function.i._load (file:///usr/lib/code/out/vs/workbench/api/node/extensionHostProcess.js:158:4651)
    at Module.require (node:internal/modules/cjs/loader:1318:19)
    at require (node:internal/modules/helpers:179:18)
    at TextMateLoader.getNodeModule (/home/barbarik/.vscode-oss/extensions/coenraads.bracket-pair-colorizer-2-0.1.4-universal/out/src/textMateLoader.js:106:16)
    at TextMateLoader.loadTextMate (/home/barbarik/.vscode-oss/extensions/coenraads.bracket-pair-colorizer-2-0.1.4-universal/out/src/textMateLoader.js:109:21)
    at new TextMateLoader (/home/barbarik/.vscode-oss/extensions/coenraads.bracket-pair-colorizer-2-0.1.4-universal/out/src/textMateLoader.js:18:27)
    at new Settings (/home/barbarik/.vscode-oss/extensions/coenraads.bracket-pair-colorizer-2-0.1.4-universal/out/src/settings.js:10:31)
    at new DocumentDecorationManager (/home/barbarik/.vscode-oss/extensions/coenraads.bracket-pair-colorizer-2-0.1.4-universal/out/src/documentDecorationManager.js:9:25)
    at activate (/home/barbarik/.vscode-oss/extensions/coenraads.bracket-pair-colorizer-2-0.1.4-universal/out/src/extension.js:6:37)
    at Function.kb (file:///usr/lib/code/out/vs/workbench/api/node/extensionHostProcess.js:118:15214)
    at Function.jb (file:///usr/lib/code/out/vs/workbench/api/node/extensionHostProcess.js:118:14921)
    at file:///usr/lib/code/out/vs/workbench/api/node/extensionHostProcess.js:118:13079
    at B0.n (file:///usr/lib/code/out/vs/workbench/api/node/extensionHostProcess.js:114:4447)
    at B0.m (file:///usr/lib/code/out/vs/workbench/api/node/extensionHostProcess.js:114:4410)
    at B0.l (file:///usr/lib/code/out/vs/workbench/api/node/extensionHostProcess.js:114:3866)
2024-12-19 20:29:04.377 [info] ExtensionService#_doActivateExtension vscode.git, startup: true, activationEvent: '*'
2024-12-19 20:29:04.504 [info] ExtensionService#_doActivateExtension vscode.github, startup: true, activationEvent: '*'
2024-12-19 20:29:04.931 [info] Eager extensions activated
2024-12-19 20:29:04.989 [info] ExtensionService#_doActivateExtension vscode.debug-auto-launch, startup: false, activationEvent: 'onStartupFinished'
2024-12-19 20:29:04.992 [info] ExtensionService#_doActivateExtension vscode.merge-conflict, startup: false, activationEvent: 'onStartupFinished'
2024-12-19 20:29:05.027 [info] ExtensionService#_doActivateExtension dsznajder.es7-react-js-snippets, startup: false, activationEvent: 'onStartupFinished'
2024-12-19 20:29:05.718 [info] ExtensionService#_doActivateExtension esbenp.prettier-vscode, startup: false, activationEvent: 'onStartupFinished'
2024-12-19 20:29:05.800 [info] ExtensionService#_doActivateExtension vadimcn.vscode-lldb, startup: false, activationEvent: 'onStartupFinished'
2024-12-19 20:29:05.950 [info] ExtensionService#_doActivateExtension vscode.github-authentication, startup: false, activationEvent: 'onAuthenticationRequest:github'
2024-12-19 20:29:16.713 [info] ExtensionService#_doActivateExtension golang.go, startup: false, activationEvent: 'onLanguage:go'
2024-12-19 20:29:18.594 [info] Extension host terminating: renderer closed the MessagePort
2024-12-19 20:29:18.637 [error] Canceled: Canceled
    at new tT (file:///usr/lib/code/out/vs/workbench/api/node/extensionHostProcess.js:31:108738)
    at py.U (file:///usr/lib/code/out/vs/workbench/api/node/extensionHostProcess.js:31:113348)
    at Proxy.s.<computed>.n.charCodeAt.s.<computed> (file:///usr/lib/code/out/vs/workbench/api/node/extensionHostProcess.js:31:110842)
    at Y0.g (file:///usr/lib/code/out/vs/workbench/api/node/extensionHostProcess.js:114:32313)
    at Y0.executeCommand (file:///usr/lib/code/out/vs/workbench/api/node/extensionHostProcess.js:114:31817)
    at r.registerCommand.description (file:///usr/lib/code/out/vs/workbench/api/node/extensionHostProcess.js:114:31147)
    at Y0.h (file:///usr/lib/code/out/vs/workbench/api/node/extensionHostProcess.js:114:32833)
    at Y0.g (file:///usr/lib/code/out/vs/workbench/api/node/extensionHostProcess.js:114:31910)
    at Y0.executeCommand (file:///usr/lib/code/out/vs/workbench/api/node/extensionHostProcess.js:114:31817)
    at Object.executeCommand (file:///usr/lib/code/out/vs/workbench/api/node/extensionHostProcess.js:156:37246)
    at mh.O [as value] (/usr/lib/code/extensions/git/dist/main.js:2:961845)
    at D.B (file:///usr/lib/code/out/vs/workbench/api/node/extensionHostProcess.js:29:746)
    at D.C (file:///usr/lib/code/out/vs/workbench/api/node/extensionHostProcess.js:29:816)
    at D.fire (file:///usr/lib/code/out/vs/workbench/api/node/extensionHostProcess.js:29:1033)
    at Object.p [as dispose] (/usr/lib/code/extensions/git/dist/main.js:2:983333)
    at /usr/lib/code/extensions/git/dist/main.js:2:989455
    at Array.forEach (<anonymous>)
    at b.dispose (/usr/lib/code/extensions/git/dist/main.js:2:989441)
    at V1.<anonymous> (file:///usr/lib/code/out/vs/workbench/api/node/extensionHostProcess.js:108:19994)
    at V1.dispose (file:///usr/lib/code/out/vs/workbench/api/node/extensionHostProcess.js:108:20090)
    at V1.<anonymous> (/usr/lib/code/extensions/git/dist/main.js:2:964255)
    at V1.dispose (file:///usr/lib/code/out/vs/workbench/api/node/extensionHostProcess.js:108:20090)
    at ci (file:///usr/lib/code/out/vs/workbench/api/node/extensionHostProcess.js:24:699)
    at file:///usr/lib/code/out/vs/workbench/api/node/extensionHostProcess.js:118:14992
    at file:///usr/lib/code/out/vs/workbench/api/node/extensionHostProcess.js:24:1009
    at Object.dispose (file:///usr/lib/code/out/vs/workbench/api/node/extensionHostProcess.js:7:2146)
    at z_.eb (file:///usr/lib/code/out/vs/workbench/api/node/extensionHostProcess.js:118:11919)
    at file:///usr/lib/code/out/vs/workbench/api/node/extensionHostProcess.js:118:9874
    at Array.map (<anonymous>)
    at z_.$ (file:///usr/lib/code/out/vs/workbench/api/node/extensionHostProcess.js:118:9862)
    at z_.terminate (file:///usr/lib/code/out/vs/workbench/api/node/extensionHostProcess.js:118:10105)
    at EC.terminate (file:///usr/lib/code/out/vs/workbench/api/node/extensionHostProcess.js:119:1424)
    at Zi (file:///usr/lib/code/out/vs/workbench/api/node/extensionHostProcess.js:174:15063)
    at MessagePortMain.<anonymous> (file:///usr/lib/code/out/vs/workbench/api/node/extensionHostProcess.js:174:11611)
    at MessagePortMain.emit (node:events:519:28)
    at Object.MessagePortMain._internalPort.emit (node:electron/js2c/utility_init:2:2949) setContext undefined
2024-12-19 20:29:18.642 [error] Canceled: Canceled
    at new tT (file:///usr/lib/code/out/vs/workbench/api/node/extensionHostProcess.js:31:108738)
    at py.U (file:///usr/lib/code/out/vs/workbench/api/node/extensionHostProcess.js:31:113348)
    at Proxy.s.<computed>.n.charCodeAt.s.<computed> (file:///usr/lib/code/out/vs/workbench/api/node/extensionHostProcess.js:31:110842)
    at Y0.g (file:///usr/lib/code/out/vs/workbench/api/node/extensionHostProcess.js:114:32313)
    at Y0.executeCommand (file:///usr/lib/code/out/vs/workbench/api/node/extensionHostProcess.js:114:31817)
    at r.registerCommand.description (file:///usr/lib/code/out/vs/workbench/api/node/extensionHostProcess.js:114:31147)
    at Y0.h (file:///usr/lib/code/out/vs/workbench/api/node/extensionHostProcess.js:114:32833)
    at Y0.g (file:///usr/lib/code/out/vs/workbench/api/node/extensionHostProcess.js:114:31910)
    at Y0.executeCommand (file:///usr/lib/code/out/vs/workbench/api/node/extensionHostProcess.js:114:31817)
    at Object.executeCommand (file:///usr/lib/code/out/vs/workbench/api/node/extensionHostProcess.js:156:37246)
    at a.VscodeDevShareProvider.set hasGitHubRepositories [as hasGitHubRepositories] (/usr/lib/code/extensions/github/dist/extension.js:2:328633)
    at /usr/lib/code/extensions/github/dist/extension.js:2:329592
    at mh.value (/usr/lib/code/extensions/git/dist/main.js:2:1073936)
    at D.B (file:///usr/lib/code/out/vs/workbench/api/node/extensionHostProcess.js:29:746)
    at D.C (file:///usr/lib/code/out/vs/workbench/api/node/extensionHostProcess.js:29:816)
    at D.fire (file:///usr/lib/code/out/vs/workbench/api/node/extensionHostProcess.js:29:1033)
    at Object.p [as dispose] (/usr/lib/code/extensions/git/dist/main.js:2:983333)
    at /usr/lib/code/extensions/git/dist/main.js:2:989455
    at Array.forEach (<anonymous>)
    at b.dispose (/usr/lib/code/extensions/git/dist/main.js:2:989441)
    at V1.<anonymous> (file:///usr/lib/code/out/vs/workbench/api/node/extensionHostProcess.js:108:19994)
    at V1.dispose (file:///usr/lib/code/out/vs/workbench/api/node/extensionHostProcess.js:108:20090)
    at V1.<anonymous> (/usr/lib/code/extensions/git/dist/main.js:2:964255)
    at V1.dispose (file:///usr/lib/code/out/vs/workbench/api/node/extensionHostProcess.js:108:20090)
    at ci (file:///usr/lib/code/out/vs/workbench/api/node/extensionHostProcess.js:24:699)
    at file:///usr/lib/code/out/vs/workbench/api/node/extensionHostProcess.js:118:14992
    at file:///usr/lib/code/out/vs/workbench/api/node/extensionHostProcess.js:24:1009
    at Object.dispose (file:///usr/lib/code/out/vs/workbench/api/node/extensionHostProcess.js:7:2146)
    at z_.eb (file:///usr/lib/code/out/vs/workbench/api/node/extensionHostProcess.js:118:11919)
    at file:///usr/lib/code/out/vs/workbench/api/node/extensionHostProcess.js:118:9874
    at Array.map (<anonymous>)
    at z_.$ (file:///usr/lib/code/out/vs/workbench/api/node/extensionHostProcess.js:118:9862)
    at z_.terminate (file:///usr/lib/code/out/vs/workbench/api/node/extensionHostProcess.js:118:10105)
    at EC.terminate (file:///usr/lib/code/out/vs/workbench/api/node/extensionHostProcess.js:119:1424)
    at Zi (file:///usr/lib/code/out/vs/workbench/api/node/extensionHostProcess.js:174:15063)
    at MessagePortMain.<anonymous> (file:///usr/lib/code/out/vs/workbench/api/node/extensionHostProcess.js:174:11611)
    at MessagePortMain.emit (node:events:519:28)
    at Object.MessagePortMain._internalPort.emit (node:electron/js2c/utility_init:2:2949) setContext undefined
2024-12-19 20:29:20.632 [error] Error: Stopping the server timed out
    at /home/barbarik/.vscode-oss/extensions/golang.go-0.42.1-universal/dist/goMain.js:21905:19
    at async Promise.all (index 0)
    at async Promise.all (index 12)
    at z_.$ (file:///usr/lib/code/out/vs/workbench/api/node/extensionHostProcess.js:118:9888)
2024-12-19 20:29:20.632 [info] Extension host with pid 59309 exiting with code 0
