[2022-12-08T11:53:16.784Z] Log level: Info
[2022-12-08T11:53:16.785Z] [info] Validating found git in: git
[2022-12-08T11:53:16.808Z] [info] Using git 2.38.1 from git
[2022-12-08T11:53:16.824Z] > git rev-parse --show-toplevel [3ms]
[2022-12-08T11:53:16.831Z] > git rev-parse --git-dir --git-common-dir [0ms]
[2022-12-08T11:53:16.839Z] [info] Open repository: /home/barbarik/js/feedback-app
[2022-12-08T11:53:16.866Z] > git rev-parse --show-toplevel [6ms]
[2022-12-08T11:53:16.871Z] > git rev-parse --show-toplevel [0ms]
[2022-12-08T11:53:16.875Z] > git rev-parse --show-toplevel [1ms]
[2022-12-08T11:53:17.247Z] > git status -z -uall [393ms]
[2022-12-08T11:53:17.307Z] > git symbolic-ref --short HEAD [52ms]
[2022-12-08T11:53:17.315Z] > git for-each-ref --format=%(refname)%00%(upstream:short)%00%(objectname)%00%(upstream:track)%00%(upstream:remotename)%00%(upstream:remoteref) refs/heads/main refs/remotes/main [2ms]
[2022-12-08T11:53:17.328Z] > git for-each-ref --sort -committerdate --format %(refname) %(objectname) %(*objectname) [8ms]
[2022-12-08T11:53:17.339Z] > git remote --verbose [14ms]
[2022-12-08T11:53:17.350Z] > git config --get commit.template [2ms]
[2022-12-08T11:53:17.397Z] > git show --textconv :package.json [22ms]
[2022-12-08T11:53:17.397Z] > git ls-files --stage -- /home/barbarik/js/feedback-app/package.json [14ms]
[2022-12-08T11:53:17.408Z] > git cat-file -s e0216360a2d88561d6cc88b5d219bb83fd7e49b4 [3ms]
[2022-12-08T11:53:17.444Z] > git check-ignore -v -z --stdin [50ms]
[2022-12-08T11:53:17.457Z] > git status -z -uall [101ms]
[2022-12-08T11:53:17.463Z] > git symbolic-ref --short HEAD [1ms]
[2022-12-08T11:53:17.468Z] > git for-each-ref --format=%(refname)%00%(upstream:short)%00%(objectname)%00%(upstream:track)%00%(upstream:remotename)%00%(upstream:remoteref) refs/heads/main refs/remotes/main [1ms]
[2022-12-08T11:53:17.482Z] > git remote --verbose [1ms]
[2022-12-08T11:53:17.482Z] > git for-each-ref --sort -committerdate --format %(refname) %(objectname) %(*objectname) [6ms]
[2022-12-08T11:53:17.490Z] > git config --get commit.template [0ms]
[2022-12-08T11:53:29.344Z] > git show --textconv :src/components/shared/Button.jsx [16ms]
[2022-12-08T11:53:29.346Z] > git ls-files --stage -- /home/barbarik/js/feedback-app/src/components/shared/Button.jsx [7ms]
[2022-12-08T11:53:29.356Z] > git cat-file -s d6c3e03cfcd3205eac271f9e0cf0ac9506fbdb2b [2ms]
[2022-12-08T11:53:30.167Z] > git show --textconv :src/components/AboutIconLink.jsx [15ms]
[2022-12-08T11:53:30.172Z] > git ls-files --stage -- /home/barbarik/js/feedback-app/src/components/AboutIconLink.jsx [9ms]
[2022-12-08T11:53:30.188Z] > git cat-file -s 7abe1dd0ddb3dc8645d2a673fe38274679aa1aed [1ms]
