2024-08-20 20:57:42.169 [info] Added views:workbench.panel.markers.view in workbench.panel.markers
2024-08-20 20:57:42.169 [info] Added views:workbench.panel.output in workbench.panel.output
2024-08-20 20:57:42.169 [info] Added views:terminal in terminal
2024-08-20 20:57:42.170 [info] Added views:outline in workbench.view.explorer
2024-08-20 20:57:42.170 [info] Added views:workbench.scm in workbench.view.scm
2024-08-20 20:57:42.170 [info] Added views:workbench.view.search in workbench.view.search
2024-08-20 20:57:42.170 [info] Added views:timeline in workbench.view.explorer
2024-08-20 20:57:42.170 [info] Added views:workbench.explorer.openEditorsView,workbench.explorer.fileView in workbench.view.explorer
2024-08-20 20:57:42.868 [info] Added views:workbench.debug.variablesView,workbench.debug.watchExpressionsView,workbench.debug.callStackView,workbench.debug.breakPointsView in workbench.view.debug
2024-08-20 20:57:42.896 [info] Added views:workbench.panel.repl.view in workbench.panel.repl
2024-08-20 20:57:42.899 [info] Removed views:workbench.debug.breakPointsView,workbench.debug.callStackView,workbench.debug.watchExpressionsView,workbench.debug.variablesView from workbench.view.debug
2024-08-20 20:57:42.900 [info] Added views:workbench.debug.welcome in workbench.view.debug
2024-08-20 20:57:43.144 [info] Added views:~remote.forwardedPorts in ~remote.forwardedPortsContainer
2024-08-20 20:59:55.631 [info] Added views:workbench.view.testing in workbench.view.extension.test
2024-08-20 20:59:55.639 [info] Added views:go.explorer in workbench.view.explorer
2024-08-20 21:18:04.793 [info] Added views:workbench.views.extensions.installed,workbench.views.extensions.popular,extensions.recommendedList in workbench.view.extensions
2024-08-20 21:18:04.803 [info] Removed views:workbench.views.extensions.popular from workbench.view.extensions
2024-08-20 21:18:07.489 [info] Removed views:extensions.recommendedList,workbench.views.extensions.installed from workbench.view.extensions
2024-08-20 21:18:07.496 [info] Added views:workbench.views.extensions.marketplace in workbench.view.extensions
2024-08-20 21:20:24.245 [info] Added views:postman-for-vscode.sidebar-panel in workbench.view.extension.sidebar-panel
2024-08-20 21:20:24.246 [info] Added views:postman-console-view in workbench.view.extension.postman-console-view-container
2024-08-20 21:20:57.372 [info] Removed views:workbench.view.testing from workbench.view.extension.test
