[2022-11-23T11:09:08.371Z] Log level: Info
[2022-11-23T11:09:08.372Z] [info] Validating found git in: git
[2022-11-23T11:09:08.433Z] [info] Using git 2.38.1 from git
[2022-11-23T11:09:08.455Z] > git rev-parse --show-toplevel [6ms]
[2022-11-23T11:09:08.466Z] > git rev-parse --git-dir --git-common-dir [2ms]
[2022-11-23T11:09:08.475Z] [info] Open repository: /home/barbarik/js/github-finder
[2022-11-23T11:09:08.542Z] > git rev-parse --show-toplevel [48ms]
[2022-11-23T11:09:08.616Z] > git rev-parse --show-toplevel [51ms]
[2022-11-23T11:09:09.045Z] > git status -z -uall [558ms]
[2022-11-23T11:09:09.054Z] > git rev-parse --show-toplevel [428ms]
[2022-11-23T11:09:09.063Z] > git symbolic-ref --short HEAD [9ms]
[2022-11-23T11:09:09.082Z] > git for-each-ref --format=%(refname)%00%(upstream:short)%00%(objectname)%00%(upstream:track)%00%(upstream:remotename)%00%(upstream:remoteref) refs/heads/main refs/remotes/main [4ms]
[2022-11-23T11:09:09.200Z] > git show --textconv :README.md [93ms]
[2022-11-23T11:09:09.200Z] > git remote --verbose [105ms]
[2022-11-23T11:09:09.201Z] > git for-each-ref --sort -committerdate --format %(refname) %(objectname) %(*objectname) [113ms]
[2022-11-23T11:09:09.227Z] > git ls-files --stage -- /home/barbarik/js/github-finder/README.md [111ms]
[2022-11-23T11:09:09.241Z] > git cat-file -s f29b1ffe31df7ce0db64d0b135ed31289a88868c [5ms]
[2022-11-23T11:09:09.242Z] > git config --get commit.template [17ms]
[2022-11-23T11:09:09.335Z] > git check-ignore -v -z --stdin [119ms]
[2022-11-23T11:09:09.391Z] > git status -z -uall [134ms]
[2022-11-23T11:09:09.399Z] > git symbolic-ref --short HEAD [1ms]
[2022-11-23T11:09:09.413Z] > git for-each-ref --format=%(refname)%00%(upstream:short)%00%(objectname)%00%(upstream:track)%00%(upstream:remotename)%00%(upstream:remoteref) refs/heads/main refs/remotes/main [6ms]
[2022-11-23T11:09:09.436Z] > git for-each-ref --sort -committerdate --format %(refname) %(objectname) %(*objectname) [16ms]
[2022-11-23T11:09:09.437Z] > git remote --verbose [1ms]
[2022-11-23T11:09:09.445Z] > git config --get commit.template [1ms]
[2022-11-23T11:09:18.072Z] > git show --textconv :src/components/users/UserResults.jsx [13ms]
[2022-11-23T11:09:18.076Z] > git ls-files --stage -- /home/barbarik/js/github-finder/src/components/users/UserResults.jsx [7ms]
[2022-11-23T11:09:18.085Z] > git cat-file -s 78dfd18c26e06a3bfb36eb2f4f8ee2d1862ad536 [3ms]
[2022-11-23T11:09:35.606Z] > git show --textconv :src/components/users/UserSearch.jsx [33ms]
[2022-11-23T11:09:35.606Z] > git ls-files --stage -- /home/barbarik/js/github-finder/src/components/users/UserSearch.jsx [8ms]
[2022-11-23T11:09:35.630Z] > git cat-file -s 1e774efa23b1b6c25d877c026af4a2d15aaa68e2 [1ms]
[2022-11-23T11:09:39.446Z] > git show --textconv :src/pages/Home.jsx [21ms]
[2022-11-23T11:09:39.446Z] > git ls-files --stage -- /home/barbarik/js/github-finder/src/pages/Home.jsx [8ms]
[2022-11-23T11:09:39.457Z] > git cat-file -s 5fa24d91c00bf4a80534f546d7aaae6af2d1151a [1ms]
[2022-11-23T11:09:44.573Z] > git show --textconv :src/components/users/UserResults.jsx [18ms]
[2022-11-23T11:09:44.574Z] > git ls-files --stage -- /home/barbarik/js/github-finder/src/components/users/UserResults.jsx [6ms]
[2022-11-23T11:09:44.628Z] > git cat-file -s 78dfd18c26e06a3bfb36eb2f4f8ee2d1862ad536 [4ms]
