2024-09-17 17:09:31.620 [info] Extension host with pid 3770 started
2024-09-17 17:09:31.620 [info] Skipping acquiring lock for /home/barbarik/.config/Code - OSS/User/workspaceStorage/4a4f5fe62bc1e109bcbdd37ef12c3200.
2024-09-17 17:09:31.851 [info] ExtensionService#_doActivateExtension vscode.emmet, startup: false, activationEvent: 'onLanguage'
2024-09-17 17:09:31.862 [info] ExtensionService#_doActivateExtension vscode.typescript-language-features, startup: false, activationEvent: 'onLanguage:typescriptreact'
2024-09-17 17:09:32.132 [info] ExtensionService#_doActivateExtension vscode.git-base, startup: true, activationEvent: '*', root cause: vscode.git
2024-09-17 17:09:32.136 [info] ExtensionService#_doActivateExtension CoenraadS.bracket-pair-colorizer-2, startup: true, activationEvent: '*'
2024-09-17 17:09:32.166 [info] ExtensionService#_doActivateExtension formulahendry.auto-rename-tag, startup: true, activationEvent: '*'
2024-09-17 17:09:32.905 [info] ExtensionService#_doActivateExtension vscode.git, startup: true, activationEvent: '*'
2024-09-17 17:09:32.951 [info] ExtensionService#_doActivateExtension vscode.github, startup: true, activationEvent: '*'
2024-09-17 17:09:33.060 [info] Eager extensions activated
2024-09-17 17:09:33.148 [info] ExtensionService#_doActivateExtension vscode.debug-auto-launch, startup: false, activationEvent: 'onStartupFinished'
2024-09-17 17:09:33.152 [info] ExtensionService#_doActivateExtension vscode.merge-conflict, startup: false, activationEvent: 'onStartupFinished'
2024-09-17 17:09:33.161 [info] ExtensionService#_doActivateExtension dsznajder.es7-react-js-snippets, startup: false, activationEvent: 'onStartupFinished'
2024-09-17 17:09:33.893 [info] ExtensionService#_doActivateExtension esbenp.prettier-vscode, startup: false, activationEvent: 'onStartupFinished'
2024-09-17 17:09:33.941 [info] ExtensionService#_doActivateExtension vadimcn.vscode-lldb, startup: false, activationEvent: 'onStartupFinished'
2024-09-17 17:09:34.276 [info] ExtensionService#_doActivateExtension vscode.github-authentication, startup: false, activationEvent: 'onAuthenticationRequest:github'
2024-09-17 17:09:41.204 [info] Extension host terminating: renderer closed the MessagePort
2024-09-17 17:09:41.225 [error] Canceled: Canceled
    at new C (/usr/lib/code/out/vs/workbench/api/node/extensionHostProcess.js:144:35204)
    at E.U (/usr/lib/code/out/vs/workbench/api/node/extensionHostProcess.js:151:6017)
    at Proxy.B.<computed>.j.charCodeAt.R.CharCode.DollarSign.B.<computed> (/usr/lib/code/out/vs/workbench/api/node/extensionHostProcess.js:151:3107)
    at d.g (/usr/lib/code/out/vs/workbench/api/node/extensionHostProcess.js:154:205942)
    at d.executeCommand (/usr/lib/code/out/vs/workbench/api/node/extensionHostProcess.js:154:205380)
    at A.registerCommand.description (/usr/lib/code/out/vs/workbench/api/node/extensionHostProcess.js:154:204704)
    at d.h (/usr/lib/code/out/vs/workbench/api/node/extensionHostProcess.js:154:206481)
    at d.g (/usr/lib/code/out/vs/workbench/api/node/extensionHostProcess.js:154:205473)
    at d.executeCommand (/usr/lib/code/out/vs/workbench/api/node/extensionHostProcess.js:154:205380)
    at Object.executeCommand (/usr/lib/code/out/vs/workbench/api/node/extensionHostProcess.js:164:23060)
    at i.O [as value] (/usr/lib/code/extensions/git/dist/main.js:2:951642)
    at n.B (/usr/lib/code/out/vs/workbench/api/node/extensionHostProcess.js:83:737)
    at n.C (/usr/lib/code/out/vs/workbench/api/node/extensionHostProcess.js:83:807)
    at n.fire (/usr/lib/code/out/vs/workbench/api/node/extensionHostProcess.js:83:1023)
    at Object.p [as dispose] (/usr/lib/code/extensions/git/dist/main.js:2:972220)
    at /usr/lib/code/extensions/git/dist/main.js:2:978342
    at Array.forEach (<anonymous>)
    at f.dispose (/usr/lib/code/extensions/git/dist/main.js:2:978328)
    at a.<anonymous> (/usr/lib/code/out/vs/workbench/api/node/extensionHostProcess.js:152:4173)
    at a.dispose (/usr/lib/code/out/vs/workbench/api/node/extensionHostProcess.js:152:4270)
    at a.<anonymous> (/usr/lib/code/extensions/git/dist/main.js:2:953940)
    at a.dispose (/usr/lib/code/out/vs/workbench/api/node/extensionHostProcess.js:152:4270)
    at $ (/usr/lib/code/out/vs/workbench/api/node/extensionHostProcess.js:30:744)
    at /usr/lib/code/out/vs/workbench/api/node/extensionHostProcess.js:160:13379
    at /usr/lib/code/out/vs/workbench/api/node/extensionHostProcess.js:30:1112
    at Object.dispose (/usr/lib/code/out/vs/workbench/api/node/extensionHostProcess.js:11:11354)
    at m.eb (/usr/lib/code/out/vs/workbench/api/node/extensionHostProcess.js:160:10056)
    at /usr/lib/code/out/vs/workbench/api/node/extensionHostProcess.js:160:7927
    at Array.map (<anonymous>)
    at m.$ (/usr/lib/code/out/vs/workbench/api/node/extensionHostProcess.js:160:7914)
    at m.terminate (/usr/lib/code/out/vs/workbench/api/node/extensionHostProcess.js:160:8187)
    at $.terminate (/usr/lib/code/out/vs/workbench/api/node/extensionHostProcess.js:164:1513)
    at o (/usr/lib/code/out/vs/workbench/api/node/extensionHostProcess.js:177:10633)
    at MessagePortMain.<anonymous> (/usr/lib/code/out/vs/workbench/api/node/extensionHostProcess.js:177:6825)
    at MessagePortMain.emit (node:events:519:28)
    at Object.MessagePortMain._internalPort.emit (node:electron/js2c/utility_init:2:2619) setContext undefined
2024-09-17 17:09:41.228 [error] Canceled: Canceled
    at new C (/usr/lib/code/out/vs/workbench/api/node/extensionHostProcess.js:144:35204)
    at E.U (/usr/lib/code/out/vs/workbench/api/node/extensionHostProcess.js:151:6017)
    at Proxy.B.<computed>.j.charCodeAt.R.CharCode.DollarSign.B.<computed> (/usr/lib/code/out/vs/workbench/api/node/extensionHostProcess.js:151:3107)
    at d.g (/usr/lib/code/out/vs/workbench/api/node/extensionHostProcess.js:154:205942)
    at d.executeCommand (/usr/lib/code/out/vs/workbench/api/node/extensionHostProcess.js:154:205380)
    at A.registerCommand.description (/usr/lib/code/out/vs/workbench/api/node/extensionHostProcess.js:154:204704)
    at d.h (/usr/lib/code/out/vs/workbench/api/node/extensionHostProcess.js:154:206481)
    at d.g (/usr/lib/code/out/vs/workbench/api/node/extensionHostProcess.js:154:205473)
    at d.executeCommand (/usr/lib/code/out/vs/workbench/api/node/extensionHostProcess.js:154:205380)
    at Object.executeCommand (/usr/lib/code/out/vs/workbench/api/node/extensionHostProcess.js:164:23060)
    at a.VscodeDevShareProvider.set hasGitHubRepositories [as hasGitHubRepositories] (/usr/lib/code/extensions/github/dist/extension.js:2:322969)
    at /usr/lib/code/extensions/github/dist/extension.js:2:323928
    at i.value (/usr/lib/code/extensions/git/dist/main.js:2:1060193)
    at n.B (/usr/lib/code/out/vs/workbench/api/node/extensionHostProcess.js:83:737)
    at n.C (/usr/lib/code/out/vs/workbench/api/node/extensionHostProcess.js:83:807)
    at n.fire (/usr/lib/code/out/vs/workbench/api/node/extensionHostProcess.js:83:1023)
    at Object.p [as dispose] (/usr/lib/code/extensions/git/dist/main.js:2:972220)
    at /usr/lib/code/extensions/git/dist/main.js:2:978342
    at Array.forEach (<anonymous>)
    at f.dispose (/usr/lib/code/extensions/git/dist/main.js:2:978328)
    at a.<anonymous> (/usr/lib/code/out/vs/workbench/api/node/extensionHostProcess.js:152:4173)
    at a.dispose (/usr/lib/code/out/vs/workbench/api/node/extensionHostProcess.js:152:4270)
    at a.<anonymous> (/usr/lib/code/extensions/git/dist/main.js:2:953940)
    at a.dispose (/usr/lib/code/out/vs/workbench/api/node/extensionHostProcess.js:152:4270)
    at $ (/usr/lib/code/out/vs/workbench/api/node/extensionHostProcess.js:30:744)
    at /usr/lib/code/out/vs/workbench/api/node/extensionHostProcess.js:160:13379
    at /usr/lib/code/out/vs/workbench/api/node/extensionHostProcess.js:30:1112
    at Object.dispose (/usr/lib/code/out/vs/workbench/api/node/extensionHostProcess.js:11:11354)
    at m.eb (/usr/lib/code/out/vs/workbench/api/node/extensionHostProcess.js:160:10056)
    at /usr/lib/code/out/vs/workbench/api/node/extensionHostProcess.js:160:7927
    at Array.map (<anonymous>)
    at m.$ (/usr/lib/code/out/vs/workbench/api/node/extensionHostProcess.js:160:7914)
    at m.terminate (/usr/lib/code/out/vs/workbench/api/node/extensionHostProcess.js:160:8187)
    at $.terminate (/usr/lib/code/out/vs/workbench/api/node/extensionHostProcess.js:164:1513)
    at o (/usr/lib/code/out/vs/workbench/api/node/extensionHostProcess.js:177:10633)
    at MessagePortMain.<anonymous> (/usr/lib/code/out/vs/workbench/api/node/extensionHostProcess.js:177:6825)
    at MessagePortMain.emit (node:events:519:28)
    at Object.MessagePortMain._internalPort.emit (node:electron/js2c/utility_init:2:2619) setContext undefined
2024-09-17 17:09:41.228 [info] Extension host with pid 3770 exiting with code 0
