[2022-11-23 16:52:52.344] [renderer4] [error] Cannot read properties of undefined (reading 'getRuleStack'): TypeError: Cannot read properties of undefined (reading 'getRuleStack')
    at DocumentDecoration.onDidChangeTextDocument (/home/barbarik/.vscode-oss/extensions/coenraads.bracket-pair-colorizer-2-0.1.4-universal/out/src/documentDecoration.js:42:26)
    at DocumentDecorationManager.onDidChangeTextDocument (/home/barbarik/.vscode-oss/extensions/coenraads.bracket-pair-colorizer-2-0.1.4-universal/out/src/documentDecorationManager.js:47:32)
    at /home/barbarik/.vscode-oss/extensions/coenraads.bracket-pair-colorizer-2-0.1.4-universal/out/src/extension.js:30:39
    at p.invoke (/usr/lib/code/out/vs/workbench/api/node/extensionHostProcess.js:61:145)
    at v.deliver (/usr/lib/code/out/vs/workbench/api/node/extensionHostProcess.js:61:2266)
    at b.fire (/usr/lib/code/out/vs/workbench/api/node/extensionHostProcess.js:61:1844)
    at D.$acceptModelChanged (/usr/lib/code/out/vs/workbench/api/node/extensionHostProcess.js:92:12646)
    at i._doInvokeHandler (/usr/lib/code/out/vs/workbench/api/node/extensionHostProcess.js:100:13680)
    at i._invokeHandler (/usr/lib/code/out/vs/workbench/api/node/extensionHostProcess.js:100:13362)
    at i._receiveRequest (/usr/lib/code/out/vs/workbench/api/node/extensionHostProcess.js:100:12132)
    at i._receiveOneMessage (/usr/lib/code/out/vs/workbench/api/node/extensionHostProcess.js:100:10834)
    at /usr/lib/code/out/vs/workbench/api/node/extensionHostProcess.js:100:8941
    at p.invoke (/usr/lib/code/out/vs/workbench/api/node/extensionHostProcess.js:61:145)
    at v.deliver (/usr/lib/code/out/vs/workbench/api/node/extensionHostProcess.js:61:2266)
    at b.fire (/usr/lib/code/out/vs/workbench/api/node/extensionHostProcess.js:61:1844)
    at c.fire (/usr/lib/code/out/vs/workbench/api/node/extensionHostProcess.js:69:19049)
    at /usr/lib/code/out/vs/workbench/api/node/extensionHostProcess.js:116:17106
    at p.invoke (/usr/lib/code/out/vs/workbench/api/node/extensionHostProcess.js:61:145)
    at v.deliver (/usr/lib/code/out/vs/workbench/api/node/extensionHostProcess.js:61:2266)
    at b.fire (/usr/lib/code/out/vs/workbench/api/node/extensionHostProcess.js:61:1844)
    at c.fire (/usr/lib/code/out/vs/workbench/api/node/extensionHostProcess.js:69:19049)
    at s._receiveMessage (/usr/lib/code/out/vs/workbench/api/node/extensionHostProcess.js:69:23861)
    at /usr/lib/code/out/vs/workbench/api/node/extensionHostProcess.js:69:21304
    at p.invoke (/usr/lib/code/out/vs/workbench/api/node/extensionHostProcess.js:61:145)
    at v.deliver (/usr/lib/code/out/vs/workbench/api/node/extensionHostProcess.js:61:2266)
    at b.fire (/usr/lib/code/out/vs/workbench/api/node/extensionHostProcess.js:61:1844)
    at b.acceptChunk (/usr/lib/code/out/vs/workbench/api/node/extensionHostProcess.js:69:15880)
    at /usr/lib/code/out/vs/workbench/api/node/extensionHostProcess.js:69:15010
    at Socket.d (/usr/lib/code/out/vs/workbench/api/node/extensionHostProcess.js:69:27128)
    at Socket.emit (node:events:526:28)
    at addChunk (node:internal/streams/readable:315:12)
    at readableAddChunk (node:internal/streams/readable:289:9)
    at Socket.Readable.push (node:internal/streams/readable:228:10)
    at Pipe.onStreamRead (node:internal/stream_base_commons:190:23)
[2022-11-23 16:52:54.255] [renderer4] [error] Cannot read properties of undefined (reading 'getRuleStack'): TypeError: Cannot read properties of undefined (reading 'getRuleStack')
    at DocumentDecoration.tokenizeLine (/home/barbarik/.vscode-oss/extensions/coenraads.bracket-pair-colorizer-2-0.1.4-universal/out/src/documentDecoration.js:227:35)
    at DocumentDecoration.onDidChangeTextDocument (/home/barbarik/.vscode-oss/extensions/coenraads.bracket-pair-colorizer-2-0.1.4-universal/out/src/documentDecoration.js:39:30)
    at DocumentDecorationManager.onDidChangeTextDocument (/home/barbarik/.vscode-oss/extensions/coenraads.bracket-pair-colorizer-2-0.1.4-universal/out/src/documentDecorationManager.js:47:32)
    at /home/barbarik/.vscode-oss/extensions/coenraads.bracket-pair-colorizer-2-0.1.4-universal/out/src/extension.js:30:39
    at p.invoke (/usr/lib/code/out/vs/workbench/api/node/extensionHostProcess.js:61:145)
    at v.deliver (/usr/lib/code/out/vs/workbench/api/node/extensionHostProcess.js:61:2266)
    at b.fire (/usr/lib/code/out/vs/workbench/api/node/extensionHostProcess.js:61:1844)
    at D.$acceptModelChanged (/usr/lib/code/out/vs/workbench/api/node/extensionHostProcess.js:92:12646)
    at i._doInvokeHandler (/usr/lib/code/out/vs/workbench/api/node/extensionHostProcess.js:100:13680)
    at i._invokeHandler (/usr/lib/code/out/vs/workbench/api/node/extensionHostProcess.js:100:13362)
    at i._receiveRequest (/usr/lib/code/out/vs/workbench/api/node/extensionHostProcess.js:100:12132)
    at i._receiveOneMessage (/usr/lib/code/out/vs/workbench/api/node/extensionHostProcess.js:100:10834)
    at /usr/lib/code/out/vs/workbench/api/node/extensionHostProcess.js:100:8941
    at p.invoke (/usr/lib/code/out/vs/workbench/api/node/extensionHostProcess.js:61:145)
    at v.deliver (/usr/lib/code/out/vs/workbench/api/node/extensionHostProcess.js:61:2266)
    at b.fire (/usr/lib/code/out/vs/workbench/api/node/extensionHostProcess.js:61:1844)
    at c.fire (/usr/lib/code/out/vs/workbench/api/node/extensionHostProcess.js:69:19049)
    at /usr/lib/code/out/vs/workbench/api/node/extensionHostProcess.js:116:17106
    at p.invoke (/usr/lib/code/out/vs/workbench/api/node/extensionHostProcess.js:61:145)
    at v.deliver (/usr/lib/code/out/vs/workbench/api/node/extensionHostProcess.js:61:2266)
    at b.fire (/usr/lib/code/out/vs/workbench/api/node/extensionHostProcess.js:61:1844)
    at c.fire (/usr/lib/code/out/vs/workbench/api/node/extensionHostProcess.js:69:19049)
    at s._receiveMessage (/usr/lib/code/out/vs/workbench/api/node/extensionHostProcess.js:69:23861)
    at /usr/lib/code/out/vs/workbench/api/node/extensionHostProcess.js:69:21304
    at p.invoke (/usr/lib/code/out/vs/workbench/api/node/extensionHostProcess.js:61:145)
    at v.deliver (/usr/lib/code/out/vs/workbench/api/node/extensionHostProcess.js:61:2266)
    at b.fire (/usr/lib/code/out/vs/workbench/api/node/extensionHostProcess.js:61:1844)
    at b.acceptChunk (/usr/lib/code/out/vs/workbench/api/node/extensionHostProcess.js:69:15880)
    at /usr/lib/code/out/vs/workbench/api/node/extensionHostProcess.js:69:15010
    at Socket.d (/usr/lib/code/out/vs/workbench/api/node/extensionHostProcess.js:69:27128)
    at Socket.emit (node:events:526:28)
    at addChunk (node:internal/streams/readable:315:12)
    at readableAddChunk (node:internal/streams/readable:289:9)
    at Socket.Readable.push (node:internal/streams/readable:228:10)
    at Pipe.onStreamRead (node:internal/stream_base_commons:190:23)
[2022-11-23 16:52:55.277] [renderer4] [error] Cannot read properties of undefined (reading 'getRuleStack'): TypeError: Cannot read properties of undefined (reading 'getRuleStack')
    at DocumentDecoration.tokenizeLine (/home/barbarik/.vscode-oss/extensions/coenraads.bracket-pair-colorizer-2-0.1.4-universal/out/src/documentDecoration.js:227:35)
    at DocumentDecoration.onDidChangeTextDocument (/home/barbarik/.vscode-oss/extensions/coenraads.bracket-pair-colorizer-2-0.1.4-universal/out/src/documentDecoration.js:39:30)
    at DocumentDecorationManager.onDidChangeTextDocument (/home/barbarik/.vscode-oss/extensions/coenraads.bracket-pair-colorizer-2-0.1.4-universal/out/src/documentDecorationManager.js:47:32)
    at /home/barbarik/.vscode-oss/extensions/coenraads.bracket-pair-colorizer-2-0.1.4-universal/out/src/extension.js:30:39
    at p.invoke (/usr/lib/code/out/vs/workbench/api/node/extensionHostProcess.js:61:145)
    at v.deliver (/usr/lib/code/out/vs/workbench/api/node/extensionHostProcess.js:61:2266)
    at b.fire (/usr/lib/code/out/vs/workbench/api/node/extensionHostProcess.js:61:1844)
    at D.$acceptModelChanged (/usr/lib/code/out/vs/workbench/api/node/extensionHostProcess.js:92:12646)
    at i._doInvokeHandler (/usr/lib/code/out/vs/workbench/api/node/extensionHostProcess.js:100:13680)
    at i._invokeHandler (/usr/lib/code/out/vs/workbench/api/node/extensionHostProcess.js:100:13362)
    at i._receiveRequest (/usr/lib/code/out/vs/workbench/api/node/extensionHostProcess.js:100:12132)
    at i._receiveOneMessage (/usr/lib/code/out/vs/workbench/api/node/extensionHostProcess.js:100:10834)
    at /usr/lib/code/out/vs/workbench/api/node/extensionHostProcess.js:100:8941
    at p.invoke (/usr/lib/code/out/vs/workbench/api/node/extensionHostProcess.js:61:145)
    at v.deliver (/usr/lib/code/out/vs/workbench/api/node/extensionHostProcess.js:61:2266)
    at b.fire (/usr/lib/code/out/vs/workbench/api/node/extensionHostProcess.js:61:1844)
    at c.fire (/usr/lib/code/out/vs/workbench/api/node/extensionHostProcess.js:69:19049)
    at /usr/lib/code/out/vs/workbench/api/node/extensionHostProcess.js:116:17106
    at p.invoke (/usr/lib/code/out/vs/workbench/api/node/extensionHostProcess.js:61:145)
    at v.deliver (/usr/lib/code/out/vs/workbench/api/node/extensionHostProcess.js:61:2266)
    at b.fire (/usr/lib/code/out/vs/workbench/api/node/extensionHostProcess.js:61:1844)
    at c.fire (/usr/lib/code/out/vs/workbench/api/node/extensionHostProcess.js:69:19049)
    at s._receiveMessage (/usr/lib/code/out/vs/workbench/api/node/extensionHostProcess.js:69:23861)
    at /usr/lib/code/out/vs/workbench/api/node/extensionHostProcess.js:69:21304
    at p.invoke (/usr/lib/code/out/vs/workbench/api/node/extensionHostProcess.js:61:145)
    at v.deliver (/usr/lib/code/out/vs/workbench/api/node/extensionHostProcess.js:61:2266)
    at b.fire (/usr/lib/code/out/vs/workbench/api/node/extensionHostProcess.js:61:1844)
    at b.acceptChunk (/usr/lib/code/out/vs/workbench/api/node/extensionHostProcess.js:69:15880)
    at /usr/lib/code/out/vs/workbench/api/node/extensionHostProcess.js:69:15010
    at Socket.d (/usr/lib/code/out/vs/workbench/api/node/extensionHostProcess.js:69:27128)
    at Socket.emit (node:events:526:28)
    at addChunk (node:internal/streams/readable:315:12)
    at readableAddChunk (node:internal/streams/readable:289:9)
    at Socket.Readable.push (node:internal/streams/readable:228:10)
    at Pipe.onStreamRead (node:internal/stream_base_commons:190:23)
[2022-11-23 16:52:56.543] [renderer4] [error] Cannot read properties of undefined (reading 'getRuleStack'): TypeError: Cannot read properties of undefined (reading 'getRuleStack')
    at DocumentDecoration.tokenizeLine (/home/barbarik/.vscode-oss/extensions/coenraads.bracket-pair-colorizer-2-0.1.4-universal/out/src/documentDecoration.js:227:35)
    at DocumentDecoration.onDidChangeTextDocument (/home/barbarik/.vscode-oss/extensions/coenraads.bracket-pair-colorizer-2-0.1.4-universal/out/src/documentDecoration.js:39:30)
    at DocumentDecorationManager.onDidChangeTextDocument (/home/barbarik/.vscode-oss/extensions/coenraads.bracket-pair-colorizer-2-0.1.4-universal/out/src/documentDecorationManager.js:47:32)
    at /home/barbarik/.vscode-oss/extensions/coenraads.bracket-pair-colorizer-2-0.1.4-universal/out/src/extension.js:30:39
    at p.invoke (/usr/lib/code/out/vs/workbench/api/node/extensionHostProcess.js:61:145)
    at v.deliver (/usr/lib/code/out/vs/workbench/api/node/extensionHostProcess.js:61:2266)
    at b.fire (/usr/lib/code/out/vs/workbench/api/node/extensionHostProcess.js:61:1844)
    at D.$acceptModelChanged (/usr/lib/code/out/vs/workbench/api/node/extensionHostProcess.js:92:12646)
    at i._doInvokeHandler (/usr/lib/code/out/vs/workbench/api/node/extensionHostProcess.js:100:13680)
    at i._invokeHandler (/usr/lib/code/out/vs/workbench/api/node/extensionHostProcess.js:100:13362)
    at i._receiveRequest (/usr/lib/code/out/vs/workbench/api/node/extensionHostProcess.js:100:12132)
    at i._receiveOneMessage (/usr/lib/code/out/vs/workbench/api/node/extensionHostProcess.js:100:10834)
    at /usr/lib/code/out/vs/workbench/api/node/extensionHostProcess.js:100:8941
    at p.invoke (/usr/lib/code/out/vs/workbench/api/node/extensionHostProcess.js:61:145)
    at v.deliver (/usr/lib/code/out/vs/workbench/api/node/extensionHostProcess.js:61:2266)
    at b.fire (/usr/lib/code/out/vs/workbench/api/node/extensionHostProcess.js:61:1844)
    at c.fire (/usr/lib/code/out/vs/workbench/api/node/extensionHostProcess.js:69:19049)
    at /usr/lib/code/out/vs/workbench/api/node/extensionHostProcess.js:116:17106
    at p.invoke (/usr/lib/code/out/vs/workbench/api/node/extensionHostProcess.js:61:145)
    at v.deliver (/usr/lib/code/out/vs/workbench/api/node/extensionHostProcess.js:61:2266)
    at b.fire (/usr/lib/code/out/vs/workbench/api/node/extensionHostProcess.js:61:1844)
    at c.fire (/usr/lib/code/out/vs/workbench/api/node/extensionHostProcess.js:69:19049)
    at s._receiveMessage (/usr/lib/code/out/vs/workbench/api/node/extensionHostProcess.js:69:23861)
    at /usr/lib/code/out/vs/workbench/api/node/extensionHostProcess.js:69:21304
    at p.invoke (/usr/lib/code/out/vs/workbench/api/node/extensionHostProcess.js:61:145)
    at v.deliver (/usr/lib/code/out/vs/workbench/api/node/extensionHostProcess.js:61:2266)
    at b.fire (/usr/lib/code/out/vs/workbench/api/node/extensionHostProcess.js:61:1844)
    at b.acceptChunk (/usr/lib/code/out/vs/workbench/api/node/extensionHostProcess.js:69:15880)
    at /usr/lib/code/out/vs/workbench/api/node/extensionHostProcess.js:69:15010
    at Socket.d (/usr/lib/code/out/vs/workbench/api/node/extensionHostProcess.js:69:27128)
    at Socket.emit (node:events:526:28)
    at addChunk (node:internal/streams/readable:315:12)
    at readableAddChunk (node:internal/streams/readable:289:9)
    at Socket.Readable.push (node:internal/streams/readable:228:10)
    at Pipe.onStreamRead (node:internal/stream_base_commons:190:23)
[2022-11-23 16:53:04.942] [renderer4] [error] Cannot read properties of undefined (reading 'getRuleStack'): TypeError: Cannot read properties of undefined (reading 'getRuleStack')
    at DocumentDecoration.tokenizeLine (/home/barbarik/.vscode-oss/extensions/coenraads.bracket-pair-colorizer-2-0.1.4-universal/out/src/documentDecoration.js:227:35)
    at DocumentDecoration.onDidChangeTextDocument (/home/barbarik/.vscode-oss/extensions/coenraads.bracket-pair-colorizer-2-0.1.4-universal/out/src/documentDecoration.js:39:30)
    at DocumentDecorationManager.onDidChangeTextDocument (/home/barbarik/.vscode-oss/extensions/coenraads.bracket-pair-colorizer-2-0.1.4-universal/out/src/documentDecorationManager.js:47:32)
    at /home/barbarik/.vscode-oss/extensions/coenraads.bracket-pair-colorizer-2-0.1.4-universal/out/src/extension.js:30:39
    at p.invoke (/usr/lib/code/out/vs/workbench/api/node/extensionHostProcess.js:61:145)
    at v.deliver (/usr/lib/code/out/vs/workbench/api/node/extensionHostProcess.js:61:2266)
    at b.fire (/usr/lib/code/out/vs/workbench/api/node/extensionHostProcess.js:61:1844)
    at D.$acceptModelChanged (/usr/lib/code/out/vs/workbench/api/node/extensionHostProcess.js:92:12646)
    at i._doInvokeHandler (/usr/lib/code/out/vs/workbench/api/node/extensionHostProcess.js:100:13680)
    at i._invokeHandler (/usr/lib/code/out/vs/workbench/api/node/extensionHostProcess.js:100:13362)
    at i._receiveRequest (/usr/lib/code/out/vs/workbench/api/node/extensionHostProcess.js:100:12132)
    at i._receiveOneMessage (/usr/lib/code/out/vs/workbench/api/node/extensionHostProcess.js:100:10834)
    at /usr/lib/code/out/vs/workbench/api/node/extensionHostProcess.js:100:8941
    at p.invoke (/usr/lib/code/out/vs/workbench/api/node/extensionHostProcess.js:61:145)
    at v.deliver (/usr/lib/code/out/vs/workbench/api/node/extensionHostProcess.js:61:2266)
    at b.fire (/usr/lib/code/out/vs/workbench/api/node/extensionHostProcess.js:61:1844)
    at c.fire (/usr/lib/code/out/vs/workbench/api/node/extensionHostProcess.js:69:19049)
    at /usr/lib/code/out/vs/workbench/api/node/extensionHostProcess.js:116:17106
    at p.invoke (/usr/lib/code/out/vs/workbench/api/node/extensionHostProcess.js:61:145)
    at v.deliver (/usr/lib/code/out/vs/workbench/api/node/extensionHostProcess.js:61:2266)
    at b.fire (/usr/lib/code/out/vs/workbench/api/node/extensionHostProcess.js:61:1844)
    at c.fire (/usr/lib/code/out/vs/workbench/api/node/extensionHostProcess.js:69:19049)
    at s._receiveMessage (/usr/lib/code/out/vs/workbench/api/node/extensionHostProcess.js:69:23861)
    at /usr/lib/code/out/vs/workbench/api/node/extensionHostProcess.js:69:21304
    at p.invoke (/usr/lib/code/out/vs/workbench/api/node/extensionHostProcess.js:61:145)
    at v.deliver (/usr/lib/code/out/vs/workbench/api/node/extensionHostProcess.js:61:2266)
    at b.fire (/usr/lib/code/out/vs/workbench/api/node/extensionHostProcess.js:61:1844)
    at b.acceptChunk (/usr/lib/code/out/vs/workbench/api/node/extensionHostProcess.js:69:15880)
    at /usr/lib/code/out/vs/workbench/api/node/extensionHostProcess.js:69:15010
    at Socket.d (/usr/lib/code/out/vs/workbench/api/node/extensionHostProcess.js:69:27128)
    at Socket.emit (node:events:526:28)
    at addChunk (node:internal/streams/readable:315:12)
    at readableAddChunk (node:internal/streams/readable:289:9)
    at Socket.Readable.push (node:internal/streams/readable:228:10)
    at Pipe.onStreamRead (node:internal/stream_base_commons:190:23)
[2022-11-23 16:56:38.578] [renderer4] [error] Cannot read properties of undefined (reading 'getRuleStack'): TypeError: Cannot read properties of undefined (reading 'getRuleStack')
    at DocumentDecoration.onDidChangeTextDocument (/home/barbarik/.vscode-oss/extensions/coenraads.bracket-pair-colorizer-2-0.1.4-universal/out/src/documentDecoration.js:42:26)
    at DocumentDecorationManager.onDidChangeTextDocument (/home/barbarik/.vscode-oss/extensions/coenraads.bracket-pair-colorizer-2-0.1.4-universal/out/src/documentDecorationManager.js:47:32)
    at /home/barbarik/.vscode-oss/extensions/coenraads.bracket-pair-colorizer-2-0.1.4-universal/out/src/extension.js:30:39
    at p.invoke (/usr/lib/code/out/vs/workbench/api/node/extensionHostProcess.js:61:145)
    at v.deliver (/usr/lib/code/out/vs/workbench/api/node/extensionHostProcess.js:61:2266)
    at b.fire (/usr/lib/code/out/vs/workbench/api/node/extensionHostProcess.js:61:1844)
    at D.$acceptModelChanged (/usr/lib/code/out/vs/workbench/api/node/extensionHostProcess.js:92:12646)
    at i._doInvokeHandler (/usr/lib/code/out/vs/workbench/api/node/extensionHostProcess.js:100:13680)
    at i._invokeHandler (/usr/lib/code/out/vs/workbench/api/node/extensionHostProcess.js:100:13362)
    at i._receiveRequest (/usr/lib/code/out/vs/workbench/api/node/extensionHostProcess.js:100:12132)
    at i._receiveOneMessage (/usr/lib/code/out/vs/workbench/api/node/extensionHostProcess.js:100:10834)
    at /usr/lib/code/out/vs/workbench/api/node/extensionHostProcess.js:100:8941
    at p.invoke (/usr/lib/code/out/vs/workbench/api/node/extensionHostProcess.js:61:145)
    at v.deliver (/usr/lib/code/out/vs/workbench/api/node/extensionHostProcess.js:61:2266)
    at b.fire (/usr/lib/code/out/vs/workbench/api/node/extensionHostProcess.js:61:1844)
    at c.fire (/usr/lib/code/out/vs/workbench/api/node/extensionHostProcess.js:69:19049)
    at /usr/lib/code/out/vs/workbench/api/node/extensionHostProcess.js:116:17106
    at p.invoke (/usr/lib/code/out/vs/workbench/api/node/extensionHostProcess.js:61:145)
    at v.deliver (/usr/lib/code/out/vs/workbench/api/node/extensionHostProcess.js:61:2266)
    at b.fire (/usr/lib/code/out/vs/workbench/api/node/extensionHostProcess.js:61:1844)
    at c.fire (/usr/lib/code/out/vs/workbench/api/node/extensionHostProcess.js:69:19049)
    at s._receiveMessage (/usr/lib/code/out/vs/workbench/api/node/extensionHostProcess.js:69:23861)
    at /usr/lib/code/out/vs/workbench/api/node/extensionHostProcess.js:69:21304
    at p.invoke (/usr/lib/code/out/vs/workbench/api/node/extensionHostProcess.js:61:145)
    at v.deliver (/usr/lib/code/out/vs/workbench/api/node/extensionHostProcess.js:61:2266)
    at b.fire (/usr/lib/code/out/vs/workbench/api/node/extensionHostProcess.js:61:1844)
    at b.acceptChunk (/usr/lib/code/out/vs/workbench/api/node/extensionHostProcess.js:69:15880)
    at /usr/lib/code/out/vs/workbench/api/node/extensionHostProcess.js:69:15010
    at Socket.d (/usr/lib/code/out/vs/workbench/api/node/extensionHostProcess.js:69:27128)
    at Socket.emit (node:events:526:28)
    at addChunk (node:internal/streams/readable:315:12)
    at readableAddChunk (node:internal/streams/readable:289:9)
    at Socket.Readable.push (node:internal/streams/readable:228:10)
    at Pipe.onStreamRead (node:internal/stream_base_commons:190:23)
[2022-11-23 16:56:39.207] [renderer4] [error] Cannot read properties of undefined (reading 'getRuleStack'): TypeError: Cannot read properties of undefined (reading 'getRuleStack')
    at DocumentDecoration.tokenizeLine (/home/barbarik/.vscode-oss/extensions/coenraads.bracket-pair-colorizer-2-0.1.4-universal/out/src/documentDecoration.js:227:35)
    at DocumentDecoration.onDidChangeTextDocument (/home/barbarik/.vscode-oss/extensions/coenraads.bracket-pair-colorizer-2-0.1.4-universal/out/src/documentDecoration.js:39:30)
    at DocumentDecorationManager.onDidChangeTextDocument (/home/barbarik/.vscode-oss/extensions/coenraads.bracket-pair-colorizer-2-0.1.4-universal/out/src/documentDecorationManager.js:47:32)
    at /home/barbarik/.vscode-oss/extensions/coenraads.bracket-pair-colorizer-2-0.1.4-universal/out/src/extension.js:30:39
    at p.invoke (/usr/lib/code/out/vs/workbench/api/node/extensionHostProcess.js:61:145)
    at v.deliver (/usr/lib/code/out/vs/workbench/api/node/extensionHostProcess.js:61:2266)
    at b.fire (/usr/lib/code/out/vs/workbench/api/node/extensionHostProcess.js:61:1844)
    at D.$acceptModelChanged (/usr/lib/code/out/vs/workbench/api/node/extensionHostProcess.js:92:12646)
    at i._doInvokeHandler (/usr/lib/code/out/vs/workbench/api/node/extensionHostProcess.js:100:13680)
    at i._invokeHandler (/usr/lib/code/out/vs/workbench/api/node/extensionHostProcess.js:100:13362)
    at i._receiveRequest (/usr/lib/code/out/vs/workbench/api/node/extensionHostProcess.js:100:12132)
    at i._receiveOneMessage (/usr/lib/code/out/vs/workbench/api/node/extensionHostProcess.js:100:10834)
    at /usr/lib/code/out/vs/workbench/api/node/extensionHostProcess.js:100:8941
    at p.invoke (/usr/lib/code/out/vs/workbench/api/node/extensionHostProcess.js:61:145)
    at v.deliver (/usr/lib/code/out/vs/workbench/api/node/extensionHostProcess.js:61:2266)
    at b.fire (/usr/lib/code/out/vs/workbench/api/node/extensionHostProcess.js:61:1844)
    at c.fire (/usr/lib/code/out/vs/workbench/api/node/extensionHostProcess.js:69:19049)
    at /usr/lib/code/out/vs/workbench/api/node/extensionHostProcess.js:116:17106
    at p.invoke (/usr/lib/code/out/vs/workbench/api/node/extensionHostProcess.js:61:145)
    at v.deliver (/usr/lib/code/out/vs/workbench/api/node/extensionHostProcess.js:61:2266)
    at b.fire (/usr/lib/code/out/vs/workbench/api/node/extensionHostProcess.js:61:1844)
    at c.fire (/usr/lib/code/out/vs/workbench/api/node/extensionHostProcess.js:69:19049)
    at s._receiveMessage (/usr/lib/code/out/vs/workbench/api/node/extensionHostProcess.js:69:23861)
    at /usr/lib/code/out/vs/workbench/api/node/extensionHostProcess.js:69:21304
    at p.invoke (/usr/lib/code/out/vs/workbench/api/node/extensionHostProcess.js:61:145)
    at v.deliver (/usr/lib/code/out/vs/workbench/api/node/extensionHostProcess.js:61:2266)
    at b.fire (/usr/lib/code/out/vs/workbench/api/node/extensionHostProcess.js:61:1844)
    at b.acceptChunk (/usr/lib/code/out/vs/workbench/api/node/extensionHostProcess.js:69:15880)
    at /usr/lib/code/out/vs/workbench/api/node/extensionHostProcess.js:69:15010
    at Socket.d (/usr/lib/code/out/vs/workbench/api/node/extensionHostProcess.js:69:27128)
    at Socket.emit (node:events:526:28)
    at addChunk (node:internal/streams/readable:315:12)
    at readableAddChunk (node:internal/streams/readable:289:9)
    at Socket.Readable.push (node:internal/streams/readable:228:10)
    at Pipe.onStreamRead (node:internal/stream_base_commons:190:23)
[2022-11-23 16:56:40.341] [renderer4] [error] Cannot read properties of undefined (reading 'getRuleStack'): TypeError: Cannot read properties of undefined (reading 'getRuleStack')
    at DocumentDecoration.tokenizeLine (/home/barbarik/.vscode-oss/extensions/coenraads.bracket-pair-colorizer-2-0.1.4-universal/out/src/documentDecoration.js:227:35)
    at DocumentDecoration.onDidChangeTextDocument (/home/barbarik/.vscode-oss/extensions/coenraads.bracket-pair-colorizer-2-0.1.4-universal/out/src/documentDecoration.js:39:30)
    at DocumentDecorationManager.onDidChangeTextDocument (/home/barbarik/.vscode-oss/extensions/coenraads.bracket-pair-colorizer-2-0.1.4-universal/out/src/documentDecorationManager.js:47:32)
    at /home/barbarik/.vscode-oss/extensions/coenraads.bracket-pair-colorizer-2-0.1.4-universal/out/src/extension.js:30:39
    at p.invoke (/usr/lib/code/out/vs/workbench/api/node/extensionHostProcess.js:61:145)
    at v.deliver (/usr/lib/code/out/vs/workbench/api/node/extensionHostProcess.js:61:2266)
    at b.fire (/usr/lib/code/out/vs/workbench/api/node/extensionHostProcess.js:61:1844)
    at D.$acceptModelChanged (/usr/lib/code/out/vs/workbench/api/node/extensionHostProcess.js:92:12646)
    at i._doInvokeHandler (/usr/lib/code/out/vs/workbench/api/node/extensionHostProcess.js:100:13680)
    at i._invokeHandler (/usr/lib/code/out/vs/workbench/api/node/extensionHostProcess.js:100:13362)
    at i._receiveRequest (/usr/lib/code/out/vs/workbench/api/node/extensionHostProcess.js:100:12132)
    at i._receiveOneMessage (/usr/lib/code/out/vs/workbench/api/node/extensionHostProcess.js:100:10834)
    at /usr/lib/code/out/vs/workbench/api/node/extensionHostProcess.js:100:8941
    at p.invoke (/usr/lib/code/out/vs/workbench/api/node/extensionHostProcess.js:61:145)
    at v.deliver (/usr/lib/code/out/vs/workbench/api/node/extensionHostProcess.js:61:2266)
    at b.fire (/usr/lib/code/out/vs/workbench/api/node/extensionHostProcess.js:61:1844)
    at c.fire (/usr/lib/code/out/vs/workbench/api/node/extensionHostProcess.js:69:19049)
    at /usr/lib/code/out/vs/workbench/api/node/extensionHostProcess.js:116:17106
    at p.invoke (/usr/lib/code/out/vs/workbench/api/node/extensionHostProcess.js:61:145)
    at v.deliver (/usr/lib/code/out/vs/workbench/api/node/extensionHostProcess.js:61:2266)
    at b.fire (/usr/lib/code/out/vs/workbench/api/node/extensionHostProcess.js:61:1844)
    at c.fire (/usr/lib/code/out/vs/workbench/api/node/extensionHostProcess.js:69:19049)
    at s._receiveMessage (/usr/lib/code/out/vs/workbench/api/node/extensionHostProcess.js:69:23861)
    at /usr/lib/code/out/vs/workbench/api/node/extensionHostProcess.js:69:21304
    at p.invoke (/usr/lib/code/out/vs/workbench/api/node/extensionHostProcess.js:61:145)
    at v.deliver (/usr/lib/code/out/vs/workbench/api/node/extensionHostProcess.js:61:2266)
    at b.fire (/usr/lib/code/out/vs/workbench/api/node/extensionHostProcess.js:61:1844)
    at b.acceptChunk (/usr/lib/code/out/vs/workbench/api/node/extensionHostProcess.js:69:15880)
    at /usr/lib/code/out/vs/workbench/api/node/extensionHostProcess.js:69:15010
    at Socket.d (/usr/lib/code/out/vs/workbench/api/node/extensionHostProcess.js:69:27128)
    at Socket.emit (node:events:526:28)
    at addChunk (node:internal/streams/readable:315:12)
    at readableAddChunk (node:internal/streams/readable:289:9)
    at Socket.Readable.push (node:internal/streams/readable:228:10)
    at Pipe.onStreamRead (node:internal/stream_base_commons:190:23)
[2022-11-23 16:56:41.707] [renderer4] [error] Cannot read properties of undefined (reading 'getRuleStack'): TypeError: Cannot read properties of undefined (reading 'getRuleStack')
    at DocumentDecoration.tokenizeLine (/home/barbarik/.vscode-oss/extensions/coenraads.bracket-pair-colorizer-2-0.1.4-universal/out/src/documentDecoration.js:227:35)
    at DocumentDecoration.onDidChangeTextDocument (/home/barbarik/.vscode-oss/extensions/coenraads.bracket-pair-colorizer-2-0.1.4-universal/out/src/documentDecoration.js:39:30)
    at DocumentDecorationManager.onDidChangeTextDocument (/home/barbarik/.vscode-oss/extensions/coenraads.bracket-pair-colorizer-2-0.1.4-universal/out/src/documentDecorationManager.js:47:32)
    at /home/barbarik/.vscode-oss/extensions/coenraads.bracket-pair-colorizer-2-0.1.4-universal/out/src/extension.js:30:39
    at p.invoke (/usr/lib/code/out/vs/workbench/api/node/extensionHostProcess.js:61:145)
    at v.deliver (/usr/lib/code/out/vs/workbench/api/node/extensionHostProcess.js:61:2266)
    at b.fire (/usr/lib/code/out/vs/workbench/api/node/extensionHostProcess.js:61:1844)
    at D.$acceptModelChanged (/usr/lib/code/out/vs/workbench/api/node/extensionHostProcess.js:92:12646)
    at i._doInvokeHandler (/usr/lib/code/out/vs/workbench/api/node/extensionHostProcess.js:100:13680)
    at i._invokeHandler (/usr/lib/code/out/vs/workbench/api/node/extensionHostProcess.js:100:13362)
    at i._receiveRequest (/usr/lib/code/out/vs/workbench/api/node/extensionHostProcess.js:100:12132)
    at i._receiveOneMessage (/usr/lib/code/out/vs/workbench/api/node/extensionHostProcess.js:100:10834)
    at /usr/lib/code/out/vs/workbench/api/node/extensionHostProcess.js:100:8941
    at p.invoke (/usr/lib/code/out/vs/workbench/api/node/extensionHostProcess.js:61:145)
    at v.deliver (/usr/lib/code/out/vs/workbench/api/node/extensionHostProcess.js:61:2266)
    at b.fire (/usr/lib/code/out/vs/workbench/api/node/extensionHostProcess.js:61:1844)
    at c.fire (/usr/lib/code/out/vs/workbench/api/node/extensionHostProcess.js:69:19049)
    at /usr/lib/code/out/vs/workbench/api/node/extensionHostProcess.js:116:17106
    at p.invoke (/usr/lib/code/out/vs/workbench/api/node/extensionHostProcess.js:61:145)
    at v.deliver (/usr/lib/code/out/vs/workbench/api/node/extensionHostProcess.js:61:2266)
    at b.fire (/usr/lib/code/out/vs/workbench/api/node/extensionHostProcess.js:61:1844)
    at c.fire (/usr/lib/code/out/vs/workbench/api/node/extensionHostProcess.js:69:19049)
    at s._receiveMessage (/usr/lib/code/out/vs/workbench/api/node/extensionHostProcess.js:69:23861)
    at /usr/lib/code/out/vs/workbench/api/node/extensionHostProcess.js:69:21304
    at p.invoke (/usr/lib/code/out/vs/workbench/api/node/extensionHostProcess.js:61:145)
    at v.deliver (/usr/lib/code/out/vs/workbench/api/node/extensionHostProcess.js:61:2266)
    at b.fire (/usr/lib/code/out/vs/workbench/api/node/extensionHostProcess.js:61:1844)
    at b.acceptChunk (/usr/lib/code/out/vs/workbench/api/node/extensionHostProcess.js:69:15880)
    at /usr/lib/code/out/vs/workbench/api/node/extensionHostProcess.js:69:15010
    at Socket.d (/usr/lib/code/out/vs/workbench/api/node/extensionHostProcess.js:69:27128)
    at Socket.emit (node:events:526:28)
    at addChunk (node:internal/streams/readable:315:12)
    at readableAddChunk (node:internal/streams/readable:289:9)
    at Socket.Readable.push (node:internal/streams/readable:228:10)
    at Pipe.onStreamRead (node:internal/stream_base_commons:190:23)
[2022-11-23 16:56:43.934] [renderer4] [error] Cannot read properties of undefined (reading 'getRuleStack'): TypeError: Cannot read properties of undefined (reading 'getRuleStack')
    at DocumentDecoration.tokenizeLine (/home/barbarik/.vscode-oss/extensions/coenraads.bracket-pair-colorizer-2-0.1.4-universal/out/src/documentDecoration.js:227:35)
    at DocumentDecoration.onDidChangeTextDocument (/home/barbarik/.vscode-oss/extensions/coenraads.bracket-pair-colorizer-2-0.1.4-universal/out/src/documentDecoration.js:39:30)
    at DocumentDecorationManager.onDidChangeTextDocument (/home/barbarik/.vscode-oss/extensions/coenraads.bracket-pair-colorizer-2-0.1.4-universal/out/src/documentDecorationManager.js:47:32)
    at /home/barbarik/.vscode-oss/extensions/coenraads.bracket-pair-colorizer-2-0.1.4-universal/out/src/extension.js:30:39
    at p.invoke (/usr/lib/code/out/vs/workbench/api/node/extensionHostProcess.js:61:145)
    at v.deliver (/usr/lib/code/out/vs/workbench/api/node/extensionHostProcess.js:61:2266)
    at b.fire (/usr/lib/code/out/vs/workbench/api/node/extensionHostProcess.js:61:1844)
    at D.$acceptModelChanged (/usr/lib/code/out/vs/workbench/api/node/extensionHostProcess.js:92:12646)
    at i._doInvokeHandler (/usr/lib/code/out/vs/workbench/api/node/extensionHostProcess.js:100:13680)
    at i._invokeHandler (/usr/lib/code/out/vs/workbench/api/node/extensionHostProcess.js:100:13362)
    at i._receiveRequest (/usr/lib/code/out/vs/workbench/api/node/extensionHostProcess.js:100:12132)
    at i._receiveOneMessage (/usr/lib/code/out/vs/workbench/api/node/extensionHostProcess.js:100:10834)
    at /usr/lib/code/out/vs/workbench/api/node/extensionHostProcess.js:100:8941
    at p.invoke (/usr/lib/code/out/vs/workbench/api/node/extensionHostProcess.js:61:145)
    at v.deliver (/usr/lib/code/out/vs/workbench/api/node/extensionHostProcess.js:61:2266)
    at b.fire (/usr/lib/code/out/vs/workbench/api/node/extensionHostProcess.js:61:1844)
    at c.fire (/usr/lib/code/out/vs/workbench/api/node/extensionHostProcess.js:69:19049)
    at /usr/lib/code/out/vs/workbench/api/node/extensionHostProcess.js:116:17106
    at p.invoke (/usr/lib/code/out/vs/workbench/api/node/extensionHostProcess.js:61:145)
    at v.deliver (/usr/lib/code/out/vs/workbench/api/node/extensionHostProcess.js:61:2266)
    at b.fire (/usr/lib/code/out/vs/workbench/api/node/extensionHostProcess.js:61:1844)
    at c.fire (/usr/lib/code/out/vs/workbench/api/node/extensionHostProcess.js:69:19049)
    at s._receiveMessage (/usr/lib/code/out/vs/workbench/api/node/extensionHostProcess.js:69:23861)
    at /usr/lib/code/out/vs/workbench/api/node/extensionHostProcess.js:69:21304
    at p.invoke (/usr/lib/code/out/vs/workbench/api/node/extensionHostProcess.js:61:145)
    at v.deliver (/usr/lib/code/out/vs/workbench/api/node/extensionHostProcess.js:61:2266)
    at b.fire (/usr/lib/code/out/vs/workbench/api/node/extensionHostProcess.js:61:1844)
    at b.acceptChunk (/usr/lib/code/out/vs/workbench/api/node/extensionHostProcess.js:69:15880)
    at /usr/lib/code/out/vs/workbench/api/node/extensionHostProcess.js:69:15010
    at Socket.d (/usr/lib/code/out/vs/workbench/api/node/extensionHostProcess.js:69:27128)
    at Socket.emit (node:events:526:28)
    at addChunk (node:internal/streams/readable:315:12)
    at readableAddChunk (node:internal/streams/readable:289:9)
    at Socket.Readable.push (node:internal/streams/readable:228:10)
    at Pipe.onStreamRead (node:internal/stream_base_commons:190:23)
[2022-11-23 16:56:45.083] [renderer4] [error] Cannot read properties of undefined (reading 'getRuleStack'): TypeError: Cannot read properties of undefined (reading 'getRuleStack')
    at DocumentDecoration.tokenizeLine (/home/barbarik/.vscode-oss/extensions/coenraads.bracket-pair-colorizer-2-0.1.4-universal/out/src/documentDecoration.js:227:35)
    at DocumentDecoration.onDidChangeTextDocument (/home/barbarik/.vscode-oss/extensions/coenraads.bracket-pair-colorizer-2-0.1.4-universal/out/src/documentDecoration.js:39:30)
    at DocumentDecorationManager.onDidChangeTextDocument (/home/barbarik/.vscode-oss/extensions/coenraads.bracket-pair-colorizer-2-0.1.4-universal/out/src/documentDecorationManager.js:47:32)
    at /home/barbarik/.vscode-oss/extensions/coenraads.bracket-pair-colorizer-2-0.1.4-universal/out/src/extension.js:30:39
    at p.invoke (/usr/lib/code/out/vs/workbench/api/node/extensionHostProcess.js:61:145)
    at v.deliver (/usr/lib/code/out/vs/workbench/api/node/extensionHostProcess.js:61:2266)
    at b.fire (/usr/lib/code/out/vs/workbench/api/node/extensionHostProcess.js:61:1844)
    at D.$acceptModelChanged (/usr/lib/code/out/vs/workbench/api/node/extensionHostProcess.js:92:12646)
    at i._doInvokeHandler (/usr/lib/code/out/vs/workbench/api/node/extensionHostProcess.js:100:13680)
    at i._invokeHandler (/usr/lib/code/out/vs/workbench/api/node/extensionHostProcess.js:100:13362)
    at i._receiveRequest (/usr/lib/code/out/vs/workbench/api/node/extensionHostProcess.js:100:12132)
    at i._receiveOneMessage (/usr/lib/code/out/vs/workbench/api/node/extensionHostProcess.js:100:10834)
    at /usr/lib/code/out/vs/workbench/api/node/extensionHostProcess.js:100:8941
    at p.invoke (/usr/lib/code/out/vs/workbench/api/node/extensionHostProcess.js:61:145)
    at v.deliver (/usr/lib/code/out/vs/workbench/api/node/extensionHostProcess.js:61:2266)
    at b.fire (/usr/lib/code/out/vs/workbench/api/node/extensionHostProcess.js:61:1844)
    at c.fire (/usr/lib/code/out/vs/workbench/api/node/extensionHostProcess.js:69:19049)
    at /usr/lib/code/out/vs/workbench/api/node/extensionHostProcess.js:116:17106
    at p.invoke (/usr/lib/code/out/vs/workbench/api/node/extensionHostProcess.js:61:145)
    at v.deliver (/usr/lib/code/out/vs/workbench/api/node/extensionHostProcess.js:61:2266)
    at b.fire (/usr/lib/code/out/vs/workbench/api/node/extensionHostProcess.js:61:1844)
    at c.fire (/usr/lib/code/out/vs/workbench/api/node/extensionHostProcess.js:69:19049)
    at s._receiveMessage (/usr/lib/code/out/vs/workbench/api/node/extensionHostProcess.js:69:23861)
    at /usr/lib/code/out/vs/workbench/api/node/extensionHostProcess.js:69:21304
    at p.invoke (/usr/lib/code/out/vs/workbench/api/node/extensionHostProcess.js:61:145)
    at v.deliver (/usr/lib/code/out/vs/workbench/api/node/extensionHostProcess.js:61:2266)
    at b.fire (/usr/lib/code/out/vs/workbench/api/node/extensionHostProcess.js:61:1844)
    at b.acceptChunk (/usr/lib/code/out/vs/workbench/api/node/extensionHostProcess.js:69:15880)
    at /usr/lib/code/out/vs/workbench/api/node/extensionHostProcess.js:69:15010
    at Socket.d (/usr/lib/code/out/vs/workbench/api/node/extensionHostProcess.js:69:27128)
    at Socket.emit (node:events:526:28)
    at addChunk (node:internal/streams/readable:315:12)
    at readableAddChunk (node:internal/streams/readable:289:9)
    at Socket.Readable.push (node:internal/streams/readable:228:10)
    at Pipe.onStreamRead (node:internal/stream_base_commons:190:23)
[2022-11-23 16:56:46.087] [renderer4] [error] Cannot read properties of undefined (reading 'getRuleStack'): TypeError: Cannot read properties of undefined (reading 'getRuleStack')
    at DocumentDecoration.tokenizeLine (/home/barbarik/.vscode-oss/extensions/coenraads.bracket-pair-colorizer-2-0.1.4-universal/out/src/documentDecoration.js:227:35)
    at DocumentDecoration.onDidChangeTextDocument (/home/barbarik/.vscode-oss/extensions/coenraads.bracket-pair-colorizer-2-0.1.4-universal/out/src/documentDecoration.js:39:30)
    at DocumentDecorationManager.onDidChangeTextDocument (/home/barbarik/.vscode-oss/extensions/coenraads.bracket-pair-colorizer-2-0.1.4-universal/out/src/documentDecorationManager.js:47:32)
    at /home/barbarik/.vscode-oss/extensions/coenraads.bracket-pair-colorizer-2-0.1.4-universal/out/src/extension.js:30:39
    at p.invoke (/usr/lib/code/out/vs/workbench/api/node/extensionHostProcess.js:61:145)
    at v.deliver (/usr/lib/code/out/vs/workbench/api/node/extensionHostProcess.js:61:2266)
    at b.fire (/usr/lib/code/out/vs/workbench/api/node/extensionHostProcess.js:61:1844)
    at D.$acceptModelChanged (/usr/lib/code/out/vs/workbench/api/node/extensionHostProcess.js:92:12646)
    at i._doInvokeHandler (/usr/lib/code/out/vs/workbench/api/node/extensionHostProcess.js:100:13680)
    at i._invokeHandler (/usr/lib/code/out/vs/workbench/api/node/extensionHostProcess.js:100:13362)
    at i._receiveRequest (/usr/lib/code/out/vs/workbench/api/node/extensionHostProcess.js:100:12132)
    at i._receiveOneMessage (/usr/lib/code/out/vs/workbench/api/node/extensionHostProcess.js:100:10834)
    at /usr/lib/code/out/vs/workbench/api/node/extensionHostProcess.js:100:8941
    at p.invoke (/usr/lib/code/out/vs/workbench/api/node/extensionHostProcess.js:61:145)
    at v.deliver (/usr/lib/code/out/vs/workbench/api/node/extensionHostProcess.js:61:2266)
    at b.fire (/usr/lib/code/out/vs/workbench/api/node/extensionHostProcess.js:61:1844)
    at c.fire (/usr/lib/code/out/vs/workbench/api/node/extensionHostProcess.js:69:19049)
    at /usr/lib/code/out/vs/workbench/api/node/extensionHostProcess.js:116:17106
    at p.invoke (/usr/lib/code/out/vs/workbench/api/node/extensionHostProcess.js:61:145)
    at v.deliver (/usr/lib/code/out/vs/workbench/api/node/extensionHostProcess.js:61:2266)
    at b.fire (/usr/lib/code/out/vs/workbench/api/node/extensionHostProcess.js:61:1844)
    at c.fire (/usr/lib/code/out/vs/workbench/api/node/extensionHostProcess.js:69:19049)
    at s._receiveMessage (/usr/lib/code/out/vs/workbench/api/node/extensionHostProcess.js:69:23861)
    at /usr/lib/code/out/vs/workbench/api/node/extensionHostProcess.js:69:21304
    at p.invoke (/usr/lib/code/out/vs/workbench/api/node/extensionHostProcess.js:61:145)
    at v.deliver (/usr/lib/code/out/vs/workbench/api/node/extensionHostProcess.js:61:2266)
    at b.fire (/usr/lib/code/out/vs/workbench/api/node/extensionHostProcess.js:61:1844)
    at b.acceptChunk (/usr/lib/code/out/vs/workbench/api/node/extensionHostProcess.js:69:15880)
    at /usr/lib/code/out/vs/workbench/api/node/extensionHostProcess.js:69:15010
    at Socket.d (/usr/lib/code/out/vs/workbench/api/node/extensionHostProcess.js:69:27128)
    at Socket.emit (node:events:526:28)
    at addChunk (node:internal/streams/readable:315:12)
    at readableAddChunk (node:internal/streams/readable:289:9)
    at Socket.Readable.push (node:internal/streams/readable:228:10)
    at Pipe.onStreamRead (node:internal/stream_base_commons:190:23)
