2024-08-28 00:44:06.803 [info] Started local extension host with pid 86382.
2024-08-28 00:44:09.616 [info] [perf] Render performance baseline is 54ms
2024-08-28 00:56:52.039 [error] [ExtensionListenerError] Extension 'CoenraadS.bracket-pair-colorizer-2' FAILED to handle event: TypeError: Cannot read properties of undefined (reading 'getRuleStack'): Error: [ExtensionListenerError] Extension 'CoenraadS.bracket-pair-colorizer-2' FAILED to handle event: TypeError: Cannot read properties of undefined (reading 'getRuleStack')
    at i.value (/usr/lib/code/out/vs/workbench/api/node/extensionHostProcess.js:164:21030)
    at n.B (/usr/lib/code/out/vs/workbench/api/node/extensionHostProcess.js:83:737)
    at n.C (/usr/lib/code/out/vs/workbench/api/node/extensionHostProcess.js:83:807)
    at n.fire (/usr/lib/code/out/vs/workbench/api/node/extensionHostProcess.js:83:1023)
    at S.$acceptModelChanged (/usr/lib/code/out/vs/workbench/api/node/extensionHostProcess.js:154:84072)
    at E.S (/usr/lib/code/out/vs/workbench/api/node/extensionHostProcess.js:151:5980)
    at E.Q (/usr/lib/code/out/vs/workbench/api/node/extensionHostProcess.js:151:5746)
    at E.M (/usr/lib/code/out/vs/workbench/api/node/extensionHostProcess.js:151:4778)
    at E.L (/usr/lib/code/out/vs/workbench/api/node/extensionHostProcess.js:151:3605)
    at i.value (/usr/lib/code/out/vs/workbench/api/node/extensionHostProcess.js:151:2297)
    at n.B (/usr/lib/code/out/vs/workbench/api/node/extensionHostProcess.js:83:737)
    at n.fire (/usr/lib/code/out/vs/workbench/api/node/extensionHostProcess.js:83:954)
    at s.fire (/usr/lib/code/out/vs/workbench/api/node/extensionHostProcess.js:97:14453)
    at i.value (/usr/lib/code/out/vs/workbench/api/node/extensionHostProcess.js:177:8655)
    at n.B (/usr/lib/code/out/vs/workbench/api/node/extensionHostProcess.js:83:737)
    at n.fire (/usr/lib/code/out/vs/workbench/api/node/extensionHostProcess.js:83:954)
    at s.fire (/usr/lib/code/out/vs/workbench/api/node/extensionHostProcess.js:97:14453)
    at MessagePortMain.<anonymous> (/usr/lib/code/out/vs/workbench/api/node/extensionHostProcess.js:177:6781)
    at MessagePortMain.emit (node:events:519:28)
    at Object.MessagePortMain._internalPort.emit (node:electron/js2c/utility_init:2:2619)
2024-08-28 00:56:53.448 [error] [ExtensionListenerError] Extension 'CoenraadS.bracket-pair-colorizer-2' FAILED to handle event: TypeError: Cannot read properties of undefined (reading 'getRuleStack'): Error: [ExtensionListenerError] Extension 'CoenraadS.bracket-pair-colorizer-2' FAILED to handle event: TypeError: Cannot read properties of undefined (reading 'getRuleStack')
    at i.value (/usr/lib/code/out/vs/workbench/api/node/extensionHostProcess.js:164:21030)
    at n.B (/usr/lib/code/out/vs/workbench/api/node/extensionHostProcess.js:83:737)
    at n.C (/usr/lib/code/out/vs/workbench/api/node/extensionHostProcess.js:83:807)
    at n.fire (/usr/lib/code/out/vs/workbench/api/node/extensionHostProcess.js:83:1023)
    at S.$acceptModelChanged (/usr/lib/code/out/vs/workbench/api/node/extensionHostProcess.js:154:84072)
    at E.S (/usr/lib/code/out/vs/workbench/api/node/extensionHostProcess.js:151:5980)
    at E.Q (/usr/lib/code/out/vs/workbench/api/node/extensionHostProcess.js:151:5746)
    at E.M (/usr/lib/code/out/vs/workbench/api/node/extensionHostProcess.js:151:4778)
    at E.L (/usr/lib/code/out/vs/workbench/api/node/extensionHostProcess.js:151:3605)
    at i.value (/usr/lib/code/out/vs/workbench/api/node/extensionHostProcess.js:151:2297)
    at n.B (/usr/lib/code/out/vs/workbench/api/node/extensionHostProcess.js:83:737)
    at n.fire (/usr/lib/code/out/vs/workbench/api/node/extensionHostProcess.js:83:954)
    at s.fire (/usr/lib/code/out/vs/workbench/api/node/extensionHostProcess.js:97:14453)
    at i.value (/usr/lib/code/out/vs/workbench/api/node/extensionHostProcess.js:177:8655)
    at n.B (/usr/lib/code/out/vs/workbench/api/node/extensionHostProcess.js:83:737)
    at n.fire (/usr/lib/code/out/vs/workbench/api/node/extensionHostProcess.js:83:954)
    at s.fire (/usr/lib/code/out/vs/workbench/api/node/extensionHostProcess.js:97:14453)
    at MessagePortMain.<anonymous> (/usr/lib/code/out/vs/workbench/api/node/extensionHostProcess.js:177:6781)
    at MessagePortMain.emit (node:events:519:28)
    at Object.MessagePortMain._internalPort.emit (node:electron/js2c/utility_init:2:2619)
2024-08-28 00:56:54.600 [error] [ExtensionListenerError] Extension 'CoenraadS.bracket-pair-colorizer-2' FAILED to handle event: TypeError: Cannot read properties of undefined (reading 'getRuleStack'): Error: [ExtensionListenerError] Extension 'CoenraadS.bracket-pair-colorizer-2' FAILED to handle event: TypeError: Cannot read properties of undefined (reading 'getRuleStack')
    at i.value (/usr/lib/code/out/vs/workbench/api/node/extensionHostProcess.js:164:21030)
    at n.B (/usr/lib/code/out/vs/workbench/api/node/extensionHostProcess.js:83:737)
    at n.C (/usr/lib/code/out/vs/workbench/api/node/extensionHostProcess.js:83:807)
    at n.fire (/usr/lib/code/out/vs/workbench/api/node/extensionHostProcess.js:83:1023)
    at S.$acceptModelChanged (/usr/lib/code/out/vs/workbench/api/node/extensionHostProcess.js:154:84072)
    at E.S (/usr/lib/code/out/vs/workbench/api/node/extensionHostProcess.js:151:5980)
    at E.Q (/usr/lib/code/out/vs/workbench/api/node/extensionHostProcess.js:151:5746)
    at E.M (/usr/lib/code/out/vs/workbench/api/node/extensionHostProcess.js:151:4778)
    at E.L (/usr/lib/code/out/vs/workbench/api/node/extensionHostProcess.js:151:3605)
    at i.value (/usr/lib/code/out/vs/workbench/api/node/extensionHostProcess.js:151:2297)
    at n.B (/usr/lib/code/out/vs/workbench/api/node/extensionHostProcess.js:83:737)
    at n.fire (/usr/lib/code/out/vs/workbench/api/node/extensionHostProcess.js:83:954)
    at s.fire (/usr/lib/code/out/vs/workbench/api/node/extensionHostProcess.js:97:14453)
    at i.value (/usr/lib/code/out/vs/workbench/api/node/extensionHostProcess.js:177:8655)
    at n.B (/usr/lib/code/out/vs/workbench/api/node/extensionHostProcess.js:83:737)
    at n.fire (/usr/lib/code/out/vs/workbench/api/node/extensionHostProcess.js:83:954)
    at s.fire (/usr/lib/code/out/vs/workbench/api/node/extensionHostProcess.js:97:14453)
    at MessagePortMain.<anonymous> (/usr/lib/code/out/vs/workbench/api/node/extensionHostProcess.js:177:6781)
    at MessagePortMain.emit (node:events:519:28)
    at Object.MessagePortMain._internalPort.emit (node:electron/js2c/utility_init:2:2619)
2024-08-28 00:56:55.676 [error] [ExtensionListenerError] Extension 'CoenraadS.bracket-pair-colorizer-2' FAILED to handle event: TypeError: Cannot read properties of undefined (reading 'getRuleStack'): Error: [ExtensionListenerError] Extension 'CoenraadS.bracket-pair-colorizer-2' FAILED to handle event: TypeError: Cannot read properties of undefined (reading 'getRuleStack')
    at i.value (/usr/lib/code/out/vs/workbench/api/node/extensionHostProcess.js:164:21030)
    at n.B (/usr/lib/code/out/vs/workbench/api/node/extensionHostProcess.js:83:737)
    at n.C (/usr/lib/code/out/vs/workbench/api/node/extensionHostProcess.js:83:807)
    at n.fire (/usr/lib/code/out/vs/workbench/api/node/extensionHostProcess.js:83:1023)
    at S.$acceptModelChanged (/usr/lib/code/out/vs/workbench/api/node/extensionHostProcess.js:154:84072)
    at E.S (/usr/lib/code/out/vs/workbench/api/node/extensionHostProcess.js:151:5980)
    at E.Q (/usr/lib/code/out/vs/workbench/api/node/extensionHostProcess.js:151:5746)
    at E.M (/usr/lib/code/out/vs/workbench/api/node/extensionHostProcess.js:151:4778)
    at E.L (/usr/lib/code/out/vs/workbench/api/node/extensionHostProcess.js:151:3605)
    at i.value (/usr/lib/code/out/vs/workbench/api/node/extensionHostProcess.js:151:2297)
    at n.B (/usr/lib/code/out/vs/workbench/api/node/extensionHostProcess.js:83:737)
    at n.fire (/usr/lib/code/out/vs/workbench/api/node/extensionHostProcess.js:83:954)
    at s.fire (/usr/lib/code/out/vs/workbench/api/node/extensionHostProcess.js:97:14453)
    at i.value (/usr/lib/code/out/vs/workbench/api/node/extensionHostProcess.js:177:8655)
    at n.B (/usr/lib/code/out/vs/workbench/api/node/extensionHostProcess.js:83:737)
    at n.fire (/usr/lib/code/out/vs/workbench/api/node/extensionHostProcess.js:83:954)
    at s.fire (/usr/lib/code/out/vs/workbench/api/node/extensionHostProcess.js:97:14453)
    at MessagePortMain.<anonymous> (/usr/lib/code/out/vs/workbench/api/node/extensionHostProcess.js:177:6781)
    at MessagePortMain.emit (node:events:519:28)
    at Object.MessagePortMain._internalPort.emit (node:electron/js2c/utility_init:2:2619)
2024-08-28 00:56:57.024 [error] [ExtensionListenerError] Extension 'CoenraadS.bracket-pair-colorizer-2' FAILED to handle event: TypeError: Cannot read properties of undefined (reading 'getRuleStack'): Error: [ExtensionListenerError] Extension 'CoenraadS.bracket-pair-colorizer-2' FAILED to handle event: TypeError: Cannot read properties of undefined (reading 'getRuleStack')
    at i.value (/usr/lib/code/out/vs/workbench/api/node/extensionHostProcess.js:164:21030)
    at n.B (/usr/lib/code/out/vs/workbench/api/node/extensionHostProcess.js:83:737)
    at n.C (/usr/lib/code/out/vs/workbench/api/node/extensionHostProcess.js:83:807)
    at n.fire (/usr/lib/code/out/vs/workbench/api/node/extensionHostProcess.js:83:1023)
    at S.$acceptModelChanged (/usr/lib/code/out/vs/workbench/api/node/extensionHostProcess.js:154:84072)
    at E.S (/usr/lib/code/out/vs/workbench/api/node/extensionHostProcess.js:151:5980)
    at E.Q (/usr/lib/code/out/vs/workbench/api/node/extensionHostProcess.js:151:5746)
    at E.M (/usr/lib/code/out/vs/workbench/api/node/extensionHostProcess.js:151:4778)
    at E.L (/usr/lib/code/out/vs/workbench/api/node/extensionHostProcess.js:151:3605)
    at i.value (/usr/lib/code/out/vs/workbench/api/node/extensionHostProcess.js:151:2297)
    at n.B (/usr/lib/code/out/vs/workbench/api/node/extensionHostProcess.js:83:737)
    at n.fire (/usr/lib/code/out/vs/workbench/api/node/extensionHostProcess.js:83:954)
    at s.fire (/usr/lib/code/out/vs/workbench/api/node/extensionHostProcess.js:97:14453)
    at i.value (/usr/lib/code/out/vs/workbench/api/node/extensionHostProcess.js:177:8655)
    at n.B (/usr/lib/code/out/vs/workbench/api/node/extensionHostProcess.js:83:737)
    at n.fire (/usr/lib/code/out/vs/workbench/api/node/extensionHostProcess.js:83:954)
    at s.fire (/usr/lib/code/out/vs/workbench/api/node/extensionHostProcess.js:97:14453)
    at MessagePortMain.<anonymous> (/usr/lib/code/out/vs/workbench/api/node/extensionHostProcess.js:177:6781)
    at MessagePortMain.emit (node:events:519:28)
    at Object.MessagePortMain._internalPort.emit (node:electron/js2c/utility_init:2:2619)
2024-08-28 00:56:58.412 [error] [ExtensionListenerError] Extension 'CoenraadS.bracket-pair-colorizer-2' FAILED to handle event: TypeError: Cannot read properties of undefined (reading 'getRuleStack'): Error: [ExtensionListenerError] Extension 'CoenraadS.bracket-pair-colorizer-2' FAILED to handle event: TypeError: Cannot read properties of undefined (reading 'getRuleStack')
    at i.value (/usr/lib/code/out/vs/workbench/api/node/extensionHostProcess.js:164:21030)
    at n.B (/usr/lib/code/out/vs/workbench/api/node/extensionHostProcess.js:83:737)
    at n.C (/usr/lib/code/out/vs/workbench/api/node/extensionHostProcess.js:83:807)
    at n.fire (/usr/lib/code/out/vs/workbench/api/node/extensionHostProcess.js:83:1023)
    at S.$acceptModelChanged (/usr/lib/code/out/vs/workbench/api/node/extensionHostProcess.js:154:84072)
    at E.S (/usr/lib/code/out/vs/workbench/api/node/extensionHostProcess.js:151:5980)
    at E.Q (/usr/lib/code/out/vs/workbench/api/node/extensionHostProcess.js:151:5746)
    at E.M (/usr/lib/code/out/vs/workbench/api/node/extensionHostProcess.js:151:4778)
    at E.L (/usr/lib/code/out/vs/workbench/api/node/extensionHostProcess.js:151:3605)
    at i.value (/usr/lib/code/out/vs/workbench/api/node/extensionHostProcess.js:151:2297)
    at n.B (/usr/lib/code/out/vs/workbench/api/node/extensionHostProcess.js:83:737)
    at n.fire (/usr/lib/code/out/vs/workbench/api/node/extensionHostProcess.js:83:954)
    at s.fire (/usr/lib/code/out/vs/workbench/api/node/extensionHostProcess.js:97:14453)
    at i.value (/usr/lib/code/out/vs/workbench/api/node/extensionHostProcess.js:177:8655)
    at n.B (/usr/lib/code/out/vs/workbench/api/node/extensionHostProcess.js:83:737)
    at n.fire (/usr/lib/code/out/vs/workbench/api/node/extensionHostProcess.js:83:954)
    at s.fire (/usr/lib/code/out/vs/workbench/api/node/extensionHostProcess.js:97:14453)
    at MessagePortMain.<anonymous> (/usr/lib/code/out/vs/workbench/api/node/extensionHostProcess.js:177:6781)
    at MessagePortMain.emit (node:events:519:28)
    at Object.MessagePortMain._internalPort.emit (node:electron/js2c/utility_init:2:2619)
