[46759][1665523842904][main][info]["Booting Postman 9.31.0, linux-5.15.72-1-lts on x64"]
[46759][1665523842906][main][info]["EventBus~initialize - Success"]
[46759][1665523842908][main][info]["Proxy configuration has not been setup"]
[46759][1665523842909][main][info]["CloudProxyManager~init - Success"]
[46759][1665523842916][main][info]["UpdateHandler~init - Success"]
[46759][1665523842918][main][info]["LeaderSelection: Initialized successfully"]
[46759][1665523842919][main][info]["VersionDependencyService: Initialized successfully"]
[46759][1665523842929][main][info]["LinuxAutoUpdater~Cleanup - Initial cleanup successful"]
[46759][1665523842931][main][info]["Generated root certificate for linux"]
[46759][1665523842955][main][info]["GPU detected VID 4318 DID 8089 ACTIVE true"]
[46759][1665523842956][main][info]["GPU detected VID 32902 DID 39876 ACTIVE false"]
[46759][1665523843621][main][info]["RuntimeIPCAgent~started: Success"]
[46759][1665523845298][main][info]["UpdateHandler~app-update-events - Received event",{"name":"checkForElectronVersionUpdated","namespace":"appUpdate"}]
[46759][1665523845312][main][info]["windowManager: First requester booted successfully."]
[46759][1665523845313][main][info]["windowManager~restoreWindows: Restoring requester windows"]
[46759][1665523845313][main][info]["Main~AppEvents - Received booted event for process requester.Version undefined UI Version: undefined Desktop Platform Version: 9.31.0"]
[46759][1665523849811][main][info]["WindowManager~closeHandler - Closed Window (id: 1 )"]
[46759][1665523849836][main][info]["Quitting app"]
[64707][1668740627275][main][info]["Booting Postman 10.1.1, linux-5.15.76-1-lts on x64"]
[64707][1668740627278][main][info]["EventBus~initialize - Success"]
[64707][1668740627280][main][info]["Proxy configuration has not been setup"]
[64707][1668740627281][main][info]["CloudProxyManager~init - Success"]
[64707][1668740627288][main][info]["UpdateHandler~init - Success"]
[64707][1668740627290][main][info]["LeaderSelection: Initialized successfully"]
[64707][1668740627291][main][info]["VersionDependencyService: Initialized successfully"]
[64707][1668740627301][main][info]["LinuxAutoUpdater~Cleanup - Initial cleanup successful"]
[64707][1668740627316][main][info]["GPU detected VID 4318 DID 8089 ACTIVE true"]
[64707][1668740627317][main][info]["GPU detected VID 32902 DID 39876 ACTIVE false"]
[64707][1668740627975][main][info]["RuntimeIPCAgent~started: Success"]
[64707][1668740629454][main][info]["UpdateHandler~app-update-events - Received event",{"name":"checkForElectronVersionUpdated","namespace":"appUpdate"}]
[64707][1668740629456][main][info]["@postman/app-updater: version Updated","9.31.0","10.1.1"]
[64707][1668740629456][main][info]["UpdateHandler~app-update-events - Received event",{"name":"electronVersionUpdated","namespace":"appUpdate","data":{"lastKnownVersion":"9.31.0","currentVersion":"10.1.1"}}]
[64707][1668740629467][main][info]["windowManager: First requester booted successfully."]
[64707][1668740629467][main][info]["windowManager~restoreWindows: Restoring requester windows"]
[64707][1668740629468][main][info]["Main~AppEvents - Received booted event for process requester.Version undefined UI Version: undefined Desktop Platform Version: 10.1.1"]
[64707][1668740641789][main][info]["UpdateHandler~app-update-events - Received event",{"name":"updateElectron","namespace":"appUpdate","data":{"channel":"stable","version":"10.1.1","downloadVersion":"10.1.2","appId":"9a641a4c-35ba-4933-8863-4b0fec80c6a0","userAgent":"Mozilla/5.0 (X11; Linux x86_64) AppleWebKit/537.36 (KHTML, like Gecko) Postman/10.1.1 Chrome/94.0.4606.81 Electron/15.5.7 Safari/537.36","platform":"LINUX","arch":"64","downloadURL":"https://dl.pstmn.io/download/version/10.1.2/linux_64","updateServerDomain":"https://dl.pstmn.io/","additionalParamsString":"installationId=9a641a4c-35ba-4933-8863-4b0fec80c6a0&userId=0&syncEnabled=false&teamPlan=&teamId=0","userId":"0"}}]
[64707][1668740641790][main][info]["LinuxUpdater~downloadUpdate - UpdateInfo received",{"channel":"stable","version":"10.1.1","downloadVersion":"10.1.2","appId":"9a641a4c-35ba-4933-8863-4b0fec80c6a0","userAgent":"Mozilla/5.0 (X11; Linux x86_64) AppleWebKit/537.36 (KHTML, like Gecko) Postman/10.1.1 Chrome/94.0.4606.81 Electron/15.5.7 Safari/537.36","platform":"LINUX","arch":"64","downloadURL":"https://dl.pstmn.io/download/version/10.1.2/linux_64","updateServerDomain":"https://dl.pstmn.io/","additionalParamsString":"installationId=9a641a4c-35ba-4933-8863-4b0fec80c6a0&userId=0&syncEnabled=false&teamPlan=&teamId=0","userId":"0"}]
[64707][1668740642977][main][info]["@postman/app-updater: error",{"errno":-13,"code":"EACCES","syscall":"open","path":"/opt/postman/Postman-1668740641790.tar.gz","name":"Error","message":"EACCES: permission denied, open '/opt/postman/Postman-1668740641790.tar.gz'","stack":"Error: EACCES: permission denied, open '/opt/postman/Postman-1668740641790.tar.gz'"},{"packageName":"Postman","eID":"Postman-1668740641790","downloadURL":"https://dl.pstmn.io/download/version/10.1.2/linux_64","downloadDirectory":"/opt/postman","downloadInfo":{"status":"DOWNLOAD_ERROR","error":{"errno":-13,"code":"EACCES","syscall":"open","path":"/opt/postman/Postman-1668740641790.tar.gz"},"downloadDirectory":"/opt/postman"}}]
[64707][1668740642978][main][info]["UpdateHandler~app-update-events - Received event",{"name":"electronAppUpdateError","namespace":"appUpdate","data":{"error":{"errno":-13,"code":"EACCES","syscall":"open","path":"/opt/postman/Postman-1668740641790.tar.gz","name":"Error","message":"EACCES: permission denied, open '/opt/postman/Postman-1668740641790.tar.gz'","stack":"Error: EACCES: permission denied, open '/opt/postman/Postman-1668740641790.tar.gz'"},"updateData":{"packageName":"Postman","eID":"Postman-1668740641790","downloadURL":"https://dl.pstmn.io/download/version/10.1.2/linux_64","downloadDirectory":"/opt/postman","downloadInfo":{"status":"DOWNLOAD_ERROR","error":{"errno":-13,"code":"EACCES","syscall":"open","path":"/opt/postman/Postman-1668740641790.tar.gz"},"downloadDirectory":"/opt/postman"}}}}]
[64707][1668745962011][main][info]["WindowManager~closeHandler - Closed Window (id: 1 )"]
[64707][1668745962023][main][info]["Quitting app"]
[64707][1668745962024][main][info]["apiGitDebugLog - ProcessManager~killFileSystemProcess: Killed File System node process"]
[13134][1668825731359][main][info]["Booting Postman 10.1.1, linux-5.15.76-1-lts on x64"]
[13134][1668825731362][main][info]["EventBus~initialize - Success"]
[13134][1668825731364][main][info]["Proxy configuration has not been setup"]
[13134][1668825731365][main][info]["CloudProxyManager~init - Success"]
[13134][1668825731372][main][info]["UpdateHandler~init - Success"]
[13134][1668825731374][main][info]["LeaderSelection: Initialized successfully"]
[13134][1668825731375][main][info]["VersionDependencyService: Initialized successfully"]
[13134][1668825731384][main][info]["LinuxAutoUpdater~Cleanup - Initial cleanup successful"]
[13134][1668825731396][main][info]["GPU detected VID 4318 DID 8089 ACTIVE true"]
[13134][1668825731396][main][info]["GPU detected VID 32902 DID 39876 ACTIVE false"]
[13134][1668825732219][main][info]["RuntimeIPCAgent~started: Success"]
[13134][1668825733864][main][info]["UpdateHandler~app-update-events - Received event",{"name":"checkForElectronVersionUpdated","namespace":"appUpdate"}]
[13134][1668825733878][main][info]["windowManager: First requester booted successfully."]
[13134][1668825733879][main][info]["windowManager~restoreWindows: Restoring requester windows"]
[13134][1668825733879][main][info]["Main~AppEvents - Received booted event for process requester.Version undefined UI Version: undefined Desktop Platform Version: 10.1.1"]
[13134][1668825745322][main][info]["UpdateHandler~app-update-events - Received event",{"name":"updateElectron","namespace":"appUpdate","data":{"channel":"stable","version":"10.1.1","downloadVersion":"10.1.2","appId":"9a641a4c-35ba-4933-8863-4b0fec80c6a0","userAgent":"Mozilla/5.0 (X11; Linux x86_64) AppleWebKit/537.36 (KHTML, like Gecko) Postman/10.1.1 Chrome/94.0.4606.81 Electron/15.5.7 Safari/537.36","platform":"LINUX","arch":"64","downloadURL":"https://dl.pstmn.io/download/version/10.1.2/linux_64","updateServerDomain":"https://dl.pstmn.io/","additionalParamsString":"installationId=9a641a4c-35ba-4933-8863-4b0fec80c6a0&userId=0&syncEnabled=false&teamPlan=&teamId=0","userId":"0"}}]
[13134][1668825745324][main][info]["LinuxUpdater~downloadUpdate - UpdateInfo received",{"channel":"stable","version":"10.1.1","downloadVersion":"10.1.2","appId":"9a641a4c-35ba-4933-8863-4b0fec80c6a0","userAgent":"Mozilla/5.0 (X11; Linux x86_64) AppleWebKit/537.36 (KHTML, like Gecko) Postman/10.1.1 Chrome/94.0.4606.81 Electron/15.5.7 Safari/537.36","platform":"LINUX","arch":"64","downloadURL":"https://dl.pstmn.io/download/version/10.1.2/linux_64","updateServerDomain":"https://dl.pstmn.io/","additionalParamsString":"installationId=9a641a4c-35ba-4933-8863-4b0fec80c6a0&userId=0&syncEnabled=false&teamPlan=&teamId=0","userId":"0"}]
[13134][1668825746459][main][info]["@postman/app-updater: error",{"errno":-13,"code":"EACCES","syscall":"open","path":"/opt/postman/Postman-1668825745325.tar.gz","name":"Error","message":"EACCES: permission denied, open '/opt/postman/Postman-1668825745325.tar.gz'","stack":"Error: EACCES: permission denied, open '/opt/postman/Postman-1668825745325.tar.gz'"},{"packageName":"Postman","eID":"Postman-1668825745325","downloadURL":"https://dl.pstmn.io/download/version/10.1.2/linux_64","downloadDirectory":"/opt/postman","downloadInfo":{"status":"DOWNLOAD_ERROR","error":{"errno":-13,"code":"EACCES","syscall":"open","path":"/opt/postman/Postman-1668825745325.tar.gz"},"downloadDirectory":"/opt/postman"}}]
[13134][1668825746462][main][info]["UpdateHandler~app-update-events - Received event",{"name":"electronAppUpdateError","namespace":"appUpdate","data":{"error":{"errno":-13,"code":"EACCES","syscall":"open","path":"/opt/postman/Postman-1668825745325.tar.gz","name":"Error","message":"EACCES: permission denied, open '/opt/postman/Postman-1668825745325.tar.gz'","stack":"Error: EACCES: permission denied, open '/opt/postman/Postman-1668825745325.tar.gz'"},"updateData":{"packageName":"Postman","eID":"Postman-1668825745325","downloadURL":"https://dl.pstmn.io/download/version/10.1.2/linux_64","downloadDirectory":"/opt/postman","downloadInfo":{"status":"DOWNLOAD_ERROR","error":{"errno":-13,"code":"EACCES","syscall":"open","path":"/opt/postman/Postman-1668825745325.tar.gz"},"downloadDirectory":"/opt/postman"}}}}]
[13134][1668832236881][main][info]["WindowManager~closeHandler - Closed Window (id: 1 )"]
[13134][1668832236899][main][info]["Quitting app"]
[13134][1668832236899][main][info]["apiGitDebugLog - ProcessManager~killFileSystemProcess: Killed File System node process"]
[316547][1668839542438][main][info]["Booting Postman 10.1.1, linux-5.15.76-1-lts on x64"]
[316547][1668839542442][main][info]["EventBus~initialize - Success"]
[316547][1668839542444][main][info]["Proxy configuration has not been setup"]
[316547][1668839542445][main][info]["CloudProxyManager~init - Success"]
[316547][1668839542456][main][info]["UpdateHandler~init - Success"]
[316547][1668839542458][main][info]["LeaderSelection: Initialized successfully"]
[316547][1668839542459][main][info]["VersionDependencyService: Initialized successfully"]
[316547][1668839542471][main][info]["LinuxAutoUpdater~Cleanup - Initial cleanup successful"]
[316547][1668839542486][main][info]["GPU detected VID 4318 DID 8089 ACTIVE true"]
[316547][1668839542486][main][info]["GPU detected VID 32902 DID 39876 ACTIVE false"]
[316547][1668839543252][main][info]["RuntimeIPCAgent~started: Success"]
[316547][1668839544793][main][info]["UpdateHandler~app-update-events - Received event",{"name":"checkForElectronVersionUpdated","namespace":"appUpdate"}]
[316547][1668839544805][main][info]["windowManager: First requester booted successfully."]
[316547][1668839544805][main][info]["windowManager~restoreWindows: Restoring requester windows"]
[316547][1668839544806][main][info]["Main~AppEvents - Received booted event for process requester.Version undefined UI Version: undefined Desktop Platform Version: 10.1.1"]
[316547][1668839556297][main][info]["UpdateHandler~app-update-events - Received event",{"name":"updateElectron","namespace":"appUpdate","data":{"channel":"stable","version":"10.1.1","downloadVersion":"10.1.2","appId":"9a641a4c-35ba-4933-8863-4b0fec80c6a0","userAgent":"Mozilla/5.0 (X11; Linux x86_64) AppleWebKit/537.36 (KHTML, like Gecko) Postman/10.1.1 Chrome/94.0.4606.81 Electron/15.5.7 Safari/537.36","platform":"LINUX","arch":"64","downloadURL":"https://dl.pstmn.io/download/version/10.1.2/linux_64","updateServerDomain":"https://dl.pstmn.io/","additionalParamsString":"installationId=9a641a4c-35ba-4933-8863-4b0fec80c6a0&userId=0&syncEnabled=false&teamPlan=&teamId=0","userId":"0"}}]
[316547][1668839556298][main][info]["LinuxUpdater~downloadUpdate - UpdateInfo received",{"channel":"stable","version":"10.1.1","downloadVersion":"10.1.2","appId":"9a641a4c-35ba-4933-8863-4b0fec80c6a0","userAgent":"Mozilla/5.0 (X11; Linux x86_64) AppleWebKit/537.36 (KHTML, like Gecko) Postman/10.1.1 Chrome/94.0.4606.81 Electron/15.5.7 Safari/537.36","platform":"LINUX","arch":"64","downloadURL":"https://dl.pstmn.io/download/version/10.1.2/linux_64","updateServerDomain":"https://dl.pstmn.io/","additionalParamsString":"installationId=9a641a4c-35ba-4933-8863-4b0fec80c6a0&userId=0&syncEnabled=false&teamPlan=&teamId=0","userId":"0"}]
[316547][1668839557617][main][info]["@postman/app-updater: error",{"errno":-13,"code":"EACCES","syscall":"open","path":"/opt/postman/Postman-1668839556299.tar.gz","name":"Error","message":"EACCES: permission denied, open '/opt/postman/Postman-1668839556299.tar.gz'","stack":"Error: EACCES: permission denied, open '/opt/postman/Postman-1668839556299.tar.gz'"},{"packageName":"Postman","eID":"Postman-1668839556299","downloadURL":"https://dl.pstmn.io/download/version/10.1.2/linux_64","downloadDirectory":"/opt/postman","downloadInfo":{"status":"DOWNLOAD_ERROR","error":{"errno":-13,"code":"EACCES","syscall":"open","path":"/opt/postman/Postman-1668839556299.tar.gz"},"downloadDirectory":"/opt/postman"}}]
[316547][1668839557617][main][info]["UpdateHandler~app-update-events - Received event",{"name":"electronAppUpdateError","namespace":"appUpdate","data":{"error":{"errno":-13,"code":"EACCES","syscall":"open","path":"/opt/postman/Postman-1668839556299.tar.gz","name":"Error","message":"EACCES: permission denied, open '/opt/postman/Postman-1668839556299.tar.gz'","stack":"Error: EACCES: permission denied, open '/opt/postman/Postman-1668839556299.tar.gz'"},"updateData":{"packageName":"Postman","eID":"Postman-1668839556299","downloadURL":"https://dl.pstmn.io/download/version/10.1.2/linux_64","downloadDirectory":"/opt/postman","downloadInfo":{"status":"DOWNLOAD_ERROR","error":{"errno":-13,"code":"EACCES","syscall":"open","path":"/opt/postman/Postman-1668839556299.tar.gz"},"downloadDirectory":"/opt/postman"}}}}]
[316547][1668865463118][main][info]["WindowManager~closeHandler - Closed Window (id: 1 )"]
[316547][1668865463133][main][info]["Quitting app"]
[316547][1668865463133][main][info]["apiGitDebugLog - ProcessManager~killFileSystemProcess: Killed File System node process"]
[894203][1668867610739][main][info]["Booting Postman 10.1.1, linux-5.15.76-1-lts on x64"]
[894203][1668867610742][main][info]["EventBus~initialize - Success"]
[894203][1668867610744][main][info]["Proxy configuration has not been setup"]
[894203][1668867610744][main][info]["CloudProxyManager~init - Success"]
[894203][1668867610752][main][info]["UpdateHandler~init - Success"]
[894203][1668867610753][main][info]["LeaderSelection: Initialized successfully"]
[894203][1668867610754][main][info]["VersionDependencyService: Initialized successfully"]
[894203][1668867610762][main][info]["LinuxAutoUpdater~Cleanup - Initial cleanup successful"]
[894203][1668867610773][main][info]["GPU detected VID 4318 DID 8089 ACTIVE true"]
[894203][1668867610774][main][info]["GPU detected VID 32902 DID 39876 ACTIVE false"]
[894203][1668867611351][main][info]["RuntimeIPCAgent~started: Success"]
[894203][1668867612836][main][info]["UpdateHandler~app-update-events - Received event",{"name":"checkForElectronVersionUpdated","namespace":"appUpdate"}]
[894203][1668867612851][main][info]["windowManager: First requester booted successfully."]
[894203][1668867612851][main][info]["windowManager~restoreWindows: Restoring requester windows"]
[894203][1668867612851][main][info]["Main~AppEvents - Received booted event for process requester.Version undefined UI Version: undefined Desktop Platform Version: 10.1.1"]
[894203][1668867624385][main][info]["UpdateHandler~app-update-events - Received event",{"name":"updateElectron","namespace":"appUpdate","data":{"channel":"stable","version":"10.1.1","downloadVersion":"10.1.2","appId":"9a641a4c-35ba-4933-8863-4b0fec80c6a0","userAgent":"Mozilla/5.0 (X11; Linux x86_64) AppleWebKit/537.36 (KHTML, like Gecko) Postman/10.1.1 Chrome/94.0.4606.81 Electron/15.5.7 Safari/537.36","platform":"LINUX","arch":"64","downloadURL":"https://dl.pstmn.io/download/version/10.1.2/linux_64","updateServerDomain":"https://dl.pstmn.io/","additionalParamsString":"installationId=9a641a4c-35ba-4933-8863-4b0fec80c6a0&userId=0&syncEnabled=false&teamPlan=&teamId=0","userId":"0"}}]
[894203][1668867624385][main][info]["LinuxUpdater~downloadUpdate - UpdateInfo received",{"channel":"stable","version":"10.1.1","downloadVersion":"10.1.2","appId":"9a641a4c-35ba-4933-8863-4b0fec80c6a0","userAgent":"Mozilla/5.0 (X11; Linux x86_64) AppleWebKit/537.36 (KHTML, like Gecko) Postman/10.1.1 Chrome/94.0.4606.81 Electron/15.5.7 Safari/537.36","platform":"LINUX","arch":"64","downloadURL":"https://dl.pstmn.io/download/version/10.1.2/linux_64","updateServerDomain":"https://dl.pstmn.io/","additionalParamsString":"installationId=9a641a4c-35ba-4933-8863-4b0fec80c6a0&userId=0&syncEnabled=false&teamPlan=&teamId=0","userId":"0"}]
[894203][1668867625219][main][info]["@postman/app-updater: error",{"errno":-13,"code":"EACCES","syscall":"open","path":"/opt/postman/Postman-1668867624386.tar.gz","name":"Error","message":"EACCES: permission denied, open '/opt/postman/Postman-1668867624386.tar.gz'","stack":"Error: EACCES: permission denied, open '/opt/postman/Postman-1668867624386.tar.gz'"},{"packageName":"Postman","eID":"Postman-1668867624386","downloadURL":"https://dl.pstmn.io/download/version/10.1.2/linux_64","downloadDirectory":"/opt/postman","downloadInfo":{"status":"DOWNLOAD_ERROR","error":{"errno":-13,"code":"EACCES","syscall":"open","path":"/opt/postman/Postman-1668867624386.tar.gz"},"downloadDirectory":"/opt/postman"}}]
[894203][1668867625219][main][info]["UpdateHandler~app-update-events - Received event",{"name":"electronAppUpdateError","namespace":"appUpdate","data":{"error":{"errno":-13,"code":"EACCES","syscall":"open","path":"/opt/postman/Postman-1668867624386.tar.gz","name":"Error","message":"EACCES: permission denied, open '/opt/postman/Postman-1668867624386.tar.gz'","stack":"Error: EACCES: permission denied, open '/opt/postman/Postman-1668867624386.tar.gz'"},"updateData":{"packageName":"Postman","eID":"Postman-1668867624386","downloadURL":"https://dl.pstmn.io/download/version/10.1.2/linux_64","downloadDirectory":"/opt/postman","downloadInfo":{"status":"DOWNLOAD_ERROR","error":{"errno":-13,"code":"EACCES","syscall":"open","path":"/opt/postman/Postman-1668867624386.tar.gz"},"downloadDirectory":"/opt/postman"}}}}]
[894203][1668868840581][main][info]["WindowManager~closeHandler - Closed Window (id: 1 )"]
[894203][1668868840595][main][info]["Quitting app"]
[894203][1668868840596][main][info]["apiGitDebugLog - ProcessManager~killFileSystemProcess: Killed File System node process"]
[9768][1680794491429][main][info]["Booting Postman 10.12.0, linux-6.1.21-1-lts on x64"]
[9768][1680794491433][main][info]["EventBus~initialize - Success"]
[9768][1680794491436][main][info]["Proxy configuration has not been setup"]
[9768][1680794491437][main][info]["CloudProxyManager~init - Success"]
[9768][1680794491441][main][info]["performShellDataMigration: Starting shell data migration"]
[9768][1680794491442][main][info]["migrateShellData:Starting"]
[9768][1680794491460][main][info]["migrateShellData: Old storage cleaned up"]
[9768][1680794491718][main][info]["migrateShellData: Got data from shell. Writing to storage"]
[9768][1680794491724][main][info]["performShellDataMigration: Migration successful on try count 1"]
[9768][1680794491731][main][info]["UpdateHandler~init - Success"]
[9768][1680794491734][main][info]["LeaderSelection: Initialized successfully"]
[9768][1680794491734][main][info]["VersionDependencyService: Initialized successfully"]
[9768][1680794491743][main][info]["LinuxAutoUpdater~Cleanup - Initial cleanup successful"]
[9768][1680794491754][main][info]["GPU detected VID 4318 DID 8089 ACTIVE true"]
[9768][1680794491754][main][info]["GPU detected VID 32902 DID 39876 ACTIVE false"]
[9768][1680794491770][main][info]["shellController~init: Success"]
[9768][1680794491773][main][info]["shellMeta~init: Success"]
[9768][1680794491773][main][info]["partitionMigrationService: State of V7 partition:"]
[9768][1680794491774][main][info]["partitionMigrationService: V7 partitions",[]]
[9768][1680794491774][main][info]["partitionMigrationService~rectifyNamespaceOfScratchPadPartition: There is no partition with scratchpad namespace"]
[9768][1680794491774][main][info]["partitionMigrationService~rectifyNamespaceOfScratchPadPartition: There is no transit partition which could have been used for scratchpad"]
[9768][1680794491774][main][info]["partitionMigrationService~init: Success"]
[9768][1680794491781][main][info]["partitionMigrationService~runV8PartitionsIntegrity: Two way migration~ removing the following partitions from v8",[]]
[9768][1680794491784][main][info]["userPartitionService~_rectifyTheActivePartitionOfApplication: Setting the active partition to ",null]
[9768][1680794491789][main][info]["userPartitionService~init: Success"]
[9768][1680794491799][main][info]["userPartitionService: State of v8 partition system:"]
[9768][1680794491801][main][info]["shell~init~getPartitionToLoad: loading scratchpad partition"]
[9768][1680794491803][main][info]["userPartitionService: List of partitions:",[{"partitionId":"b1430902-71a8-4e7d-a80d-76538b1c227d","namespace":"scratchPad","userId":0,"teamId":0,"isDirty":false}]]
[9768][1680794491803][main][info]["userPartitionService: users global meta:",{}]
[9768][1680794493751][main][info]["RuntimeIPCAgent~started: Success"]
[9768][1680794493976][main][info]["UpdateHandler~app-update-events - Received event",{"name":"checkForElectronVersionUpdated","namespace":"appUpdate"}]
[9768][1680794493977][main][info]["@postman/app-updater: version Updated","10.1.1","10.12.0"]
[9768][1680794493978][main][info]["UpdateHandler~app-update-events - Received event",{"name":"electronVersionUpdated","namespace":"appUpdate","data":{"lastKnownVersion":"10.1.1","currentVersion":"10.12.0"}}]
[9768][1680794493990][main][info]["windowManager: First requester booted successfully."]
[9768][1680794493991][main][info]["windowManager~restoreWindows: Restoring requester windows"]
[9768][1680794493991][main][info]["Main~AppEvents - Received booted event for process requester.Version undefined UI Version: undefined Desktop Platform Version: 10.12.0"]
[9768][1680794506156][main][info]["WindowManager~closeHandler - Closed Window (id: 2 )"]
[9768][1680794506172][main][info]["Quitting app"]
