[46759][1665523843264][shell][info]["EventBus~initialize - Success"]
[46759][1665523843271][shell][info]["bootShellCrashReporter~ Success"]
[46759][1665523843623][shell][info]["shellController~init: Success"]
[46759][1665523843623][shell][info]["shellMeta~init: Success"]
[46759][1665523843624][shell][info]["partitionMigrationService: State of V7 partition:"]
[46759][1665523843624][shell][info]["partitionMigrationService: V7 partitions",[]]
[46759][1665523843624][shell][info]["partitionMigrationService: V7 lastActiveUser",null]
[46759][1665523843625][shell][info]["partitionMigrationService: V7 activePartition",null]
[46759][1665523843625][shell][info]["partitionMigrationService: V7 isPartitionDirty",null]
[46759][1665523843625][shell][info]["partitionMigrationService~rectifyNamespaceOfScratchPadPartition: There is no partition with scratchpad namespace"]
[46759][1665523843625][shell][info]["partitionMigrationService~rectifyNamespaceOfScratchPadPartition: There is no transit partition which could have been used for scratchpad"]
[46759][1665523843626][shell][info]["partitionMigrationService~init: Success"]
[46759][1665523843626][shell][info]["partitionMigrationService~runV8PartitionsIntegrity: Two way migration~ removing the following partitions from v8",[]]
[46759][1665523843626][shell][info]["userPartitionService~_rectifyTheActivePartitionOfApplication: Setting the active partition to ",null]
[46759][1665523843627][shell][info]["userPartitionService~init: Success"]
[46759][1665523843627][shell][info]["userPartitionService: State of v8 partition system:"]
[46759][1665523843627][shell][info]["userPartitionService: List of partitions:",[]]
[46759][1665523843627][shell][info]["userPartitionService: users global meta:",{"activePartition":null}]
[46759][1665523843628][shell][info]["shell~init~getPartitionToLoad: loading scratchpad partition"]
[46759][1665523843630][shell][info]["init~setViewAttributes - Initializing view with opts:"]
[46759][1665523843631][shell][info]["verifyPartitionIdWithMain: Verifying partition ID from main process"]
[46759][1665523843632][shell][info]["Shell~init~setViewAttributes: passing scratchpad partition id as ","b1430902-71a8-4e7d-a80d-76538b1c227d"]
[46759][1665523843632][shell][info]["Shell~init~setViewAttributes: do we have any logged in users? ",false]
[46759][1665523843633][shell][info]["init~setViewAttributes - Success"]
[46759][1665523843635][shell][info]["verifyPartitionIdWithMain: Bailing out as migration has not been done"]
[46759][1665523845313][shell][info]["Shell~init~sendUsersDataToRenderer",[]]
[64707][1668740627621][shell][info]["EventBus~initialize - Success"]
[64707][1668740627628][shell][info]["bootShellCrashReporter~ Success"]
[64707][1668740627978][shell][info]["shellController~init: Success"]
[64707][1668740627978][shell][info]["shellMeta~init: Success"]
[64707][1668740627979][shell][info]["partitionMigrationService: State of V7 partition:"]
[64707][1668740627979][shell][info]["partitionMigrationService: V7 partitions",[]]
[64707][1668740627979][shell][info]["partitionMigrationService: V7 lastActiveUser",null]
[64707][1668740627980][shell][info]["partitionMigrationService: V7 activePartition",null]
[64707][1668740627980][shell][info]["partitionMigrationService: V7 isPartitionDirty",null]
[64707][1668740627980][shell][info]["partitionMigrationService~init: Success"]
[64707][1668740627981][shell][info]["partitionMigrationService~runV8PartitionsIntegrity: Two way migration~ removing the following partitions from v8",[]]
[64707][1668740627981][shell][info]["userPartitionService~_rectifyTheActivePartitionOfApplication: Setting the active partition to ",null]
[64707][1668740627982][shell][info]["userPartitionService~init: Success"]
[64707][1668740627982][shell][info]["userPartitionService: State of v8 partition system:"]
[64707][1668740627982][shell][info]["userPartitionService: List of partitions:",[{"partitionId":"b1430902-71a8-4e7d-a80d-76538b1c227d","namespace":"scratchPad","userId":0,"teamId":0,"isDirty":false}]]
[64707][1668740627982][shell][info]["userPartitionService: users global meta:",{"activePartition":null}]
[64707][1668740627983][shell][info]["shell~init~getPartitionToLoad: loading scratchpad partition"]
[64707][1668740627984][shell][info]["init~setViewAttributes - Initializing view with opts:"]
[64707][1668740627985][shell][info]["verifyPartitionIdWithMain: Verifying partition ID from main process"]
[64707][1668740627985][shell][info]["Shell~init~setViewAttributes: passing scratchpad partition id as ","b1430902-71a8-4e7d-a80d-76538b1c227d"]
[64707][1668740627985][shell][info]["Shell~init~setViewAttributes: do we have any logged in users? ",false]
[64707][1668740627986][shell][info]["init~setViewAttributes - Success"]
[64707][1668740627993][shell][info]["verifyPartitionIdWithMain: Bailing out as migration has not been done"]
[64707][1668740629467][shell][info]["Shell~init~sendUsersDataToRenderer",[]]
[13134][1668825731688][shell][info]["EventBus~initialize - Success"]
[13134][1668825731696][shell][info]["bootShellCrashReporter~ Success"]
[13134][1668825732221][shell][info]["shellController~init: Success"]
[13134][1668825732222][shell][info]["shellMeta~init: Success"]
[13134][1668825732222][shell][info]["partitionMigrationService: State of V7 partition:"]
[13134][1668825732223][shell][info]["partitionMigrationService: V7 partitions",[]]
[13134][1668825732223][shell][info]["partitionMigrationService: V7 lastActiveUser",null]
[13134][1668825732223][shell][info]["partitionMigrationService: V7 activePartition",null]
[13134][1668825732224][shell][info]["partitionMigrationService: V7 isPartitionDirty",null]
[13134][1668825732224][shell][info]["partitionMigrationService~init: Success"]
[13134][1668825732224][shell][info]["partitionMigrationService~runV8PartitionsIntegrity: Two way migration~ removing the following partitions from v8",[]]
[13134][1668825732225][shell][info]["userPartitionService~_rectifyTheActivePartitionOfApplication: Setting the active partition to ",null]
[13134][1668825732225][shell][info]["userPartitionService~init: Success"]
[13134][1668825732226][shell][info]["userPartitionService: State of v8 partition system:"]
[13134][1668825732226][shell][info]["userPartitionService: List of partitions:",[{"partitionId":"b1430902-71a8-4e7d-a80d-76538b1c227d","namespace":"scratchPad","userId":0,"teamId":0,"isDirty":false}]]
[13134][1668825732226][shell][info]["userPartitionService: users global meta:",{"activePartition":null}]
[13134][1668825732226][shell][info]["shell~init~getPartitionToLoad: loading scratchpad partition"]
[13134][1668825732227][shell][info]["init~setViewAttributes - Initializing view with opts:"]
[13134][1668825732229][shell][info]["verifyPartitionIdWithMain: Verifying partition ID from main process"]
[13134][1668825732229][shell][info]["Shell~init~setViewAttributes: passing scratchpad partition id as ","b1430902-71a8-4e7d-a80d-76538b1c227d"]
[13134][1668825732229][shell][info]["Shell~init~setViewAttributes: do we have any logged in users? ",false]
[13134][1668825732230][shell][info]["init~setViewAttributes - Success"]
[13134][1668825732238][shell][info]["verifyPartitionIdWithMain: Bailing out as migration has not been done"]
[13134][1668825733878][shell][info]["Shell~init~sendUsersDataToRenderer",[]]
[316547][1668839542765][shell][info]["EventBus~initialize - Success"]
[316547][1668839542772][shell][info]["bootShellCrashReporter~ Success"]
[316547][1668839543254][shell][info]["shellController~init: Success"]
[316547][1668839543254][shell][info]["shellMeta~init: Success"]
[316547][1668839543254][shell][info]["partitionMigrationService: State of V7 partition:"]
[316547][1668839543255][shell][info]["partitionMigrationService: V7 partitions",[]]
[316547][1668839543255][shell][info]["partitionMigrationService: V7 lastActiveUser",null]
[316547][1668839543255][shell][info]["partitionMigrationService: V7 activePartition",null]
[316547][1668839543255][shell][info]["partitionMigrationService: V7 isPartitionDirty",null]
[316547][1668839543256][shell][info]["partitionMigrationService~init: Success"]
[316547][1668839543256][shell][info]["partitionMigrationService~runV8PartitionsIntegrity: Two way migration~ removing the following partitions from v8",[]]
[316547][1668839543256][shell][info]["userPartitionService~_rectifyTheActivePartitionOfApplication: Setting the active partition to ",null]
[316547][1668839543257][shell][info]["userPartitionService~init: Success"]
[316547][1668839543257][shell][info]["userPartitionService: State of v8 partition system:"]
[316547][1668839543257][shell][info]["userPartitionService: List of partitions:",[{"partitionId":"b1430902-71a8-4e7d-a80d-76538b1c227d","namespace":"scratchPad","userId":0,"teamId":0,"isDirty":false}]]
[316547][1668839543258][shell][info]["userPartitionService: users global meta:",{"activePartition":null}]
[316547][1668839543258][shell][info]["shell~init~getPartitionToLoad: loading scratchpad partition"]
[316547][1668839543259][shell][info]["init~setViewAttributes - Initializing view with opts:"]
[316547][1668839543260][shell][info]["verifyPartitionIdWithMain: Verifying partition ID from main process"]
[316547][1668839543260][shell][info]["Shell~init~setViewAttributes: passing scratchpad partition id as ","b1430902-71a8-4e7d-a80d-76538b1c227d"]
[316547][1668839543260][shell][info]["Shell~init~setViewAttributes: do we have any logged in users? ",false]
[316547][1668839543261][shell][info]["init~setViewAttributes - Success"]
[316547][1668839543268][shell][info]["verifyPartitionIdWithMain: Bailing out as migration has not been done"]
[316547][1668839544805][shell][info]["Shell~init~sendUsersDataToRenderer",[]]
[894203][1668867610999][shell][info]["EventBus~initialize - Success"]
[894203][1668867611005][shell][info]["bootShellCrashReporter~ Success"]
[894203][1668867611354][shell][info]["shellController~init: Success"]
[894203][1668867611354][shell][info]["shellMeta~init: Success"]
[894203][1668867611355][shell][info]["partitionMigrationService: State of V7 partition:"]
[894203][1668867611355][shell][info]["partitionMigrationService: V7 partitions",[]]
[894203][1668867611355][shell][info]["partitionMigrationService: V7 lastActiveUser",null]
[894203][1668867611356][shell][info]["partitionMigrationService: V7 activePartition",null]
[894203][1668867611356][shell][info]["partitionMigrationService: V7 isPartitionDirty",null]
[894203][1668867611357][shell][info]["partitionMigrationService~init: Success"]
[894203][1668867611357][shell][info]["partitionMigrationService~runV8PartitionsIntegrity: Two way migration~ removing the following partitions from v8",[]]
[894203][1668867611357][shell][info]["userPartitionService~_rectifyTheActivePartitionOfApplication: Setting the active partition to ",null]
[894203][1668867611358][shell][info]["userPartitionService~init: Success"]
[894203][1668867611358][shell][info]["userPartitionService: State of v8 partition system:"]
[894203][1668867611359][shell][info]["userPartitionService: List of partitions:",[{"partitionId":"b1430902-71a8-4e7d-a80d-76538b1c227d","namespace":"scratchPad","userId":0,"teamId":0,"isDirty":false}]]
[894203][1668867611359][shell][info]["userPartitionService: users global meta:",{"activePartition":null}]
[894203][1668867611359][shell][info]["shell~init~getPartitionToLoad: loading scratchpad partition"]
[894203][1668867611360][shell][info]["init~setViewAttributes - Initializing view with opts:"]
[894203][1668867611362][shell][info]["verifyPartitionIdWithMain: Verifying partition ID from main process"]
[894203][1668867611363][shell][info]["Shell~init~setViewAttributes: passing scratchpad partition id as ","b1430902-71a8-4e7d-a80d-76538b1c227d"]
[894203][1668867611363][shell][info]["Shell~init~setViewAttributes: do we have any logged in users? ",false]
[894203][1668867611364][shell][info]["init~setViewAttributes - Success"]
[894203][1668867611371][shell][info]["verifyPartitionIdWithMain: Bailing out as migration has not been done"]
[894203][1668867612851][shell][info]["Shell~init~sendUsersDataToRenderer",[]]
