2024-08-27 18:48:24.358 [info] [main] Log level: Info
2024-08-27 18:48:24.358 [info] [main] Validating found git in: "git"
2024-08-27 18:48:24.358 [info] [main] Using git "2.46.0" from "git"
2024-08-27 18:48:24.358 [info] [Model][doInitialScan] Initial repository scan started
2024-08-27 18:48:24.358 [info] > git rev-parse --show-toplevel [14ms]
2024-08-27 18:48:24.358 [info] > git rev-parse --show-toplevel [7ms]
2024-08-27 18:48:24.358 [info] [Model][doInitialScan] Initial repository scan completed - repositories (0), closed repositories (0), parent repositories (0), unsafe repositories (0)
2024-08-27 18:48:25.024 [info] > git rev-parse --show-toplevel [2ms]
2024-08-27 18:50:30.717 [info] > git rev-parse --show-toplevel [3ms]
2024-08-27 18:53:33.165 [info] > git rev-parse --show-toplevel [85ms]
2024-08-27 18:54:43.112 [info] > git rev-parse --show-toplevel [1ms]
2024-08-27 18:54:51.558 [info] > git rev-parse --show-toplevel [2ms]
2024-08-27 18:54:53.005 [info] > git rev-parse --show-toplevel [4ms]
2024-08-27 18:55:01.343 [info] > git rev-parse --show-toplevel [2ms]
2024-08-27 18:55:04.996 [info] > git rev-parse --show-toplevel [3ms]
2024-08-27 19:06:52.509 [info] > git rev-parse --show-toplevel [2ms]
2024-08-27 19:06:57.617 [info] > git rev-parse --show-toplevel [4ms]
2024-08-27 19:08:01.283 [info] > git rev-parse --show-toplevel [3ms]
2024-08-27 19:10:11.644 [info] > git rev-parse --show-toplevel [3ms]
2024-08-27 19:11:24.480 [info] > git rev-parse --show-toplevel [6ms]
2024-08-27 19:12:38.061 [info] > git rev-parse --show-toplevel [3ms]
2024-08-27 19:13:08.092 [info] > git rev-parse --show-toplevel [2ms]
2024-08-27 19:14:48.607 [info] > git rev-parse --show-toplevel [2ms]
2024-08-27 19:14:49.692 [info] > git rev-parse --show-toplevel [2ms]
2024-08-27 19:14:51.580 [info] > git rev-parse --show-toplevel [3ms]
2024-08-27 19:17:45.594 [info] > git rev-parse --show-toplevel [3ms]
2024-08-27 19:18:05.878 [info] > git rev-parse --show-toplevel [3ms]
2024-08-27 19:19:44.275 [info] > git rev-parse --show-toplevel [1ms]
2024-08-27 19:19:47.544 [info] > git rev-parse --show-toplevel [3ms]
2024-08-27 19:20:21.555 [info] > git rev-parse --show-toplevel [1ms]
2024-08-27 19:20:27.271 [info] > git rev-parse --show-toplevel [3ms]
2024-08-27 19:20:30.252 [info] > git rev-parse --show-toplevel [1ms]
2024-08-27 19:20:42.093 [info] > git rev-parse --show-toplevel [1ms]
2024-08-27 19:20:52.001 [info] > git rev-parse --show-toplevel [2ms]
2024-08-27 19:21:03.522 [info] > git rev-parse --show-toplevel [2ms]
2024-08-27 19:23:06.557 [info] > git rev-parse --show-toplevel [3ms]
2024-08-27 19:42:21.267 [info] > git rev-parse --show-toplevel [2ms]
2024-08-27 19:44:53.287 [info] > git rev-parse --show-toplevel [4ms]
2024-08-27 19:46:29.862 [info] > git rev-parse --show-toplevel [2ms]
2024-08-27 19:46:53.819 [info] > git rev-parse --show-toplevel [4ms]
2024-08-27 19:56:22.868 [info] > git rev-parse --show-toplevel [3ms]
2024-08-27 19:56:25.265 [info] > git rev-parse --show-toplevel [2ms]
2024-08-27 19:58:03.219 [info] > git rev-parse --show-toplevel [2ms]
2024-08-27 20:01:43.985 [info] > git rev-parse --show-toplevel [3ms]
2024-08-27 20:01:45.302 [info] > git rev-parse --show-toplevel [4ms]
2024-08-27 20:02:34.699 [info] > git rev-parse --show-toplevel [2ms]
2024-08-27 20:04:35.728 [info] > git rev-parse --show-toplevel [3ms]
2024-08-27 20:04:37.818 [info] > git rev-parse --show-toplevel [3ms]
2024-08-27 20:04:41.029 [info] > git rev-parse --show-toplevel [2ms]
2024-08-27 20:04:55.018 [info] > git rev-parse --show-toplevel [3ms]
2024-08-27 20:07:50.382 [info] > git rev-parse --show-toplevel [4ms]
2024-08-27 20:08:55.180 [info] > git rev-parse --show-toplevel [3ms]
2024-08-27 20:09:22.483 [info] > git rev-parse --show-toplevel [5ms]
2024-08-27 20:14:03.431 [info] > git rev-parse --show-toplevel [3ms]
2024-08-27 20:14:54.326 [info] > git rev-parse --show-toplevel [3ms]
2024-08-27 20:22:30.874 [info] > git rev-parse --show-toplevel [2ms]
2024-08-27 20:22:58.747 [info] > git rev-parse --show-toplevel [4ms]
2024-08-27 20:29:51.645 [info] > git rev-parse --show-toplevel [2ms]
2024-08-27 20:32:18.964 [info] > git rev-parse --show-toplevel [3ms]
2024-08-27 20:32:20.646 [info] > git rev-parse --show-toplevel [2ms]
2024-08-27 20:32:21.692 [info] > git rev-parse --show-toplevel [2ms]
2024-08-27 20:32:22.580 [info] > git rev-parse --show-toplevel [3ms]
2024-08-27 20:32:27.336 [info] > git rev-parse --show-toplevel [2ms]
2024-08-27 20:48:04.853 [info] > git rev-parse --show-toplevel [2ms]
2024-08-27 20:58:55.419 [info] > git rev-parse --show-toplevel [3ms]
2024-08-27 20:59:29.465 [info] > git rev-parse --show-toplevel [3ms]
2024-08-27 20:59:42.149 [info] > git rev-parse --show-toplevel [2ms]
2024-08-27 21:00:48.681 [info] > git rev-parse --show-toplevel [3ms]
