
---------------- Running Request: ----------------
Request Url: http://localhost:4000/api/todos
Method: POST
Request Headers:
{
  "content-length": "26",
  "accept-encoding": "gzip, deflate, br",
  "Accept": "*/*",
  "User-Agent": "Thunder Client (https://www.thunderclient.com)",
  "Content-Type": "application/json"
}
Request Body:
{
  "body":"Learn react"
}

---------------- Running Request: ----------------
Request Url: http://localhost:4000/
Method: GET
Request Headers:
{
  "accept-encoding": "gzip, deflate, br",
  "Accept": "*/*",
  "User-Agent": "Thunder Client (https://www.thunderclient.com)"
}

---------------- Running Request: ----------------
Request Url: http://localhost:4000/api/todos
Method: POST
Request Headers:
{
  "content-length": "23",
  "accept-encoding": "gzip, deflate, br",
  "Accept": "*/*",
  "User-Agent": "Thunder Client (https://www.thunderclient.com)",
  "Content-Type": "application/json"
}
Request Body:
{
  "body":"Learn js"
}

---------------- Running Request: ----------------
Request Url: http://localhost:4000/api/todos
Method: POST
Request Headers:
{
  "content-length": "23",
  "accept-encoding": "gzip, deflate, br",
  "Accept": "*/*",
  "User-Agent": "Thunder Client (https://www.thunderclient.com)",
  "Content-Type": "application/json"
}
Request Body:
{
  "body":"Learn py"
}

---------------- Running Request: ----------------
Request Url: http://localhost:4000/api/todos
Method: POST
Request Headers:
{
  "content-length": "23",
  "accept-encoding": "gzip, deflate, br",
  "Accept": "*/*",
  "User-Agent": "Thunder Client (https://www.thunderclient.com)",
  "Content-Type": "application/json"
}
Request Body:
{
  "body":"Learn go"
}

---------------- Running Request: ----------------
Request Url: http://localhost:4000/api/todos/1
Method: PATCH
Request Headers:
{
  "accept-encoding": "gzip, deflate, br",
  "Accept": "*/*",
  "User-Agent": "Thunder Client (https://www.thunderclient.com)"
}

---------------- Running Request: ----------------
Request Url: http://localhost:4000/api/todos/2
Method: PATCH
Request Headers:
{
  "accept-encoding": "gzip, deflate, br",
  "Accept": "*/*",
  "User-Agent": "Thunder Client (https://www.thunderclient.com)"
}

---------------- Running Request: ----------------
Request Url: http://localhost:4000/api/todos/3
Method: PATCH
Request Headers:
{
  "accept-encoding": "gzip, deflate, br",
  "Accept": "*/*",
  "User-Agent": "Thunder Client (https://www.thunderclient.com)"
}

---------------- Running Request: ----------------
Request Url: http://localhost:4000/api/todos/4
Method: PATCH
Request Headers:
{
  "accept-encoding": "gzip, deflate, br",
  "Accept": "*/*",
  "User-Agent": "Thunder Client (https://www.thunderclient.com)"
}

---------------- Running Request: ----------------
Request Url: http://localhost:4000/api/todos
Method: POST
Request Headers:
{
  "content-length": "23",
  "accept-encoding": "gzip, deflate, br",
  "Accept": "*/*",
  "User-Agent": "Thunder Client (https://www.thunderclient.com)",
  "Content-Type": "application/json"
}
Request Body:
{
  "body":"Learn go"
}

---------------- Running Request: ----------------
Request Url: http://localhost:4000/api/todos
Method: POST
Request Headers:
{
  "content-length": "24",
  "accept-encoding": "gzip, deflate, br",
  "Accept": "*/*",
  "User-Agent": "Thunder Client (https://www.thunderclient.com)",
  "Content-Type": "application/json"
}
Request Body:
{
  "body":"Learn abc"
}

---------------- Running Request: ----------------
Request Url: http://localhost:4000/api/todos
Method: GET
Request Headers:
{
  "accept-encoding": "gzip, deflate, br",
  "Accept": "*/*",
  "User-Agent": "Thunder Client (https://www.thunderclient.com)"
}

---------------- Running Request: ----------------
Request Url: http://localhost:4000/api/todos
Method: POST
Request Headers:
{
  "content-length": "24",
  "accept-encoding": "gzip, deflate, br",
  "Accept": "*/*",
  "User-Agent": "Thunder Client (https://www.thunderclient.com)",
  "Content-Type": "application/json"
}
Request Body:
{
  "body":"Learn abc"
}

---------------- Running Request: ----------------
Request Url: http://localhost:4000/api/todos
Method: POST
Request Headers:
{
  "content-length": "23",
  "accept-encoding": "gzip, deflate, br",
  "Accept": "*/*",
  "User-Agent": "Thunder Client (https://www.thunderclient.com)",
  "Content-Type": "application/json"
}
Request Body:
{
  "body":"Learn ab"
}

---------------- Running Request: ----------------
Request Url: http://localhost:4000/api/todos
Method: POST
Request Headers:
{
  "content-length": "22",
  "accept-encoding": "gzip, deflate, br",
  "Accept": "*/*",
  "User-Agent": "Thunder Client (https://www.thunderclient.com)",
  "Content-Type": "application/json"
}
Request Body:
{
  "body":"Learn a"
}

---------------- Running Request: ----------------
Request Url: http://localhost:4000/api/todos
Method: POST
Request Headers:
{
  "content-length": "25",
  "accept-encoding": "gzip, deflate, br",
  "Accept": "*/*",
  "User-Agent": "Thunder Client (https://www.thunderclient.com)",
  "Content-Type": "application/json"
}
Request Body:
{
  "body":"Learn cdfg"
}

---------------- Running Request: ----------------
Request Url: http://localhost:4000/api/todos
Method: GET
Request Headers:
{
  "accept-encoding": "gzip, deflate, br",
  "Accept": "*/*",
  "User-Agent": "Thunder Client (https://www.thunderclient.com)"
}

---------------- Running Request: ----------------
Request Url: http://localhost:4000/api/todos
Method: POST
Request Headers:
{
  "content-length": "25",
  "accept-encoding": "gzip, deflate, br",
  "Accept": "*/*",
  "User-Agent": "Thunder Client (https://www.thunderclient.com)",
  "Content-Type": "application/json"
}
Request Body:
{
  "body":"Learn cdll"
}

---------------- Running Request: ----------------
Request Url: http://localhost:4000/api/todos
Method: GET
Request Headers:
{
  "accept-encoding": "gzip, deflate, br",
  "Accept": "*/*",
  "User-Agent": "Thunder Client (https://www.thunderclient.com)"
}

---------------- Running Request: ----------------
Request Url: http://localhost:4000/api/todos/3
Method: DELETE
Request Headers:
{
  "accept-encoding": "gzip, deflate, br",
  "Accept": "*/*",
  "User-Agent": "Thunder Client (https://www.thunderclient.com)"
}

---------------- Running Request: ----------------
Request Url: http://localhost:4000/api/todos
Method: GET
Request Headers:
{
  "accept-encoding": "gzip, deflate, br",
  "Accept": "*/*",
  "User-Agent": "Thunder Client (https://www.thunderclient.com)"
}

---------------- Running Request: ----------------
Request Url: http://localhost:4000/api/todos
Method: POST
Request Headers:
{
  "content-length": "25",
  "accept-encoding": "gzip, deflate, br",
  "Accept": "*/*",
  "User-Agent": "Thunder Client (https://www.thunderclient.com)",
  "Content-Type": "application/json"
}
Request Body:
{
  "body":"Learn cdgh"
}

---------------- Running Request: ----------------
Request Url: http://localhost:4000/api/todos
Method: GET
Request Headers:
{
  "accept-encoding": "gzip, deflate, br",
  "Accept": "*/*",
  "User-Agent": "Thunder Client (https://www.thunderclient.com)"
}

---------------- Running Request: ----------------
Request Url: http://localhost:4000/api/todos/5
Method: PATCH
Request Headers:
{
  "accept-encoding": "gzip, deflate, br",
  "Accept": "*/*",
  "User-Agent": "Thunder Client (https://www.thunderclient.com)"
}

---------------- Running Request: ----------------
Request Url: http://localhost:4000/api/todos
Method: GET
Request Headers:
{
  "accept-encoding": "gzip, deflate, br",
  "Accept": "*/*",
  "User-Agent": "Thunder Client (https://www.thunderclient.com)"
}
