[2022-11-30T06:15:31.778Z] Log level: Info
[2022-11-30T06:15:31.779Z] [info] Validating found git in: git
[2022-11-30T06:15:31.799Z] [info] Using git 2.38.1 from git
[2022-11-30T06:15:31.820Z] > git rev-parse --show-toplevel [6ms]
[2022-11-30T06:15:31.834Z] > git rev-parse --git-dir --git-common-dir [1ms]
[2022-11-30T06:15:31.842Z] [info] Open repository: /home/barbarik/js/feedback-app
[2022-11-30T06:15:32.336Z] > git status -z -uall [476ms]
[2022-11-30T06:15:32.345Z] > git rev-parse --show-toplevel [474ms]
[2022-11-30T06:15:32.404Z] > git symbolic-ref --short HEAD [59ms]
[2022-11-30T06:15:32.428Z] > git for-each-ref --format=%(refname)%00%(upstream:short)%00%(objectname)%00%(upstream:track)%00%(upstream:remotename)%00%(upstream:remoteref) refs/heads/main refs/remotes/main [15ms]
[2022-11-30T06:15:32.453Z] > git rev-parse --show-toplevel [100ms]
[2022-11-30T06:15:32.468Z] > git remote --verbose [16ms]
[2022-11-30T06:15:32.469Z] > git for-each-ref --sort -committerdate --format %(refname) %(objectname) %(*objectname) [28ms]
[2022-11-30T06:15:32.513Z] > git rev-parse --show-toplevel [49ms]
[2022-11-30T06:15:32.524Z] > git check-ignore -v -z --stdin [100ms]
[2022-11-30T06:15:32.526Z] > git config --get commit.template [14ms]
[2022-11-30T06:15:32.543Z] > git rev-parse --show-toplevel [20ms]
[2022-11-30T06:15:32.597Z] > git show --textconv :src/components/FeedbackList.jsx [25ms]
[2022-11-30T06:15:32.619Z] > git ls-files --stage -- /home/barbarik/js/feedback-app/src/components/FeedbackList.jsx [24ms]
[2022-11-30T06:15:32.640Z] > git cat-file -s 987cfa1cdf49eb5eb0cf9caedf03f06f07533457 [2ms]
[2022-11-30T06:15:32.672Z] > git status -z -uall [130ms]
[2022-11-30T06:15:32.684Z] > git symbolic-ref --short HEAD [3ms]
[2022-11-30T06:15:32.696Z] > git for-each-ref --format=%(refname)%00%(upstream:short)%00%(objectname)%00%(upstream:track)%00%(upstream:remotename)%00%(upstream:remoteref) refs/heads/main refs/remotes/main [3ms]
[2022-11-30T06:15:32.717Z] > git for-each-ref --sort -committerdate --format %(refname) %(objectname) %(*objectname) [11ms]
[2022-11-30T06:15:32.718Z] > git remote --verbose [2ms]
[2022-11-30T06:15:32.728Z] > git config --get commit.template [1ms]
[2022-11-30T06:15:37.581Z] > git ls-files --stage -- /home/barbarik/js/feedback-app/src/context/FeedbackContext.js [6ms]
[2022-11-30T06:15:37.593Z] > git show --textconv :src/context/FeedbackContext.js [27ms]
[2022-11-30T06:15:37.593Z] > git cat-file -s fc5b4a836342f20103b65efd6aa5786f858952e7 [2ms]
[2022-11-30T06:15:38.499Z] > git show --textconv :db.json [8ms]
[2022-11-30T06:15:38.506Z] > git ls-files --stage -- /home/barbarik/js/feedback-app/db.json [8ms]
[2022-11-30T06:15:38.515Z] > git cat-file -s 9b6a11038367d428c28b99c8a29db290df3396ac [1ms]
[2022-11-30T06:15:39.252Z] > git show --textconv :src/components/FeedbackList.jsx [11ms]
[2022-11-30T06:15:39.256Z] > git ls-files --stage -- /home/barbarik/js/feedback-app/src/components/FeedbackList.jsx [6ms]
[2022-11-30T06:15:39.263Z] > git cat-file -s 987cfa1cdf49eb5eb0cf9caedf03f06f07533457 [1ms]
[2022-11-30T06:15:40.080Z] > git show --textconv :db.json [9ms]
[2022-11-30T06:15:40.089Z] > git ls-files --stage -- /home/barbarik/js/feedback-app/db.json [9ms]
[2022-11-30T06:15:40.099Z] > git cat-file -s 9b6a11038367d428c28b99c8a29db290df3396ac [1ms]
[2022-11-30T06:15:41.528Z] > git show --textconv :src/components/FeedbackList.jsx [9ms]
[2022-11-30T06:15:41.531Z] > git ls-files --stage -- /home/barbarik/js/feedback-app/src/components/FeedbackList.jsx [5ms]
[2022-11-30T06:15:41.538Z] > git cat-file -s 987cfa1cdf49eb5eb0cf9caedf03f06f07533457 [1ms]
[2022-11-30T06:15:48.746Z] > git show --textconv :db.json [21ms]
[2022-11-30T06:15:48.770Z] > git ls-files --stage -- /home/barbarik/js/feedback-app/db.json [26ms]
[2022-11-30T06:15:48.789Z] > git cat-file -s 9b6a11038367d428c28b99c8a29db290df3396ac [3ms]
[2022-11-30T06:15:51.110Z] > git show --textconv :package.json [19ms]
[2022-11-30T06:15:51.129Z] > git ls-files --stage -- /home/barbarik/js/feedback-app/package.json [27ms]
[2022-11-30T06:15:51.146Z] > git cat-file -s e0216360a2d88561d6cc88b5d219bb83fd7e49b4 [3ms]
