2024-08-20 21:22:11.547 [info] Uninstalling extension from the profile: postman.postman-for-vscode@1.2.1 vscode-userdata:/home/barbarik/.vscode-oss/extensions/extensions.json
2024-08-20 21:22:11.639 [info] Marked extension as uninstalled postman.postman-for-vscode-1.2.1-universal
2024-08-20 21:22:11.677 [error] [uncaught exception in sharedProcess]: Error: ENOENT: no such file or directory, stat '/home/barbarik/.vscode-oss/extensions/extensions.json.vsctmp': EntryNotFound (FileSystemError): Error: ENOENT: no such file or directory, stat '/home/barbarik/.vscode-oss/extensions/extensions.json.vsctmp'
    at o.create (/usr/lib/code/out/vs/code/node/sharedProcess/sharedProcessMain.js:54:19408)
    at u (/usr/lib/code/out/vs/code/node/sharedProcess/sharedProcessMain.js:54:19519)
    at p.hb (/usr/lib/code/out/vs/code/node/sharedProcess/sharedProcessMain.js:59:36714)
    at p.stat (/usr/lib/code/out/vs/code/node/sharedProcess/sharedProcessMain.js:59:29034)
    at async c.stat (/usr/lib/code/out/vs/code/node/sharedProcess/sharedProcessMain.js:59:14940)
    at async z.ub (/usr/lib/code/out/vs/code/node/sharedProcess/sharedProcessMain.js:105:120384)
2024-08-20 21:22:12.395 [info] Successfully uninstalled extension from the profile postman.postman-for-vscode@1.2.1 vscode-userdata:/home/barbarik/.vscode-oss/extensions/extensions.json
2024-08-20 21:22:50.112 [info] Getting Manifest... rangav.vscode-thunder-client
2024-08-20 21:22:50.382 [info] Installing extension: rangav.vscode-thunder-client {"isMachineScoped":false,"installPreReleaseVersion":false,"pinned":false,"profileLocation":{"$mid":1,"external":"vscode-userdata:/home/barbarik/.vscode-oss/extensions/extensions.json","path":"/home/barbarik/.vscode-oss/extensions/extensions.json","scheme":"vscode-userdata"},"installOnlyNewlyAddedFromExtensionPack":true,"isApplicationScoped":false,"productVersion":{"version":"1.92.1","date":"2024-08-09T07:48:41.621Z"}}
2024-08-20 21:22:55.254 [error] Could not load vsce-sign module Cannot find module '@vscode/vsce-sign'
Require stack:
- /usr/lib/code/out/bootstrap-fork.js
2024-08-20 21:22:55.254 [info] Extension signature verification is not done: rangav.vscode-thunder-client
2024-08-20 21:22:55.343 [info] Extracted extension to file:///home/barbarik/.vscode-oss/extensions/rangav.vscode-thunder-client-2.24.12-universal: rangav.vscode-thunder-client
2024-08-20 21:22:55.345 [info] Renamed to /home/barbarik/.vscode-oss/extensions/rangav.vscode-thunder-client-2.24.12-universal
2024-08-20 21:22:55.359 [info] Extension installed successfully: rangav.vscode-thunder-client vscode-userdata:/home/barbarik/.vscode-oss/extensions/extensions.json
2024-08-20 21:22:55.426 [error] [uncaught exception in sharedProcess]: Error: ENOENT: no such file or directory, stat '/home/barbarik/.vscode-oss/extensions/extensions.json.vsctmp': EntryNotFound (FileSystemError): Error: ENOENT: no such file or directory, stat '/home/barbarik/.vscode-oss/extensions/extensions.json.vsctmp'
    at o.create (/usr/lib/code/out/vs/code/node/sharedProcess/sharedProcessMain.js:54:19408)
    at u (/usr/lib/code/out/vs/code/node/sharedProcess/sharedProcessMain.js:54:19519)
    at p.hb (/usr/lib/code/out/vs/code/node/sharedProcess/sharedProcessMain.js:59:36714)
    at p.stat (/usr/lib/code/out/vs/code/node/sharedProcess/sharedProcessMain.js:59:29034)
    at async c.stat (/usr/lib/code/out/vs/code/node/sharedProcess/sharedProcessMain.js:59:14940)
    at async z.ub (/usr/lib/code/out/vs/code/node/sharedProcess/sharedProcessMain.js:105:120384)
