[2022-11-19T14:14:58.169Z] Log level: Info
[2022-11-19T14:14:58.169Z] [info] Validating found git in: git
[2022-11-19T14:14:58.182Z] [info] Using git 2.38.1 from git
[2022-11-19T14:14:58.196Z] > git rev-parse --show-toplevel [5ms]
[2022-11-19T14:14:58.205Z] > git rev-parse --git-dir --git-common-dir [1ms]
[2022-11-19T14:14:58.211Z] [info] Open repository: /home/barbarik/js/github-finder
[2022-11-19T14:14:58.232Z] > git rev-parse --show-toplevel [3ms]
[2022-11-19T14:14:58.242Z] > git rev-parse --show-toplevel [2ms]
[2022-11-19T14:14:58.253Z] > git rev-parse --show-toplevel [2ms]
[2022-11-19T14:14:58.332Z] > git status -z -uall [114ms]
[2022-11-19T14:14:58.804Z] > git symbolic-ref --short HEAD [462ms]
[2022-11-19T14:14:58.883Z] > git show --textconv :src/components/repos/RepoItem.jsx [13ms]
[2022-11-19T14:14:58.883Z] > git for-each-ref --format=%(refname)%00%(upstream:short)%00%(objectname)%00%(upstream:track)%00%(upstream:remotename)%00%(upstream:remoteref) refs/heads/main refs/remotes/main [66ms]
[2022-11-19T14:14:58.916Z] > git for-each-ref --sort -committerdate --format %(refname) %(objectname) %(*objectname) [20ms]
[2022-11-19T14:14:58.917Z] > git ls-files --stage -- /home/barbarik/js/github-finder/src/components/repos/RepoItem.jsx [35ms]
[2022-11-19T14:14:58.933Z] > git cat-file -s dfe7be8190f2f08f0dc8ca74f9be68da67bc64b0 [2ms]
[2022-11-19T14:14:58.934Z] > git remote --verbose [25ms]
[2022-11-19T14:14:58.952Z] > git config --get commit.template [1ms]
[2022-11-19T14:14:59.094Z] > git status -z -uall [126ms]
[2022-11-19T14:14:59.105Z] > git symbolic-ref --short HEAD [3ms]
[2022-11-19T14:14:59.120Z] > git for-each-ref --format=%(refname)%00%(upstream:short)%00%(objectname)%00%(upstream:track)%00%(upstream:remotename)%00%(upstream:remoteref) refs/heads/main refs/remotes/main [0ms]
[2022-11-19T14:14:59.144Z] > git for-each-ref --sort -committerdate --format %(refname) %(objectname) %(*objectname) [12ms]
[2022-11-19T14:14:59.146Z] > git remote --verbose [3ms]
[2022-11-19T14:14:59.159Z] > git config --get commit.template [2ms]
[2022-11-19T14:14:59.374Z] > git check-ignore -v -z --stdin [59ms]
[2022-11-19T14:15:02.371Z] > git show --textconv :src/context/github/GithubContext.js [10ms]
[2022-11-19T14:15:02.376Z] > git ls-files --stage -- /home/barbarik/js/github-finder/src/context/github/GithubContext.js [6ms]
[2022-11-19T14:15:02.385Z] > git cat-file -s c03a68f6c5e812e50abc0e3fa7cfd018c7cf3026 [1ms]
[2022-11-19T14:15:05.352Z] > git show --textconv :.env [15ms]
[2022-11-19T14:15:05.360Z] > git ls-files --stage -- /home/barbarik/js/github-finder/.env [9ms]
[2022-11-19T14:15:05.373Z] > git cat-file -s b159e23d089cf0b372c5001612d64df0e5c4e5ab [1ms]
[2022-11-19T14:15:16.028Z] > git status -z -uall [65ms]
[2022-11-19T14:15:16.034Z] > git symbolic-ref --short HEAD [1ms]
[2022-11-19T14:15:16.040Z] > git for-each-ref --format=%(refname)%00%(upstream:short)%00%(objectname)%00%(upstream:track)%00%(upstream:remotename)%00%(upstream:remoteref) refs/heads/main refs/remotes/main [1ms]
[2022-11-19T14:15:16.050Z] > git remote --verbose [1ms]
[2022-11-19T14:15:16.051Z] > git for-each-ref --sort -committerdate --format %(refname) %(objectname) %(*objectname) [6ms]
[2022-11-19T14:15:16.063Z] > git config --get commit.template [1ms]
[2022-11-19T14:15:16.613Z] > git show --textconv :src/context/github/GithubContext.js [16ms]
[2022-11-19T14:15:16.617Z] > git ls-files --stage -- /home/barbarik/js/github-finder/src/context/github/GithubContext.js [9ms]
[2022-11-19T14:15:16.630Z] > git cat-file -s c03a68f6c5e812e50abc0e3fa7cfd018c7cf3026 [1ms]
[2022-11-19T14:15:57.541Z] > git status -z -uall [89ms]
[2022-11-19T14:15:57.547Z] > git symbolic-ref --short HEAD [1ms]
[2022-11-19T14:15:57.556Z] > git for-each-ref --format=%(refname)%00%(upstream:short)%00%(objectname)%00%(upstream:track)%00%(upstream:remotename)%00%(upstream:remoteref) refs/heads/main refs/remotes/main [1ms]
[2022-11-19T14:15:57.566Z] > git for-each-ref --sort -committerdate --format %(refname) %(objectname) %(*objectname) [5ms]
[2022-11-19T14:15:57.567Z] > git remote --verbose [1ms]
[2022-11-19T14:15:57.575Z] > git config --get commit.template [1ms]
[2022-11-19T14:37:06.983Z] > git status -z -uall [82ms]
[2022-11-19T14:37:06.990Z] > git symbolic-ref --short HEAD [0ms]
[2022-11-19T14:37:06.997Z] > git for-each-ref --format=%(refname)%00%(upstream:short)%00%(objectname)%00%(upstream:track)%00%(upstream:remotename)%00%(upstream:remoteref) refs/heads/main refs/remotes/main [1ms]
[2022-11-19T14:37:07.009Z] > git remote --verbose [1ms]
[2022-11-19T14:37:07.009Z] > git for-each-ref --sort -committerdate --format %(refname) %(objectname) %(*objectname) [7ms]
[2022-11-19T14:37:07.018Z] > git config --get commit.template [1ms]
[2022-11-19T14:37:19.025Z] > git status -z -uall [66ms]
[2022-11-19T14:37:19.032Z] > git symbolic-ref --short HEAD [1ms]
[2022-11-19T14:37:19.040Z] > git for-each-ref --format=%(refname)%00%(upstream:short)%00%(objectname)%00%(upstream:track)%00%(upstream:remotename)%00%(upstream:remoteref) refs/heads/main refs/remotes/main [1ms]
[2022-11-19T14:37:19.057Z] > git for-each-ref --sort -committerdate --format %(refname) %(objectname) %(*objectname) [9ms]
[2022-11-19T14:37:19.058Z] > git remote --verbose [2ms]
[2022-11-19T14:37:19.069Z] > git config --get commit.template [2ms]
[2022-11-19T14:37:46.198Z] > git show --textconv :src/pages/User.jsx [13ms]
[2022-11-19T14:37:46.204Z] > git ls-files --stage -- /home/barbarik/js/github-finder/src/pages/User.jsx [8ms]
[2022-11-19T14:37:46.213Z] > git cat-file -s b3764f7d85bb01dff1066ae72a3ac6a06055d552 [1ms]
[2022-11-19T14:38:02.490Z] > git status -z -uall [71ms]
[2022-11-19T14:38:02.496Z] > git symbolic-ref --short HEAD [0ms]
[2022-11-19T14:38:02.503Z] > git for-each-ref --format=%(refname)%00%(upstream:short)%00%(objectname)%00%(upstream:track)%00%(upstream:remotename)%00%(upstream:remoteref) refs/heads/main refs/remotes/main [1ms]
[2022-11-19T14:38:02.515Z] > git for-each-ref --sort -committerdate --format %(refname) %(objectname) %(*objectname) [6ms]
[2022-11-19T14:38:02.515Z] > git remote --verbose [1ms]
[2022-11-19T14:38:02.525Z] > git config --get commit.template [1ms]
[2022-11-19T14:38:29.258Z] > git status -z -uall [66ms]
[2022-11-19T14:38:29.264Z] > git symbolic-ref --short HEAD [0ms]
[2022-11-19T14:38:29.271Z] > git for-each-ref --format=%(refname)%00%(upstream:short)%00%(objectname)%00%(upstream:track)%00%(upstream:remotename)%00%(upstream:remoteref) refs/heads/main refs/remotes/main [1ms]
[2022-11-19T14:38:29.282Z] > git for-each-ref --sort -committerdate --format %(refname) %(objectname) %(*objectname) [6ms]
[2022-11-19T14:38:29.282Z] > git remote --verbose [2ms]
[2022-11-19T14:38:29.292Z] > git config --get commit.template [1ms]
[2022-11-19T14:39:07.728Z] > git show --textconv :src/components/users/UserResults.jsx [15ms]
[2022-11-19T14:39:07.735Z] > git ls-files --stage -- /home/barbarik/js/github-finder/src/components/users/UserResults.jsx [10ms]
[2022-11-19T14:39:07.744Z] > git cat-file -s 78dfd18c26e06a3bfb36eb2f4f8ee2d1862ad536 [2ms]
[2022-11-19T14:39:49.316Z] > git status -z -uall [84ms]
[2022-11-19T14:39:49.328Z] > git symbolic-ref --short HEAD [6ms]
[2022-11-19T14:39:49.335Z] > git ls-files --stage -- /home/barbarik/js/github-finder/src/components/users/UserResults.jsx [7ms]
[2022-11-19T14:39:49.342Z] > git for-each-ref --format=%(refname)%00%(upstream:short)%00%(objectname)%00%(upstream:track)%00%(upstream:remotename)%00%(upstream:remoteref) refs/heads/main refs/remotes/main [7ms]
[2022-11-19T14:39:49.353Z] > git for-each-ref --sort -committerdate --format %(refname) %(objectname) %(*objectname) [6ms]
[2022-11-19T14:39:49.354Z] > git cat-file -s 78dfd18c26e06a3bfb36eb2f4f8ee2d1862ad536 [12ms]
[2022-11-19T14:39:49.354Z] > git remote --verbose [2ms]
[2022-11-19T14:39:49.371Z] > git config --get commit.template [9ms]
[2022-11-19T14:39:49.378Z] > git show --textconv :src/components/users/UserResults.jsx [7ms]
[2022-11-19T14:40:08.650Z] > git status -z -uall [82ms]
[2022-11-19T14:40:08.656Z] > git symbolic-ref --short HEAD [0ms]
[2022-11-19T14:40:08.669Z] > git for-each-ref --format=%(refname)%00%(upstream:short)%00%(objectname)%00%(upstream:track)%00%(upstream:remotename)%00%(upstream:remoteref) refs/heads/main refs/remotes/main [7ms]
[2022-11-19T14:40:08.682Z] > git for-each-ref --sort -committerdate --format %(refname) %(objectname) %(*objectname) [7ms]
[2022-11-19T14:40:08.682Z] > git ls-files --stage -- /home/barbarik/js/github-finder/src/components/users/UserResults.jsx [14ms]
[2022-11-19T14:40:08.687Z] > git remote --verbose [6ms]
[2022-11-19T14:40:08.697Z] > git cat-file -s 78dfd18c26e06a3bfb36eb2f4f8ee2d1862ad536 [10ms]
[2022-11-19T14:40:08.698Z] > git config --get commit.template [2ms]
[2022-11-19T14:40:08.714Z] > git show --textconv :src/components/users/UserResults.jsx [6ms]
[2022-11-19T14:40:41.791Z] > git ls-files --stage -- /home/barbarik/js/github-finder/src/components/users/UserResults.jsx [9ms]
[2022-11-19T14:40:41.802Z] > git cat-file -s 78dfd18c26e06a3bfb36eb2f4f8ee2d1862ad536 [1ms]
[2022-11-19T14:40:41.835Z] > git status -z -uall [99ms]
[2022-11-19T14:40:41.842Z] > git symbolic-ref --short HEAD [1ms]
[2022-11-19T14:40:41.851Z] > git for-each-ref --format=%(refname)%00%(upstream:short)%00%(objectname)%00%(upstream:track)%00%(upstream:remotename)%00%(upstream:remoteref) refs/heads/main refs/remotes/main [1ms]
[2022-11-19T14:40:41.876Z] > git for-each-ref --sort -committerdate --format %(refname) %(objectname) %(*objectname) [18ms]
[2022-11-19T14:40:41.877Z] > git remote --verbose [8ms]
[2022-11-19T14:40:41.890Z] > git show --textconv :src/components/users/UserResults.jsx [14ms]
[2022-11-19T14:40:41.891Z] > git config --get commit.template [1ms]
[2022-11-19T14:40:58.567Z] > git status -z -uall [66ms]
[2022-11-19T14:40:58.584Z] > git symbolic-ref --short HEAD [10ms]
[2022-11-19T14:40:58.594Z] > git check-ignore -v -z --stdin [11ms]
[2022-11-19T14:40:58.595Z] > git for-each-ref --format=%(refname)%00%(upstream:short)%00%(objectname)%00%(upstream:track)%00%(upstream:remotename)%00%(upstream:remoteref) refs/heads/main refs/remotes/main [2ms]
[2022-11-19T14:40:58.617Z] > git for-each-ref --sort -committerdate --format %(refname) %(objectname) %(*objectname) [11ms]
[2022-11-19T14:40:58.618Z] > git remote --verbose [2ms]
[2022-11-19T14:40:58.632Z] > git config --get commit.template [2ms]
[2022-11-19T14:41:08.147Z] > git status -z -uall [72ms]
[2022-11-19T14:41:08.153Z] > git symbolic-ref --short HEAD [0ms]
[2022-11-19T14:41:08.159Z] > git for-each-ref --format=%(refname)%00%(upstream:short)%00%(objectname)%00%(upstream:track)%00%(upstream:remotename)%00%(upstream:remoteref) refs/heads/main refs/remotes/main [0ms]
[2022-11-19T14:41:08.169Z] > git for-each-ref --sort -committerdate --format %(refname) %(objectname) %(*objectname) [5ms]
[2022-11-19T14:41:08.169Z] > git remote --verbose [0ms]
[2022-11-19T14:41:08.180Z] > git config --get commit.template [2ms]
[2022-11-19T14:42:05.613Z] > git status -z -uall [69ms]
[2022-11-19T14:42:05.619Z] > git symbolic-ref --short HEAD [0ms]
[2022-11-19T14:42:05.626Z] > git for-each-ref --format=%(refname)%00%(upstream:short)%00%(objectname)%00%(upstream:track)%00%(upstream:remotename)%00%(upstream:remoteref) refs/heads/main refs/remotes/main [1ms]
[2022-11-19T14:42:05.636Z] > git remote --verbose [1ms]
[2022-11-19T14:42:05.636Z] > git for-each-ref --sort -committerdate --format %(refname) %(objectname) %(*objectname) [5ms]
[2022-11-19T14:42:05.646Z] > git config --get commit.template [1ms]
[2022-11-19T14:42:05.661Z] > git ls-files --stage -- /home/barbarik/js/github-finder/src/components/users/UserResults.jsx [6ms]
[2022-11-19T14:42:05.668Z] > git cat-file -s 78dfd18c26e06a3bfb36eb2f4f8ee2d1862ad536 [1ms]
[2022-11-19T14:42:05.683Z] > git show --textconv :src/components/users/UserResults.jsx [6ms]
[2022-11-19T14:42:15.292Z] > git status -z -uall [67ms]
[2022-11-19T14:42:15.300Z] > git symbolic-ref --short HEAD [0ms]
[2022-11-19T14:42:15.308Z] > git for-each-ref --format=%(refname)%00%(upstream:short)%00%(objectname)%00%(upstream:track)%00%(upstream:remotename)%00%(upstream:remoteref) refs/heads/main refs/remotes/main [2ms]
[2022-11-19T14:42:15.322Z] > git remote --verbose [1ms]
[2022-11-19T14:42:15.323Z] > git for-each-ref --sort -committerdate --format %(refname) %(objectname) %(*objectname) [9ms]
[2022-11-19T14:42:15.343Z] > git config --get commit.template [9ms]
[2022-11-19T14:42:15.348Z] > git ls-files --stage -- /home/barbarik/js/github-finder/src/components/users/UserResults.jsx [6ms]
[2022-11-19T14:42:15.355Z] > git cat-file -s 78dfd18c26e06a3bfb36eb2f4f8ee2d1862ad536 [1ms]
[2022-11-19T14:42:15.389Z] > git show --textconv :src/components/users/UserResults.jsx [15ms]
[2022-11-19T14:42:22.895Z] > git status -z -uall [69ms]
[2022-11-19T14:42:22.903Z] > git symbolic-ref --short HEAD [1ms]
[2022-11-19T14:42:22.911Z] > git for-each-ref --format=%(refname)%00%(upstream:short)%00%(objectname)%00%(upstream:track)%00%(upstream:remotename)%00%(upstream:remoteref) refs/heads/main refs/remotes/main [1ms]
[2022-11-19T14:42:22.923Z] > git remote --verbose [1ms]
[2022-11-19T14:42:22.923Z] > git for-each-ref --sort -committerdate --format %(refname) %(objectname) %(*objectname) [6ms]
[2022-11-19T14:42:22.940Z] > git config --get commit.template [8ms]
[2022-11-19T14:42:22.945Z] > git ls-files --stage -- /home/barbarik/js/github-finder/src/components/users/UserResults.jsx [6ms]
[2022-11-19T14:42:22.953Z] > git cat-file -s 78dfd18c26e06a3bfb36eb2f4f8ee2d1862ad536 [1ms]
[2022-11-19T14:42:22.968Z] > git show --textconv :src/components/users/UserResults.jsx [6ms]
