2024-09-17 17:09:35.689 [info] Getting Manifest... golang.go
2024-09-17 17:09:35.691 [info] Getting Manifest... rangav.vscode-thunder-client
2024-09-17 17:09:37.294 [info] Installing extension: rangav.vscode-thunder-client {"productVersion":{"version":"1.92.1","date":"2024-08-09T07:48:41.621Z"},"pinned":false,"isApplicationScoped":false,"profileLocation":{"$mid":1,"external":"vscode-userdata:/home/barbarik/.vscode-oss/extensions/extensions.json","path":"/home/barbarik/.vscode-oss/extensions/extensions.json","scheme":"vscode-userdata"},"installOnlyNewlyAddedFromExtensionPack":true}
2024-09-17 17:09:37.799 [info] Installing extension: golang.go {"productVersion":{"version":"1.92.1","date":"2024-08-09T07:48:41.621Z"},"pinned":false,"isApplicationScoped":false,"profileLocation":{"$mid":1,"external":"vscode-userdata:/home/barbarik/.vscode-oss/extensions/extensions.json","path":"/home/barbarik/.vscode-oss/extensions/extensions.json","scheme":"vscode-userdata"},"installOnlyNewlyAddedFromExtensionPack":true}
2024-09-17 17:09:39.209 [error] Could not load vsce-sign module Cannot find module '@vscode/vsce-sign'
Require stack:
- /usr/lib/code/out/bootstrap-fork.js
2024-09-17 17:09:39.209 [info] Extension signature verification is not done: golang.go
2024-09-17 17:09:39.259 [info] Extracted extension to file:///home/barbarik/.vscode-oss/extensions/golang.go-0.42.1-universal: golang.go
2024-09-17 17:09:39.262 [info] Renamed to /home/barbarik/.vscode-oss/extensions/golang.go-0.42.1-universal
2024-09-17 17:09:39.275 [info] Marked extension as uninstalled golang.go-0.42.0-universal
2024-09-17 17:09:39.279 [info] Extension installed successfully: golang.go vscode-userdata:/home/barbarik/.vscode-oss/extensions/extensions.json
2024-09-17 17:09:39.355 [error] [uncaught exception in sharedProcess]: Error: ENOENT: no such file or directory, stat '/home/barbarik/.vscode-oss/extensions/extensions.json.vsctmp': EntryNotFound (FileSystemError): Error: ENOENT: no such file or directory, stat '/home/barbarik/.vscode-oss/extensions/extensions.json.vsctmp'
    at o.create (/usr/lib/code/out/vs/code/node/sharedProcess/sharedProcessMain.js:54:19408)
    at u (/usr/lib/code/out/vs/code/node/sharedProcess/sharedProcessMain.js:54:19519)
    at p.hb (/usr/lib/code/out/vs/code/node/sharedProcess/sharedProcessMain.js:59:36714)
    at p.stat (/usr/lib/code/out/vs/code/node/sharedProcess/sharedProcessMain.js:59:29034)
    at async c.stat (/usr/lib/code/out/vs/code/node/sharedProcess/sharedProcessMain.js:59:14940)
    at async z.ub (/usr/lib/code/out/vs/code/node/sharedProcess/sharedProcessMain.js:105:120384)
2024-09-17 17:09:39.930 [error] Could not load vsce-sign module Cannot find module '@vscode/vsce-sign'
Require stack:
- /usr/lib/code/out/bootstrap-fork.js
2024-09-17 17:09:39.931 [info] Extension signature verification is not done: rangav.vscode-thunder-client
2024-09-17 17:09:40.008 [info] Extracted extension to file:///home/barbarik/.vscode-oss/extensions/rangav.vscode-thunder-client-2.25.3-universal: rangav.vscode-thunder-client
2024-09-17 17:09:40.010 [info] Renamed to /home/barbarik/.vscode-oss/extensions/rangav.vscode-thunder-client-2.25.3-universal
2024-09-17 17:09:40.020 [info] Marked extension as uninstalled rangav.vscode-thunder-client-2.24.12-universal
2024-09-17 17:09:40.023 [info] Extension installed successfully: rangav.vscode-thunder-client vscode-userdata:/home/barbarik/.vscode-oss/extensions/extensions.json
2024-09-17 17:09:40.094 [error] [uncaught exception in sharedProcess]: Error: ENOENT: no such file or directory, stat '/home/barbarik/.vscode-oss/extensions/extensions.json.vsctmp': EntryNotFound (FileSystemError): Error: ENOENT: no such file or directory, stat '/home/barbarik/.vscode-oss/extensions/extensions.json.vsctmp'
    at o.create (/usr/lib/code/out/vs/code/node/sharedProcess/sharedProcessMain.js:54:19408)
    at u (/usr/lib/code/out/vs/code/node/sharedProcess/sharedProcessMain.js:54:19519)
    at p.hb (/usr/lib/code/out/vs/code/node/sharedProcess/sharedProcessMain.js:59:36714)
    at p.stat (/usr/lib/code/out/vs/code/node/sharedProcess/sharedProcessMain.js:59:29034)
    at async c.stat (/usr/lib/code/out/vs/code/node/sharedProcess/sharedProcessMain.js:59:14940)
    at async z.ub (/usr/lib/code/out/vs/code/node/sharedProcess/sharedProcessMain.js:105:120384)
