[2022-11-19T14:50:57.791Z] Log level: Info
[2022-11-19T14:50:57.792Z] [info] Validating found git in: git
[2022-11-19T14:50:57.802Z] [info] Using git 2.38.1 from git
[2022-11-19T14:50:57.817Z] > git rev-parse --show-toplevel [4ms]
[2022-11-19T14:50:57.825Z] > git rev-parse --git-dir --git-common-dir [3ms]
[2022-11-19T14:50:57.831Z] [info] Open repository: /home/barbarik/js/github-finder
[2022-11-19T14:50:57.849Z] > git rev-parse --show-toplevel [3ms]
[2022-11-19T14:50:57.857Z] > git rev-parse --show-toplevel [1ms]
[2022-11-19T14:50:57.866Z] > git rev-parse --show-toplevel [2ms]
[2022-11-19T14:50:57.871Z] > git rev-parse --show-toplevel [1ms]
[2022-11-19T14:50:58.272Z] > git status -z -uall [434ms]
[2022-11-19T14:50:58.287Z] > git symbolic-ref --short HEAD [5ms]
[2022-11-19T14:50:58.361Z] > git for-each-ref --format=%(refname)%00%(upstream:short)%00%(objectname)%00%(upstream:track)%00%(upstream:remotename)%00%(upstream:remoteref) refs/heads/main refs/remotes/main [56ms]
[2022-11-19T14:50:58.383Z] > git for-each-ref --sort -committerdate --format %(refname) %(objectname) %(*objectname) [16ms]
[2022-11-19T14:50:58.385Z] > git remote --verbose [5ms]
[2022-11-19T14:50:58.454Z] > git show --textconv :src/components/users/UserResults.jsx [38ms]
[2022-11-19T14:50:58.455Z] > git ls-files --stage -- /home/barbarik/js/github-finder/src/components/users/UserResults.jsx [20ms]
[2022-11-19T14:50:58.467Z] > git config --get commit.template [14ms]
[2022-11-19T14:50:58.482Z] > git cat-file -s 78dfd18c26e06a3bfb36eb2f4f8ee2d1862ad536 [17ms]
[2022-11-19T14:50:58.657Z] > git status -z -uall [176ms]
[2022-11-19T14:50:58.668Z] > git symbolic-ref --short HEAD [1ms]
[2022-11-19T14:50:58.686Z] > git for-each-ref --format=%(refname)%00%(upstream:short)%00%(objectname)%00%(upstream:track)%00%(upstream:remotename)%00%(upstream:remoteref) refs/heads/main refs/remotes/main [5ms]
[2022-11-19T14:50:58.705Z] > git for-each-ref --sort -committerdate --format %(refname) %(objectname) %(*objectname) [9ms]
[2022-11-19T14:50:58.705Z] > git remote --verbose [3ms]
[2022-11-19T14:50:58.717Z] > git config --get commit.template [2ms]
[2022-11-19T14:50:58.920Z] > git check-ignore -v -z --stdin [136ms]
[2022-11-19T14:50:59.488Z] > git check-ignore -v -z --stdin [17ms]
[2022-11-19T14:51:01.745Z] > git show --textconv :README.md [13ms]
[2022-11-19T14:51:01.758Z] > git ls-files --stage -- /home/barbarik/js/github-finder/README.md [15ms]
[2022-11-19T14:51:01.773Z] > git cat-file -s 58beeaccd87e230076cab531b8f418f40b6d1aeb [3ms]
[2022-11-19T14:51:33.929Z] > git status -z -uall [68ms]
[2022-11-19T14:51:33.935Z] > git symbolic-ref --short HEAD [1ms]
[2022-11-19T14:51:33.941Z] > git for-each-ref --format=%(refname)%00%(upstream:short)%00%(objectname)%00%(upstream:track)%00%(upstream:remotename)%00%(upstream:remoteref) refs/heads/main refs/remotes/main [1ms]
[2022-11-19T14:51:33.953Z] > git for-each-ref --sort -committerdate --format %(refname) %(objectname) %(*objectname) [6ms]
[2022-11-19T14:51:33.954Z] > git remote --verbose [2ms]
[2022-11-19T14:51:33.963Z] > git config --get commit.template [1ms]
