[Info  - 21:22:21] 2024/08/20 21:22:21 Created View (#1)
	directory=/home/barbarik/go/todolist
	view_type="GoMod"
	root_dir="file:///home/barbarik/go/todolist"
	go_version="go version go1.23.0 linux/amd64"
	build_flags=[]
	env={GOOS:linux GOARCH:amd64 GOCACHE:/home/barbarik/.cache/go-build GOMODCACHE:/home/barbarik/go/pkg/mod GOPATH:/home/barbarik/go GOPRIVATE: GOFLAGS: GO111MODULE: GOTOOLCHAIN:auto GoVersion:23 GoVersionOutput:go version go1.23.0 linux/amd64
 ExplicitGOWORK: EffectiveGOPACKAGESDRIVER:}
	env_overlay=[]

[Info  - 21:22:22] 2024/08/20 21:22:22 go/packages.Load #1
	view_id="1"
	snapshot=0
	directory=/home/barbarik/go/todolist
	query=[/home/barbarik/go/todolist/... builtin]
	packages=2
	duration=153.491852ms

[Info  - 21:22:51] 2024/08/20 21:22:51 background imports cache refresh starting

[Info  - 21:22:51] 2024/08/20 21:22:51 background refresh finished after 67.631531ms

[Info  - 21:25:33] 2024/08/20 21:25:33 background imports cache refresh starting

[Info  - 21:25:33] 2024/08/20 21:25:33 background refresh finished after 7.853154ms

[Info  - 21:26:04] 2024/08/20 21:26:04 background imports cache refresh starting

[Info  - 21:26:04] 2024/08/20 21:26:04 background refresh finished after 5.036923ms

[Info  - 21:27:45] 2024/08/20 21:27:45 background imports cache refresh starting

[Info  - 21:27:45] 2024/08/20 21:27:45 background refresh finished after 5.614836ms

[Error - 21:28:22] 2024/08/20 21:28:22 imports fixes: allImportsFixes: /home/barbarik/go/todolist/main.go:12:1: expected 'IDENT', found 'func' (and 2 more errors)
	file="/home/barbarik/go/todolist/main.go"

[Error - 21:28:23] 2024/08/20 21:28:23 imports fixes: allImportsFixes: /home/barbarik/go/todolist/main.go:10:7: expected type, found newline
	file="/home/barbarik/go/todolist/main.go"

[Error - 21:28:24] 2024/08/20 21:28:24 imports fixes: allImportsFixes: /home/barbarik/go/todolist/main.go:10:10: expected type, found newline
	file="/home/barbarik/go/todolist/main.go"

[Error - 21:28:26] 2024/08/20 21:28:26 imports fixes: allImportsFixes: /home/barbarik/go/todolist/main.go:12:1: expected '{', found 'func' (and 4 more errors)
	file="/home/barbarik/go/todolist/main.go"

[Info  - 21:28:50] 2024/08/20 21:28:50 background imports cache refresh starting

[Info  - 21:28:50] 2024/08/20 21:28:50 background refresh finished after 2.404821ms

[Error - 21:29:11] 2024/08/20 21:29:11 imports fixes: allImportsFixes: /home/barbarik/go/todolist/main.go:11:9: expected ';', found 1 (and 2 more errors)
	file="/home/barbarik/go/todolist/main.go"

[Error - 21:29:12] 2024/08/20 21:29:12 imports fixes: allImportsFixes: /home/barbarik/go/todolist/main.go:11:9: expected ';', found 1 (and 2 more errors)
	file="/home/barbarik/go/todolist/main.go"

[Error - 21:29:13] 2024/08/20 21:29:13 imports fixes: allImportsFixes: /home/barbarik/go/todolist/main.go:11:9: expected ';', found 1 (and 2 more errors)
	file="/home/barbarik/go/todolist/main.go"

[Info  - 21:29:25] 2024/08/20 21:29:25 background imports cache refresh starting

[Info  - 21:29:25] 2024/08/20 21:29:25 background refresh finished after 4.839885ms

[Info  - 21:29:55] 2024/08/20 21:29:55 background imports cache refresh starting

[Info  - 21:29:55] 2024/08/20 21:29:55 background refresh finished after 5.950177ms

[Error - 21:30:34] 2024/08/20 21:30:34 imports fixes: allImportsFixes: /home/barbarik/go/todolist/main.go:22:16: expected operand, found ']'
	file="/home/barbarik/go/todolist/main.go"

[Info  - 21:30:39] 2024/08/20 21:30:39 background imports cache refresh starting

[Info  - 21:30:39] 2024/08/20 21:30:39 background refresh finished after 5.318796ms

[Info  - 21:31:10] 2024/08/20 21:31:10 background imports cache refresh starting

[Info  - 21:31:10] 2024/08/20 21:31:10 background refresh finished after 4.503456ms

[Error - 21:31:47] 2024/08/20 21:31:47 imports fixes: allImportsFixes: /home/barbarik/go/todolist/main.go:28:29: expected '(', found ')' (and 5 more errors)
	file="/home/barbarik/go/todolist/main.go"

[Error - 21:31:50] 2024/08/20 21:31:50 imports fixes: allImportsFixes: /home/barbarik/go/todolist/main.go:28:33: expected type, found ')'
	file="/home/barbarik/go/todolist/main.go"

[Info  - 21:31:52] 2024/08/20 21:31:52 background imports cache refresh starting

[Info  - 21:31:52] 2024/08/20 21:31:52 background refresh finished after 4.748468ms

[Info  - 21:32:22] 2024/08/20 21:32:22 background imports cache refresh starting

[Info  - 21:32:22] 2024/08/20 21:32:22 background refresh finished after 4.835931ms

[Error - 21:32:24] 2024/08/20 21:32:24 imports fixes: allImportsFixes: /home/barbarik/go/todolist/main.go:30:2: expected operand, found '}' (and 7 more errors)
	file="/home/barbarik/go/todolist/main.go"

[Error - 21:32:42] 2024/08/20 21:32:42 imports fixes: allImportsFixes: /home/barbarik/go/todolist/main.go:23:15: expected operand, found ']'
	file="/home/barbarik/go/todolist/main.go"

[Error - 21:32:46] 2024/08/20 21:32:46 imports fixes: allImportsFixes: /home/barbarik/go/todolist/main.go:23:15: expected operand, found ']'
	file="/home/barbarik/go/todolist/main.go"

[Info  - 21:32:52] 2024/08/20 21:32:52 background imports cache refresh starting

[Info  - 21:32:52] 2024/08/20 21:32:52 background refresh finished after 4.901822ms

[Info  - 21:34:11] 2024/08/20 21:34:11 background imports cache refresh starting

[Info  - 21:34:11] 2024/08/20 21:34:11 background refresh finished after 2.122658ms

[Error - 21:34:36] 2024/08/20 21:34:36 imports fixes: allImportsFixes: /home/barbarik/go/todolist/main.go:33:2: expected operand, found '}' (and 11 more errors)
	file="/home/barbarik/go/todolist/main.go"

[Error - 21:34:39] 2024/08/20 21:34:39 imports fixes: allImportsFixes: /home/barbarik/go/todolist/main.go:32:9: expected ';', found '!' (and 10 more errors)
	file="/home/barbarik/go/todolist/main.go"

[Error - 21:34:40] 2024/08/20 21:34:40 imports fixes: allImportsFixes: /home/barbarik/go/todolist/main.go:33:2: expected operand, found '}' (and 11 more errors)
	file="/home/barbarik/go/todolist/main.go"

[Info  - 21:34:42] 2024/08/20 21:34:42 background imports cache refresh starting

[Info  - 21:34:42] 2024/08/20 21:34:42 background refresh finished after 3.897719ms

[Info  - 21:35:13] 2024/08/20 21:35:13 background imports cache refresh starting

[Info  - 21:35:13] 2024/08/20 21:35:13 background refresh finished after 5.276627ms

[Error - 21:35:38] 2024/08/20 21:35:38 imports fixes: allImportsFixes: /home/barbarik/go/todolist/main.go:37:2: expected operand, found '}' (and 11 more errors)
	file="/home/barbarik/go/todolist/main.go"

[Error - 21:35:38] 2024/08/20 21:35:38 imports fixes: allImportsFixes: /home/barbarik/go/todolist/main.go:36:6: expected operand, found ')' (and 12 more errors)
	file="/home/barbarik/go/todolist/main.go"

[Error - 21:35:39] 2024/08/20 21:35:39 imports fixes: allImportsFixes: /home/barbarik/go/todolist/main.go:37:2: expected operand, found '}' (and 9 more errors)
	file="/home/barbarik/go/todolist/main.go"

[Error - 21:35:40] 2024/08/20 21:35:40 imports fixes: allImportsFixes: /home/barbarik/go/todolist/main.go:37:2: expected operand, found '}' (and 9 more errors)
	file="/home/barbarik/go/todolist/main.go"

[Error - 21:35:41] 2024/08/20 21:35:41 imports fixes: allImportsFixes: /home/barbarik/go/todolist/main.go:37:2: expected operand, found '}' (and 9 more errors)
	file="/home/barbarik/go/todolist/main.go"

[Error - 21:35:43] 2024/08/20 21:35:43 imports fixes: allImportsFixes: /home/barbarik/go/todolist/main.go:36:16: expected '==', found '=' (and 13 more errors)
	file="/home/barbarik/go/todolist/main.go"

[Error - 21:35:44] 2024/08/20 21:35:44 imports fixes: allImportsFixes: /home/barbarik/go/todolist/main.go:37:2: expected operand, found '}' (and 9 more errors)
	file="/home/barbarik/go/todolist/main.go"

[Error - 21:35:45] 2024/08/20 21:35:45 imports fixes: allImportsFixes: /home/barbarik/go/todolist/main.go:36:19: expected operand, found ')' (and 12 more errors)
	file="/home/barbarik/go/todolist/main.go"

[Error - 21:35:46] 2024/08/20 21:35:46 imports fixes: allImportsFixes: /home/barbarik/go/todolist/main.go:37:2: expected operand, found '}' (and 9 more errors)
	file="/home/barbarik/go/todolist/main.go"

[Error - 21:35:47] 2024/08/20 21:35:47 imports fixes: allImportsFixes: /home/barbarik/go/todolist/main.go:37:2: expected operand, found '}' (and 9 more errors)
	file="/home/barbarik/go/todolist/main.go"

[Error - 21:35:48] 2024/08/20 21:35:48 imports fixes: allImportsFixes: /home/barbarik/go/todolist/main.go:37:2: expected operand, found '}' (and 9 more errors)
	file="/home/barbarik/go/todolist/main.go"

[Error - 21:35:50] 2024/08/20 21:35:50 imports fixes: allImportsFixes: /home/barbarik/go/todolist/main.go:36:21: expected ')', found newline (and 11 more errors)
	file="/home/barbarik/go/todolist/main.go"

[Error - 21:35:50] 2024/08/20 21:35:50 imports fixes: allImportsFixes: /home/barbarik/go/todolist/main.go:36:21: expected ')', found newline (and 11 more errors)
	file="/home/barbarik/go/todolist/main.go"

[Error - 21:35:51] 2024/08/20 21:35:51 imports fixes: allImportsFixes: /home/barbarik/go/todolist/main.go:36:21: expected ')', found newline (and 11 more errors)
	file="/home/barbarik/go/todolist/main.go"

[Error - 21:35:53] 2024/08/20 21:35:53 imports fixes: allImportsFixes: /home/barbarik/go/todolist/main.go:36:21: expected ')', found newline (and 11 more errors)
	file="/home/barbarik/go/todolist/main.go"

[Error - 21:35:54] 2024/08/20 21:35:54 imports fixes: allImportsFixes: /home/barbarik/go/todolist/main.go:37:2: expected operand, found '}' (and 9 more errors)
	file="/home/barbarik/go/todolist/main.go"

[Error - 21:35:55] 2024/08/20 21:35:55 imports fixes: allImportsFixes: /home/barbarik/go/todolist/main.go:37:2: expected operand, found '}' (and 9 more errors)
	file="/home/barbarik/go/todolist/main.go"

[Error - 21:35:55] 2024/08/20 21:35:55 imports fixes: allImportsFixes: /home/barbarik/go/todolist/main.go:37:2: expected operand, found '}' (and 9 more errors)
	file="/home/barbarik/go/todolist/main.go"

[Error - 21:35:57] 2024/08/20 21:35:57 imports fixes: allImportsFixes: /home/barbarik/go/todolist/main.go:37:2: expected operand, found '}' (and 9 more errors)
	file="/home/barbarik/go/todolist/main.go"

[Info  - 21:36:06] 2024/08/20 21:36:06 background imports cache refresh starting

[Info  - 21:36:06] 2024/08/20 21:36:06 background refresh finished after 4.829462ms

[Error - 21:36:08] 2024/08/20 21:36:08 imports fixes: allImportsFixes: /home/barbarik/go/todolist/main.go:37:25: expected operand, found 'ILLEGAL' (and 12 more errors)
	file="/home/barbarik/go/todolist/main.go"

[Error - 21:36:31] 2024/08/20 21:36:31 imports fixes: allImportsFixes: /home/barbarik/go/todolist/main.go:37:46: expected operand, found '}' (and 13 more errors)
	file="/home/barbarik/go/todolist/main.go"

[Error - 21:36:37] 2024/08/20 21:36:37 imports fixes: allImportsFixes: /home/barbarik/go/todolist/main.go:37:46: expected operand, found '}' (and 13 more errors)
	file="/home/barbarik/go/todolist/main.go"

[Error - 21:36:38] 2024/08/20 21:36:38 imports fixes: allImportsFixes: /home/barbarik/go/todolist/main.go:37:43: expected operand, found '}' (and 13 more errors)
	file="/home/barbarik/go/todolist/main.go"

[Info  - 21:36:38] 2024/08/20 21:36:38 background imports cache refresh starting

[Info  - 21:36:38] 2024/08/20 21:36:38 background refresh finished after 2.809803ms

[Error - 21:36:39] 2024/08/20 21:36:39 imports fixes: allImportsFixes: /home/barbarik/go/todolist/main.go:37:48: expected operand, found '}' (and 13 more errors)
	file="/home/barbarik/go/todolist/main.go"

[Error - 21:36:40] 2024/08/20 21:36:40 imports fixes: allImportsFixes: /home/barbarik/go/todolist/main.go:37:48: expected operand, found '}' (and 13 more errors)
	file="/home/barbarik/go/todolist/main.go"

[Error - 21:36:40] 2024/08/20 21:36:40 imports fixes: allImportsFixes: /home/barbarik/go/todolist/main.go:37:48: expected operand, found '}' (and 13 more errors)
	file="/home/barbarik/go/todolist/main.go"

[Info  - 21:37:11] 2024/08/20 21:37:11 background imports cache refresh starting

[Info  - 21:37:11] 2024/08/20 21:37:11 background refresh finished after 5.144078ms

[Error - 21:37:21] 2024/08/20 21:37:21 imports fixes: allImportsFixes: /home/barbarik/go/todolist/main.go:42:2: expected operand, found '}' (and 7 more errors)
	file="/home/barbarik/go/todolist/main.go"

[Error - 21:37:27] 2024/08/20 21:37:27 signature help failed: call operand is not a func or type: *ast.Ident (len)
	position=39:16

[Error - 21:37:36] 2024/08/20 21:37:36 imports fixes: allImportsFixes: /home/barbarik/go/todolist/main.go:42:2: expected operand, found '}' (and 7 more errors)
	file="/home/barbarik/go/todolist/main.go"

[Info  - 21:37:41] 2024/08/20 21:37:41 background imports cache refresh starting

[Info  - 21:37:41] 2024/08/20 21:37:41 background refresh finished after 4.798813ms

[Error - 21:37:46] 2024/08/20 21:37:46 imports fixes: allImportsFixes: /home/barbarik/go/todolist/main.go:43:2: expected operand, found '}' (and 7 more errors)
	file="/home/barbarik/go/todolist/main.go"

[Error - 21:37:48] 2024/08/20 21:37:48 signature help failed: call operand is not a func or type: *ast.Ident (append)
	position=40:17

[Info  - 21:38:14] 2024/08/20 21:38:14 background imports cache refresh starting

[Info  - 21:38:14] 2024/08/20 21:38:14 background refresh finished after 5.105551ms

[Info  - 21:38:44] 2024/08/20 21:38:44 background imports cache refresh starting

[Info  - 21:38:44] 2024/08/20 21:38:44 background refresh finished after 5.270464ms

[Info  - 21:39:18] 2024/08/20 21:39:18 background imports cache refresh starting

[Info  - 21:39:18] 2024/08/20 21:39:18 background refresh finished after 2.248769ms

[Info  - 00:37:07] 2024/08/21 00:37:07 Shutdown session
	shutdown_session=1

