
---------------- Running Request: ----------------
Request Url: http://localhost:4000/
Method: GET
Request Headers:
{
  "accept-encoding": "gzip, deflate, br",
  "Accept": "*/*",
  "User-Agent": "Thunder Client (https://www.thunderclient.com)"
}

---------------- Running Request: ----------------
Request Url: http://localhost:4000/
Method: GET
Request Headers:
{
  "accept-encoding": "gzip, deflate, br",
  "Accept": "*/*",
  "User-Agent": "Thunder Client (https://www.thunderclient.com)"
}

---------------- Running Request: ----------------
Request Url: http://localhost:4000/
Method: GET
Request Headers:
{
  "accept-encoding": "gzip, deflate, br",
  "Accept": "*/*",
  "User-Agent": "Thunder Client (https://www.thunderclient.com)"
}

---------------- Running Request: ----------------
Request Url: http://localhost:4000/api/todos
Method: POST
Request Headers:
{
  "accept-encoding": "gzip, deflate, br",
  "Accept": "*/*",
  "User-Agent": "Thunder Client (https://www.thunderclient.com)"
}

---------------- Running Request: ----------------
Request Url: http://localhost:4000/api/todos
Method: POST
Request Headers:
{
  "content-length": "15",
  "accept-encoding": "gzip, deflate, br",
  "Accept": "*/*",
  "User-Agent": "Thunder Client (https://www.thunderclient.com)",
  "Content-Type": "application/json"
}
Request Body:
{
  "body":""
}
