[Info  - 18:48:23] 2024/08/27 18:48:23 Created View (#1)
	directory=/home/barbarik/go/todolist
	view_type="GoMod"
	root_dir="file:///home/barbarik/go/todolist"
	go_version="go version go1.23.0 linux/amd64"
	build_flags=[]
	env={GOOS:linux GOARCH:amd64 GOCACHE:/home/barbarik/.cache/go-build GOMODCACHE:/home/barbarik/go/pkg/mod GOPATH:/home/barbarik/go GOPRIVATE: GOFLAGS: GO111MODULE: GOTOOLCHAIN:auto GoVersion:23 GoVersionOutput:go version go1.23.0 linux/amd64
 ExplicitGOWORK: EffectiveGOPACKAGESDRIVER:}
	env_overlay=[]

[Info  - 18:48:24] 2024/08/27 18:48:23 go/packages.Load #1
	view_id="1"
	snapshot=0
	directory=/home/barbarik/go/todolist
	query=[/home/barbarik/go/todolist/... builtin]
	packages=2
	duration=411.759252ms

[Info  - 18:48:53] 2024/08/27 18:48:53 background imports cache refresh starting

[Info  - 18:48:53] 2024/08/27 18:48:53 background refresh finished after 113.275334ms

[Info  - 19:58:24] 2024/08/27 19:58:24 go/packages.Load #2
	view_id="1"
	snapshot=22
	directory=/home/barbarik/go/todolist
	query=[file=/home/barbarik/go/todolist/main.go]
	packages=1
	duration=223.982524ms

[Info  - 19:58:24] 2024/08/27 19:58:24 go/packages.Load #3
	view_id="1"
	snapshot=22
	directory=/home/barbarik/go/todolist
	query=[file=/home/barbarik/go/todolist/main.go]
	packages=1
	duration=125.728793ms

[Info  - 19:58:33] 2024/08/27 19:58:33 background imports cache refresh starting

[Info  - 19:58:33] 2024/08/27 19:58:33 background refresh finished after 5.038043ms

[Error - 19:58:47] 2024/08/27 19:58:47 imports fixes: allImportsFixes: /home/barbarik/go/todolist/main.go:56:8: missing ',' before newline in composite literal
	file="/home/barbarik/go/todolist/main.go"

[Error - 19:58:48] 2024/08/27 19:58:48 imports fixes: allImportsFixes: /home/barbarik/go/todolist/main.go:56:9: missing ',' before newline in composite literal
	file="/home/barbarik/go/todolist/main.go"

[Error - 19:58:49] 2024/08/27 19:58:49 imports fixes: allImportsFixes: /home/barbarik/go/todolist/main.go:56:15: missing ',' before newline in composite literal
	file="/home/barbarik/go/todolist/main.go"

[Error - 19:58:50] 2024/08/27 19:58:50 imports fixes: allImportsFixes: /home/barbarik/go/todolist/main.go:56:15: missing ',' before newline in composite literal
	file="/home/barbarik/go/todolist/main.go"

[Error - 19:58:55] 2024/08/27 19:58:55 imports fixes: allImportsFixes: /home/barbarik/go/todolist/main.go:56:19: missing ',' before newline in composite literal
	file="/home/barbarik/go/todolist/main.go"

[Error - 19:58:57] 2024/08/27 19:58:57 imports fixes: allImportsFixes: /home/barbarik/go/todolist/main.go:56:23: missing ',' before newline in composite literal
	file="/home/barbarik/go/todolist/main.go"

[Error - 19:58:58] 2024/08/27 19:58:58 imports fixes: allImportsFixes: /home/barbarik/go/todolist/main.go:56:22: missing ',' before newline in composite literal
	file="/home/barbarik/go/todolist/main.go"

[Error - 19:58:59] 2024/08/27 19:58:59 imports fixes: allImportsFixes: /home/barbarik/go/todolist/main.go:56:23: missing ',' before newline in composite literal
	file="/home/barbarik/go/todolist/main.go"

[Error - 19:59:00] 2024/08/27 19:59:00 imports fixes: allImportsFixes: /home/barbarik/go/todolist/main.go:56:31: missing ',' before newline in composite literal
	file="/home/barbarik/go/todolist/main.go"

[Error - 19:59:01] 2024/08/27 19:59:01 imports fixes: allImportsFixes: /home/barbarik/go/todolist/main.go:56:35: missing ',' before newline in composite literal
	file="/home/barbarik/go/todolist/main.go"

[Info  - 19:59:03] 2024/08/27 19:59:03 background imports cache refresh starting

[Info  - 19:59:03] 2024/08/27 19:59:03 background refresh finished after 7.397002ms

[Error - 19:59:05] 2024/08/27 19:59:05 imports fixes: allImportsFixes: /home/barbarik/go/todolist/main.go:56:36: missing ',' before newline in composite literal
	file="/home/barbarik/go/todolist/main.go"

[Error - 19:59:06] 2024/08/27 19:59:06 imports fixes: allImportsFixes: /home/barbarik/go/todolist/main.go:56:37: missing ',' before newline in composite literal
	file="/home/barbarik/go/todolist/main.go"

[Error - 19:59:06] 2024/08/27 19:59:06 imports fixes: allImportsFixes: /home/barbarik/go/todolist/main.go:56:38: missing ',' before newline in composite literal
	file="/home/barbarik/go/todolist/main.go"

[Error - 19:59:07] 2024/08/27 19:59:07 imports fixes: allImportsFixes: /home/barbarik/go/todolist/main.go:56:40: missing ',' before newline in composite literal
	file="/home/barbarik/go/todolist/main.go"

[Error - 19:59:08] 2024/08/27 19:59:08 imports fixes: allImportsFixes: /home/barbarik/go/todolist/main.go:56:40: missing ',' before newline in composite literal
	file="/home/barbarik/go/todolist/main.go"

[Error - 19:59:22] 2024/08/27 19:59:22 imports fixes: allImportsFixes: /home/barbarik/go/todolist/main.go:57:8: missing ',' before newline in composite literal
	file="/home/barbarik/go/todolist/main.go"

[Error - 19:59:23] 2024/08/27 19:59:23 imports fixes: allImportsFixes: /home/barbarik/go/todolist/main.go:57:17: expected operand, found ',' (and 111 more errors)
	file="/home/barbarik/go/todolist/main.go"

[Error - 19:59:24] 2024/08/27 19:59:24 imports fixes: allImportsFixes: /home/barbarik/go/todolist/main.go:57:17: expected operand, found ',' (and 111 more errors)
	file="/home/barbarik/go/todolist/main.go"

[Info  - 19:59:40] 2024/08/27 19:59:40 background imports cache refresh starting

[Info  - 19:59:40] 2024/08/27 19:59:40 background refresh finished after 7.011432ms

[Info  - 20:00:15] 2024/08/27 20:00:15 background imports cache refresh starting

[Info  - 20:00:15] 2024/08/27 20:00:15 background refresh finished after 6.09465ms

[Info  - 20:03:04] 2024/08/27 20:03:04 background imports cache refresh starting

[Info  - 20:03:04] 2024/08/27 20:03:04 background refresh finished after 5.955616ms

[Info  - 20:05:05] 2024/08/27 20:05:05 background imports cache refresh starting

[Info  - 20:05:05] 2024/08/27 20:05:05 background refresh finished after 7.832131ms

[Info  - 20:23:00] 2024/08/27 20:23:00 background imports cache refresh starting

[Info  - 20:23:00] 2024/08/27 20:23:00 background refresh finished after 6.99853ms

[Info  - 21:26:50] 2024/08/27 21:26:50 Shutdown session
	shutdown_session=1

