2024-08-25 18:13:00.916 [info] Extension host with pid 16046 started
2024-08-25 18:13:00.916 [info] Skipping acquiring lock for /home/barbarik/.config/Code - OSS/User/workspaceStorage/4a4f5fe62bc1e109bcbdd37ef12c3200.
2024-08-25 18:13:01.113 [info] ExtensionService#_doActivateExtension vscode.emmet, startup: false, activationEvent: 'onLanguage'
2024-08-25 18:13:01.126 [info] ExtensionService#_doActivateExtension golang.go, startup: false, activationEvent: 'onLanguage:go'
2024-08-25 18:13:01.497 [info] ExtensionService#_doActivateExtension vscode.git-base, startup: true, activationEvent: '*', root cause: vscode.git
2024-08-25 18:13:01.501 [info] ExtensionService#_doActivateExtension CoenraadS.bracket-pair-colorizer-2, startup: true, activationEvent: '*'
2024-08-25 18:13:01.532 [info] ExtensionService#_doActivateExtension formulahendry.auto-rename-tag, startup: true, activationEvent: '*'
2024-08-25 18:13:01.688 [info] ExtensionService#_doActivateExtension vscode.git, startup: true, activationEvent: '*'
2024-08-25 18:13:01.730 [info] ExtensionService#_doActivateExtension vscode.github, startup: true, activationEvent: '*'
2024-08-25 18:13:02.050 [info] Eager extensions activated
2024-08-25 18:13:02.072 [info] ExtensionService#_doActivateExtension vscode.debug-auto-launch, startup: false, activationEvent: 'onStartupFinished'
2024-08-25 18:13:02.077 [info] ExtensionService#_doActivateExtension vscode.merge-conflict, startup: false, activationEvent: 'onStartupFinished'
2024-08-25 18:13:02.092 [info] ExtensionService#_doActivateExtension dsznajder.es7-react-js-snippets, startup: false, activationEvent: 'onStartupFinished'
2024-08-25 18:13:02.583 [info] ExtensionService#_doActivateExtension esbenp.prettier-vscode, startup: false, activationEvent: 'onStartupFinished'
2024-08-25 18:13:02.610 [info] ExtensionService#_doActivateExtension vadimcn.vscode-lldb, startup: false, activationEvent: 'onStartupFinished'
2024-08-25 18:22:53.358 [error] Error: [ExtensionListenerError] Extension 'CoenraadS.bracket-pair-colorizer-2' FAILED to handle event: TypeError: Cannot read properties of undefined (reading 'getRuleStack')
    at i.value (/usr/lib/code/out/vs/workbench/api/node/extensionHostProcess.js:164:21030)
    at n.B (/usr/lib/code/out/vs/workbench/api/node/extensionHostProcess.js:83:737)
    at n.C (/usr/lib/code/out/vs/workbench/api/node/extensionHostProcess.js:83:807)
    at n.fire (/usr/lib/code/out/vs/workbench/api/node/extensionHostProcess.js:83:1023)
    at S.$acceptModelChanged (/usr/lib/code/out/vs/workbench/api/node/extensionHostProcess.js:154:84072)
    at E.S (/usr/lib/code/out/vs/workbench/api/node/extensionHostProcess.js:151:5980)
    at E.Q (/usr/lib/code/out/vs/workbench/api/node/extensionHostProcess.js:151:5746)
    at E.M (/usr/lib/code/out/vs/workbench/api/node/extensionHostProcess.js:151:4778)
    at E.L (/usr/lib/code/out/vs/workbench/api/node/extensionHostProcess.js:151:3605)
    at i.value (/usr/lib/code/out/vs/workbench/api/node/extensionHostProcess.js:151:2297)
    at n.B (/usr/lib/code/out/vs/workbench/api/node/extensionHostProcess.js:83:737)
    at n.fire (/usr/lib/code/out/vs/workbench/api/node/extensionHostProcess.js:83:954)
    at s.fire (/usr/lib/code/out/vs/workbench/api/node/extensionHostProcess.js:97:14453)
    at i.value (/usr/lib/code/out/vs/workbench/api/node/extensionHostProcess.js:177:8655)
    at n.B (/usr/lib/code/out/vs/workbench/api/node/extensionHostProcess.js:83:737)
    at n.fire (/usr/lib/code/out/vs/workbench/api/node/extensionHostProcess.js:83:954)
    at s.fire (/usr/lib/code/out/vs/workbench/api/node/extensionHostProcess.js:97:14453)
    at MessagePortMain.<anonymous> (/usr/lib/code/out/vs/workbench/api/node/extensionHostProcess.js:177:6781)
    at MessagePortMain.emit (node:events:519:28)
    at Object.MessagePortMain._internalPort.emit (node:electron/js2c/utility_init:2:2619)
2024-08-25 18:22:56.767 [error] Error: [ExtensionListenerError] Extension 'CoenraadS.bracket-pair-colorizer-2' FAILED to handle event: TypeError: Cannot read properties of undefined (reading 'getRuleStack')
    at i.value (/usr/lib/code/out/vs/workbench/api/node/extensionHostProcess.js:164:21030)
    at n.B (/usr/lib/code/out/vs/workbench/api/node/extensionHostProcess.js:83:737)
    at n.C (/usr/lib/code/out/vs/workbench/api/node/extensionHostProcess.js:83:807)
    at n.fire (/usr/lib/code/out/vs/workbench/api/node/extensionHostProcess.js:83:1023)
    at S.$acceptModelChanged (/usr/lib/code/out/vs/workbench/api/node/extensionHostProcess.js:154:84072)
    at E.S (/usr/lib/code/out/vs/workbench/api/node/extensionHostProcess.js:151:5980)
    at E.Q (/usr/lib/code/out/vs/workbench/api/node/extensionHostProcess.js:151:5746)
    at E.M (/usr/lib/code/out/vs/workbench/api/node/extensionHostProcess.js:151:4778)
    at E.L (/usr/lib/code/out/vs/workbench/api/node/extensionHostProcess.js:151:3605)
    at i.value (/usr/lib/code/out/vs/workbench/api/node/extensionHostProcess.js:151:2297)
    at n.B (/usr/lib/code/out/vs/workbench/api/node/extensionHostProcess.js:83:737)
    at n.fire (/usr/lib/code/out/vs/workbench/api/node/extensionHostProcess.js:83:954)
    at s.fire (/usr/lib/code/out/vs/workbench/api/node/extensionHostProcess.js:97:14453)
    at i.value (/usr/lib/code/out/vs/workbench/api/node/extensionHostProcess.js:177:8655)
    at n.B (/usr/lib/code/out/vs/workbench/api/node/extensionHostProcess.js:83:737)
    at n.fire (/usr/lib/code/out/vs/workbench/api/node/extensionHostProcess.js:83:954)
    at s.fire (/usr/lib/code/out/vs/workbench/api/node/extensionHostProcess.js:97:14453)
    at MessagePortMain.<anonymous> (/usr/lib/code/out/vs/workbench/api/node/extensionHostProcess.js:177:6781)
    at MessagePortMain.emit (node:events:519:28)
    at Object.MessagePortMain._internalPort.emit (node:electron/js2c/utility_init:2:2619)
2024-08-25 18:22:56.883 [error] Error: [ExtensionListenerError] Extension 'CoenraadS.bracket-pair-colorizer-2' FAILED to handle event: TypeError: Cannot read properties of undefined (reading 'getRuleStack')
    at i.value (/usr/lib/code/out/vs/workbench/api/node/extensionHostProcess.js:164:21030)
    at n.B (/usr/lib/code/out/vs/workbench/api/node/extensionHostProcess.js:83:737)
    at n.C (/usr/lib/code/out/vs/workbench/api/node/extensionHostProcess.js:83:807)
    at n.fire (/usr/lib/code/out/vs/workbench/api/node/extensionHostProcess.js:83:1023)
    at S.$acceptModelChanged (/usr/lib/code/out/vs/workbench/api/node/extensionHostProcess.js:154:84072)
    at E.S (/usr/lib/code/out/vs/workbench/api/node/extensionHostProcess.js:151:5980)
    at E.Q (/usr/lib/code/out/vs/workbench/api/node/extensionHostProcess.js:151:5746)
    at E.M (/usr/lib/code/out/vs/workbench/api/node/extensionHostProcess.js:151:4778)
    at E.L (/usr/lib/code/out/vs/workbench/api/node/extensionHostProcess.js:151:3605)
    at i.value (/usr/lib/code/out/vs/workbench/api/node/extensionHostProcess.js:151:2297)
    at n.B (/usr/lib/code/out/vs/workbench/api/node/extensionHostProcess.js:83:737)
    at n.fire (/usr/lib/code/out/vs/workbench/api/node/extensionHostProcess.js:83:954)
    at s.fire (/usr/lib/code/out/vs/workbench/api/node/extensionHostProcess.js:97:14453)
    at i.value (/usr/lib/code/out/vs/workbench/api/node/extensionHostProcess.js:177:8655)
    at n.B (/usr/lib/code/out/vs/workbench/api/node/extensionHostProcess.js:83:737)
    at n.fire (/usr/lib/code/out/vs/workbench/api/node/extensionHostProcess.js:83:954)
    at s.fire (/usr/lib/code/out/vs/workbench/api/node/extensionHostProcess.js:97:14453)
    at MessagePortMain.<anonymous> (/usr/lib/code/out/vs/workbench/api/node/extensionHostProcess.js:177:6781)
    at MessagePortMain.emit (node:events:519:28)
    at Object.MessagePortMain._internalPort.emit (node:electron/js2c/utility_init:2:2619)
2024-08-25 18:22:56.947 [error] Error: [ExtensionListenerError] Extension 'CoenraadS.bracket-pair-colorizer-2' FAILED to handle event: TypeError: Cannot read properties of undefined (reading 'getRuleStack')
    at i.value (/usr/lib/code/out/vs/workbench/api/node/extensionHostProcess.js:164:21030)
    at n.B (/usr/lib/code/out/vs/workbench/api/node/extensionHostProcess.js:83:737)
    at n.C (/usr/lib/code/out/vs/workbench/api/node/extensionHostProcess.js:83:807)
    at n.fire (/usr/lib/code/out/vs/workbench/api/node/extensionHostProcess.js:83:1023)
    at S.$acceptModelChanged (/usr/lib/code/out/vs/workbench/api/node/extensionHostProcess.js:154:84072)
    at E.S (/usr/lib/code/out/vs/workbench/api/node/extensionHostProcess.js:151:5980)
    at E.Q (/usr/lib/code/out/vs/workbench/api/node/extensionHostProcess.js:151:5746)
    at E.M (/usr/lib/code/out/vs/workbench/api/node/extensionHostProcess.js:151:4778)
    at E.L (/usr/lib/code/out/vs/workbench/api/node/extensionHostProcess.js:151:3605)
    at i.value (/usr/lib/code/out/vs/workbench/api/node/extensionHostProcess.js:151:2297)
    at n.B (/usr/lib/code/out/vs/workbench/api/node/extensionHostProcess.js:83:737)
    at n.fire (/usr/lib/code/out/vs/workbench/api/node/extensionHostProcess.js:83:954)
    at s.fire (/usr/lib/code/out/vs/workbench/api/node/extensionHostProcess.js:97:14453)
    at i.value (/usr/lib/code/out/vs/workbench/api/node/extensionHostProcess.js:177:8655)
    at n.B (/usr/lib/code/out/vs/workbench/api/node/extensionHostProcess.js:83:737)
    at n.fire (/usr/lib/code/out/vs/workbench/api/node/extensionHostProcess.js:83:954)
    at s.fire (/usr/lib/code/out/vs/workbench/api/node/extensionHostProcess.js:97:14453)
    at MessagePortMain.<anonymous> (/usr/lib/code/out/vs/workbench/api/node/extensionHostProcess.js:177:6781)
    at MessagePortMain.emit (node:events:519:28)
    at Object.MessagePortMain._internalPort.emit (node:electron/js2c/utility_init:2:2619)
2024-08-25 18:22:57.095 [error] Error: [ExtensionListenerError] Extension 'CoenraadS.bracket-pair-colorizer-2' FAILED to handle event: TypeError: Cannot read properties of undefined (reading 'getRuleStack')
    at i.value (/usr/lib/code/out/vs/workbench/api/node/extensionHostProcess.js:164:21030)
    at n.B (/usr/lib/code/out/vs/workbench/api/node/extensionHostProcess.js:83:737)
    at n.C (/usr/lib/code/out/vs/workbench/api/node/extensionHostProcess.js:83:807)
    at n.fire (/usr/lib/code/out/vs/workbench/api/node/extensionHostProcess.js:83:1023)
    at S.$acceptModelChanged (/usr/lib/code/out/vs/workbench/api/node/extensionHostProcess.js:154:84072)
    at E.S (/usr/lib/code/out/vs/workbench/api/node/extensionHostProcess.js:151:5980)
    at E.Q (/usr/lib/code/out/vs/workbench/api/node/extensionHostProcess.js:151:5746)
    at E.M (/usr/lib/code/out/vs/workbench/api/node/extensionHostProcess.js:151:4778)
    at E.L (/usr/lib/code/out/vs/workbench/api/node/extensionHostProcess.js:151:3605)
    at i.value (/usr/lib/code/out/vs/workbench/api/node/extensionHostProcess.js:151:2297)
    at n.B (/usr/lib/code/out/vs/workbench/api/node/extensionHostProcess.js:83:737)
    at n.fire (/usr/lib/code/out/vs/workbench/api/node/extensionHostProcess.js:83:954)
    at s.fire (/usr/lib/code/out/vs/workbench/api/node/extensionHostProcess.js:97:14453)
    at i.value (/usr/lib/code/out/vs/workbench/api/node/extensionHostProcess.js:177:8655)
    at n.B (/usr/lib/code/out/vs/workbench/api/node/extensionHostProcess.js:83:737)
    at n.fire (/usr/lib/code/out/vs/workbench/api/node/extensionHostProcess.js:83:954)
    at s.fire (/usr/lib/code/out/vs/workbench/api/node/extensionHostProcess.js:97:14453)
    at MessagePortMain.<anonymous> (/usr/lib/code/out/vs/workbench/api/node/extensionHostProcess.js:177:6781)
    at MessagePortMain.emit (node:events:519:28)
    at Object.MessagePortMain._internalPort.emit (node:electron/js2c/utility_init:2:2619)
2024-08-25 18:22:57.162 [error] Error: [ExtensionListenerError] Extension 'CoenraadS.bracket-pair-colorizer-2' FAILED to handle event: TypeError: Cannot read properties of undefined (reading 'getRuleStack')
    at i.value (/usr/lib/code/out/vs/workbench/api/node/extensionHostProcess.js:164:21030)
    at n.B (/usr/lib/code/out/vs/workbench/api/node/extensionHostProcess.js:83:737)
    at n.C (/usr/lib/code/out/vs/workbench/api/node/extensionHostProcess.js:83:807)
    at n.fire (/usr/lib/code/out/vs/workbench/api/node/extensionHostProcess.js:83:1023)
    at S.$acceptModelChanged (/usr/lib/code/out/vs/workbench/api/node/extensionHostProcess.js:154:84072)
    at E.S (/usr/lib/code/out/vs/workbench/api/node/extensionHostProcess.js:151:5980)
    at E.Q (/usr/lib/code/out/vs/workbench/api/node/extensionHostProcess.js:151:5746)
    at E.M (/usr/lib/code/out/vs/workbench/api/node/extensionHostProcess.js:151:4778)
    at E.L (/usr/lib/code/out/vs/workbench/api/node/extensionHostProcess.js:151:3605)
    at i.value (/usr/lib/code/out/vs/workbench/api/node/extensionHostProcess.js:151:2297)
    at n.B (/usr/lib/code/out/vs/workbench/api/node/extensionHostProcess.js:83:737)
    at n.fire (/usr/lib/code/out/vs/workbench/api/node/extensionHostProcess.js:83:954)
    at s.fire (/usr/lib/code/out/vs/workbench/api/node/extensionHostProcess.js:97:14453)
    at i.value (/usr/lib/code/out/vs/workbench/api/node/extensionHostProcess.js:177:8655)
    at n.B (/usr/lib/code/out/vs/workbench/api/node/extensionHostProcess.js:83:737)
    at n.fire (/usr/lib/code/out/vs/workbench/api/node/extensionHostProcess.js:83:954)
    at s.fire (/usr/lib/code/out/vs/workbench/api/node/extensionHostProcess.js:97:14453)
    at MessagePortMain.<anonymous> (/usr/lib/code/out/vs/workbench/api/node/extensionHostProcess.js:177:6781)
    at MessagePortMain.emit (node:events:519:28)
    at Object.MessagePortMain._internalPort.emit (node:electron/js2c/utility_init:2:2619)
2024-08-25 18:22:57.358 [error] Error: [ExtensionListenerError] Extension 'CoenraadS.bracket-pair-colorizer-2' FAILED to handle event: TypeError: Cannot read properties of undefined (reading 'getRuleStack')
    at i.value (/usr/lib/code/out/vs/workbench/api/node/extensionHostProcess.js:164:21030)
    at n.B (/usr/lib/code/out/vs/workbench/api/node/extensionHostProcess.js:83:737)
    at n.C (/usr/lib/code/out/vs/workbench/api/node/extensionHostProcess.js:83:807)
    at n.fire (/usr/lib/code/out/vs/workbench/api/node/extensionHostProcess.js:83:1023)
    at S.$acceptModelChanged (/usr/lib/code/out/vs/workbench/api/node/extensionHostProcess.js:154:84072)
    at E.S (/usr/lib/code/out/vs/workbench/api/node/extensionHostProcess.js:151:5980)
    at E.Q (/usr/lib/code/out/vs/workbench/api/node/extensionHostProcess.js:151:5746)
    at E.M (/usr/lib/code/out/vs/workbench/api/node/extensionHostProcess.js:151:4778)
    at E.L (/usr/lib/code/out/vs/workbench/api/node/extensionHostProcess.js:151:3605)
    at i.value (/usr/lib/code/out/vs/workbench/api/node/extensionHostProcess.js:151:2297)
    at n.B (/usr/lib/code/out/vs/workbench/api/node/extensionHostProcess.js:83:737)
    at n.fire (/usr/lib/code/out/vs/workbench/api/node/extensionHostProcess.js:83:954)
    at s.fire (/usr/lib/code/out/vs/workbench/api/node/extensionHostProcess.js:97:14453)
    at i.value (/usr/lib/code/out/vs/workbench/api/node/extensionHostProcess.js:177:8655)
    at n.B (/usr/lib/code/out/vs/workbench/api/node/extensionHostProcess.js:83:737)
    at n.fire (/usr/lib/code/out/vs/workbench/api/node/extensionHostProcess.js:83:954)
    at s.fire (/usr/lib/code/out/vs/workbench/api/node/extensionHostProcess.js:97:14453)
    at MessagePortMain.<anonymous> (/usr/lib/code/out/vs/workbench/api/node/extensionHostProcess.js:177:6781)
    at MessagePortMain.emit (node:events:519:28)
    at Object.MessagePortMain._internalPort.emit (node:electron/js2c/utility_init:2:2619)
2024-08-25 18:22:57.468 [error] Error: [ExtensionListenerError] Extension 'CoenraadS.bracket-pair-colorizer-2' FAILED to handle event: TypeError: Cannot read properties of undefined (reading 'getRuleStack')
    at i.value (/usr/lib/code/out/vs/workbench/api/node/extensionHostProcess.js:164:21030)
    at n.B (/usr/lib/code/out/vs/workbench/api/node/extensionHostProcess.js:83:737)
    at n.C (/usr/lib/code/out/vs/workbench/api/node/extensionHostProcess.js:83:807)
    at n.fire (/usr/lib/code/out/vs/workbench/api/node/extensionHostProcess.js:83:1023)
    at S.$acceptModelChanged (/usr/lib/code/out/vs/workbench/api/node/extensionHostProcess.js:154:84072)
    at E.S (/usr/lib/code/out/vs/workbench/api/node/extensionHostProcess.js:151:5980)
    at E.Q (/usr/lib/code/out/vs/workbench/api/node/extensionHostProcess.js:151:5746)
    at E.M (/usr/lib/code/out/vs/workbench/api/node/extensionHostProcess.js:151:4778)
    at E.L (/usr/lib/code/out/vs/workbench/api/node/extensionHostProcess.js:151:3605)
    at i.value (/usr/lib/code/out/vs/workbench/api/node/extensionHostProcess.js:151:2297)
    at n.B (/usr/lib/code/out/vs/workbench/api/node/extensionHostProcess.js:83:737)
    at n.fire (/usr/lib/code/out/vs/workbench/api/node/extensionHostProcess.js:83:954)
    at s.fire (/usr/lib/code/out/vs/workbench/api/node/extensionHostProcess.js:97:14453)
    at i.value (/usr/lib/code/out/vs/workbench/api/node/extensionHostProcess.js:177:8655)
    at n.B (/usr/lib/code/out/vs/workbench/api/node/extensionHostProcess.js:83:737)
    at n.fire (/usr/lib/code/out/vs/workbench/api/node/extensionHostProcess.js:83:954)
    at s.fire (/usr/lib/code/out/vs/workbench/api/node/extensionHostProcess.js:97:14453)
    at MessagePortMain.<anonymous> (/usr/lib/code/out/vs/workbench/api/node/extensionHostProcess.js:177:6781)
    at MessagePortMain.emit (node:events:519:28)
    at Object.MessagePortMain._internalPort.emit (node:electron/js2c/utility_init:2:2619)
2024-08-25 18:22:57.548 [error] Error: [ExtensionListenerError] Extension 'CoenraadS.bracket-pair-colorizer-2' FAILED to handle event: TypeError: Cannot read properties of undefined (reading 'getRuleStack')
    at i.value (/usr/lib/code/out/vs/workbench/api/node/extensionHostProcess.js:164:21030)
    at n.B (/usr/lib/code/out/vs/workbench/api/node/extensionHostProcess.js:83:737)
    at n.C (/usr/lib/code/out/vs/workbench/api/node/extensionHostProcess.js:83:807)
    at n.fire (/usr/lib/code/out/vs/workbench/api/node/extensionHostProcess.js:83:1023)
    at S.$acceptModelChanged (/usr/lib/code/out/vs/workbench/api/node/extensionHostProcess.js:154:84072)
    at E.S (/usr/lib/code/out/vs/workbench/api/node/extensionHostProcess.js:151:5980)
    at E.Q (/usr/lib/code/out/vs/workbench/api/node/extensionHostProcess.js:151:5746)
    at E.M (/usr/lib/code/out/vs/workbench/api/node/extensionHostProcess.js:151:4778)
    at E.L (/usr/lib/code/out/vs/workbench/api/node/extensionHostProcess.js:151:3605)
    at i.value (/usr/lib/code/out/vs/workbench/api/node/extensionHostProcess.js:151:2297)
    at n.B (/usr/lib/code/out/vs/workbench/api/node/extensionHostProcess.js:83:737)
    at n.fire (/usr/lib/code/out/vs/workbench/api/node/extensionHostProcess.js:83:954)
    at s.fire (/usr/lib/code/out/vs/workbench/api/node/extensionHostProcess.js:97:14453)
    at i.value (/usr/lib/code/out/vs/workbench/api/node/extensionHostProcess.js:177:8655)
    at n.B (/usr/lib/code/out/vs/workbench/api/node/extensionHostProcess.js:83:737)
    at n.fire (/usr/lib/code/out/vs/workbench/api/node/extensionHostProcess.js:83:954)
    at s.fire (/usr/lib/code/out/vs/workbench/api/node/extensionHostProcess.js:97:14453)
    at MessagePortMain.<anonymous> (/usr/lib/code/out/vs/workbench/api/node/extensionHostProcess.js:177:6781)
    at MessagePortMain.emit (node:events:519:28)
    at Object.MessagePortMain._internalPort.emit (node:electron/js2c/utility_init:2:2619)
2024-08-25 18:22:57.599 [error] Error: [ExtensionListenerError] Extension 'CoenraadS.bracket-pair-colorizer-2' FAILED to handle event: TypeError: Cannot read properties of undefined (reading 'getRuleStack')
    at i.value (/usr/lib/code/out/vs/workbench/api/node/extensionHostProcess.js:164:21030)
    at n.B (/usr/lib/code/out/vs/workbench/api/node/extensionHostProcess.js:83:737)
    at n.C (/usr/lib/code/out/vs/workbench/api/node/extensionHostProcess.js:83:807)
    at n.fire (/usr/lib/code/out/vs/workbench/api/node/extensionHostProcess.js:83:1023)
    at S.$acceptModelChanged (/usr/lib/code/out/vs/workbench/api/node/extensionHostProcess.js:154:84072)
    at E.S (/usr/lib/code/out/vs/workbench/api/node/extensionHostProcess.js:151:5980)
    at E.Q (/usr/lib/code/out/vs/workbench/api/node/extensionHostProcess.js:151:5746)
    at E.M (/usr/lib/code/out/vs/workbench/api/node/extensionHostProcess.js:151:4778)
    at E.L (/usr/lib/code/out/vs/workbench/api/node/extensionHostProcess.js:151:3605)
    at i.value (/usr/lib/code/out/vs/workbench/api/node/extensionHostProcess.js:151:2297)
    at n.B (/usr/lib/code/out/vs/workbench/api/node/extensionHostProcess.js:83:737)
    at n.fire (/usr/lib/code/out/vs/workbench/api/node/extensionHostProcess.js:83:954)
    at s.fire (/usr/lib/code/out/vs/workbench/api/node/extensionHostProcess.js:97:14453)
    at i.value (/usr/lib/code/out/vs/workbench/api/node/extensionHostProcess.js:177:8655)
    at n.B (/usr/lib/code/out/vs/workbench/api/node/extensionHostProcess.js:83:737)
    at n.fire (/usr/lib/code/out/vs/workbench/api/node/extensionHostProcess.js:83:954)
    at s.fire (/usr/lib/code/out/vs/workbench/api/node/extensionHostProcess.js:97:14453)
    at MessagePortMain.<anonymous> (/usr/lib/code/out/vs/workbench/api/node/extensionHostProcess.js:177:6781)
    at MessagePortMain.emit (node:events:519:28)
    at Object.MessagePortMain._internalPort.emit (node:electron/js2c/utility_init:2:2619)
2024-08-25 18:59:15.968 [error] Error: [ExtensionListenerError] Extension 'CoenraadS.bracket-pair-colorizer-2' FAILED to handle event: TypeError: Cannot read properties of undefined (reading 'getRuleStack')
    at i.value (/usr/lib/code/out/vs/workbench/api/node/extensionHostProcess.js:164:21030)
    at n.B (/usr/lib/code/out/vs/workbench/api/node/extensionHostProcess.js:83:737)
    at n.C (/usr/lib/code/out/vs/workbench/api/node/extensionHostProcess.js:83:807)
    at n.fire (/usr/lib/code/out/vs/workbench/api/node/extensionHostProcess.js:83:1023)
    at S.$acceptModelChanged (/usr/lib/code/out/vs/workbench/api/node/extensionHostProcess.js:154:84072)
    at E.S (/usr/lib/code/out/vs/workbench/api/node/extensionHostProcess.js:151:5980)
    at E.Q (/usr/lib/code/out/vs/workbench/api/node/extensionHostProcess.js:151:5746)
    at E.M (/usr/lib/code/out/vs/workbench/api/node/extensionHostProcess.js:151:4778)
    at E.L (/usr/lib/code/out/vs/workbench/api/node/extensionHostProcess.js:151:3605)
    at i.value (/usr/lib/code/out/vs/workbench/api/node/extensionHostProcess.js:151:2297)
    at n.B (/usr/lib/code/out/vs/workbench/api/node/extensionHostProcess.js:83:737)
    at n.fire (/usr/lib/code/out/vs/workbench/api/node/extensionHostProcess.js:83:954)
    at s.fire (/usr/lib/code/out/vs/workbench/api/node/extensionHostProcess.js:97:14453)
    at i.value (/usr/lib/code/out/vs/workbench/api/node/extensionHostProcess.js:177:8655)
    at n.B (/usr/lib/code/out/vs/workbench/api/node/extensionHostProcess.js:83:737)
    at n.fire (/usr/lib/code/out/vs/workbench/api/node/extensionHostProcess.js:83:954)
    at s.fire (/usr/lib/code/out/vs/workbench/api/node/extensionHostProcess.js:97:14453)
    at MessagePortMain.<anonymous> (/usr/lib/code/out/vs/workbench/api/node/extensionHostProcess.js:177:6781)
    at MessagePortMain.emit (node:events:519:28)
    at Object.MessagePortMain._internalPort.emit (node:electron/js2c/utility_init:2:2619)
2024-08-25 18:59:16.850 [error] Error: [ExtensionListenerError] Extension 'CoenraadS.bracket-pair-colorizer-2' FAILED to handle event: TypeError: Cannot read properties of undefined (reading 'getRuleStack')
    at i.value (/usr/lib/code/out/vs/workbench/api/node/extensionHostProcess.js:164:21030)
    at n.B (/usr/lib/code/out/vs/workbench/api/node/extensionHostProcess.js:83:737)
    at n.C (/usr/lib/code/out/vs/workbench/api/node/extensionHostProcess.js:83:807)
    at n.fire (/usr/lib/code/out/vs/workbench/api/node/extensionHostProcess.js:83:1023)
    at S.$acceptModelChanged (/usr/lib/code/out/vs/workbench/api/node/extensionHostProcess.js:154:84072)
    at E.S (/usr/lib/code/out/vs/workbench/api/node/extensionHostProcess.js:151:5980)
    at E.Q (/usr/lib/code/out/vs/workbench/api/node/extensionHostProcess.js:151:5746)
    at E.M (/usr/lib/code/out/vs/workbench/api/node/extensionHostProcess.js:151:4778)
    at E.L (/usr/lib/code/out/vs/workbench/api/node/extensionHostProcess.js:151:3605)
    at i.value (/usr/lib/code/out/vs/workbench/api/node/extensionHostProcess.js:151:2297)
    at n.B (/usr/lib/code/out/vs/workbench/api/node/extensionHostProcess.js:83:737)
    at n.fire (/usr/lib/code/out/vs/workbench/api/node/extensionHostProcess.js:83:954)
    at s.fire (/usr/lib/code/out/vs/workbench/api/node/extensionHostProcess.js:97:14453)
    at i.value (/usr/lib/code/out/vs/workbench/api/node/extensionHostProcess.js:177:8655)
    at n.B (/usr/lib/code/out/vs/workbench/api/node/extensionHostProcess.js:83:737)
    at n.fire (/usr/lib/code/out/vs/workbench/api/node/extensionHostProcess.js:83:954)
    at s.fire (/usr/lib/code/out/vs/workbench/api/node/extensionHostProcess.js:97:14453)
    at MessagePortMain.<anonymous> (/usr/lib/code/out/vs/workbench/api/node/extensionHostProcess.js:177:6781)
    at MessagePortMain.emit (node:events:519:28)
    at Object.MessagePortMain._internalPort.emit (node:electron/js2c/utility_init:2:2619)
2024-08-25 18:59:16.998 [error] Error: [ExtensionListenerError] Extension 'CoenraadS.bracket-pair-colorizer-2' FAILED to handle event: TypeError: Cannot read properties of undefined (reading 'getRuleStack')
    at i.value (/usr/lib/code/out/vs/workbench/api/node/extensionHostProcess.js:164:21030)
    at n.B (/usr/lib/code/out/vs/workbench/api/node/extensionHostProcess.js:83:737)
    at n.C (/usr/lib/code/out/vs/workbench/api/node/extensionHostProcess.js:83:807)
    at n.fire (/usr/lib/code/out/vs/workbench/api/node/extensionHostProcess.js:83:1023)
    at S.$acceptModelChanged (/usr/lib/code/out/vs/workbench/api/node/extensionHostProcess.js:154:84072)
    at E.S (/usr/lib/code/out/vs/workbench/api/node/extensionHostProcess.js:151:5980)
    at E.Q (/usr/lib/code/out/vs/workbench/api/node/extensionHostProcess.js:151:5746)
    at E.M (/usr/lib/code/out/vs/workbench/api/node/extensionHostProcess.js:151:4778)
    at E.L (/usr/lib/code/out/vs/workbench/api/node/extensionHostProcess.js:151:3605)
    at i.value (/usr/lib/code/out/vs/workbench/api/node/extensionHostProcess.js:151:2297)
    at n.B (/usr/lib/code/out/vs/workbench/api/node/extensionHostProcess.js:83:737)
    at n.fire (/usr/lib/code/out/vs/workbench/api/node/extensionHostProcess.js:83:954)
    at s.fire (/usr/lib/code/out/vs/workbench/api/node/extensionHostProcess.js:97:14453)
    at i.value (/usr/lib/code/out/vs/workbench/api/node/extensionHostProcess.js:177:8655)
    at n.B (/usr/lib/code/out/vs/workbench/api/node/extensionHostProcess.js:83:737)
    at n.fire (/usr/lib/code/out/vs/workbench/api/node/extensionHostProcess.js:83:954)
    at s.fire (/usr/lib/code/out/vs/workbench/api/node/extensionHostProcess.js:97:14453)
    at MessagePortMain.<anonymous> (/usr/lib/code/out/vs/workbench/api/node/extensionHostProcess.js:177:6781)
    at MessagePortMain.emit (node:events:519:28)
    at Object.MessagePortMain._internalPort.emit (node:electron/js2c/utility_init:2:2619)
2024-08-25 18:59:17.050 [error] Error: [ExtensionListenerError] Extension 'CoenraadS.bracket-pair-colorizer-2' FAILED to handle event: TypeError: Cannot read properties of undefined (reading 'getRuleStack')
    at i.value (/usr/lib/code/out/vs/workbench/api/node/extensionHostProcess.js:164:21030)
    at n.B (/usr/lib/code/out/vs/workbench/api/node/extensionHostProcess.js:83:737)
    at n.C (/usr/lib/code/out/vs/workbench/api/node/extensionHostProcess.js:83:807)
    at n.fire (/usr/lib/code/out/vs/workbench/api/node/extensionHostProcess.js:83:1023)
    at S.$acceptModelChanged (/usr/lib/code/out/vs/workbench/api/node/extensionHostProcess.js:154:84072)
    at E.S (/usr/lib/code/out/vs/workbench/api/node/extensionHostProcess.js:151:5980)
    at E.Q (/usr/lib/code/out/vs/workbench/api/node/extensionHostProcess.js:151:5746)
    at E.M (/usr/lib/code/out/vs/workbench/api/node/extensionHostProcess.js:151:4778)
    at E.L (/usr/lib/code/out/vs/workbench/api/node/extensionHostProcess.js:151:3605)
    at i.value (/usr/lib/code/out/vs/workbench/api/node/extensionHostProcess.js:151:2297)
    at n.B (/usr/lib/code/out/vs/workbench/api/node/extensionHostProcess.js:83:737)
    at n.fire (/usr/lib/code/out/vs/workbench/api/node/extensionHostProcess.js:83:954)
    at s.fire (/usr/lib/code/out/vs/workbench/api/node/extensionHostProcess.js:97:14453)
    at i.value (/usr/lib/code/out/vs/workbench/api/node/extensionHostProcess.js:177:8655)
    at n.B (/usr/lib/code/out/vs/workbench/api/node/extensionHostProcess.js:83:737)
    at n.fire (/usr/lib/code/out/vs/workbench/api/node/extensionHostProcess.js:83:954)
    at s.fire (/usr/lib/code/out/vs/workbench/api/node/extensionHostProcess.js:97:14453)
    at MessagePortMain.<anonymous> (/usr/lib/code/out/vs/workbench/api/node/extensionHostProcess.js:177:6781)
    at MessagePortMain.emit (node:events:519:28)
    at Object.MessagePortMain._internalPort.emit (node:electron/js2c/utility_init:2:2619)
2024-08-25 18:59:17.873 [error] Error: [ExtensionListenerError] Extension 'CoenraadS.bracket-pair-colorizer-2' FAILED to handle event: TypeError: Cannot read properties of undefined (reading 'getRuleStack')
    at i.value (/usr/lib/code/out/vs/workbench/api/node/extensionHostProcess.js:164:21030)
    at n.B (/usr/lib/code/out/vs/workbench/api/node/extensionHostProcess.js:83:737)
    at n.C (/usr/lib/code/out/vs/workbench/api/node/extensionHostProcess.js:83:807)
    at n.fire (/usr/lib/code/out/vs/workbench/api/node/extensionHostProcess.js:83:1023)
    at S.$acceptModelChanged (/usr/lib/code/out/vs/workbench/api/node/extensionHostProcess.js:154:84072)
    at E.S (/usr/lib/code/out/vs/workbench/api/node/extensionHostProcess.js:151:5980)
    at E.Q (/usr/lib/code/out/vs/workbench/api/node/extensionHostProcess.js:151:5746)
    at E.M (/usr/lib/code/out/vs/workbench/api/node/extensionHostProcess.js:151:4778)
    at E.L (/usr/lib/code/out/vs/workbench/api/node/extensionHostProcess.js:151:3605)
    at i.value (/usr/lib/code/out/vs/workbench/api/node/extensionHostProcess.js:151:2297)
    at n.B (/usr/lib/code/out/vs/workbench/api/node/extensionHostProcess.js:83:737)
    at n.fire (/usr/lib/code/out/vs/workbench/api/node/extensionHostProcess.js:83:954)
    at s.fire (/usr/lib/code/out/vs/workbench/api/node/extensionHostProcess.js:97:14453)
    at i.value (/usr/lib/code/out/vs/workbench/api/node/extensionHostProcess.js:177:8655)
    at n.B (/usr/lib/code/out/vs/workbench/api/node/extensionHostProcess.js:83:737)
    at n.fire (/usr/lib/code/out/vs/workbench/api/node/extensionHostProcess.js:83:954)
    at s.fire (/usr/lib/code/out/vs/workbench/api/node/extensionHostProcess.js:97:14453)
    at MessagePortMain.<anonymous> (/usr/lib/code/out/vs/workbench/api/node/extensionHostProcess.js:177:6781)
    at MessagePortMain.emit (node:events:519:28)
    at Object.MessagePortMain._internalPort.emit (node:electron/js2c/utility_init:2:2619)
2024-08-25 18:59:17.990 [error] Error: [ExtensionListenerError] Extension 'CoenraadS.bracket-pair-colorizer-2' FAILED to handle event: TypeError: Cannot read properties of undefined (reading 'getRuleStack')
    at i.value (/usr/lib/code/out/vs/workbench/api/node/extensionHostProcess.js:164:21030)
    at n.B (/usr/lib/code/out/vs/workbench/api/node/extensionHostProcess.js:83:737)
    at n.C (/usr/lib/code/out/vs/workbench/api/node/extensionHostProcess.js:83:807)
    at n.fire (/usr/lib/code/out/vs/workbench/api/node/extensionHostProcess.js:83:1023)
    at S.$acceptModelChanged (/usr/lib/code/out/vs/workbench/api/node/extensionHostProcess.js:154:84072)
    at E.S (/usr/lib/code/out/vs/workbench/api/node/extensionHostProcess.js:151:5980)
    at E.Q (/usr/lib/code/out/vs/workbench/api/node/extensionHostProcess.js:151:5746)
    at E.M (/usr/lib/code/out/vs/workbench/api/node/extensionHostProcess.js:151:4778)
    at E.L (/usr/lib/code/out/vs/workbench/api/node/extensionHostProcess.js:151:3605)
    at i.value (/usr/lib/code/out/vs/workbench/api/node/extensionHostProcess.js:151:2297)
    at n.B (/usr/lib/code/out/vs/workbench/api/node/extensionHostProcess.js:83:737)
    at n.fire (/usr/lib/code/out/vs/workbench/api/node/extensionHostProcess.js:83:954)
    at s.fire (/usr/lib/code/out/vs/workbench/api/node/extensionHostProcess.js:97:14453)
    at i.value (/usr/lib/code/out/vs/workbench/api/node/extensionHostProcess.js:177:8655)
    at n.B (/usr/lib/code/out/vs/workbench/api/node/extensionHostProcess.js:83:737)
    at n.fire (/usr/lib/code/out/vs/workbench/api/node/extensionHostProcess.js:83:954)
    at s.fire (/usr/lib/code/out/vs/workbench/api/node/extensionHostProcess.js:97:14453)
    at MessagePortMain.<anonymous> (/usr/lib/code/out/vs/workbench/api/node/extensionHostProcess.js:177:6781)
    at MessagePortMain.emit (node:events:519:28)
    at Object.MessagePortMain._internalPort.emit (node:electron/js2c/utility_init:2:2619)
2024-08-25 18:59:18.509 [error] Error: [ExtensionListenerError] Extension 'CoenraadS.bracket-pair-colorizer-2' FAILED to handle event: TypeError: Cannot read properties of undefined (reading 'getRuleStack')
    at i.value (/usr/lib/code/out/vs/workbench/api/node/extensionHostProcess.js:164:21030)
    at n.B (/usr/lib/code/out/vs/workbench/api/node/extensionHostProcess.js:83:737)
    at n.C (/usr/lib/code/out/vs/workbench/api/node/extensionHostProcess.js:83:807)
    at n.fire (/usr/lib/code/out/vs/workbench/api/node/extensionHostProcess.js:83:1023)
    at S.$acceptModelChanged (/usr/lib/code/out/vs/workbench/api/node/extensionHostProcess.js:154:84072)
    at E.S (/usr/lib/code/out/vs/workbench/api/node/extensionHostProcess.js:151:5980)
    at E.Q (/usr/lib/code/out/vs/workbench/api/node/extensionHostProcess.js:151:5746)
    at E.M (/usr/lib/code/out/vs/workbench/api/node/extensionHostProcess.js:151:4778)
    at E.L (/usr/lib/code/out/vs/workbench/api/node/extensionHostProcess.js:151:3605)
    at i.value (/usr/lib/code/out/vs/workbench/api/node/extensionHostProcess.js:151:2297)
    at n.B (/usr/lib/code/out/vs/workbench/api/node/extensionHostProcess.js:83:737)
    at n.fire (/usr/lib/code/out/vs/workbench/api/node/extensionHostProcess.js:83:954)
    at s.fire (/usr/lib/code/out/vs/workbench/api/node/extensionHostProcess.js:97:14453)
    at i.value (/usr/lib/code/out/vs/workbench/api/node/extensionHostProcess.js:177:8655)
    at n.B (/usr/lib/code/out/vs/workbench/api/node/extensionHostProcess.js:83:737)
    at n.fire (/usr/lib/code/out/vs/workbench/api/node/extensionHostProcess.js:83:954)
    at s.fire (/usr/lib/code/out/vs/workbench/api/node/extensionHostProcess.js:97:14453)
    at MessagePortMain.<anonymous> (/usr/lib/code/out/vs/workbench/api/node/extensionHostProcess.js:177:6781)
    at MessagePortMain.emit (node:events:519:28)
    at Object.MessagePortMain._internalPort.emit (node:electron/js2c/utility_init:2:2619)
2024-08-25 18:59:18.594 [error] Error: [ExtensionListenerError] Extension 'CoenraadS.bracket-pair-colorizer-2' FAILED to handle event: TypeError: Cannot read properties of undefined (reading 'getRuleStack')
    at i.value (/usr/lib/code/out/vs/workbench/api/node/extensionHostProcess.js:164:21030)
    at n.B (/usr/lib/code/out/vs/workbench/api/node/extensionHostProcess.js:83:737)
    at n.C (/usr/lib/code/out/vs/workbench/api/node/extensionHostProcess.js:83:807)
    at n.fire (/usr/lib/code/out/vs/workbench/api/node/extensionHostProcess.js:83:1023)
    at S.$acceptModelChanged (/usr/lib/code/out/vs/workbench/api/node/extensionHostProcess.js:154:84072)
    at E.S (/usr/lib/code/out/vs/workbench/api/node/extensionHostProcess.js:151:5980)
    at E.Q (/usr/lib/code/out/vs/workbench/api/node/extensionHostProcess.js:151:5746)
    at E.M (/usr/lib/code/out/vs/workbench/api/node/extensionHostProcess.js:151:4778)
    at E.L (/usr/lib/code/out/vs/workbench/api/node/extensionHostProcess.js:151:3605)
    at i.value (/usr/lib/code/out/vs/workbench/api/node/extensionHostProcess.js:151:2297)
    at n.B (/usr/lib/code/out/vs/workbench/api/node/extensionHostProcess.js:83:737)
    at n.fire (/usr/lib/code/out/vs/workbench/api/node/extensionHostProcess.js:83:954)
    at s.fire (/usr/lib/code/out/vs/workbench/api/node/extensionHostProcess.js:97:14453)
    at i.value (/usr/lib/code/out/vs/workbench/api/node/extensionHostProcess.js:177:8655)
    at n.B (/usr/lib/code/out/vs/workbench/api/node/extensionHostProcess.js:83:737)
    at n.fire (/usr/lib/code/out/vs/workbench/api/node/extensionHostProcess.js:83:954)
    at s.fire (/usr/lib/code/out/vs/workbench/api/node/extensionHostProcess.js:97:14453)
    at MessagePortMain.<anonymous> (/usr/lib/code/out/vs/workbench/api/node/extensionHostProcess.js:177:6781)
    at MessagePortMain.emit (node:events:519:28)
    at Object.MessagePortMain._internalPort.emit (node:electron/js2c/utility_init:2:2619)
2024-08-25 18:59:18.716 [error] Error: [ExtensionListenerError] Extension 'CoenraadS.bracket-pair-colorizer-2' FAILED to handle event: TypeError: Cannot read properties of undefined (reading 'getRuleStack')
    at i.value (/usr/lib/code/out/vs/workbench/api/node/extensionHostProcess.js:164:21030)
    at n.B (/usr/lib/code/out/vs/workbench/api/node/extensionHostProcess.js:83:737)
    at n.C (/usr/lib/code/out/vs/workbench/api/node/extensionHostProcess.js:83:807)
    at n.fire (/usr/lib/code/out/vs/workbench/api/node/extensionHostProcess.js:83:1023)
    at S.$acceptModelChanged (/usr/lib/code/out/vs/workbench/api/node/extensionHostProcess.js:154:84072)
    at E.S (/usr/lib/code/out/vs/workbench/api/node/extensionHostProcess.js:151:5980)
    at E.Q (/usr/lib/code/out/vs/workbench/api/node/extensionHostProcess.js:151:5746)
    at E.M (/usr/lib/code/out/vs/workbench/api/node/extensionHostProcess.js:151:4778)
    at E.L (/usr/lib/code/out/vs/workbench/api/node/extensionHostProcess.js:151:3605)
    at i.value (/usr/lib/code/out/vs/workbench/api/node/extensionHostProcess.js:151:2297)
    at n.B (/usr/lib/code/out/vs/workbench/api/node/extensionHostProcess.js:83:737)
    at n.fire (/usr/lib/code/out/vs/workbench/api/node/extensionHostProcess.js:83:954)
    at s.fire (/usr/lib/code/out/vs/workbench/api/node/extensionHostProcess.js:97:14453)
    at i.value (/usr/lib/code/out/vs/workbench/api/node/extensionHostProcess.js:177:8655)
    at n.B (/usr/lib/code/out/vs/workbench/api/node/extensionHostProcess.js:83:737)
    at n.fire (/usr/lib/code/out/vs/workbench/api/node/extensionHostProcess.js:83:954)
    at s.fire (/usr/lib/code/out/vs/workbench/api/node/extensionHostProcess.js:97:14453)
    at MessagePortMain.<anonymous> (/usr/lib/code/out/vs/workbench/api/node/extensionHostProcess.js:177:6781)
    at MessagePortMain.emit (node:events:519:28)
    at Object.MessagePortMain._internalPort.emit (node:electron/js2c/utility_init:2:2619)
2024-08-25 18:59:18.961 [error] Error: [ExtensionListenerError] Extension 'CoenraadS.bracket-pair-colorizer-2' FAILED to handle event: TypeError: Cannot read properties of undefined (reading 'getRuleStack')
    at i.value (/usr/lib/code/out/vs/workbench/api/node/extensionHostProcess.js:164:21030)
    at n.B (/usr/lib/code/out/vs/workbench/api/node/extensionHostProcess.js:83:737)
    at n.C (/usr/lib/code/out/vs/workbench/api/node/extensionHostProcess.js:83:807)
    at n.fire (/usr/lib/code/out/vs/workbench/api/node/extensionHostProcess.js:83:1023)
    at S.$acceptModelChanged (/usr/lib/code/out/vs/workbench/api/node/extensionHostProcess.js:154:84072)
    at E.S (/usr/lib/code/out/vs/workbench/api/node/extensionHostProcess.js:151:5980)
    at E.Q (/usr/lib/code/out/vs/workbench/api/node/extensionHostProcess.js:151:5746)
    at E.M (/usr/lib/code/out/vs/workbench/api/node/extensionHostProcess.js:151:4778)
    at E.L (/usr/lib/code/out/vs/workbench/api/node/extensionHostProcess.js:151:3605)
    at i.value (/usr/lib/code/out/vs/workbench/api/node/extensionHostProcess.js:151:2297)
    at n.B (/usr/lib/code/out/vs/workbench/api/node/extensionHostProcess.js:83:737)
    at n.fire (/usr/lib/code/out/vs/workbench/api/node/extensionHostProcess.js:83:954)
    at s.fire (/usr/lib/code/out/vs/workbench/api/node/extensionHostProcess.js:97:14453)
    at i.value (/usr/lib/code/out/vs/workbench/api/node/extensionHostProcess.js:177:8655)
    at n.B (/usr/lib/code/out/vs/workbench/api/node/extensionHostProcess.js:83:737)
    at n.fire (/usr/lib/code/out/vs/workbench/api/node/extensionHostProcess.js:83:954)
    at s.fire (/usr/lib/code/out/vs/workbench/api/node/extensionHostProcess.js:97:14453)
    at MessagePortMain.<anonymous> (/usr/lib/code/out/vs/workbench/api/node/extensionHostProcess.js:177:6781)
    at MessagePortMain.emit (node:events:519:28)
    at Object.MessagePortMain._internalPort.emit (node:electron/js2c/utility_init:2:2619)
2024-08-25 18:59:19.216 [error] Error: [ExtensionListenerError] Extension 'CoenraadS.bracket-pair-colorizer-2' FAILED to handle event: TypeError: Cannot read properties of undefined (reading 'getRuleStack')
    at i.value (/usr/lib/code/out/vs/workbench/api/node/extensionHostProcess.js:164:21030)
    at n.B (/usr/lib/code/out/vs/workbench/api/node/extensionHostProcess.js:83:737)
    at n.C (/usr/lib/code/out/vs/workbench/api/node/extensionHostProcess.js:83:807)
    at n.fire (/usr/lib/code/out/vs/workbench/api/node/extensionHostProcess.js:83:1023)
    at S.$acceptModelChanged (/usr/lib/code/out/vs/workbench/api/node/extensionHostProcess.js:154:84072)
    at E.S (/usr/lib/code/out/vs/workbench/api/node/extensionHostProcess.js:151:5980)
    at E.Q (/usr/lib/code/out/vs/workbench/api/node/extensionHostProcess.js:151:5746)
    at E.M (/usr/lib/code/out/vs/workbench/api/node/extensionHostProcess.js:151:4778)
    at E.L (/usr/lib/code/out/vs/workbench/api/node/extensionHostProcess.js:151:3605)
    at i.value (/usr/lib/code/out/vs/workbench/api/node/extensionHostProcess.js:151:2297)
    at n.B (/usr/lib/code/out/vs/workbench/api/node/extensionHostProcess.js:83:737)
    at n.fire (/usr/lib/code/out/vs/workbench/api/node/extensionHostProcess.js:83:954)
    at s.fire (/usr/lib/code/out/vs/workbench/api/node/extensionHostProcess.js:97:14453)
    at i.value (/usr/lib/code/out/vs/workbench/api/node/extensionHostProcess.js:177:8655)
    at n.B (/usr/lib/code/out/vs/workbench/api/node/extensionHostProcess.js:83:737)
    at n.fire (/usr/lib/code/out/vs/workbench/api/node/extensionHostProcess.js:83:954)
    at s.fire (/usr/lib/code/out/vs/workbench/api/node/extensionHostProcess.js:97:14453)
    at MessagePortMain.<anonymous> (/usr/lib/code/out/vs/workbench/api/node/extensionHostProcess.js:177:6781)
    at MessagePortMain.emit (node:events:519:28)
    at Object.MessagePortMain._internalPort.emit (node:electron/js2c/utility_init:2:2619)
2024-08-25 19:00:01.335 [error] Error: [ExtensionListenerError] Extension 'CoenraadS.bracket-pair-colorizer-2' FAILED to handle event: TypeError: Cannot read properties of undefined (reading 'getRuleStack')
    at i.value (/usr/lib/code/out/vs/workbench/api/node/extensionHostProcess.js:164:21030)
    at n.B (/usr/lib/code/out/vs/workbench/api/node/extensionHostProcess.js:83:737)
    at n.C (/usr/lib/code/out/vs/workbench/api/node/extensionHostProcess.js:83:807)
    at n.fire (/usr/lib/code/out/vs/workbench/api/node/extensionHostProcess.js:83:1023)
    at S.$acceptModelChanged (/usr/lib/code/out/vs/workbench/api/node/extensionHostProcess.js:154:84072)
    at E.S (/usr/lib/code/out/vs/workbench/api/node/extensionHostProcess.js:151:5980)
    at E.Q (/usr/lib/code/out/vs/workbench/api/node/extensionHostProcess.js:151:5746)
    at E.M (/usr/lib/code/out/vs/workbench/api/node/extensionHostProcess.js:151:4778)
    at E.L (/usr/lib/code/out/vs/workbench/api/node/extensionHostProcess.js:151:3605)
    at i.value (/usr/lib/code/out/vs/workbench/api/node/extensionHostProcess.js:151:2297)
    at n.B (/usr/lib/code/out/vs/workbench/api/node/extensionHostProcess.js:83:737)
    at n.fire (/usr/lib/code/out/vs/workbench/api/node/extensionHostProcess.js:83:954)
    at s.fire (/usr/lib/code/out/vs/workbench/api/node/extensionHostProcess.js:97:14453)
    at i.value (/usr/lib/code/out/vs/workbench/api/node/extensionHostProcess.js:177:8655)
    at n.B (/usr/lib/code/out/vs/workbench/api/node/extensionHostProcess.js:83:737)
    at n.fire (/usr/lib/code/out/vs/workbench/api/node/extensionHostProcess.js:83:954)
    at s.fire (/usr/lib/code/out/vs/workbench/api/node/extensionHostProcess.js:97:14453)
    at MessagePortMain.<anonymous> (/usr/lib/code/out/vs/workbench/api/node/extensionHostProcess.js:177:6781)
    at MessagePortMain.emit (node:events:519:28)
    at Object.MessagePortMain._internalPort.emit (node:electron/js2c/utility_init:2:2619)
2024-08-25 19:00:02.990 [error] Error: [ExtensionListenerError] Extension 'CoenraadS.bracket-pair-colorizer-2' FAILED to handle event: TypeError: Cannot read properties of undefined (reading 'getRuleStack')
    at i.value (/usr/lib/code/out/vs/workbench/api/node/extensionHostProcess.js:164:21030)
    at n.B (/usr/lib/code/out/vs/workbench/api/node/extensionHostProcess.js:83:737)
    at n.C (/usr/lib/code/out/vs/workbench/api/node/extensionHostProcess.js:83:807)
    at n.fire (/usr/lib/code/out/vs/workbench/api/node/extensionHostProcess.js:83:1023)
    at S.$acceptModelChanged (/usr/lib/code/out/vs/workbench/api/node/extensionHostProcess.js:154:84072)
    at E.S (/usr/lib/code/out/vs/workbench/api/node/extensionHostProcess.js:151:5980)
    at E.Q (/usr/lib/code/out/vs/workbench/api/node/extensionHostProcess.js:151:5746)
    at E.M (/usr/lib/code/out/vs/workbench/api/node/extensionHostProcess.js:151:4778)
    at E.L (/usr/lib/code/out/vs/workbench/api/node/extensionHostProcess.js:151:3605)
    at i.value (/usr/lib/code/out/vs/workbench/api/node/extensionHostProcess.js:151:2297)
    at n.B (/usr/lib/code/out/vs/workbench/api/node/extensionHostProcess.js:83:737)
    at n.fire (/usr/lib/code/out/vs/workbench/api/node/extensionHostProcess.js:83:954)
    at s.fire (/usr/lib/code/out/vs/workbench/api/node/extensionHostProcess.js:97:14453)
    at i.value (/usr/lib/code/out/vs/workbench/api/node/extensionHostProcess.js:177:8655)
    at n.B (/usr/lib/code/out/vs/workbench/api/node/extensionHostProcess.js:83:737)
    at n.fire (/usr/lib/code/out/vs/workbench/api/node/extensionHostProcess.js:83:954)
    at s.fire (/usr/lib/code/out/vs/workbench/api/node/extensionHostProcess.js:97:14453)
    at MessagePortMain.<anonymous> (/usr/lib/code/out/vs/workbench/api/node/extensionHostProcess.js:177:6781)
    at MessagePortMain.emit (node:events:519:28)
    at Object.MessagePortMain._internalPort.emit (node:electron/js2c/utility_init:2:2619)
2024-08-25 19:01:55.441 [error] [golang.go] provider FAILED
2024-08-25 19:01:55.449 [error] Error: context canceled
    at handleResponse (/home/barbarik/.vscode-oss/extensions/golang.go-0.42.0-universal/dist/goMain.js:8606:40)
    at handleMessage (/home/barbarik/.vscode-oss/extensions/golang.go-0.42.0-universal/dist/goMain.js:8416:11)
    at processMessageQueue (/home/barbarik/.vscode-oss/extensions/golang.go-0.42.0-universal/dist/goMain.js:8431:13)
    at Immediate.<anonymous> (/home/barbarik/.vscode-oss/extensions/golang.go-0.42.0-universal/dist/goMain.js:8407:11)
    at processImmediate (node:internal/timers:478:21)
2024-08-25 19:01:57.716 [error] [golang.go] provider FAILED
2024-08-25 19:01:57.717 [error] Error: no package data for import "collections"
    at handleResponse (/home/barbarik/.vscode-oss/extensions/golang.go-0.42.0-universal/dist/goMain.js:8606:40)
    at handleMessage (/home/barbarik/.vscode-oss/extensions/golang.go-0.42.0-universal/dist/goMain.js:8416:11)
    at processMessageQueue (/home/barbarik/.vscode-oss/extensions/golang.go-0.42.0-universal/dist/goMain.js:8431:13)
    at Immediate.<anonymous> (/home/barbarik/.vscode-oss/extensions/golang.go-0.42.0-universal/dist/goMain.js:8407:11)
    at processImmediate (node:internal/timers:478:21)
2024-08-25 19:01:58.882 [error] [golang.go] provider FAILED
2024-08-25 19:01:58.883 [error] Error: no package data for import "collections"
    at handleResponse (/home/barbarik/.vscode-oss/extensions/golang.go-0.42.0-universal/dist/goMain.js:8606:40)
    at handleMessage (/home/barbarik/.vscode-oss/extensions/golang.go-0.42.0-universal/dist/goMain.js:8416:11)
    at processMessageQueue (/home/barbarik/.vscode-oss/extensions/golang.go-0.42.0-universal/dist/goMain.js:8431:13)
    at Immediate.<anonymous> (/home/barbarik/.vscode-oss/extensions/golang.go-0.42.0-universal/dist/goMain.js:8407:11)
    at processImmediate (node:internal/timers:478:21)
2024-08-25 19:02:17.731 [error] [golang.go] provider FAILED
2024-08-25 19:02:17.731 [error] Error: no package data for import "collections"
    at handleResponse (/home/barbarik/.vscode-oss/extensions/golang.go-0.42.0-universal/dist/goMain.js:8606:40)
    at handleMessage (/home/barbarik/.vscode-oss/extensions/golang.go-0.42.0-universal/dist/goMain.js:8416:11)
    at processMessageQueue (/home/barbarik/.vscode-oss/extensions/golang.go-0.42.0-universal/dist/goMain.js:8431:13)
    at Immediate.<anonymous> (/home/barbarik/.vscode-oss/extensions/golang.go-0.42.0-universal/dist/goMain.js:8407:11)
    at processImmediate (node:internal/timers:478:21)
2024-08-25 19:12:55.105 [info] ExtensionService#_doActivateExtension rangav.vscode-thunder-client, startup: false, activationEvent: 'onView:thunder-client-sidebar'
2024-08-25 19:50:48.990 [info] Extension host terminating: renderer closed the MessagePort
2024-08-25 19:50:49.003 [info] Extension host with pid 16046 exiting with code 0
