2024-08-20 21:21:00.587 [info] Added views:workbench.panel.markers.view in workbench.panel.markers
2024-08-20 21:21:00.587 [info] Added views:workbench.panel.output in workbench.panel.output
2024-08-20 21:21:00.587 [info] Added views:terminal in terminal
2024-08-20 21:21:00.587 [info] Added views:outline in workbench.view.explorer
2024-08-20 21:21:00.587 [info] Added views:workbench.scm in workbench.view.scm
2024-08-20 21:21:00.587 [info] Added views:workbench.view.search in workbench.view.search
2024-08-20 21:21:00.587 [info] Added views:timeline in workbench.view.explorer
2024-08-20 21:21:00.587 [info] Added views:workbench.explorer.openEditorsView,workbench.explorer.fileView in workbench.view.explorer
2024-08-20 21:21:00.802 [info] Added views:workbench.debug.welcome in workbench.view.debug
2024-08-20 21:21:01.293 [info] Added views:postman-for-vscode.sidebar-panel in workbench.view.extension.sidebar-panel
2024-08-20 21:21:01.293 [info] Added views:postman-console-view in workbench.view.extension.postman-console-view-container
2024-08-20 21:21:01.532 [info] Added views:workbench.panel.repl.view in workbench.panel.repl
2024-08-20 21:21:01.723 [info] Added views:workbench.view.testing in workbench.view.extension.test
2024-08-20 21:21:01.747 [info] Added views:go.explorer in workbench.view.explorer
2024-08-20 21:21:01.926 [info] Added views:~remote.forwardedPorts in ~remote.forwardedPortsContainer
2024-08-20 21:22:20.852 [info] Removed views:workbench.view.testing from workbench.view.extension.test
2024-08-20 21:22:20.883 [info] Removed views:postman-console-view from workbench.view.extension.postman-console-view-container
2024-08-20 21:22:20.892 [info] Added views:postman-console-view in workbench.view.explorer
2024-08-20 21:22:20.895 [info] Removed views:postman-for-vscode.sidebar-panel from workbench.view.extension.sidebar-panel
2024-08-20 21:22:20.924 [info] Added views:postman-for-vscode.sidebar-panel in workbench.view.explorer
2024-08-20 21:22:20.931 [info] Removed views:postman-for-vscode.sidebar-panel,postman-console-view from workbench.view.explorer
2024-08-20 21:22:21.265 [info] Removed views:workbench.panel.repl.view from workbench.panel.repl
2024-08-20 21:22:21.489 [info] Added views:workbench.panel.repl.view in workbench.panel.repl
2024-08-20 21:22:21.631 [info] Added views:workbench.view.testing in workbench.view.extension.test
2024-08-20 21:22:42.603 [info] Added views:workbench.views.extensions.installed,workbench.views.extensions.popular,extensions.recommendedList in workbench.view.extensions
2024-08-20 21:22:42.605 [info] Removed views:workbench.views.extensions.popular from workbench.view.extensions
2024-08-20 21:22:45.942 [info] Removed views:extensions.recommendedList,workbench.views.extensions.installed from workbench.view.extensions
2024-08-20 21:22:45.965 [info] Added views:workbench.views.extensions.marketplace in workbench.view.extensions
2024-08-20 21:22:55.401 [info] Added views:thunder-client-sidebar in workbench.view.extension.thunder-client
2024-08-21 00:37:07.001 [info] Removed views:workbench.view.testing from workbench.view.extension.test
