[2019-02-26 14:36:18:0990] [info] Checking for update
[2019-02-26 14:36:20:0552] [info] Generated new staging user ID: 7c4b8440-1f74-5338-a762-c0f2ae591040
[2019-02-26 14:36:25:0156] [info] Update for version 3.0.6 is not available (latest version: 3.0.6, downgrade is disallowed).
[2019-02-26 14:36:31:0158] [info] Checking for update
[2019-02-26 14:36:43:0159] [info] Update for version 3.0.6 is not available (latest version: 3.0.6, downgrade is disallowed).
[2019-02-26 15:17:19:0747] [info] Checking for update
[2019-02-26 15:17:29:0065] [info] Update for version 3.0.6 is not available (latest version: 3.0.6, downgrade is disallowed).
[2019-02-26 15:22:52:0234] [info] Checking for update
[2019-02-26 15:22:57:0409] [info] Update for version 3.0.6 is not available (latest version: 3.0.6, downgrade is disallowed).
[2019-03-04 10:11:35:0360] [info] Checking for update
[2019-03-04 10:12:49:0104] [info] Update for version 3.0.6 is not available (latest version: 3.0.6, downgrade is disallowed).
[2019-03-04 10:13:37:0519] [info] Checking for update
[2019-03-04 10:14:02:0676] [info] Update for version 3.0.6 is not available (latest version: 3.0.6, downgrade is disallowed).
[2019-03-13 13:33:52:0717] [info] Checking for update
[2019-03-13 13:34:16:0160] [info] Update for version 3.0.6 is not available (latest version: 3.0.6, downgrade is disallowed).
[2019-03-18 20:45:14:0945] [info] Checking for update
[2019-03-18 20:45:20:0456] [info] Update for version 3.0.6 is not available (latest version: 3.0.6, downgrade is disallowed).
[2019-03-19 13:05:18:0193] [info] Checking for update
[2019-03-19 13:05:23:0757] [info] Update for version 3.0.6 is not available (latest version: 3.0.6, downgrade is disallowed).
[2019-03-19 13:32:40:0167] [info] Checking for update
[2019-03-19 13:32:47:0868] [info] Update for version 3.0.6 is not available (latest version: 3.0.6, downgrade is disallowed).
[2019-03-20 18:19:01:0831] [info] Checking for update
[2019-03-20 18:19:12:0663] [info] Update for version 3.0.6 is not available (latest version: 3.0.6, downgrade is disallowed).
[2019-03-21 18:46:22:0089] [info] Checking for update
[2019-03-21 18:46:31:0361] [info] Update for version 3.0.6 is not available (latest version: 3.0.6, downgrade is disallowed).
[2019-03-25 20:46:22:0966] [info] Checking for update
[2019-03-25 20:46:55:0582] [info] Update for version 3.0.6 is not available (latest version: 3.0.6, downgrade is disallowed).
[2019-03-25 20:47:31:0460] [info] Checking for update
[2019-03-25 21:11:53:0957] [info] Checking for update
[2019-03-25 21:12:14:0286] [error] Error: Error: net::ERR_NAME_RESOLUTION_FAILED
    at CancellationToken.createPromise (/tmp/.mount_standapcd2fP/app/resources/app.asar/node_modules/builder-util-runtime/src/CancellationToken.ts:51:12)
    at ElectronHttpExecutor.doApiRequest (/tmp/.mount_standapcd2fP/app/resources/app.asar/node_modules/builder-util-runtime/src/httpExecutor.ts:81:30)
    at ElectronHttpExecutor.request (/tmp/.mount_standapcd2fP/app/resources/app.asar/node_modules/builder-util-runtime/src/httpExecutor.ts:73:17)
    at GitHubProvider.httpRequest (/tmp/.mount_standapcd2fP/app/resources/app.asar/node_modules/electron-updater/src/Provider.ts:26:26)
    at /tmp/.mount_standapcd2fP/app/resources/app.asar/node_modules/electron-updater/src/GitHubProvider.ts:38:41
    at Generator.next (<anonymous>)
From previous event:
    at GitHubProvider.getLatestVersion (/tmp/.mount_standapcd2fP/app/resources/app.asar/node_modules/electron-updater/out/GitHubProvider.js:167:7)
    at /tmp/.mount_standapcd2fP/app/resources/app.asar/node_modules/electron-updater/src/AppUpdater.ts:304:25
    at Generator.next (<anonymous>)
    at runCallback (timers.js:781:20)
    at tryOnImmediate (timers.js:743:5)
    at processImmediate [as _immediateCallback] (timers.js:714:5)
From previous event:
    at AppImageUpdater.getUpdateInfo (/tmp/.mount_standapcd2fP/app/resources/app.asar/node_modules/electron-updater/out/AppUpdater.js:460:7)
    at /tmp/.mount_standapcd2fP/app/resources/app.asar/node_modules/electron-updater/src/AppUpdater.ts:308:35
    at Generator.next (<anonymous>)
From previous event:
    at AppImageUpdater.doCheckForUpdates (/tmp/.mount_standapcd2fP/app/resources/app.asar/node_modules/electron-updater/out/AppUpdater.js:502:7)
    at /tmp/.mount_standapcd2fP/app/resources/app.asar/node_modules/electron-updater/src/AppUpdater.ts:279:25
    at Generator.next (<anonymous>)
    at runCallback (timers.js:781:20)
    at tryOnImmediate (timers.js:743:5)
    at processImmediate [as _immediateCallback] (timers.js:714:5)
From previous event:
    at AppImageUpdater._checkForUpdates (/tmp/.mount_standapcd2fP/app/resources/app.asar/node_modules/electron-updater/out/AppUpdater.js:433:7)
    at AppImageUpdater.checkForUpdates (/tmp/.mount_standapcd2fP/app/resources/app.asar/node_modules/electron-updater/src/AppUpdater.ts:217:35)
    at UpdateManager.__checkAutoupdate (/tmp/.mount_standapcd2fP/app/resources/app.asar/dist/javascripts/main/updateManager.js:144:21)
    at UpdateManager.checkForUpdate (/tmp/.mount_standapcd2fP/app/resources/app.asar/dist/javascripts/main/updateManager.js:159:12)
    at /tmp/.mount_standapcd2fP/app/resources/app.asar/dist/javascripts/main/updateManager.js:54:13
    at /tmp/.mount_standapcd2fP/app/resources/app.asar/dist/javascripts/main/updateManager.js:284:9
    at /tmp/.mount_standapcd2fP/app/resources/app.asar/dist/javascripts/main/fileUtils.js:39:9
    at tryToString (fs.js:513:3)
    at FSReqWrap.readFileAfterClose [as oncomplete] (fs.js:501:12)
[2019-04-03 20:09:18:0227] [info] Checking for update
[2019-04-03 20:09:25:0901] [info] Update for version 3.0.6 is not available (latest version: 3.0.6, downgrade is disallowed).
[2019-04-10 16:42:53:0111] [info] Checking for update
[2019-04-10 16:42:57:0762] [info] Update for version 3.0.6 is not available (latest version: 3.0.6, downgrade is disallowed).
[2019-04-15 17:05:06:0004] [info] Checking for update
[2019-04-15 17:05:06:0827] [error] Error: Error: net::ERR_NAME_RESOLUTION_FAILED
    at CancellationToken.createPromise (/tmp/.mount_standaMwzGYT/app/resources/app.asar/node_modules/builder-util-runtime/src/CancellationToken.ts:51:12)
    at ElectronHttpExecutor.doApiRequest (/tmp/.mount_standaMwzGYT/app/resources/app.asar/node_modules/builder-util-runtime/src/httpExecutor.ts:81:30)
    at ElectronHttpExecutor.request (/tmp/.mount_standaMwzGYT/app/resources/app.asar/node_modules/builder-util-runtime/src/httpExecutor.ts:73:17)
    at GitHubProvider.httpRequest (/tmp/.mount_standaMwzGYT/app/resources/app.asar/node_modules/electron-updater/src/Provider.ts:26:26)
    at /tmp/.mount_standaMwzGYT/app/resources/app.asar/node_modules/electron-updater/src/GitHubProvider.ts:38:41
    at Generator.next (<anonymous>)
From previous event:
    at GitHubProvider.getLatestVersion (/tmp/.mount_standaMwzGYT/app/resources/app.asar/node_modules/electron-updater/out/GitHubProvider.js:167:7)
    at /tmp/.mount_standaMwzGYT/app/resources/app.asar/node_modules/electron-updater/src/AppUpdater.ts:304:25
    at Generator.next (<anonymous>)
    at runCallback (timers.js:781:20)
    at tryOnImmediate (timers.js:743:5)
    at processImmediate [as _immediateCallback] (timers.js:714:5)
From previous event:
    at AppImageUpdater.getUpdateInfo (/tmp/.mount_standaMwzGYT/app/resources/app.asar/node_modules/electron-updater/out/AppUpdater.js:460:7)
    at /tmp/.mount_standaMwzGYT/app/resources/app.asar/node_modules/electron-updater/src/AppUpdater.ts:308:35
    at Generator.next (<anonymous>)
From previous event:
    at AppImageUpdater.doCheckForUpdates (/tmp/.mount_standaMwzGYT/app/resources/app.asar/node_modules/electron-updater/out/AppUpdater.js:502:7)
    at /tmp/.mount_standaMwzGYT/app/resources/app.asar/node_modules/electron-updater/src/AppUpdater.ts:279:25
    at Generator.next (<anonymous>)
    at runCallback (timers.js:781:20)
    at tryOnImmediate (timers.js:743:5)
    at processImmediate [as _immediateCallback] (timers.js:714:5)
From previous event:
    at AppImageUpdater._checkForUpdates (/tmp/.mount_standaMwzGYT/app/resources/app.asar/node_modules/electron-updater/out/AppUpdater.js:433:7)
    at AppImageUpdater.checkForUpdates (/tmp/.mount_standaMwzGYT/app/resources/app.asar/node_modules/electron-updater/src/AppUpdater.ts:217:35)
    at UpdateManager.__checkAutoupdate (/tmp/.mount_standaMwzGYT/app/resources/app.asar/dist/javascripts/main/updateManager.js:144:21)
    at UpdateManager.checkForUpdate (/tmp/.mount_standaMwzGYT/app/resources/app.asar/dist/javascripts/main/updateManager.js:159:12)
    at /tmp/.mount_standaMwzGYT/app/resources/app.asar/dist/javascripts/main/updateManager.js:54:13
    at /tmp/.mount_standaMwzGYT/app/resources/app.asar/dist/javascripts/main/updateManager.js:284:9
    at /tmp/.mount_standaMwzGYT/app/resources/app.asar/dist/javascripts/main/fileUtils.js:39:9
    at tryToString (fs.js:513:3)
    at FSReqWrap.readFileAfterClose [as oncomplete] (fs.js:501:12)
[2019-04-24 16:44:05:0089] [info] Checking for update
[2019-04-24 16:44:20:0570] [info] Found version 3.0.8 (url: standard-notes-3.0.8-x86_64.AppImage)
[2019-04-24 16:44:20:0572] [info] Downloading update from standard-notes-3.0.8-x86_64.AppImage
[2019-04-24 16:44:20:0606] [info] No cached update available
[2019-04-24 16:44:21:0823] [info] File has 629 changed blocks
[2019-04-24 16:44:21:0827] [info] Full: 59,884.27 KB, To download: 12,733.01 KB (21%)
[2019-04-24 16:44:21:0834] [info] Differential download: https://github.com/standardnotes/desktop/releases/download/v3.0.8/standard-notes-3.0.8-x86_64.AppImage
[2019-04-24 16:44:22:0214] [info] Redirect to https://github-production-release-asset-2e65be.s3.amazonaws.com/77399704/b9c5ba80-61bc-11e9-841b-65f9856af9c6
[2019-04-25 16:46:31:0197] [info] Checking for update
[2019-04-25 16:46:42:0219] [info] Found version 3.0.8 (url: standard-notes-3.0.8-x86_64.AppImage)
[2019-04-25 16:46:42:0221] [info] Downloading update from standard-notes-3.0.8-x86_64.AppImage
[2019-04-25 16:46:42:0256] [info] No cached update available
[2019-04-25 16:46:48:0221] [info] File has 629 changed blocks
[2019-04-25 16:46:48:0226] [info] Full: 59,884.27 KB, To download: 12,733.01 KB (21%)
[2019-04-25 16:46:48:0236] [info] Differential download: https://github.com/standardnotes/desktop/releases/download/v3.0.8/standard-notes-3.0.8-x86_64.AppImage
[2019-04-25 16:46:50:0052] [info] Redirect to https://github-production-release-asset-2e65be.s3.amazonaws.com/77399704/b9c5ba80-61bc-11e9-841b-65f9856af9c6
[2019-04-26 22:45:48:0327] [info] Checking for update
[2019-04-26 22:45:52:0859] [info] Found version 3.0.8 (url: standard-notes-3.0.8-x86_64.AppImage)
[2019-04-26 22:45:52:0863] [info] Downloading update from standard-notes-3.0.8-x86_64.AppImage
[2019-04-26 22:45:52:0883] [info] No cached update available
[2019-04-26 22:45:54:0394] [info] File has 629 changed blocks
[2019-04-26 22:45:54:0399] [info] Full: 59,884.27 KB, To download: 12,733.01 KB (21%)
[2019-04-26 22:45:54:0406] [info] Differential download: https://github.com/standardnotes/desktop/releases/download/v3.0.8/standard-notes-3.0.8-x86_64.AppImage
[2019-04-26 22:45:54:0821] [info] Redirect to https://github-production-release-asset-2e65be.s3.amazonaws.com/77399704/b9c5ba80-61bc-11e9-841b-65f9856af9c6
[2019-04-29 20:34:26:0526] [info] Checking for update
[2019-04-29 20:34:31:0053] [info] Found version 3.0.8 (url: standard-notes-3.0.8-x86_64.AppImage)
[2019-04-29 20:34:31:0055] [info] Downloading update from standard-notes-3.0.8-x86_64.AppImage
[2019-04-29 20:34:31:0077] [info] No cached update available
[2019-04-29 20:34:33:0043] [info] File has 629 changed blocks
[2019-04-29 20:34:33:0048] [info] Full: 59,884.27 KB, To download: 12,733.01 KB (21%)
[2019-04-29 20:34:33:0056] [info] Differential download: https://github.com/standardnotes/desktop/releases/download/v3.0.8/standard-notes-3.0.8-x86_64.AppImage
[2019-04-29 20:34:33:0444] [info] Redirect to https://github-production-release-asset-2e65be.s3.amazonaws.com/77399704/b9c5ba80-61bc-11e9-841b-65f9856af9c6
[2019-04-29 20:35:34:0233] [info] New version 3.0.8 has been downloaded to /home/barbarik/.config/Standard Notes/standard-notes-3.0.8-x86_64.AppImage
[2019-04-29 20:45:50:0319] [info] Auto install update on quit
[2019-04-29 20:45:50:0322] [info] Install: isSilent: true, isRunAfter: false
[2019-04-29 20:45:51:0769] [info] Install on explicit quitAndInstall
[2019-04-29 20:45:51:0770] [warn] install call ignored: quitAndInstallCalled is set to true
[2019-04-29 20:46:26:0659] [info] Checking for update
[2019-04-29 20:46:30:0772] [info] Update for version 3.0.8 is not available (latest version: 3.0.8, downgrade is disallowed).
[2019-04-29 20:46:42:0411] [info] Checking for update
[2019-04-29 20:46:45:0228] [info] Update for version 3.0.8 is not available (latest version: 3.0.8, downgrade is disallowed).
[2019-04-29 20:48:09:0295] [info] Checking for update
[2019-04-29 20:48:18:0116] [info] Update for version 3.0.8 is not available (latest version: 3.0.8, downgrade is disallowed).
[2019-05-11 14:36:03:0642] [info] Checking for update
[2019-05-11 14:36:13:0493] [info] Update for version 3.0.8 is not available (latest version: 3.0.8, downgrade is disallowed).
