[2022-11-30T06:15:02.729Z] Log level: Info
[2022-11-30T06:15:02.731Z] [info] Validating found git in: git
[2022-11-30T06:15:02.765Z] [info] Using git 2.38.1 from git
[2022-11-30T06:15:02.828Z] > git rev-parse --show-toplevel [14ms]
[2022-11-30T06:15:03.673Z] > git rev-parse --git-dir --git-common-dir [817ms]
[2022-11-30T06:15:03.689Z] [info] Open repository: /home/barbarik/js/github-finder
[2022-11-30T06:15:03.827Z] > git rev-parse --show-toplevel [93ms]
[2022-11-30T06:15:03.875Z] > git rev-parse --show-toplevel [2ms]
[2022-11-30T06:15:03.911Z] > git rev-parse --show-toplevel [14ms]
[2022-11-30T06:15:03.933Z] > git rev-parse --show-toplevel [2ms]
[2022-11-30T06:15:04.052Z] > git status -z -uall [335ms]
[2022-11-30T06:15:04.080Z] > git symbolic-ref --short HEAD [6ms]
[2022-11-30T06:15:04.111Z] > git for-each-ref --format=%(refname)%00%(upstream:short)%00%(objectname)%00%(upstream:track)%00%(upstream:remotename)%00%(upstream:remoteref) refs/heads/main refs/remotes/main [13ms]
[2022-11-30T06:15:04.152Z] > git remote --verbose [8ms]
[2022-11-30T06:15:04.153Z] > git for-each-ref --sort -committerdate --format %(refname) %(objectname) %(*objectname) [28ms]
[2022-11-30T06:15:04.186Z] > git config --get commit.template [4ms]
[2022-11-30T06:15:04.368Z] > git status -z -uall [166ms]
[2022-11-30T06:15:04.390Z] > git symbolic-ref --short HEAD [2ms]
[2022-11-30T06:15:04.409Z] > git for-each-ref --format=%(refname)%00%(upstream:short)%00%(objectname)%00%(upstream:track)%00%(upstream:remotename)%00%(upstream:remoteref) refs/heads/main refs/remotes/main [2ms]
[2022-11-30T06:15:04.429Z] > git for-each-ref --sort -committerdate --format %(refname) %(objectname) %(*objectname) [11ms]
[2022-11-30T06:15:04.429Z] > git remote --verbose [2ms]
[2022-11-30T06:15:04.489Z] > git show --textconv :src/pages/User.jsx [34ms]
[2022-11-30T06:15:04.490Z] > git config --get commit.template [44ms]
[2022-11-30T06:15:04.513Z] > git ls-files --stage -- /home/barbarik/js/github-finder/src/pages/User.jsx [25ms]
[2022-11-30T06:15:04.529Z] > git cat-file -s eb5a41382c3518a8633ff2b5692ab9cba7bd84ea [3ms]
[2022-11-30T06:15:04.763Z] > git check-ignore -v -z --stdin [67ms]
[2022-11-30T06:15:11.098Z] > git check-ignore -v -z --stdin [21ms]
[2022-11-30T06:16:21.669Z] > git check-ignore -v -z --stdin [11ms]
[2022-11-30T06:17:13.692Z] > git show --textconv :src/components/repos/RepoList.jsx [22ms]
[2022-11-30T06:17:13.706Z] > git ls-files --stage -- /home/barbarik/js/github-finder/src/components/repos/RepoList.jsx [21ms]
[2022-11-30T06:17:13.717Z] > git cat-file -s 651ab39ade5fe85c1648fd5505d48fdb59233f63 [1ms]
[2022-11-30T06:17:15.390Z] > git ls-files --stage -- /home/barbarik/js/github-finder/src/components/users/UserResults.jsx [5ms]
[2022-11-30T06:17:15.396Z] > git show --textconv :src/components/users/UserResults.jsx [15ms]
[2022-11-30T06:17:15.396Z] > git cat-file -s 78dfd18c26e06a3bfb36eb2f4f8ee2d1862ad536 [0ms]
[2022-11-30T06:17:16.810Z] > git show --textconv :src/components/repos/RepoItem.jsx [20ms]
[2022-11-30T06:17:16.822Z] > git ls-files --stage -- /home/barbarik/js/github-finder/src/components/repos/RepoItem.jsx [18ms]
[2022-11-30T06:17:16.839Z] > git cat-file -s dfe7be8190f2f08f0dc8ca74f9be68da67bc64b0 [2ms]
[2022-11-30T06:17:20.909Z] > git show --textconv :.env [17ms]
[2022-11-30T06:17:20.928Z] > git ls-files --stage -- /home/barbarik/js/github-finder/.env [23ms]
[2022-11-30T06:17:20.939Z] > git cat-file -s 1174e44889e3a5426a198f0ed7bea0d109a1f498 [2ms]
[2022-11-30T06:17:22.222Z] > git show --textconv :src/context/github/GithubContext.js [19ms]
[2022-11-30T06:17:22.223Z] > git ls-files --stage -- /home/barbarik/js/github-finder/src/context/github/GithubContext.js [8ms]
[2022-11-30T06:17:22.233Z] > git cat-file -s 476a34a9a9bdca40db5a6d03cc5a17343cacb3c0 [1ms]
[2022-11-30T06:17:23.311Z] > git show --textconv :src/components/users/UserResults.jsx [13ms]
[2022-11-30T06:17:23.322Z] > git ls-files --stage -- /home/barbarik/js/github-finder/src/components/users/UserResults.jsx [13ms]
[2022-11-30T06:17:23.331Z] > git cat-file -s 78dfd18c26e06a3bfb36eb2f4f8ee2d1862ad536 [1ms]
[2022-11-30T06:17:23.968Z] > git show --textconv :src/components/repos/RepoList.jsx [14ms]
[2022-11-30T06:17:23.971Z] > git ls-files --stage -- /home/barbarik/js/github-finder/src/components/repos/RepoList.jsx [5ms]
[2022-11-30T06:17:23.978Z] > git cat-file -s 651ab39ade5fe85c1648fd5505d48fdb59233f63 [1ms]
[2022-11-30T06:18:46.362Z] > git show --textconv :src/components/users/UserResults.jsx [20ms]
[2022-11-30T06:18:46.369Z] > git ls-files --stage -- /home/barbarik/js/github-finder/src/components/users/UserResults.jsx [11ms]
[2022-11-30T06:18:46.379Z] > git cat-file -s 78dfd18c26e06a3bfb36eb2f4f8ee2d1862ad536 [1ms]
[2022-11-30T06:18:57.597Z] > git show --textconv :src/context/github/GithubContext.js [13ms]
[2022-11-30T06:18:57.604Z] > git ls-files --stage -- /home/barbarik/js/github-finder/src/context/github/GithubContext.js [7ms]
[2022-11-30T06:18:57.617Z] > git cat-file -s 476a34a9a9bdca40db5a6d03cc5a17343cacb3c0 [2ms]
[2022-11-30T06:20:50.673Z] > git show --textconv :src/pages/User.jsx [24ms]
[2022-11-30T06:20:50.682Z] > git ls-files --stage -- /home/barbarik/js/github-finder/src/pages/User.jsx [14ms]
[2022-11-30T06:20:50.690Z] > git cat-file -s eb5a41382c3518a8633ff2b5692ab9cba7bd84ea [1ms]
