2024-08-28 00:44:08.121 [info] [main] Log level: Info
2024-08-28 00:44:08.121 [info] [main] Validating found git in: "git"
2024-08-28 00:44:08.121 [info] [main] Using git "2.46.0" from "git"
2024-08-28 00:44:08.121 [info] [Model][doInitialScan] Initial repository scan started
2024-08-28 00:44:08.121 [info] > git rev-parse --show-toplevel [12ms]
2024-08-28 00:44:08.121 [info] > git rev-parse --git-dir --git-common-dir [2ms]
2024-08-28 00:44:08.121 [info] [Model][openRepository] Opened repository: /home/barbarik/go/todolist
2024-08-28 00:44:08.122 [info] > git rev-parse --show-toplevel [2ms]
2024-08-28 00:44:08.122 [info] [Model][doInitialScan] Initial repository scan completed - repositories (1), closed repositories (0), parent repositories (0), unsafe repositories (0)
2024-08-28 00:44:08.123 [info] > git config --get commit.template [7ms]
2024-08-28 00:44:08.130 [info] > git for-each-ref --format=%(refname)%00%(upstream:short)%00%(objectname)%00%(upstream:track)%00%(upstream:remotename)%00%(upstream:remoteref) refs/heads/master refs/remotes/master [2ms]
2024-08-28 00:44:08.141 [info] > git status -z -uall [1ms]
2024-08-28 00:44:08.159 [info] > git for-each-ref --format=%(refname)%00%(upstream:short)%00%(objectname)%00%(upstream:track)%00%(upstream:remotename)%00%(upstream:remoteref) refs/heads/master refs/remotes/master [11ms]
2024-08-28 00:44:08.168 [info] > git config --get commit.template [9ms]
2024-08-28 00:44:08.171 [info] > git config --local branch.master.vscode-merge-base [6ms]
2024-08-28 00:44:08.171 [warning] [Git][config] git config failed: Failed to execute git
2024-08-28 00:44:08.256 [info] > git for-each-ref --format=%(refname)%00%(upstream:short)%00%(objectname)%00%(upstream:track)%00%(upstream:remotename)%00%(upstream:remoteref) refs/heads/master refs/remotes/master [69ms]
2024-08-28 00:44:08.256 [info] > git reflog master --grep-reflog=branch: Created from *. [79ms]
2024-08-28 00:44:08.870 [info] > git symbolic-ref --short refs/remotes/origin/HEAD [605ms]
2024-08-28 00:44:08.870 [info] fatal: ref refs/remotes/origin/HEAD is not a symbolic ref
2024-08-28 00:44:08.912 [info] > git check-ignore -v -z --stdin [29ms]
2024-08-28 00:44:08.914 [info] > git merge-base refs/heads/master refs/remotes/origin/master [39ms]
2024-08-28 00:44:08.948 [info] > git show --textconv :go.mod [13ms]
2024-08-28 00:44:08.948 [info] > git ls-files --stage -- /home/barbarik/go/todolist/go.mod [8ms]
2024-08-28 00:44:08.954 [info] > git rev-list --count --left-right refs/heads/master...refs/remotes/origin/master [32ms]
2024-08-28 00:44:08.970 [info] > git diff --name-status -z --diff-filter=ADMR 1d912458c631c923bcb8704126d888423ecd8853...refs/remotes/origin/master [10ms]
2024-08-28 00:44:08.971 [info] > git cat-file -s f15ff4d67314e21a9f54c1ebcb6f4b9722734eb7 [18ms]
2024-08-28 00:44:08.972 [info] > git status -z -uall [3ms]
2024-08-28 00:44:08.982 [info] > git for-each-ref --format=%(refname)%00%(upstream:short)%00%(objectname)%00%(upstream:track)%00%(upstream:remotename)%00%(upstream:remoteref) refs/heads/master refs/remotes/master [2ms]
2024-08-28 00:44:08.989 [info] > git config --local branch.master.vscode-merge-base [2ms]
2024-08-28 00:44:08.989 [warning] [Git][config] git config failed: Failed to execute git
2024-08-28 00:44:08.995 [info] > git reflog master --grep-reflog=branch: Created from *. [1ms]
2024-08-28 00:44:09.001 [info] > git symbolic-ref --short refs/remotes/origin/HEAD [1ms]
2024-08-28 00:44:09.001 [info] fatal: ref refs/remotes/origin/HEAD is not a symbolic ref
2024-08-28 00:44:14.091 [info] > git show --textconv :client/src/chakra/theme.ts [9ms]
2024-08-28 00:44:14.092 [info] > git ls-files --stage -- /home/barbarik/go/todolist/client/src/chakra/theme.ts [3ms]
2024-08-28 00:44:14.120 [info] > git cat-file -s 54391a6ee61c5e09d32a66fa1cda7eefcfefb197 [23ms]
2024-08-28 00:44:16.933 [info] > git show --textconv :client/index.html [10ms]
2024-08-28 00:44:16.934 [info] > git ls-files --stage -- /home/barbarik/go/todolist/client/index.html [2ms]
2024-08-28 00:44:16.943 [info] > git cat-file -s e4b78eae12304a075fa19675c4047061d6ab920d [1ms]
2024-08-28 00:44:23.837 [info] > git config --get commit.template [6ms]
2024-08-28 00:44:23.837 [info] > git for-each-ref --format=%(refname)%00%(upstream:short)%00%(objectname)%00%(upstream:track)%00%(upstream:remotename)%00%(upstream:remoteref) refs/heads/master refs/remotes/master [1ms]
2024-08-28 00:44:23.844 [info] > git status -z -uall [1ms]
2024-08-28 00:44:23.855 [info] > git for-each-ref --format=%(refname)%00%(upstream:short)%00%(objectname)%00%(upstream:track)%00%(upstream:remotename)%00%(upstream:remoteref) refs/heads/master refs/remotes/master [3ms]
2024-08-28 00:44:23.861 [info] > git config --local branch.master.vscode-merge-base [1ms]
2024-08-28 00:44:23.862 [warning] [Git][config] git config failed: Failed to execute git
2024-08-28 00:44:23.869 [info] > git reflog master --grep-reflog=branch: Created from *. [2ms]
2024-08-28 00:44:23.875 [info] > git symbolic-ref --short refs/remotes/origin/HEAD [1ms]
2024-08-28 00:44:23.875 [info] fatal: ref refs/remotes/origin/HEAD is not a symbolic ref
2024-08-28 00:44:59.350 [info] > git config --get commit.template [11ms]
2024-08-28 00:44:59.361 [info] > git for-each-ref --format=%(refname)%00%(upstream:short)%00%(objectname)%00%(upstream:track)%00%(upstream:remotename)%00%(upstream:remoteref) refs/heads/master refs/remotes/master [14ms]
2024-08-28 00:44:59.361 [info] > git ls-files --stage -- /home/barbarik/go/todolist/client/index.html [1ms]
2024-08-28 00:44:59.377 [info] > git cat-file -s e67e6ca420c6fad6de5e67475057e3f438130f17 [9ms]
2024-08-28 00:44:59.379 [info] > git status -z -uall [1ms]
2024-08-28 00:44:59.391 [info] > git for-each-ref --format=%(refname)%00%(upstream:short)%00%(objectname)%00%(upstream:track)%00%(upstream:remotename)%00%(upstream:remoteref) refs/heads/master refs/remotes/master [3ms]
2024-08-28 00:44:59.407 [info] > git config --local branch.master.vscode-merge-base [9ms]
2024-08-28 00:44:59.407 [warning] [Git][config] git config failed: Failed to execute git
2024-08-28 00:44:59.414 [info] > git show --textconv :client/index.html [9ms]
2024-08-28 00:44:59.414 [info] > git reflog master --grep-reflog=branch: Created from *. [2ms]
2024-08-28 00:44:59.424 [info] > git symbolic-ref --short refs/remotes/origin/HEAD [2ms]
2024-08-28 00:44:59.424 [info] fatal: ref refs/remotes/origin/HEAD is not a symbolic ref
2024-08-28 00:44:59.431 [info] > git merge-base refs/heads/master refs/remotes/origin/master [2ms]
2024-08-28 00:44:59.440 [info] > git rev-list --count --left-right refs/heads/master...refs/remotes/origin/master [2ms]
2024-08-28 00:44:59.447 [info] > git diff --name-status -z --diff-filter=ADMR 94653d6a3abe18e40426217fb6d49ba43175e63e...refs/remotes/origin/master [2ms]
2024-08-28 00:45:04.430 [info] > git config --get commit.template [18ms]
2024-08-28 00:45:04.433 [info] > git for-each-ref --format=%(refname)%00%(upstream:short)%00%(objectname)%00%(upstream:track)%00%(upstream:remotename)%00%(upstream:remoteref) refs/heads/master refs/remotes/master [4ms]
2024-08-28 00:45:04.454 [info] > git status -z -uall [4ms]
2024-08-28 00:45:04.477 [info] > git for-each-ref --format=%(refname)%00%(upstream:short)%00%(objectname)%00%(upstream:track)%00%(upstream:remotename)%00%(upstream:remoteref) refs/heads/master refs/remotes/master [2ms]
2024-08-28 00:45:04.486 [info] > git config --local branch.master.vscode-merge-base [2ms]
2024-08-28 00:45:04.486 [warning] [Git][config] git config failed: Failed to execute git
2024-08-28 00:45:04.493 [info] > git reflog master --grep-reflog=branch: Created from *. [1ms]
2024-08-28 00:45:04.499 [info] > git symbolic-ref --short refs/remotes/origin/HEAD [1ms]
2024-08-28 00:45:04.499 [info] fatal: ref refs/remotes/origin/HEAD is not a symbolic ref
2024-08-28 00:45:06.672 [info] > git check-ignore -v -z --stdin [0ms]
2024-08-28 00:45:35.637 [info] > git config --get commit.template [18ms]
2024-08-28 00:45:35.639 [info] > git for-each-ref --format=%(refname)%00%(upstream:short)%00%(objectname)%00%(upstream:track)%00%(upstream:remotename)%00%(upstream:remoteref) refs/heads/master refs/remotes/master [3ms]
2024-08-28 00:45:35.659 [info] > git status -z -uall [5ms]
2024-08-28 00:45:35.679 [info] > git for-each-ref --format=%(refname)%00%(upstream:short)%00%(objectname)%00%(upstream:track)%00%(upstream:remotename)%00%(upstream:remoteref) refs/heads/master refs/remotes/master [3ms]
2024-08-28 00:45:35.689 [info] > git config --local branch.master.vscode-merge-base [1ms]
2024-08-28 00:45:35.689 [warning] [Git][config] git config failed: Failed to execute git
2024-08-28 00:45:35.696 [info] > git reflog master --grep-reflog=branch: Created from *. [1ms]
2024-08-28 00:45:35.703 [info] > git symbolic-ref --short refs/remotes/origin/HEAD [1ms]
2024-08-28 00:45:35.703 [info] fatal: ref refs/remotes/origin/HEAD is not a symbolic ref
2024-08-28 00:45:44.374 [info] > git config --get commit.template [18ms]
2024-08-28 00:45:44.376 [info] > git for-each-ref --format=%(refname)%00%(upstream:short)%00%(objectname)%00%(upstream:track)%00%(upstream:remotename)%00%(upstream:remoteref) refs/heads/master refs/remotes/master [4ms]
2024-08-28 00:45:44.395 [info] > git status -z -uall [3ms]
2024-08-28 00:45:44.410 [info] > git for-each-ref --format=%(refname)%00%(upstream:short)%00%(objectname)%00%(upstream:track)%00%(upstream:remotename)%00%(upstream:remoteref) refs/heads/master refs/remotes/master [3ms]
2024-08-28 00:45:44.420 [info] > git config --local branch.master.vscode-merge-base [2ms]
2024-08-28 00:45:44.420 [warning] [Git][config] git config failed: Failed to execute git
2024-08-28 00:45:44.429 [info] > git reflog master --grep-reflog=branch: Created from *. [2ms]
2024-08-28 00:45:44.436 [info] > git symbolic-ref --short refs/remotes/origin/HEAD [2ms]
2024-08-28 00:45:44.436 [info] fatal: ref refs/remotes/origin/HEAD is not a symbolic ref
2024-08-28 00:46:43.253 [info] > git config --get commit.template [12ms]
2024-08-28 00:46:43.255 [info] > git for-each-ref --format=%(refname)%00%(upstream:short)%00%(objectname)%00%(upstream:track)%00%(upstream:remotename)%00%(upstream:remoteref) refs/heads/master refs/remotes/master [5ms]
2024-08-28 00:46:43.281 [info] > git status -z -uall [9ms]
2024-08-28 00:46:43.304 [info] > git for-each-ref --format=%(refname)%00%(upstream:short)%00%(objectname)%00%(upstream:track)%00%(upstream:remotename)%00%(upstream:remoteref) refs/heads/master refs/remotes/master [4ms]
2024-08-28 00:46:43.323 [info] > git config --local branch.master.vscode-merge-base [2ms]
2024-08-28 00:46:43.323 [warning] [Git][config] git config failed: Failed to execute git
2024-08-28 00:46:43.335 [info] > git reflog master --grep-reflog=branch: Created from *. [2ms]
2024-08-28 00:46:43.342 [info] > git symbolic-ref --short refs/remotes/origin/HEAD [1ms]
2024-08-28 00:46:43.342 [info] fatal: ref refs/remotes/origin/HEAD is not a symbolic ref
2024-08-28 00:47:58.145 [info] > git config --get commit.template [11ms]
2024-08-28 00:47:58.146 [info] > git for-each-ref --format=%(refname)%00%(upstream:short)%00%(objectname)%00%(upstream:track)%00%(upstream:remotename)%00%(upstream:remoteref) refs/heads/master refs/remotes/master [1ms]
2024-08-28 00:47:58.156 [info] > git status -z -uall [2ms]
2024-08-28 00:47:58.169 [info] > git for-each-ref --format=%(refname)%00%(upstream:short)%00%(objectname)%00%(upstream:track)%00%(upstream:remotename)%00%(upstream:remoteref) refs/heads/master refs/remotes/master [4ms]
2024-08-28 00:47:58.177 [info] > git config --local branch.master.vscode-merge-base [1ms]
2024-08-28 00:47:58.178 [warning] [Git][config] git config failed: Failed to execute git
2024-08-28 00:47:58.185 [info] > git reflog master --grep-reflog=branch: Created from *. [1ms]
2024-08-28 00:47:58.192 [info] > git symbolic-ref --short refs/remotes/origin/HEAD [1ms]
2024-08-28 00:47:58.192 [info] fatal: ref refs/remotes/origin/HEAD is not a symbolic ref
2024-08-28 00:47:58.208 [info] > git merge-base refs/heads/master refs/remotes/origin/master [9ms]
2024-08-28 00:47:58.216 [info] > git ls-files --stage -- /home/barbarik/go/todolist/client/index.html [9ms]
2024-08-28 00:47:58.228 [info] > git cat-file -s d23fb7299c420a2bf4305eda0f09174fd297f8f8 [2ms]
2024-08-28 00:47:58.228 [info] > git rev-list --count --left-right refs/heads/master...refs/remotes/origin/master [13ms]
2024-08-28 00:47:58.242 [info] > git diff --name-status -z --diff-filter=ADMR 45c36e2233a6fc3f67e1397fb503898c6c9071a4...refs/remotes/origin/master [7ms]
2024-08-28 00:47:58.243 [info] > git show --textconv :client/index.html [1ms]
2024-08-28 00:48:37.280 [info] > git config --get commit.template [10ms]
2024-08-28 00:48:37.280 [info] > git for-each-ref --format=%(refname)%00%(upstream:short)%00%(objectname)%00%(upstream:track)%00%(upstream:remotename)%00%(upstream:remoteref) refs/heads/master refs/remotes/master [1ms]
2024-08-28 00:48:37.290 [info] > git status -z -uall [2ms]
2024-08-28 00:48:37.311 [info] > git for-each-ref --format=%(refname)%00%(upstream:short)%00%(objectname)%00%(upstream:track)%00%(upstream:remotename)%00%(upstream:remoteref) refs/heads/master refs/remotes/master [7ms]
2024-08-28 00:48:37.324 [info] > git config --local branch.master.vscode-merge-base [1ms]
2024-08-28 00:48:37.324 [warning] [Git][config] git config failed: Failed to execute git
2024-08-28 00:48:37.341 [info] > git reflog master --grep-reflog=branch: Created from *. [2ms]
2024-08-28 00:48:37.351 [info] > git symbolic-ref --short refs/remotes/origin/HEAD [1ms]
2024-08-28 00:48:37.351 [info] fatal: ref refs/remotes/origin/HEAD is not a symbolic ref
2024-08-28 00:53:09.533 [info] > git show --textconv :.env [9ms]
2024-08-28 00:53:09.534 [info] > git ls-files --stage -- /home/barbarik/go/todolist/.env [2ms]
2024-08-28 00:53:09.542 [info] > git cat-file -s c2daba9264a99e567b64bdb0a6ceb5c62cc84ff4 [2ms]
2024-08-28 00:56:25.304 [info] > git show --textconv :README.md [10ms]
2024-08-28 00:56:25.315 [info] > git check-ignore -v -z --stdin [1ms]
2024-08-28 00:56:25.316 [info] > git ls-files --stage -- /home/barbarik/go/todolist/README.md [13ms]
2024-08-28 00:56:25.880 [info] > git config --get commit.template [18ms]
2024-08-28 00:56:25.882 [info] > git for-each-ref --format=%(refname)%00%(upstream:short)%00%(objectname)%00%(upstream:track)%00%(upstream:remotename)%00%(upstream:remoteref) refs/heads/master refs/remotes/master [3ms]
2024-08-28 00:56:25.903 [info] > git status -z -uall [5ms]
2024-08-28 00:56:25.934 [info] > git for-each-ref --format=%(refname)%00%(upstream:short)%00%(objectname)%00%(upstream:track)%00%(upstream:remotename)%00%(upstream:remoteref) refs/heads/master refs/remotes/master [13ms]
2024-08-28 00:56:25.942 [info] > git config --local branch.master.vscode-merge-base [2ms]
2024-08-28 00:56:25.942 [warning] [Git][config] git config failed: Failed to execute git
2024-08-28 00:56:25.949 [info] > git reflog master --grep-reflog=branch: Created from *. [2ms]
2024-08-28 00:56:25.955 [info] > git symbolic-ref --short refs/remotes/origin/HEAD [1ms]
2024-08-28 00:56:25.955 [info] fatal: ref refs/remotes/origin/HEAD is not a symbolic ref
2024-08-28 00:57:03.043 [info] > git config --get commit.template [1ms]
2024-08-28 00:57:03.049 [info] > git for-each-ref --format=%(refname)%00%(upstream:short)%00%(objectname)%00%(upstream:track)%00%(upstream:remotename)%00%(upstream:remoteref) refs/heads/master refs/remotes/master [1ms]
2024-08-28 00:57:03.056 [info] > git status -z -uall [1ms]
2024-08-28 00:57:03.064 [info] > git for-each-ref --format=%(refname)%00%(upstream:short)%00%(objectname)%00%(upstream:track)%00%(upstream:remotename)%00%(upstream:remoteref) refs/heads/master refs/remotes/master [2ms]
2024-08-28 00:57:03.071 [info] > git config --local branch.master.vscode-merge-base [2ms]
2024-08-28 00:57:03.071 [warning] [Git][config] git config failed: Failed to execute git
2024-08-28 00:57:03.078 [info] > git reflog master --grep-reflog=branch: Created from *. [1ms]
2024-08-28 00:57:03.084 [info] > git symbolic-ref --short refs/remotes/origin/HEAD [1ms]
2024-08-28 00:57:03.084 [info] fatal: ref refs/remotes/origin/HEAD is not a symbolic ref
2024-08-28 00:58:59.315 [info] > git config --get commit.template [2ms]
2024-08-28 00:58:59.330 [info] > git for-each-ref --format=%(refname)%00%(upstream:short)%00%(objectname)%00%(upstream:track)%00%(upstream:remotename)%00%(upstream:remoteref) refs/heads/master refs/remotes/master [9ms]
2024-08-28 00:58:59.331 [info] > git ls-files --stage -- /home/barbarik/go/todolist/README.md [2ms]
2024-08-28 00:58:59.345 [info] > git cat-file -s 1ce463a973faa1da290d6a01040a8e0de7f20454 [8ms]
2024-08-28 00:58:59.346 [info] > git status -z -uall [2ms]
2024-08-28 00:58:59.356 [info] > git for-each-ref --format=%(refname)%00%(upstream:short)%00%(objectname)%00%(upstream:track)%00%(upstream:remotename)%00%(upstream:remoteref) refs/heads/master refs/remotes/master [2ms]
2024-08-28 00:58:59.371 [info] > git config --local branch.master.vscode-merge-base [8ms]
2024-08-28 00:58:59.371 [warning] [Git][config] git config failed: Failed to execute git
2024-08-28 00:58:59.378 [info] > git show --textconv :README.md [8ms]
2024-08-28 00:58:59.380 [info] > git reflog master --grep-reflog=branch: Created from *. [3ms]
2024-08-28 00:58:59.387 [info] > git symbolic-ref --short refs/remotes/origin/HEAD [1ms]
2024-08-28 00:58:59.387 [info] fatal: ref refs/remotes/origin/HEAD is not a symbolic ref
2024-08-28 00:58:59.394 [info] > git merge-base refs/heads/master refs/remotes/origin/master [1ms]
2024-08-28 00:58:59.403 [info] > git rev-list --count --left-right refs/heads/master...refs/remotes/origin/master [1ms]
2024-08-28 00:58:59.411 [info] > git diff --name-status -z --diff-filter=ADMR 461cdfb5157db19ecd3907c24164f23223a2e2f1...refs/remotes/origin/master [2ms]
2024-08-28 00:59:10.470 [info] > git config --get commit.template [10ms]
2024-08-28 00:59:10.471 [info] > git for-each-ref --format=%(refname)%00%(upstream:short)%00%(objectname)%00%(upstream:track)%00%(upstream:remotename)%00%(upstream:remoteref) refs/heads/master refs/remotes/master [1ms]
2024-08-28 00:59:10.481 [info] > git status -z -uall [2ms]
2024-08-28 00:59:10.494 [info] > git for-each-ref --format=%(refname)%00%(upstream:short)%00%(objectname)%00%(upstream:track)%00%(upstream:remotename)%00%(upstream:remoteref) refs/heads/master refs/remotes/master [4ms]
2024-08-28 00:59:10.505 [info] > git config --local branch.master.vscode-merge-base [2ms]
2024-08-28 00:59:10.505 [warning] [Git][config] git config failed: Failed to execute git
2024-08-28 00:59:10.513 [info] > git reflog master --grep-reflog=branch: Created from *. [1ms]
2024-08-28 00:59:10.529 [info] > git symbolic-ref --short refs/remotes/origin/HEAD [3ms]
2024-08-28 00:59:10.529 [info] fatal: ref refs/remotes/origin/HEAD is not a symbolic ref
2024-08-28 00:59:12.738 [info] > git show --textconv :.env [16ms]
2024-08-28 00:59:12.740 [info] > git ls-files --stage -- /home/barbarik/go/todolist/.env [2ms]
2024-08-28 00:59:12.750 [info] > git cat-file -s c2daba9264a99e567b64bdb0a6ceb5c62cc84ff4 [3ms]
2024-08-28 00:59:15.944 [info] > git show --textconv :client/index.html [8ms]
2024-08-28 00:59:15.945 [info] > git ls-files --stage -- /home/barbarik/go/todolist/client/index.html [1ms]
2024-08-28 00:59:15.954 [info] > git cat-file -s d23fb7299c420a2bf4305eda0f09174fd297f8f8 [1ms]
2024-08-28 00:59:21.228 [info] > git show --textconv :main.go [9ms]
2024-08-28 00:59:21.229 [info] > git ls-files --stage -- /home/barbarik/go/todolist/main.go [2ms]
2024-08-28 00:59:21.238 [info] > git cat-file -s 333f564b1ce205c10ac9acf84ce35b6ce9a3cab0 [2ms]
2024-08-28 01:01:55.810 [info] > git config --get commit.template [6ms]
2024-08-28 01:01:55.811 [info] > git for-each-ref --format=%(refname)%00%(upstream:short)%00%(objectname)%00%(upstream:track)%00%(upstream:remotename)%00%(upstream:remoteref) refs/heads/master refs/remotes/master [1ms]
2024-08-28 01:01:55.821 [info] > git status -z -uall [2ms]
2024-08-28 01:01:55.835 [info] > git for-each-ref --format=%(refname)%00%(upstream:short)%00%(objectname)%00%(upstream:track)%00%(upstream:remotename)%00%(upstream:remoteref) refs/heads/master refs/remotes/master [4ms]
2024-08-28 01:01:55.844 [info] > git config --local branch.master.vscode-merge-base [1ms]
2024-08-28 01:01:55.844 [warning] [Git][config] git config failed: Failed to execute git
2024-08-28 01:01:55.851 [info] > git reflog master --grep-reflog=branch: Created from *. [1ms]
2024-08-28 01:01:55.859 [info] > git symbolic-ref --short refs/remotes/origin/HEAD [1ms]
2024-08-28 01:01:55.859 [info] fatal: ref refs/remotes/origin/HEAD is not a symbolic ref
2024-08-28 01:07:00.344 [info] > git config --get commit.template [8ms]
2024-08-28 01:07:00.345 [info] > git for-each-ref --format=%(refname)%00%(upstream:short)%00%(objectname)%00%(upstream:track)%00%(upstream:remotename)%00%(upstream:remoteref) refs/heads/master refs/remotes/master [1ms]
2024-08-28 01:07:00.362 [info] > git status -z -uall [10ms]
2024-08-28 01:07:00.377 [info] > git for-each-ref --format=%(refname)%00%(upstream:short)%00%(objectname)%00%(upstream:track)%00%(upstream:remotename)%00%(upstream:remoteref) refs/heads/master refs/remotes/master [5ms]
2024-08-28 01:07:00.388 [info] > git ls-files --stage -- /home/barbarik/go/todolist/main.go [26ms]
2024-08-28 01:07:00.397 [info] > git config --local branch.master.vscode-merge-base [10ms]
2024-08-28 01:07:00.397 [warning] [Git][config] git config failed: Failed to execute git
2024-08-28 01:07:00.405 [info] > git cat-file -s 9cb979ccbc29a8c5b56fe554c31f83d336a0c5d4 [9ms]
2024-08-28 01:07:00.406 [info] > git reflog master --grep-reflog=branch: Created from *. [2ms]
2024-08-28 01:07:00.421 [info] > git symbolic-ref --short refs/remotes/origin/HEAD [8ms]
2024-08-28 01:07:00.421 [info] fatal: ref refs/remotes/origin/HEAD is not a symbolic ref
2024-08-28 01:07:00.429 [info] > git show --textconv :main.go [9ms]
2024-08-28 01:07:00.430 [info] > git merge-base refs/heads/master refs/remotes/origin/master [1ms]
2024-08-28 01:07:00.438 [info] > git rev-list --count --left-right refs/heads/master...refs/remotes/origin/master [2ms]
2024-08-28 01:07:00.447 [info] > git diff --name-status -z --diff-filter=ADMR 82ea8672dd5e6100f81a12e734d8d01bfd735135...refs/remotes/origin/master [1ms]
2024-08-28 01:07:05.414 [info] > git config --get commit.template [18ms]
2024-08-28 01:07:05.416 [info] > git for-each-ref --format=%(refname)%00%(upstream:short)%00%(objectname)%00%(upstream:track)%00%(upstream:remotename)%00%(upstream:remoteref) refs/heads/master refs/remotes/master [4ms]
2024-08-28 01:07:05.436 [info] > git status -z -uall [5ms]
2024-08-28 01:07:05.456 [info] > git for-each-ref --format=%(refname)%00%(upstream:short)%00%(objectname)%00%(upstream:track)%00%(upstream:remotename)%00%(upstream:remoteref) refs/heads/master refs/remotes/master [3ms]
2024-08-28 01:07:05.466 [info] > git config --local branch.master.vscode-merge-base [1ms]
2024-08-28 01:07:05.466 [warning] [Git][config] git config failed: Failed to execute git
2024-08-28 01:07:05.474 [info] > git reflog master --grep-reflog=branch: Created from *. [2ms]
2024-08-28 01:07:05.481 [info] > git symbolic-ref --short refs/remotes/origin/HEAD [1ms]
2024-08-28 01:07:05.481 [info] fatal: ref refs/remotes/origin/HEAD is not a symbolic ref
2024-08-28 01:08:08.393 [info] > git check-ignore -v -z --stdin [3ms]
2024-08-28 01:08:09.677 [info] > git show --textconv :client/src/components/TodoItem.tsx [7ms]
2024-08-28 01:08:09.678 [info] > git ls-files --stage -- /home/barbarik/go/todolist/client/src/components/TodoItem.tsx [2ms]
2024-08-28 01:08:09.687 [info] > git cat-file -s 0cd8c510b1fdfde85079025cd616fac169aa83e5 [1ms]
2024-08-28 01:08:11.480 [info] > git show --textconv :client/src/components/ToDoList.tsx [7ms]
2024-08-28 01:08:11.481 [info] > git ls-files --stage -- /home/barbarik/go/todolist/client/src/components/ToDoList.tsx [2ms]
2024-08-28 01:08:11.489 [info] > git cat-file -s 7acc11f46993ca37f443eac272a10a7f924de0b4 [1ms]
2024-08-28 01:09:38.954 [info] > git config --get commit.template [7ms]
2024-08-28 01:09:38.954 [info] > git for-each-ref --format=%(refname)%00%(upstream:short)%00%(objectname)%00%(upstream:track)%00%(upstream:remotename)%00%(upstream:remoteref) refs/heads/master refs/remotes/master [1ms]
2024-08-28 01:09:38.962 [info] > git status -z -uall [1ms]
2024-08-28 01:09:38.972 [info] > git for-each-ref --format=%(refname)%00%(upstream:short)%00%(objectname)%00%(upstream:track)%00%(upstream:remotename)%00%(upstream:remoteref) refs/heads/master refs/remotes/master [2ms]
2024-08-28 01:09:38.982 [info] > git config --local branch.master.vscode-merge-base [2ms]
2024-08-28 01:09:38.982 [warning] [Git][config] git config failed: Failed to execute git
2024-08-28 01:09:38.991 [info] > git reflog master --grep-reflog=branch: Created from *. [1ms]
2024-08-28 01:09:38.999 [info] > git symbolic-ref --short refs/remotes/origin/HEAD [1ms]
2024-08-28 01:09:38.999 [info] fatal: ref refs/remotes/origin/HEAD is not a symbolic ref
2024-08-28 01:10:23.542 [info] > git config --get commit.template [8ms]
2024-08-28 01:10:23.543 [info] > git for-each-ref --format=%(refname)%00%(upstream:short)%00%(objectname)%00%(upstream:track)%00%(upstream:remotename)%00%(upstream:remoteref) refs/heads/master refs/remotes/master [1ms]
2024-08-28 01:10:23.565 [info] > git status -z -uall [14ms]
2024-08-28 01:10:23.576 [info] > git for-each-ref --format=%(refname)%00%(upstream:short)%00%(objectname)%00%(upstream:track)%00%(upstream:remotename)%00%(upstream:remoteref) refs/heads/master refs/remotes/master [3ms]
2024-08-28 01:10:23.592 [info] > git config --local branch.master.vscode-merge-base [2ms]
2024-08-28 01:10:23.592 [warning] [Git][config] git config failed: Failed to execute git
2024-08-28 01:10:23.605 [info] > git reflog master --grep-reflog=branch: Created from *. [3ms]
2024-08-28 01:10:23.613 [info] > git symbolic-ref --short refs/remotes/origin/HEAD [1ms]
2024-08-28 01:10:23.613 [info] fatal: ref refs/remotes/origin/HEAD is not a symbolic ref
2024-08-28 01:10:32.503 [info] > git config --get commit.template [8ms]
2024-08-28 01:10:32.503 [info] > git for-each-ref --format=%(refname)%00%(upstream:short)%00%(objectname)%00%(upstream:track)%00%(upstream:remotename)%00%(upstream:remoteref) refs/heads/master refs/remotes/master [1ms]
2024-08-28 01:10:32.519 [info] > git status -z -uall [8ms]
2024-08-28 01:10:32.529 [info] > git for-each-ref --format=%(refname)%00%(upstream:short)%00%(objectname)%00%(upstream:track)%00%(upstream:remotename)%00%(upstream:remoteref) refs/heads/master refs/remotes/master [1ms]
2024-08-28 01:10:32.536 [info] > git config --local branch.master.vscode-merge-base [1ms]
2024-08-28 01:10:32.536 [warning] [Git][config] git config failed: Failed to execute git
2024-08-28 01:10:32.543 [info] > git reflog master --grep-reflog=branch: Created from *. [2ms]
2024-08-28 01:10:32.549 [info] > git symbolic-ref --short refs/remotes/origin/HEAD [1ms]
2024-08-28 01:10:32.549 [info] fatal: ref refs/remotes/origin/HEAD is not a symbolic ref
2024-08-28 01:10:32.561 [info] > git ls-files --stage -- /home/barbarik/go/todolist/client/src/components/ToDoList.tsx [2ms]
2024-08-28 01:10:32.568 [info] > git cat-file -s cde45bfab2ed91e341123b40732feb1a592d3708 [2ms]
2024-08-28 01:10:32.581 [info] > git show --textconv :client/src/components/ToDoList.tsx [1ms]
2024-08-28 01:10:35.939 [info] > git merge-base refs/heads/master refs/remotes/origin/master [2ms]
2024-08-28 01:10:35.978 [info] > git show -s --decorate=full --shortstat --format=%H%n%aN%n%aE%n%at%n%ct%n%P%n%D%n%B -z 82ea8672dd5e6100f81a12e734d8d01bfd735135 [18ms]
2024-08-28 01:10:35.979 [info] > git log --format=%H%n%aN%n%aE%n%at%n%ct%n%P%n%D%n%B -z --shortstat --diff-merges=first-parent 82ea8672dd5e6100f81a12e734d8d01bfd735135.. --topo-order --decorate=full refs/heads/master refs/remotes/origin/master [2ms]
2024-08-28 01:10:36.083 [info] > git merge-base refs/heads/master refs/remotes/origin/master [1ms]
2024-08-28 01:10:36.111 [info] > git show -s --decorate=full --shortstat --format=%H%n%aN%n%aE%n%at%n%ct%n%P%n%D%n%B -z 82ea8672dd5e6100f81a12e734d8d01bfd735135 [10ms]
2024-08-28 01:10:36.112 [info] > git log --format=%H%n%aN%n%aE%n%at%n%ct%n%P%n%D%n%B -z --shortstat --diff-merges=first-parent 82ea8672dd5e6100f81a12e734d8d01bfd735135.. --topo-order --decorate=full refs/heads/master refs/remotes/origin/master [2ms]
2024-08-28 01:10:36.604 [info] > git check-ignore -v -z --stdin [3ms]
2024-08-28 01:15:47.876 [info] > git config --get commit.template [1ms]
2024-08-28 01:15:47.894 [info] > git for-each-ref --format=%(refname)%00%(upstream:short)%00%(objectname)%00%(upstream:track)%00%(upstream:remotename)%00%(upstream:remoteref) refs/heads/master refs/remotes/master [10ms]
2024-08-28 01:15:47.895 [info] > git ls-files --stage -- /home/barbarik/go/todolist/client/src/components/ToDoList.tsx [2ms]
2024-08-28 01:15:47.911 [info] > git cat-file -s cde45bfab2ed91e341123b40732feb1a592d3708 [8ms]
2024-08-28 01:15:47.913 [info] > git status -z -uall [2ms]
2024-08-28 01:15:47.922 [info] > git for-each-ref --format=%(refname)%00%(upstream:short)%00%(objectname)%00%(upstream:track)%00%(upstream:remotename)%00%(upstream:remoteref) refs/heads/master refs/remotes/master [3ms]
2024-08-28 01:15:47.936 [info] > git config --local branch.master.vscode-merge-base [7ms]
2024-08-28 01:15:47.936 [warning] [Git][config] git config failed: Failed to execute git
2024-08-28 01:15:47.944 [info] > git show --textconv :client/src/components/ToDoList.tsx [9ms]
2024-08-28 01:15:47.945 [info] > git reflog master --grep-reflog=branch: Created from *. [1ms]
2024-08-28 01:15:47.955 [info] > git symbolic-ref --short refs/remotes/origin/HEAD [1ms]
2024-08-28 01:15:47.955 [info] fatal: ref refs/remotes/origin/HEAD is not a symbolic ref
2024-08-28 01:15:47.969 [info] > git merge-base refs/heads/master refs/remotes/origin/master [7ms]
2024-08-28 01:15:47.977 [info] > git merge-base refs/heads/master refs/remotes/origin/master [9ms]
2024-08-28 01:15:47.978 [info] > git rev-list --count --left-right refs/heads/master...refs/remotes/origin/master [2ms]
2024-08-28 01:15:47.999 [info] > git diff --name-status -z --diff-filter=ADMR 15ef74ca4193a7864978a412c91a67381f5d736a...refs/remotes/origin/master [15ms]
2024-08-28 01:15:48.000 [info] > git log --format=%H%n%aN%n%aE%n%at%n%ct%n%P%n%D%n%B -z --shortstat --diff-merges=first-parent 15ef74ca4193a7864978a412c91a67381f5d736a.. --topo-order --decorate=full refs/heads/master refs/remotes/origin/master [2ms]
2024-08-28 01:15:48.008 [info] > git show -s --decorate=full --shortstat --format=%H%n%aN%n%aE%n%at%n%ct%n%P%n%D%n%B -z 15ef74ca4193a7864978a412c91a67381f5d736a [16ms]
