2024-08-27 18:48:22.137 [info] Started local extension host with pid 2188.
2024-08-27 18:48:25.976 [info] [perf] Render performance baseline is 36ms
2024-08-27 19:20:32.321 [error] [ExtensionListenerError] Extension 'CoenraadS.bracket-pair-colorizer-2' FAILED to handle event: TypeError: Cannot read properties of undefined (reading 'getRuleStack'): Error: [ExtensionListenerError] Extension 'CoenraadS.bracket-pair-colorizer-2' FAILED to handle event: TypeError: Cannot read properties of undefined (reading 'getRuleStack')
    at i.value (/usr/lib/code/out/vs/workbench/api/node/extensionHostProcess.js:164:21030)
    at n.B (/usr/lib/code/out/vs/workbench/api/node/extensionHostProcess.js:83:737)
    at n.C (/usr/lib/code/out/vs/workbench/api/node/extensionHostProcess.js:83:807)
    at n.fire (/usr/lib/code/out/vs/workbench/api/node/extensionHostProcess.js:83:1023)
    at S.$acceptModelChanged (/usr/lib/code/out/vs/workbench/api/node/extensionHostProcess.js:154:84072)
    at E.S (/usr/lib/code/out/vs/workbench/api/node/extensionHostProcess.js:151:5980)
    at E.Q (/usr/lib/code/out/vs/workbench/api/node/extensionHostProcess.js:151:5746)
    at E.M (/usr/lib/code/out/vs/workbench/api/node/extensionHostProcess.js:151:4778)
    at E.L (/usr/lib/code/out/vs/workbench/api/node/extensionHostProcess.js:151:3605)
    at i.value (/usr/lib/code/out/vs/workbench/api/node/extensionHostProcess.js:151:2297)
    at n.B (/usr/lib/code/out/vs/workbench/api/node/extensionHostProcess.js:83:737)
    at n.fire (/usr/lib/code/out/vs/workbench/api/node/extensionHostProcess.js:83:954)
    at s.fire (/usr/lib/code/out/vs/workbench/api/node/extensionHostProcess.js:97:14453)
    at i.value (/usr/lib/code/out/vs/workbench/api/node/extensionHostProcess.js:177:8655)
    at n.B (/usr/lib/code/out/vs/workbench/api/node/extensionHostProcess.js:83:737)
    at n.fire (/usr/lib/code/out/vs/workbench/api/node/extensionHostProcess.js:83:954)
    at s.fire (/usr/lib/code/out/vs/workbench/api/node/extensionHostProcess.js:97:14453)
    at MessagePortMain.<anonymous> (/usr/lib/code/out/vs/workbench/api/node/extensionHostProcess.js:177:6781)
    at MessagePortMain.emit (node:events:519:28)
    at Object.MessagePortMain._internalPort.emit (node:electron/js2c/utility_init:2:2619)
2024-08-27 20:42:40.540 [error] Error: file:///home/barbarik/go/todolist/client/src/components/TodoForm.tsx has changed in the meantime
    at h.q (vscode-file://vscode-app/usr/lib/code/out/vs/workbench/workbench.desktop.main.js:828:9174)
    at h.apply (vscode-file://vscode-app/usr/lib/code/out/vs/workbench/workbench.desktop.main.js:828:10033)
    at w.o (vscode-file://vscode-app/usr/lib/code/out/vs/workbench/workbench.desktop.main.js:2450:24903)
    at w.perform (vscode-file://vscode-app/usr/lib/code/out/vs/workbench/workbench.desktop.main.js:2450:24362)
    at S.apply (vscode-file://vscode-app/usr/lib/code/out/vs/workbench/workbench.desktop.main.js:2450:26141)
    at f.$tryApplyWorkspaceEdit (vscode-file://vscode-app/usr/lib/code/out/vs/workbench/workbench.desktop.main.js:1939:17667)
    at S (vscode-file://vscode-app/usr/lib/code/out/vs/workbench/workbench.desktop.main.js:1903:14635)
    at S.Q (vscode-file://vscode-app/usr/lib/code/out/vs/workbench/workbench.desktop.main.js:1903:14401)
    at S.M (vscode-file://vscode-app/usr/lib/code/out/vs/workbench/workbench.desktop.main.js:1903:13434)
    at S.L (vscode-file://vscode-app/usr/lib/code/out/vs/workbench/workbench.desktop.main.js:1903:12490)
    at u.value (vscode-file://vscode-app/usr/lib/code/out/vs/workbench/workbench.desktop.main.js:1903:10964)
    at o.B (vscode-file://vscode-app/usr/lib/code/out/vs/workbench/workbench.desktop.main.js:93:732)
    at o.fire (vscode-file://vscode-app/usr/lib/code/out/vs/workbench/workbench.desktop.main.js:93:949)
    at s.fire (vscode-file://vscode-app/usr/lib/code/out/vs/workbench/workbench.desktop.main.js:123:15085)
    at K.onmessage (vscode-file://vscode-app/usr/lib/code/out/vs/workbench/workbench.desktop.main.js:1919:8198)
2024-08-27 20:42:40.577 [warning] IGNORING workspace edit: Error: file:///home/barbarik/go/todolist/client/src/components/TodoForm.tsx has changed in the meantime
