[2022-11-23T11:10:50.705Z] Log level: Info
[2022-11-23T11:10:50.707Z] [info] Validating found git in: git
[2022-11-23T11:10:50.751Z] [info] Using git 2.38.1 from git
[2022-11-23T11:10:50.810Z] > git rev-parse --show-toplevel [35ms]
[2022-11-23T11:10:51.377Z] > git rev-parse --git-dir --git-common-dir [542ms]
[2022-11-23T11:10:51.390Z] [info] Open repository: /home/barbarik/js/github-finder
[2022-11-23T11:10:51.465Z] > git rev-parse --show-toplevel [20ms]
[2022-11-23T11:10:51.486Z] > git rev-parse --show-toplevel [2ms]
[2022-11-23T11:10:51.501Z] > git rev-parse --show-toplevel [2ms]
[2022-11-23T11:10:51.516Z] > git rev-parse --show-toplevel [4ms]
[2022-11-23T11:10:51.592Z] > git status -z -uall [183ms]
[2022-11-23T11:10:51.607Z] > git symbolic-ref --short HEAD [2ms]
[2022-11-23T11:10:51.620Z] > git for-each-ref --format=%(refname)%00%(upstream:short)%00%(objectname)%00%(upstream:track)%00%(upstream:remotename)%00%(upstream:remoteref) refs/heads/main refs/remotes/main [5ms]
[2022-11-23T11:10:51.641Z] > git for-each-ref --sort -committerdate --format %(refname) %(objectname) %(*objectname) [11ms]
[2022-11-23T11:10:51.643Z] > git remote --verbose [3ms]
[2022-11-23T11:10:51.664Z] > git config --get commit.template [2ms]
[2022-11-23T11:10:51.799Z] > git status -z -uall [114ms]
[2022-11-23T11:10:51.809Z] > git symbolic-ref --short HEAD [2ms]
[2022-11-23T11:10:51.818Z] > git for-each-ref --format=%(refname)%00%(upstream:short)%00%(objectname)%00%(upstream:track)%00%(upstream:remotename)%00%(upstream:remoteref) refs/heads/main refs/remotes/main [1ms]
[2022-11-23T11:10:51.841Z] > git for-each-ref --sort -committerdate --format %(refname) %(objectname) %(*objectname) [7ms]
[2022-11-23T11:10:51.842Z] > git remote --verbose [2ms]
[2022-11-23T11:10:51.853Z] > git config --get commit.template [0ms]
[2022-11-23T11:10:52.227Z] > git check-ignore -v -z --stdin [174ms]
[2022-11-23T11:10:52.642Z] > git show --textconv :src/components/users/UserResults.jsx [31ms]
[2022-11-23T11:10:52.645Z] > git ls-files --stage -- /home/barbarik/js/github-finder/src/components/users/UserResults.jsx [5ms]
[2022-11-23T11:10:52.662Z] > git cat-file -s 78dfd18c26e06a3bfb36eb2f4f8ee2d1862ad536 [2ms]
[2022-11-23T11:11:12.435Z] > git show --textconv :src/pages/Home.jsx [17ms]
[2022-11-23T11:11:12.440Z] > git ls-files --stage -- /home/barbarik/js/github-finder/src/pages/Home.jsx [9ms]
[2022-11-23T11:11:12.454Z] > git cat-file -s 5fa24d91c00bf4a80534f546d7aaae6af2d1151a [2ms]
[2022-11-23T11:11:14.993Z] > git show --textconv :src/components/users/UserResults.jsx [21ms]
[2022-11-23T11:11:14.996Z] > git ls-files --stage -- /home/barbarik/js/github-finder/src/components/users/UserResults.jsx [10ms]
[2022-11-23T11:11:15.005Z] > git cat-file -s 78dfd18c26e06a3bfb36eb2f4f8ee2d1862ad536 [1ms]
[2022-11-23T11:11:23.041Z] > git show --textconv :src/context/github/GithubContext.js [31ms]
[2022-11-23T11:11:23.048Z] > git ls-files --stage -- /home/barbarik/js/github-finder/src/context/github/GithubContext.js [14ms]
[2022-11-23T11:11:23.072Z] > git cat-file -s 476a34a9a9bdca40db5a6d03cc5a17343cacb3c0 [1ms]
[2022-11-23T11:12:01.230Z] > git ls-files --stage -- /home/barbarik/js/github-finder/src/context/github/GithubReducer.js [8ms]
[2022-11-23T11:12:01.253Z] > git cat-file -s c37b9b69bbf985384d0083fc3ef72da6ece611ac [5ms]
[2022-11-23T11:12:01.254Z] > git show --textconv :src/context/github/GithubReducer.js [52ms]
[2022-11-23T11:12:27.247Z] > git show --textconv :src/pages/User.jsx [30ms]
[2022-11-23T11:12:27.255Z] > git ls-files --stage -- /home/barbarik/js/github-finder/src/pages/User.jsx [9ms]
[2022-11-23T11:12:27.273Z] > git cat-file -s eb5a41382c3518a8633ff2b5692ab9cba7bd84ea [1ms]
[2022-11-23T11:13:44.107Z] > git show --textconv :README.md [75ms]
[2022-11-23T11:13:44.107Z] > git ls-files --stage -- /home/barbarik/js/github-finder/README.md [55ms]
[2022-11-23T11:13:44.467Z] > git cat-file -s f29b1ffe31df7ce0db64d0b135ed31289a88868c [343ms]
[2022-11-23T11:13:46.016Z] > git show --textconv :src/pages/User.jsx [14ms]
[2022-11-23T11:13:46.021Z] > git ls-files --stage -- /home/barbarik/js/github-finder/src/pages/User.jsx [8ms]
[2022-11-23T11:13:46.038Z] > git cat-file -s eb5a41382c3518a8633ff2b5692ab9cba7bd84ea [2ms]
[2022-11-23T11:14:27.146Z] > git show --textconv :src/components/repos/RepoList.jsx [18ms]
[2022-11-23T11:14:27.147Z] > git ls-files --stage -- /home/barbarik/js/github-finder/src/components/repos/RepoList.jsx [7ms]
[2022-11-23T11:14:27.158Z] > git cat-file -s 651ab39ade5fe85c1648fd5505d48fdb59233f63 [1ms]
[2022-11-23T11:18:54.354Z] > git show --textconv :src/components/users/UserResults.jsx [10ms]
[2022-11-23T11:18:54.358Z] > git ls-files --stage -- /home/barbarik/js/github-finder/src/components/users/UserResults.jsx [6ms]
[2022-11-23T11:18:54.366Z] > git cat-file -s 78dfd18c26e06a3bfb36eb2f4f8ee2d1862ad536 [1ms]
[2022-11-23T11:19:02.719Z] > git ls-files --stage -- /home/barbarik/js/github-finder/src/components/repos/RepoItem.jsx [6ms]
[2022-11-23T11:19:02.747Z] > git cat-file -s dfe7be8190f2f08f0dc8ca74f9be68da67bc64b0 [21ms]
[2022-11-23T11:19:02.748Z] > git show --textconv :src/components/repos/RepoItem.jsx [45ms]
[2022-11-23T11:19:04.815Z] > git show --textconv :src/components/repos/RepoList.jsx [9ms]
[2022-11-23T11:19:04.820Z] > git ls-files --stage -- /home/barbarik/js/github-finder/src/components/repos/RepoList.jsx [6ms]
[2022-11-23T11:19:04.828Z] > git cat-file -s 651ab39ade5fe85c1648fd5505d48fdb59233f63 [1ms]
[2022-11-23T11:22:01.371Z] > git show --textconv :src/components/users/UserResults.jsx [10ms]
[2022-11-23T11:22:01.378Z] > git ls-files --stage -- /home/barbarik/js/github-finder/src/components/users/UserResults.jsx [8ms]
[2022-11-23T11:22:01.389Z] > git cat-file -s 78dfd18c26e06a3bfb36eb2f4f8ee2d1862ad536 [1ms]
[2022-11-23T11:22:05.039Z] > git show --textconv :src/pages/User.jsx [12ms]
[2022-11-23T11:22:05.044Z] > git ls-files --stage -- /home/barbarik/js/github-finder/src/pages/User.jsx [7ms]
[2022-11-23T11:22:05.054Z] > git cat-file -s eb5a41382c3518a8633ff2b5692ab9cba7bd84ea [2ms]
[2022-11-23T11:25:56.117Z] > git ls-files --stage -- /home/barbarik/js/github-finder/src/components/repos/RepoList.jsx [8ms]
[2022-11-23T11:25:56.138Z] > git cat-file -s 651ab39ade5fe85c1648fd5505d48fdb59233f63 [12ms]
[2022-11-23T11:25:56.143Z] > git show --textconv :src/components/repos/RepoList.jsx [42ms]
[2022-11-23T11:25:58.379Z] > git show --textconv :src/components/users/UserResults.jsx [11ms]
[2022-11-23T11:25:58.385Z] > git ls-files --stage -- /home/barbarik/js/github-finder/src/components/users/UserResults.jsx [6ms]
[2022-11-23T11:25:58.397Z] > git cat-file -s 78dfd18c26e06a3bfb36eb2f4f8ee2d1862ad536 [1ms]
[2022-11-23T11:26:00.641Z] > git show --textconv :src/components/repos/RepoList.jsx [12ms]
[2022-11-23T11:26:00.646Z] > git ls-files --stage -- /home/barbarik/js/github-finder/src/components/repos/RepoList.jsx [6ms]
[2022-11-23T11:26:00.655Z] > git cat-file -s 651ab39ade5fe85c1648fd5505d48fdb59233f63 [1ms]
[2022-11-23T11:27:03.680Z] > git show --textconv :src/pages/User.jsx [9ms]
[2022-11-23T11:27:03.685Z] > git ls-files --stage -- /home/barbarik/js/github-finder/src/pages/User.jsx [6ms]
[2022-11-23T11:27:03.695Z] > git cat-file -s eb5a41382c3518a8633ff2b5692ab9cba7bd84ea [1ms]
