2023-03-27 18:10:49 INFO run.py:219 GNS3 server version 2.2.37
2023-03-27 18:10:49 INFO run.py:221 Copyright (c) 2007-2023 GNS3 Technologies Inc.
2023-03-27 18:10:49 INFO run.py:224 Config file /home/barbarik/.config/GNS3/2.2/gns3_server.conf loaded
2023-03-27 18:10:49 WARNING run.py:230 Local mode is enabled. Beware, clients will have full control on your filesystem
2023-03-27 18:10:49 INFO run.py:237 HTTP authentication is enabled with username 'admin'
2023-03-27 18:10:49 INFO run.py:243 Running with Python 3.10.10 and has PID 597620
2023-03-27 18:10:49 INFO run.py:79 Current locale is en_GB.UTF-8
2023-03-27 18:10:49 INFO web_server.py:318 Starting server on localhost:3080
2023-03-27 18:10:49 INFO __init__.py:69 Load controller configuration file /home/barbarik/.config/GNS3/2.2/gns3_controller.conf
2023-03-27 18:10:49 INFO __init__.py:73 Controller is starting
2023-03-27 18:10:49 INFO __init__.py:289 Installing base configs in '/home/barbarik/GNS3/configs'
2023-03-27 18:10:49 INFO appliance_manager.py:102 Installing built-in appliances in '/home/barbarik/.config/GNS3/2.2/appliances'
2023-03-27 18:10:49 INFO compute.py:64 Create compute local
2023-03-27 18:10:49 INFO compute.py:364 Connecting to compute 'local'
2023-03-27 18:10:49 INFO web_log.py:206 127.0.0.1 [27/Mar/2023:12:40:49 +0000] "GET /v2/compute/capabilities HTTP/1.1" 200 553 "-" "Python/3.10 aiohttp/3.8.3"
2023-03-27 18:10:49 INFO web_log.py:206 ::1 [27/Mar/2023:12:40:49 +0000] "GET /v2/version HTTP/1.1" 200 228 "-" "GNS3 QT Client v2.2.37"
2023-03-27 18:10:49 INFO notification_handler.py:50 New client has connected to compute WebSocket
2023-03-27 18:10:49 INFO compute.py:431 Connected to compute 'local' WebSocket 'http://localhost:3080/v2/compute/notifications/ws'
2023-03-27 18:10:49 INFO web_log.py:206 ::1 [27/Mar/2023:12:40:49 +0000] "GET /v2/version HTTP/1.1" 200 228 "-" "GNS3 QT Client v2.2.37"
2023-03-27 18:10:49 INFO notification_handler.py:73 New client has connected to controller WebSocket
2023-03-27 18:10:49 INFO web_log.py:206 ::1 [27/Mar/2023:12:40:49 +0000] "GET /v2/templates HTTP/1.1" 200 3596 "-" "GNS3 QT Client v2.2.37"
2023-03-27 18:10:49 INFO web_log.py:206 ::1 [27/Mar/2023:12:40:49 +0000] "GET /v2/computes HTTP/1.1" 200 1023 "-" "GNS3 QT Client v2.2.37"
2023-03-27 18:10:49 INFO web_log.py:206 ::1 [27/Mar/2023:12:40:49 +0000] "GET /v2/appliances?symbol_theme=Classic HTTP/1.1" 200 851549 "-" "GNS3 QT Client v2.2.37"
2023-03-27 18:10:49 INFO web_log.py:206 ::1 [27/Mar/2023:12:40:49 +0000] "GET /v2/projects HTTP/1.1" 200 800 "-" "GNS3 QT Client v2.2.37"
2023-03-27 18:10:49 INFO web_log.py:206 ::1 [27/Mar/2023:12:40:49 +0000] "GET /v2/projects HTTP/1.1" 200 800 "-" "GNS3 QT Client v2.2.37"
2023-03-27 18:10:49 INFO web_log.py:206 ::1 [27/Mar/2023:12:40:49 +0000] "GET /v2/symbols/%3A/symbols/router.svg/raw HTTP/1.1" 200 11038 "-" "GNS3 QT Client v2.2.37"
2023-03-27 18:10:49 INFO web_log.py:206 ::1 [27/Mar/2023:12:40:49 +0000] "GET /v2/symbols/%3A/symbols/vpcs_guest.svg/raw HTTP/1.1" 200 19496 "-" "GNS3 QT Client v2.2.37"
2023-03-27 18:10:49 INFO web_log.py:206 ::1 [27/Mar/2023:12:40:49 +0000] "GET /v2/symbols/%3A/symbols/hub.svg/raw HTTP/1.1" 200 7637 "-" "GNS3 QT Client v2.2.37"
2023-03-27 18:10:49 INFO web_log.py:206 ::1 [27/Mar/2023:12:40:49 +0000] "GET /v2/symbols/%3A/symbols/frame_relay_switch.svg/raw HTTP/1.1" 200 10028 "-" "GNS3 QT Client v2.2.37"
2023-03-27 18:10:49 INFO web_log.py:206 ::1 [27/Mar/2023:12:40:49 +0000] "GET /v2/symbols/%3A/symbols/ethernet_switch.svg/raw HTTP/1.1" 200 9274 "-" "GNS3 QT Client v2.2.37"
2023-03-27 18:10:49 INFO web_log.py:206 ::1 [27/Mar/2023:12:40:49 +0000] "GET /v2/symbols/%3A/symbols/atm_switch.svg/raw HTTP/1.1" 200 9960 "-" "GNS3 QT Client v2.2.37"
2023-03-27 18:10:49 INFO web_log.py:206 ::1 [27/Mar/2023:12:40:49 +0000] "GET /v2/symbols/%3A/symbols/cloud.svg/raw HTTP/1.1" 200 27983 "-" "GNS3 QT Client v2.2.37"
2023-03-27 18:10:51 INFO web_log.py:206 ::1 [27/Mar/2023:12:40:51 +0000] "GET /v2/templates HTTP/1.1" 200 3596 "-" "GNS3 QT Client v2.2.37"
2023-03-27 18:10:51 INFO web_log.py:206 ::1 [27/Mar/2023:12:40:51 +0000] "GET /v2/appliances?symbol_theme=Classic HTTP/1.1" 200 851549 "-" "GNS3 QT Client v2.2.37"
2023-03-27 18:10:52 INFO web_log.py:206 ::1 [27/Mar/2023:12:40:52 +0000] "GET /v2/templates HTTP/1.1" 200 3596 "-" "GNS3 QT Client v2.2.37"
2023-03-27 18:10:52 INFO web_log.py:206 ::1 [27/Mar/2023:12:40:52 +0000] "GET /v2/appliances?symbol_theme=Classic HTTP/1.1" 200 851549 "-" "GNS3 QT Client v2.2.37"
2023-03-27 18:10:52 INFO server_handler.py:53 Start shutting down the server
2023-03-27 18:10:52 INFO web_log.py:206 ::1 [27/Mar/2023:12:40:52 +0000] "POST /v2/shutdown HTTP/1.1" 201 195 "-" "GNS3 QT Client v2.2.37"
2023-03-27 18:10:52 INFO web_server.py:113 Closing 2 websocket connections...
2023-03-27 18:10:52 INFO compute.py:457 Connection closed to compute 'local' WebSocket 'http://localhost:3080/v2/compute/notifications/ws'
2023-03-27 18:10:52 INFO notification_handler.py:82 Client has disconnected from controller WebSocket
2023-03-27 18:10:52 INFO web_log.py:206 ::1 [27/Mar/2023:12:40:49 +0000] "GET /v2/notifications/ws HTTP/1.1" 200 0 "-" "-"
2023-03-27 18:10:52 WARNING web_server.py:170 Server has got signal SIGINT, exiting...
2023-03-27 18:10:52 WARNING web_server.py:107 Close is already in progress
2023-03-27 18:10:53 INFO notification_handler.py:59 Client has disconnected from compute WebSocket
2023-03-27 18:10:53 INFO web_log.py:206 127.0.0.1 [27/Mar/2023:12:40:49 +0000] "GET /v2/compute/notifications/ws HTTP/1.1" 200 0 "-" "Python/3.10 aiohttp/3.8.3"
2023-03-27 18:10:53 INFO __init__.py:144 Controller is stopping
2023-03-27 18:10:53 INFO run.py:272 Remove PID file /home/barbarik/.config/GNS3/2.2/gns3_server.pid
