2024-08-27 18:48:22.633 [info] Extension host with pid 2188 started
2024-08-27 18:48:22.633 [info] Skipping acquiring lock for /home/barbarik/.config/Code - OSS/User/workspaceStorage/4a4f5fe62bc1e109bcbdd37ef12c3200.
2024-08-27 18:48:22.834 [info] ExtensionService#_doActivateExtension vscode.emmet, startup: false, activationEvent: 'onLanguage'
2024-08-27 18:48:22.843 [info] ExtensionService#_doActivateExtension golang.go, startup: false, activationEvent: 'onLanguage:go'
2024-08-27 18:48:23.220 [info] ExtensionService#_doActivateExtension vscode.git-base, startup: true, activationEvent: '*', root cause: vscode.git
2024-08-27 18:48:23.224 [info] ExtensionService#_doActivateExtension CoenraadS.bracket-pair-colorizer-2, startup: true, activationEvent: '*'
2024-08-27 18:48:23.272 [info] ExtensionService#_doActivateExtension formulahendry.auto-rename-tag, startup: true, activationEvent: '*'
2024-08-27 18:48:23.379 [info] ExtensionService#_doActivateExtension vscode.git, startup: true, activationEvent: '*'
2024-08-27 18:48:23.414 [info] ExtensionService#_doActivateExtension vscode.github, startup: true, activationEvent: '*'
2024-08-27 18:48:23.749 [info] Eager extensions activated
2024-08-27 18:48:23.752 [info] ExtensionService#_doActivateExtension vscode.debug-auto-launch, startup: false, activationEvent: 'onStartupFinished'
2024-08-27 18:48:23.755 [info] ExtensionService#_doActivateExtension vscode.merge-conflict, startup: false, activationEvent: 'onStartupFinished'
2024-08-27 18:48:23.764 [info] ExtensionService#_doActivateExtension dsznajder.es7-react-js-snippets, startup: false, activationEvent: 'onStartupFinished'
2024-08-27 18:48:24.314 [info] ExtensionService#_doActivateExtension esbenp.prettier-vscode, startup: false, activationEvent: 'onStartupFinished'
2024-08-27 18:48:24.341 [info] ExtensionService#_doActivateExtension vadimcn.vscode-lldb, startup: false, activationEvent: 'onStartupFinished'
2024-08-27 18:53:33.083 [info] ExtensionService#_doActivateExtension vscode.typescript-language-features, startup: false, activationEvent: 'onLanguage:typescriptreact'
2024-08-27 18:54:43.275 [info] ExtensionService#_doActivateExtension vscode.css-language-features, startup: false, activationEvent: 'onLanguage:css'
2024-08-27 19:06:48.018 [info] ExtensionService#_doActivateExtension vscode.media-preview, startup: false, activationEvent: 'onCustomEditor:imagePreview.previewEditor'
2024-08-27 19:20:32.304 [error] Error: [ExtensionListenerError] Extension 'CoenraadS.bracket-pair-colorizer-2' FAILED to handle event: TypeError: Cannot read properties of undefined (reading 'getRuleStack')
    at i.value (/usr/lib/code/out/vs/workbench/api/node/extensionHostProcess.js:164:21030)
    at n.B (/usr/lib/code/out/vs/workbench/api/node/extensionHostProcess.js:83:737)
    at n.C (/usr/lib/code/out/vs/workbench/api/node/extensionHostProcess.js:83:807)
    at n.fire (/usr/lib/code/out/vs/workbench/api/node/extensionHostProcess.js:83:1023)
    at S.$acceptModelChanged (/usr/lib/code/out/vs/workbench/api/node/extensionHostProcess.js:154:84072)
    at E.S (/usr/lib/code/out/vs/workbench/api/node/extensionHostProcess.js:151:5980)
    at E.Q (/usr/lib/code/out/vs/workbench/api/node/extensionHostProcess.js:151:5746)
    at E.M (/usr/lib/code/out/vs/workbench/api/node/extensionHostProcess.js:151:4778)
    at E.L (/usr/lib/code/out/vs/workbench/api/node/extensionHostProcess.js:151:3605)
    at i.value (/usr/lib/code/out/vs/workbench/api/node/extensionHostProcess.js:151:2297)
    at n.B (/usr/lib/code/out/vs/workbench/api/node/extensionHostProcess.js:83:737)
    at n.fire (/usr/lib/code/out/vs/workbench/api/node/extensionHostProcess.js:83:954)
    at s.fire (/usr/lib/code/out/vs/workbench/api/node/extensionHostProcess.js:97:14453)
    at i.value (/usr/lib/code/out/vs/workbench/api/node/extensionHostProcess.js:177:8655)
    at n.B (/usr/lib/code/out/vs/workbench/api/node/extensionHostProcess.js:83:737)
    at n.fire (/usr/lib/code/out/vs/workbench/api/node/extensionHostProcess.js:83:954)
    at s.fire (/usr/lib/code/out/vs/workbench/api/node/extensionHostProcess.js:97:14453)
    at MessagePortMain.<anonymous> (/usr/lib/code/out/vs/workbench/api/node/extensionHostProcess.js:177:6781)
    at MessagePortMain.emit (node:events:519:28)
    at Object.MessagePortMain._internalPort.emit (node:electron/js2c/utility_init:2:2619)
2024-08-27 19:27:21.677 [info] ExtensionService#_doActivateExtension vscode.references-view, startup: false, activationEvent: 'onCommand:references-view.findReferences'
2024-08-27 20:03:08.807 [info] ExtensionService#_doActivateExtension rangav.vscode-thunder-client, startup: false, activationEvent: 'onView:thunder-client-sidebar'
2024-08-27 21:26:50.293 [info] Extension host terminating: renderer closed the MessagePort
2024-08-27 21:26:50.325 [info] Extension host with pid 2188 exiting with code 0
