[Info  - 00:44:07] 2024/08/28 00:44:07 Created View (#1)
	directory=/home/barbarik/go/todolist
	view_type="GoMod"
	root_dir="file:///home/barbarik/go/todolist"
	go_version="go version go1.23.0 linux/amd64"
	build_flags=[]
	env={GOOS:linux GOARCH:amd64 GOCACHE:/home/barbarik/.cache/go-build GOMODCACHE:/home/barbarik/go/pkg/mod GOPATH:/home/barbarik/go GOPRIVATE: GOFLAGS: GO111MODULE: GOTOOLCHAIN:auto GoVersion:23 GoVersionOutput:go version go1.23.0 linux/amd64
 ExplicitGOWORK: EffectiveGOPACKAGESDRIVER:}
	env_overlay=[]

[Info  - 00:44:08] 2024/08/28 00:44:08 go/packages.Load #1
	view_id="1"
	snapshot=0
	directory=/home/barbarik/go/todolist
	query=[/home/barbarik/go/todolist/... builtin]
	packages=2
	duration=403.369884ms

[Info  - 00:44:37] 2024/08/28 00:44:37 background imports cache refresh starting

[Info  - 00:44:37] 2024/08/28 00:44:37 background refresh finished after 53.395945ms

[Info  - 00:59:51] 2024/08/28 00:59:51 background imports cache refresh starting

[Info  - 00:59:51] 2024/08/28 00:59:51 background refresh finished after 8.727766ms

[Info  - 01:02:15] 2024/08/28 01:02:15 background imports cache refresh starting

[Info  - 01:02:15] 2024/08/28 01:02:15 background refresh finished after 6.646521ms

[Info  - 01:15:50] 2024/08/28 01:15:50 Shutdown session
	shutdown_session=1

