2024-09-17 17:09:33.084 [info] [main] Log level: Info
2024-09-17 17:09:33.084 [info] [main] Validating found git in: "git"
2024-09-17 17:09:33.084 [info] [main] Using git "2.46.0" from "git"
2024-09-17 17:09:33.084 [info] [Model][doInitialScan] Initial repository scan started
2024-09-17 17:09:33.084 [info] > git rev-parse --show-toplevel [5ms]
2024-09-17 17:09:33.100 [info] > git rev-parse --git-dir --git-common-dir [9ms]
2024-09-17 17:09:33.114 [info] [Model][openRepository] Opened repository: /home/barbarik/go/todolist
2024-09-17 17:09:33.145 [info] > git rev-parse --show-toplevel [6ms]
2024-09-17 17:09:33.147 [info] > git config --get commit.template [17ms]
2024-09-17 17:09:34.120 [info] > git rev-parse --show-toplevel [134ms]
2024-09-17 17:09:34.121 [info] [Model][doInitialScan] Initial repository scan completed - repositories (1), closed repositories (0), parent repositories (0), unsafe repositories (0)
2024-09-17 17:09:34.156 [info] > git for-each-ref --format=%(refname)%00%(upstream:short)%00%(objectname)%00%(upstream:track)%00%(upstream:remotename)%00%(upstream:remoteref) refs/heads/master refs/remotes/master [38ms]
2024-09-17 17:09:34.182 [info] > git status -z -uall [9ms]
2024-09-17 17:09:34.215 [info] > git for-each-ref --format=%(refname)%00%(upstream:short)%00%(objectname)%00%(upstream:track)%00%(upstream:remotename)%00%(upstream:remoteref) refs/heads/master refs/remotes/master [20ms]
2024-09-17 17:09:34.224 [info] > git config --get commit.template [13ms]
2024-09-17 17:09:34.227 [info] > git config --local branch.master.vscode-merge-base [5ms]
2024-09-17 17:09:34.227 [warning] [Git][config] git config failed: Failed to execute git
2024-09-17 17:09:34.243 [info] > git reflog master --grep-reflog=branch: Created from *. [7ms]
2024-09-17 17:09:34.252 [info] > git for-each-ref --format=%(refname)%00%(upstream:short)%00%(objectname)%00%(upstream:track)%00%(upstream:remotename)%00%(upstream:remoteref) refs/heads/master refs/remotes/master [10ms]
2024-09-17 17:09:34.253 [info] > git symbolic-ref --short refs/remotes/origin/HEAD [3ms]
2024-09-17 17:09:34.253 [info] fatal: ref refs/remotes/origin/HEAD is not a symbolic ref
2024-09-17 17:09:34.269 [info] > git merge-base refs/heads/master refs/remotes/origin/master [10ms]
2024-09-17 17:09:34.320 [info] > git status -z -uall [52ms]
2024-09-17 17:09:34.320 [info] > git rev-list --count --left-right refs/heads/master...refs/remotes/origin/master [45ms]
2024-09-17 17:09:34.352 [info] > git for-each-ref --format=%(refname)%00%(upstream:short)%00%(objectname)%00%(upstream:track)%00%(upstream:remotename)%00%(upstream:remoteref) refs/heads/master refs/remotes/master [17ms]
2024-09-17 17:09:34.359 [info] > git diff --name-status -z --diff-filter=ADMR 15ef74ca4193a7864978a412c91a67381f5d736a...refs/remotes/origin/master [33ms]
2024-09-17 17:09:34.361 [info] > git config --local branch.master.vscode-merge-base [1ms]
2024-09-17 17:09:34.361 [warning] [Git][config] git config failed: Failed to execute git
2024-09-17 17:09:34.373 [info] > git reflog master --grep-reflog=branch: Created from *. [2ms]
2024-09-17 17:09:34.383 [info] > git symbolic-ref --short refs/remotes/origin/HEAD [2ms]
2024-09-17 17:09:34.384 [info] fatal: ref refs/remotes/origin/HEAD is not a symbolic ref
2024-09-17 17:09:34.478 [info] > git show --textconv :client/src/components/ToDoList.tsx [8ms]
2024-09-17 17:09:34.479 [info] > git ls-files --stage -- /home/barbarik/go/todolist/client/src/components/ToDoList.tsx [2ms]
2024-09-17 17:09:34.486 [info] > git cat-file -s cde45bfab2ed91e341123b40732feb1a592d3708 [1ms]
2024-09-17 17:09:34.524 [info] > git check-ignore -v -z --stdin [2ms]
